[INFO] [launch]: All log files can be found below /home/peter/.ros/log/2026-07-18-13-06-44-674434-peter-acer-44800
[INFO] [launch]: Default logging verbosity is set to INFO
[INFO] [quadrotor_dynamics_node-1]: process started with pid [44812]
[INFO] [position_controller_node-2]: process started with pid [44814]
[INFO] [robot_state_publisher-3]: process started with pid [44816]
[quadrotor_dynamics_node-1] [INFO] [1784351204.772470208] [quadrotor_dynamics_node]: Dynamics started at 200.0 Hz; nominal steady-state hover RPM is 10818.9; ground contact is enabled at z=0.000 m; motor command watchdog is enabled (0.300 s)
[quadrotor_dynamics_node-1] [INFO] [1784351204.772533778] [quadrotor_dynamics_node]: External wrench input is enabled (frame=map, force_limit=2.000 N, timeout=0.200 s, torque_limit=0.000 N*m; torque must be zero)
[position_controller_node-2] [INFO] [1784351204.776112354] [position_controller_node]: 3D position controller started at 100.0 Hz (source=pose_goal, odom timeout 0.200 s)
[robot_state_publisher-3] [INFO] [1784351204.776517829] [robot_state_publisher]: got segment base_link
[robot_state_publisher-3] [INFO] [1784351204.776568931] [robot_state_publisher]: got segment front_marker_link
[robot_state_publisher-3] [INFO] [1784351204.776573572] [robot_state_publisher]: got segment m1_arm_link
[robot_state_publisher-3] [INFO] [1784351204.776576273] [robot_state_publisher]: got segment m1_motor_link
[robot_state_publisher-3] [INFO] [1784351204.776578963] [robot_state_publisher]: got segment m1_rotor_link
[robot_state_publisher-3] [INFO] [1784351204.776581498] [robot_state_publisher]: got segment m2_arm_link
[robot_state_publisher-3] [INFO] [1784351204.776583931] [robot_state_publisher]: got segment m2_motor_link
[robot_state_publisher-3] [INFO] [1784351204.776586313] [robot_state_publisher]: got segment m2_rotor_link
[robot_state_publisher-3] [INFO] [1784351204.776588779] [robot_state_publisher]: got segment m3_arm_link
[robot_state_publisher-3] [INFO] [1784351204.776591176] [robot_state_publisher]: got segment m3_motor_link
[robot_state_publisher-3] [INFO] [1784351204.776593528] [robot_state_publisher]: got segment m3_rotor_link
[robot_state_publisher-3] [INFO] [1784351204.776595830] [robot_state_publisher]: got segment m4_arm_link
[robot_state_publisher-3] [INFO] [1784351204.776598126] [robot_state_publisher]: got segment m4_motor_link
[robot_state_publisher-3] [INFO] [1784351204.776600381] [robot_state_publisher]: got segment m4_rotor_link
[position_controller_node-2] [INFO] [1784351204.786312094] [position_controller_node]: position target=[0.000, 0.000, 1.500] current=[0.000, 0.000, 0.000] world_v=[0.000, 0.000, 0.000] a_xy=[0.000, 0.000] thrust=14.307 torque=[0.0000, 0.0000, 0.0000] rpm_pre=[13067.5, 13067.5, 13067.5, 13067.5] rpm=[13067.5, 13067.5, 13067.5, 13067.5] saturation=[horizontal:false altitude:false attitude:false mixer:false] saturated=false
[INFO] [ros2-4]: process started with pid [44848]
[position_controller_node-2] [INFO] [1784351205.796274959] [position_controller_node]: position target=[0.000, 0.000, 1.500] current=[0.000, 0.000, 0.717] world_v=[0.000, 0.000, 0.864] a_xy=[0.000, 0.000] thrust=9.130 torque=[0.0000, 0.0000, 0.0000] rpm_pre=[10438.9, 10438.9, 10438.9, 10438.9] rpm=[10438.9, 10438.9, 10438.9, 10438.9] saturation=[horizontal:false altitude:false attitude:false mixer:false] saturated=false
[ros2-4] publisher: beginning loop
[ros2-4] publishing #1: geometry_msgs.msg.PoseStamped(header=std_msgs.msg.Header(stamp=builtin_interfaces.msg.Time(sec=0, nanosec=0), frame_id='map'), pose=geometry_msgs.msg.Pose(position=geometry_msgs.msg.Point(x=0.0, y=0.0, z=1.5), orientation=geometry_msgs.msg.Quaternion(x=0.0, y=0.0, z=0.0, w=1.0)))
[ros2-4] 
[INFO] [ros2-4]: process has finished cleanly [pid 44848]
[position_controller_node-2] [INFO] [1784351206.796319162] [position_controller_node]: position target=[0.000, 0.000, 1.500] current=[0.000, 0.000, 1.266] world_v=[0.000, 0.000, 0.297] a_xy=[0.000, 0.000] thrust=9.468 torque=[0.0000, 0.0000, 0.0000] rpm_pre=[10630.4, 10630.4, 10630.4, 10630.4] rpm=[10630.4, 10630.4, 10630.4, 10630.4] saturation=[horizontal:false altitude:false attitude:false mixer:false] saturated=false
[position_controller_node-2] [INFO] [1784351207.806352852] [position_controller_node]: position target=[0.000, 0.000, 1.500] current=[0.000, 0.000, 1.436] world_v=[0.000, 0.000, 0.083] a_xy=[0.000, 0.000] thrust=9.708 torque=[0.0000, 0.0000, 0.0000] rpm_pre=[10764.3, 10764.3, 10764.3, 10764.3] rpm=[10764.3, 10764.3, 10764.3, 10764.3] saturation=[horizontal:false altitude:false attitude:false mixer:false] saturated=false
[position_controller_node-2] [INFO] [1784351208.816356266] [position_controller_node]: position target=[0.000, 0.000, 1.500] current=[0.000, 0.000, 1.483] world_v=[0.000, 0.000, 0.022] a_xy=[0.000, 0.000] thrust=9.780 torque=[0.0000, 0.0000, 0.0000] rpm_pre=[10804.1, 10804.1, 10804.1, 10804.1] rpm=[10804.1, 10804.1, 10804.1, 10804.1] saturation=[horizontal:false altitude:false attitude:false mixer:false] saturated=false
[position_controller_node-2] [INFO] [1784351209.816361845] [position_controller_node]: position target=[0.000, 0.000, 1.500] current=[0.000, 0.000, 1.495] world_v=[0.000, 0.000, 0.006] a_xy=[0.000, 0.000] thrust=9.799 torque=[0.0000, 0.0000, 0.0000] rpm_pre=[10814.9, 10814.9, 10814.9, 10814.9] rpm=[10814.9, 10814.9, 10814.9, 10814.9] saturation=[horizontal:false altitude:false attitude:false mixer:false] saturated=false
[position_controller_node-2] [INFO] [1784351210.816417740] [position_controller_node]: position target=[0.000, 0.000, 1.500] current=[0.007, 0.000, 1.499] world_v=[0.064, 0.000, 0.002] a_xy=[-0.079, -0.000] thrust=9.805 torque=[0.0000, 0.0015, -0.0000] rpm_pre=[10812.0, 10823.8, 10823.8, 10812.0] rpm=[10812.0, 10823.8, 10823.8, 10812.0] saturation=[horizontal:false altitude:false attitude:false mixer:false] saturated=false
[position_controller_node-2] [INFO] [1784351211.816522322] [position_controller_node]: position target=[0.000, 0.000, 1.500] current=[0.149, 0.000, 1.500] world_v=[0.181, 0.000, 0.000] a_xy=[-0.288, -0.000] thrust=9.810 torque=[0.0000, -0.0002, -0.0000] rpm_pre=[10821.7, 10820.2, 10820.2, 10821.7] rpm=[10821.7, 10820.2, 10820.2, 10821.7] saturation=[horizontal:false altitude:false attitude:false mixer:false] saturated=false
[position_controller_node-2] [INFO] [1784351212.826409209] [position_controller_node]: position target=[0.000, 0.000, 1.500] current=[0.325, 0.000, 1.500] world_v=[0.155, 0.000, 0.000] a_xy=[-0.363, -0.000] thrust=9.813 torque=[0.0000, 0.0001, -0.0000] rpm_pre=[10822.1, 10823.0, 10823.0, 10822.1] rpm=[10822.1, 10823.0, 10823.0, 10822.1] saturation=[horizontal:false altitude:false attitude:false mixer:false] saturated=false
[position_controller_node-2] [INFO] [1784351213.826427117] [position_controller_node]: position target=[0.000, 0.000, 1.500] current=[0.445, 0.000, 1.500] world_v=[0.081, -0.000, 0.000] a_xy=[-0.380, 0.000] thrust=9.814 torque=[0.0000, 0.0000, -0.0000] rpm_pre=[10822.8, 10823.2, 10823.2, 10822.8] rpm=[10822.8, 10823.2, 10823.2, 10822.8] saturation=[horizontal:false altitude:false attitude:false mixer:false] saturated=false
[position_controller_node-2] [INFO] [1784351214.826447686] [position_controller_node]: position target=[0.000, 0.000, 1.500] current=[0.485, 0.000, 1.500] world_v=[0.002, 0.000, 0.000] a_xy=[-0.373, -0.000] thrust=9.814 torque=[0.0000, 0.0000, 0.0000] rpm_pre=[10822.7, 10823.0, 10823.0, 10822.7] rpm=[10822.7, 10823.0, 10823.0, 10822.7] saturation=[horizontal:false altitude:false attitude:false mixer:false] saturated=false
[position_controller_node-2] [INFO] [1784351215.826505601] [position_controller_node]: position target=[0.000, 0.000, 1.500] current=[0.453, 0.000, 1.500] world_v=[-0.063, -0.000, 0.000] a_xy=[-0.353, -0.000] thrust=9.813 torque=[-0.0000, 0.0000, -0.0000] rpm_pre=[10822.3, 10822.6, 10822.6, 10822.3] rpm=[10822.3, 10822.6, 10822.6, 10822.3] saturation=[horizontal:false altitude:false attitude:false mixer:false] saturated=false
[position_controller_node-2] [INFO] [1784351216.826511728] [position_controller_node]: position target=[0.000, 0.000, 1.500] current=[0.366, -0.000, 1.500] world_v=[-0.106, -0.000, 0.000] a_xy=[-0.329, 0.000] thrust=9.812 torque=[0.0000, 0.0000, -0.0000] rpm_pre=[10821.9, 10822.1, 10822.1, 10821.9] rpm=[10821.9, 10822.1, 10822.1, 10821.9] saturation=[horizontal:false altitude:false attitude:false mixer:false] saturated=false
[position_controller_node-2] [INFO] [1784351217.836484393] [position_controller_node]: position target=[0.000, 0.000, 1.500] current=[0.248, -0.000, 1.500] world_v=[-0.124, -0.000, 0.000] a_xy=[-0.300, 0.000] thrust=9.811 torque=[0.0000, 0.0005, 0.0000] rpm_pre=[10819.5, 10823.6, 10823.6, 10819.5] rpm=[10819.5, 10823.6, 10823.6, 10819.5] saturation=[horizontal:false altitude:false attitude:false mixer:false] saturated=false
[position_controller_node-2] [INFO] [1784351218.836555555] [position_controller_node]: position target=[0.000, 0.000, 1.500] current=[0.129, -0.000, 1.500] world_v=[-0.108, -0.000, -0.000] a_xy=[-0.272, 0.000] thrust=9.810 torque=[0.0000, -0.0001, 0.0000] rpm_pre=[10821.3, 10820.8, 10820.8, 10821.3] rpm=[10821.3, 10820.8, 10820.8, 10821.3] saturation=[horizontal:false altitude:false attitude:false mixer:false] saturated=false
[position_controller_node-2] [INFO] [1784351219.836583241] [position_controller_node]: position target=[0.000, 0.000, 1.500] current=[0.036, -0.000, 1.500] world_v=[-0.078, -0.000, -0.000] a_xy=[-0.271, 0.000] thrust=9.810 torque=[0.0000, -0.0000, -0.0000] rpm_pre=[10821.1, 10820.9, 10820.9, 10821.1] rpm=[10821.1, 10820.9, 10820.9, 10821.1] saturation=[horizontal:false altitude:false attitude:false mixer:false] saturated=false
[position_controller_node-2] [INFO] [1784351220.836685615] [position_controller_node]: position target=[0.000, 0.000, 1.500] current=[-0.036, -0.000, 1.500] world_v=[-0.114, 0.000, 0.000] a_xy=[-0.064, -0.000] thrust=9.807 torque=[0.0000, -0.0137, -0.0000] rpm_pre=[10872.6, 10765.8, 10765.8, 10872.6] rpm=[10872.6, 10765.8, 10765.8, 10872.6] saturation=[horizontal:false altitude:false attitude:false mixer:false] saturated=false
[position_controller_node-2] [INFO] [1784351221.846596693] [position_controller_node]: position target=[0.000, 0.000, 1.500] current=[-0.140, -0.000, 1.500] world_v=[-0.059, 0.000, -0.000] a_xy=[0.099, -0.000] thrust=9.807 torque=[-0.0000, 0.0010, 0.0000] rpm_pre=[10815.2, 10823.3, 10823.3, 10815.2] rpm=[10815.2, 10823.3, 10823.3, 10815.2] saturation=[horizontal:false altitude:false attitude:false mixer:false] saturated=false
[position_controller_node-2] [INFO] [1784351222.846776680] [position_controller_node]: position target=[0.000, 0.000, 1.500] current=[-0.156, -0.000, 1.500] world_v=[0.016, -0.000, -0.000] a_xy=[0.040, 0.000] thrust=9.807 torque=[0.0000, -0.0001, 0.0000] rpm_pre=[10819.4, 10818.6, 10818.6, 10819.4] rpm=[10819.4, 10818.6, 10818.6, 10819.4] saturation=[horizontal:false altitude:false attitude:false mixer:false] saturated=false
[position_controller_node-2] [INFO] [1784351223.856913723] [position_controller_node]: position target=[0.000, 0.000, 1.500] current=[-0.125, 0.000, 1.500] world_v=[0.038, 0.000, -0.000] a_xy=[0.004, -0.000] thrust=9.807 torque=[-0.0000, 0.0000, -0.0000] rpm_pre=[10818.8, 10819.1, 10819.1, 10818.8] rpm=[10818.8, 10819.1, 10819.1, 10818.8] saturation=[horizontal:false altitude:false attitude:false mixer:false] saturated=false
[position_controller_node-2] [INFO] [1784351224.866788112] [position_controller_node]: position target=[0.000, 0.000, 1.500] current=[-0.087, 0.000, 1.500] world_v=[0.036, 0.000, -0.000] a_xy=[-0.008, -0.000] thrust=9.807 torque=[-0.0000, 0.0000, -0.0000] rpm_pre=[10818.9, 10819.0, 10819.0, 10818.9] rpm=[10818.9, 10819.0, 10819.0, 10818.9] saturation=[horizontal:false altitude:false attitude:false mixer:false] saturated=false
[position_controller_node-2] [INFO] [1784351225.877009040] [position_controller_node]: position target=[0.000, 0.000, 1.500] current=[-0.056, 0.000, 1.500] world_v=[0.026, -0.000, -0.000] a_xy=[-0.009, -0.000] thrust=9.807 torque=[0.0000, 0.0000, -0.0000] rpm_pre=[10818.9, 10819.0, 10819.0, 10818.9] rpm=[10818.9, 10819.0, 10819.0, 10818.9] saturation=[horizontal:false altitude:false attitude:false mixer:false] saturated=false
[position_controller_node-2] [INFO] [1784351226.886783602] [position_controller_node]: position target=[0.000, 0.000, 1.500] current=[-0.034, 0.000, 1.500] world_v=[0.017, -0.000, -0.000] a_xy=[-0.007, 0.000] thrust=9.807 torque=[-0.0000, 0.0000, -0.0000] rpm_pre=[10818.9, 10819.0, 10819.0, 10818.9] rpm=[10818.9, 10819.0, 10819.0, 10818.9] saturation=[horizontal:false altitude:false attitude:false mixer:false] saturated=false
[position_controller_node-2] [INFO] [1784351227.886785706] [position_controller_node]: position target=[0.000, 0.000, 1.500] current=[-0.020, -0.000, 1.500] world_v=[0.011, -0.000, -0.000] a_xy=[-0.005, 0.000] thrust=9.807 torque=[0.0000, 0.0000, -0.0000] rpm_pre=[10818.9, 10819.0, 10819.0, 10818.9] rpm=[10818.9, 10819.0, 10819.0, 10818.9] saturation=[horizontal:false altitude:false attitude:false mixer:false] saturated=false
[position_controller_node-2] [INFO] [1784351228.886820449] [position_controller_node]: position target=[0.000, 0.000, 1.500] current=[-0.011, -0.000, 1.500] world_v=[0.007, 0.000, -0.000] a_xy=[-0.003, -0.000] thrust=9.807 torque=[0.0000, -0.0000, 0.0000] rpm_pre=[10819.1, 10818.8, 10818.8, 10819.1] rpm=[10819.1, 10818.8, 10818.8, 10819.1] saturation=[horizontal:false altitude:false attitude:false mixer:false] saturated=false
[position_controller_node-2] [INFO] [1784351229.886928292] [position_controller_node]: position target=[0.000, 0.000, 1.500] current=[-0.006, 0.000, 1.500] world_v=[0.005, 0.000, -0.000] a_xy=[-0.001, -0.000] thrust=9.807 torque=[-0.0000, 0.0000, 0.0000] rpm_pre=[10818.9, 10819.0, 10819.0, 10818.9] rpm=[10818.9, 10819.0, 10819.0, 10818.9] saturation=[horizontal:false altitude:false attitude:false mixer:false] saturated=false
[WARNING] [launch]: user interrupted with ctrl-c (SIGINT)
[INFO] [robot_state_publisher-3]: sending signal 'SIGINT' to process[robot_state_publisher-3]
[INFO] [position_controller_node-2]: sending signal 'SIGINT' to process[position_controller_node-2]
[INFO] [quadrotor_dynamics_node-1]: sending signal 'SIGINT' to process[quadrotor_dynamics_node-1]
[position_controller_node-2] [INFO] [1784351230.600806883] [rclcpp]: signal_handler(SIGINT/SIGTERM)
[robot_state_publisher-3] [INFO] [1784351230.600811739] [rclcpp]: signal_handler(SIGINT/SIGTERM)
[quadrotor_dynamics_node-1] [INFO] [1784351230.600815269] [rclcpp]: signal_handler(SIGINT/SIGTERM)
[robot_state_publisher-3] [INFO] [1784351230.604435271] [rclcpp]: signal_handler(SIGINT/SIGTERM)
[ERROR] [position_controller_node-2]: process has died [pid 44814, exit code -2, cmd '/home/peter/ros2_drone_sim/install/drone_controller/lib/drone_controller/position_controller_node --ros-args -r __node:=position_controller_node --params-file /tmp/horizontal-integral-tg6r_uyo/selected_release/controller.yaml --params-file /tmp/launch_params_wtm2h7on'].
[ERROR] [quadrotor_dynamics_node-1]: process has died [pid 44812, exit code -2, cmd '/home/peter/ros2_drone_sim/install/drone_dynamics/lib/drone_dynamics/quadrotor_dynamics_node --ros-args -r __node:=quadrotor_dynamics_node --params-file /tmp/horizontal-integral-tg6r_uyo/selected_release/dynamics.yaml --params-file /tmp/launch_params_ugwo4qt8'].
[INFO] [robot_state_publisher-3]: process has finished cleanly [pid 44816]
