[INFO] [launch]: All log files can be found below /home/peter/.ros/log/2026-07-18-12-47-56-426620-peter-acer-40540
[INFO] [launch]: Default logging verbosity is set to INFO
[INFO] [quadrotor_dynamics_node-1]: process started with pid [40552]
[INFO] [position_controller_node-2]: process started with pid [40554]
[INFO] [robot_state_publisher-3]: process started with pid [40556]
[quadrotor_dynamics_node-1] [INFO] [1784350076.523196444] [quadrotor_dynamics_node]: Dynamics started at 200.0 Hz; nominal steady-state hover RPM is 10818.9; ground contact is enabled at z=0.000 m; motor command watchdog is enabled (0.300 s)
[quadrotor_dynamics_node-1] [INFO] [1784350076.523259497] [quadrotor_dynamics_node]: External wrench input is enabled (frame=map, force_limit=2.000 N, timeout=0.200 s, torque_limit=0.000 N*m; torque must be zero)
[robot_state_publisher-3] [INFO] [1784350076.528052893] [robot_state_publisher]: got segment base_link
[robot_state_publisher-3] [INFO] [1784350076.528111679] [robot_state_publisher]: got segment front_marker_link
[robot_state_publisher-3] [INFO] [1784350076.528116914] [robot_state_publisher]: got segment m1_arm_link
[robot_state_publisher-3] [INFO] [1784350076.528119416] [robot_state_publisher]: got segment m1_motor_link
[robot_state_publisher-3] [INFO] [1784350076.528122080] [robot_state_publisher]: got segment m1_rotor_link
[robot_state_publisher-3] [INFO] [1784350076.528124575] [robot_state_publisher]: got segment m2_arm_link
[robot_state_publisher-3] [INFO] [1784350076.528127030] [robot_state_publisher]: got segment m2_motor_link
[robot_state_publisher-3] [INFO] [1784350076.528129555] [robot_state_publisher]: got segment m2_rotor_link
[robot_state_publisher-3] [INFO] [1784350076.528131968] [robot_state_publisher]: got segment m3_arm_link
[robot_state_publisher-3] [INFO] [1784350076.528134232] [robot_state_publisher]: got segment m3_motor_link
[robot_state_publisher-3] [INFO] [1784350076.528136464] [robot_state_publisher]: got segment m3_rotor_link
[robot_state_publisher-3] [INFO] [1784350076.528138787] [robot_state_publisher]: got segment m4_arm_link
[robot_state_publisher-3] [INFO] [1784350076.528140963] [robot_state_publisher]: got segment m4_motor_link
[robot_state_publisher-3] [INFO] [1784350076.528143308] [robot_state_publisher]: got segment m4_rotor_link
[position_controller_node-2] [INFO] [1784350076.528891986] [position_controller_node]: 3D position controller started at 100.0 Hz (source=pose_goal, odom timeout 0.200 s)
[position_controller_node-2] [INFO] [1784350076.539001906] [position_controller_node]: position target=[0.000, 0.000, 1.500] current=[0.000, 0.000, 0.000] world_v=[0.000, 0.000, 0.000] a_xy=[0.000, 0.000] thrust=14.307 torque=[0.0000, 0.0000, 0.0000] rpm_pre=[13067.5, 13067.5, 13067.5, 13067.5] rpm=[13067.5, 13067.5, 13067.5, 13067.5] saturation=[horizontal:false altitude:false attitude:false mixer:false] saturated=false
[INFO] [ros2-4]: process started with pid [40588]
[position_controller_node-2] [INFO] [1784350077.549036123] [position_controller_node]: position target=[0.000, 0.000, 1.500] current=[0.000, 0.000, 0.717] world_v=[0.000, 0.000, 0.864] a_xy=[0.000, 0.000] thrust=9.129 torque=[0.0000, 0.0000, 0.0000] rpm_pre=[10438.6, 10438.6, 10438.6, 10438.6] rpm=[10438.6, 10438.6, 10438.6, 10438.6] saturation=[horizontal:false altitude:false attitude:false mixer:false] saturated=false
[ros2-4] publisher: beginning loop
[ros2-4] publishing #1: geometry_msgs.msg.PoseStamped(header=std_msgs.msg.Header(stamp=builtin_interfaces.msg.Time(sec=0, nanosec=0), frame_id='map'), pose=geometry_msgs.msg.Pose(position=geometry_msgs.msg.Point(x=0.0, y=0.0, z=1.5), orientation=geometry_msgs.msg.Quaternion(x=0.0, y=0.0, z=0.0, w=1.0)))
[ros2-4] 
[INFO] [ros2-4]: process has finished cleanly [pid 40588]
[position_controller_node-2] [INFO] [1784350078.549102411] [position_controller_node]: position target=[0.000, 0.000, 1.500] current=[0.000, 0.000, 1.266] world_v=[0.000, 0.000, 0.297] a_xy=[0.000, 0.000] thrust=9.468 torque=[0.0000, 0.0000, 0.0000] rpm_pre=[10630.5, 10630.5, 10630.5, 10630.5] rpm=[10630.5, 10630.5, 10630.5, 10630.5] saturation=[horizontal:false altitude:false attitude:false mixer:false] saturated=false
[position_controller_node-2] [INFO] [1784350079.549129396] [position_controller_node]: position target=[0.000, 0.000, 1.500] current=[0.000, 0.000, 1.435] world_v=[0.000, 0.000, 0.084] a_xy=[0.000, 0.000] thrust=9.707 torque=[0.0000, 0.0000, 0.0000] rpm_pre=[10763.6, 10763.6, 10763.6, 10763.6] rpm=[10763.6, 10763.6, 10763.6, 10763.6] saturation=[horizontal:false altitude:false attitude:false mixer:false] saturated=false
[position_controller_node-2] [INFO] [1784350080.559087295] [position_controller_node]: position target=[0.000, 0.000, 1.500] current=[0.000, 0.000, 1.483] world_v=[0.000, 0.000, 0.023] a_xy=[0.000, 0.000] thrust=9.779 torque=[0.0000, 0.0000, 0.0000] rpm_pre=[10803.9, 10803.9, 10803.9, 10803.9] rpm=[10803.9, 10803.9, 10803.9, 10803.9] saturation=[horizontal:false altitude:false attitude:false mixer:false] saturated=false
[position_controller_node-2] [INFO] [1784350081.559153610] [position_controller_node]: position target=[0.000, 0.000, 1.500] current=[0.000, 0.000, 1.495] world_v=[0.000, 0.000, 0.006] a_xy=[0.000, 0.000] thrust=9.799 torque=[0.0000, 0.0000, 0.0000] rpm_pre=[10814.8, 10814.8, 10814.8, 10814.8] rpm=[10814.8, 10814.8, 10814.8, 10814.8] saturation=[horizontal:false altitude:false attitude:false mixer:false] saturated=false
[position_controller_node-2] [INFO] [1784350082.569113940] [position_controller_node]: position target=[0.000, 0.000, 1.500] current=[0.007, 0.000, 1.499] world_v=[0.064, 0.000, 0.002] a_xy=[-0.079, -0.000] thrust=9.805 torque=[0.0000, 0.0015, -0.0000] rpm_pre=[10812.0, 10823.8, 10823.8, 10812.0] rpm=[10812.0, 10823.8, 10823.8, 10812.0] saturation=[horizontal:false altitude:false attitude:false mixer:false] saturated=false
[position_controller_node-2] [INFO] [1784350083.569135686] [position_controller_node]: position target=[0.000, 0.000, 1.500] current=[0.149, 0.000, 1.500] world_v=[0.181, 0.000, 0.000] a_xy=[-0.288, -0.000] thrust=9.810 torque=[-0.0000, -0.0002, 0.0000] rpm_pre=[10821.7, 10820.2, 10820.2, 10821.7] rpm=[10821.7, 10820.2, 10820.2, 10821.7] saturation=[horizontal:false altitude:false attitude:false mixer:false] saturated=false
[position_controller_node-2] [INFO] [1784350084.569137042] [position_controller_node]: position target=[0.000, 0.000, 1.500] current=[0.324, 0.000, 1.500] world_v=[0.155, 0.000, 0.000] a_xy=[-0.362, -0.000] thrust=9.813 torque=[-0.0000, 0.0001, -0.0000] rpm_pre=[10822.1, 10823.0, 10823.0, 10822.1] rpm=[10822.1, 10823.0, 10823.0, 10822.1] saturation=[horizontal:false altitude:false attitude:false mixer:false] saturated=false
[position_controller_node-2] [INFO] [1784350085.569139620] [position_controller_node]: position target=[0.000, 0.000, 1.500] current=[0.444, 0.000, 1.500] world_v=[0.082, -0.000, 0.000] a_xy=[-0.380, -0.000] thrust=9.814 torque=[0.0000, 0.0000, -0.0000] rpm_pre=[10822.8, 10823.2, 10823.2, 10822.8] rpm=[10822.8, 10823.2, 10823.2, 10822.8] saturation=[horizontal:false altitude:false attitude:false mixer:false] saturated=false
[position_controller_node-2] [INFO] [1784350086.569211545] [position_controller_node]: position target=[0.000, 0.000, 1.500] current=[0.485, 0.000, 1.500] world_v=[0.003, -0.000, 0.000] a_xy=[-0.373, -0.000] thrust=9.814 torque=[-0.0000, 0.0000, 0.0000] rpm_pre=[10822.7, 10823.0, 10823.0, 10822.7] rpm=[10822.7, 10823.0, 10823.0, 10822.7] saturation=[horizontal:false altitude:false attitude:false mixer:false] saturated=false
[position_controller_node-2] [INFO] [1784350087.579236206] [position_controller_node]: position target=[0.000, 0.000, 1.500] current=[0.453, 0.000, 1.500] world_v=[-0.063, -0.000, 0.000] a_xy=[-0.353, 0.000] thrust=9.813 torque=[-0.0000, 0.0000, 0.0000] rpm_pre=[10822.3, 10822.6, 10822.6, 10822.3] rpm=[10822.3, 10822.6, 10822.6, 10822.3] saturation=[horizontal:false altitude:false attitude:false mixer:false] saturated=false
[position_controller_node-2] [INFO] [1784350088.589257777] [position_controller_node]: position target=[0.000, 0.000, 1.500] current=[0.365, -0.000, 1.500] world_v=[-0.106, -0.000, 0.000] a_xy=[-0.329, 0.000] thrust=9.812 torque=[-0.0000, 0.0000, 0.0000] rpm_pre=[10821.9, 10822.1, 10822.1, 10821.9] rpm=[10821.9, 10822.1, 10822.1, 10821.9] saturation=[horizontal:false altitude:false attitude:false mixer:false] saturated=false
[position_controller_node-2] [INFO] [1784350089.589264646] [position_controller_node]: position target=[0.000, 0.000, 1.500] current=[0.248, -0.000, 1.500] world_v=[-0.124, -0.000, 0.000] a_xy=[-0.300, 0.000] thrust=9.811 torque=[-0.0000, 0.0005, -0.0000] rpm_pre=[10819.5, 10823.6, 10823.6, 10819.5] rpm=[10819.5, 10823.6, 10823.6, 10819.5] saturation=[horizontal:false altitude:false attitude:false mixer:false] saturated=false
[position_controller_node-2] [INFO] [1784350090.589274029] [position_controller_node]: position target=[0.000, 0.000, 1.500] current=[0.130, -0.000, 1.500] world_v=[-0.108, 0.000, -0.000] a_xy=[-0.272, 0.000] thrust=9.810 torque=[0.0000, -0.0001, -0.0000] rpm_pre=[10821.3, 10820.8, 10820.8, 10821.3] rpm=[10821.3, 10820.8, 10820.8, 10821.3] saturation=[horizontal:false altitude:false attitude:false mixer:false] saturated=false
[position_controller_node-2] [INFO] [1784350091.599246655] [position_controller_node]: position target=[0.000, 0.000, 1.500] current=[0.036, -0.000, 1.500] world_v=[-0.077, 0.000, -0.000] a_xy=[-0.271, -0.000] thrust=9.810 torque=[-0.0000, -0.0000, 0.0000] rpm_pre=[10821.1, 10820.9, 10820.9, 10821.1] rpm=[10821.1, 10820.9, 10820.9, 10821.1] saturation=[horizontal:false altitude:false attitude:false mixer:false] saturated=false
[position_controller_node-2] [INFO] [1784350092.599335050] [position_controller_node]: position target=[0.000, 0.000, 1.500] current=[-0.028, -0.000, 1.500] world_v=[-0.051, 0.000, -0.000] a_xy=[-0.277, -0.000] thrust=9.811 torque=[-0.0000, 0.0000, 0.0000] rpm_pre=[10821.1, 10821.1, 10821.1, 10821.1] rpm=[10821.1, 10821.1, 10821.1, 10821.1] saturation=[horizontal:false altitude:false attitude:false mixer:false] saturated=false
[position_controller_node-2] [INFO] [1784350093.609259720] [position_controller_node]: position target=[0.000, 0.000, 1.500] current=[-0.067, -0.000, 1.500] world_v=[-0.028, 0.000, -0.000] a_xy=[-0.280, 0.000] thrust=9.811 torque=[0.0000, -0.0000, 0.0000] rpm_pre=[10821.2, 10821.1, 10821.1, 10821.2] rpm=[10821.2, 10821.1, 10821.1, 10821.2] saturation=[horizontal:false altitude:false attitude:false mixer:false] saturated=false
[position_controller_node-2] [INFO] [1784350094.609279209] [position_controller_node]: position target=[0.000, 0.000, 1.500] current=[-0.086, -0.000, 1.500] world_v=[-0.010, -0.000, -0.000] a_xy=[-0.283, 0.000] thrust=9.811 torque=[0.0000, -0.0000, 0.0000] rpm_pre=[10821.2, 10821.2, 10821.2, 10821.2] rpm=[10821.2, 10821.2, 10821.2, 10821.2] saturation=[horizontal:false altitude:false attitude:false mixer:false] saturated=false
[position_controller_node-2] [INFO] [1784350095.609313157] [position_controller_node]: position target=[0.000, 0.000, 1.500] current=[-0.088, 0.000, 1.500] world_v=[0.005, -0.000, -0.000] a_xy=[-0.287, 0.000] thrust=9.811 torque=[-0.0000, -0.0000, 0.0000] rpm_pre=[10821.3, 10821.2, 10821.2, 10821.3] rpm=[10821.3, 10821.2, 10821.2, 10821.3] saturation=[horizontal:false altitude:false attitude:false mixer:false] saturated=false
[position_controller_node-2] [INFO] [1784350096.609326996] [position_controller_node]: position target=[0.000, 0.000, 1.500] current=[-0.077, 0.000, 1.500] world_v=[0.016, 0.000, -0.000] a_xy=[-0.292, -0.000] thrust=9.811 torque=[0.0000, 0.0000, 0.0000] rpm_pre=[10821.3, 10821.3, 10821.3, 10821.3] rpm=[10821.3, 10821.3, 10821.3, 10821.3] saturation=[horizontal:false altitude:false attitude:false mixer:false] saturated=false
[WARNING] [launch]: user interrupted with ctrl-c (SIGINT)
[INFO] [robot_state_publisher-3]: sending signal 'SIGINT' to process[robot_state_publisher-3]
[INFO] [position_controller_node-2]: sending signal 'SIGINT' to process[position_controller_node-2]
[INFO] [quadrotor_dynamics_node-1]: sending signal 'SIGINT' to process[quadrotor_dynamics_node-1]
[robot_state_publisher-3] [INFO] [1784350097.366305925] [rclcpp]: signal_handler(SIGINT/SIGTERM)
[quadrotor_dynamics_node-1] [INFO] [1784350097.366314307] [rclcpp]: signal_handler(SIGINT/SIGTERM)
[position_controller_node-2] [INFO] [1784350097.366311521] [rclcpp]: signal_handler(SIGINT/SIGTERM)
[robot_state_publisher-3] [INFO] [1784350097.370289606] [rclcpp]: signal_handler(SIGINT/SIGTERM)
[position_controller_node-2] [INFO] [1784350097.371267645] [rclcpp]: signal_handler(SIGINT/SIGTERM)
[quadrotor_dynamics_node-1] [INFO] [1784350097.372166765] [rclcpp]: signal_handler(SIGINT/SIGTERM)
[INFO] [position_controller_node-2]: process has finished cleanly [pid 40554]
[INFO] [quadrotor_dynamics_node-1]: process has finished cleanly [pid 40552]
[INFO] [robot_state_publisher-3]: process has finished cleanly [pid 40556]
