[INFO] [launch]: All log files can be found below /home/peter/.ros/log/2026-07-18-13-05-48-116340-peter-acer-44396
[INFO] [launch]: Default logging verbosity is set to INFO
[INFO] [quadrotor_dynamics_node-1]: process started with pid [44408]
[INFO] [position_controller_node-2]: process started with pid [44410]
[INFO] [robot_state_publisher-3]: process started with pid [44412]
[robot_state_publisher-3] [INFO] [1784351148.212937123] [robot_state_publisher]: got segment base_link
[robot_state_publisher-3] [INFO] [1784351148.212998108] [robot_state_publisher]: got segment front_marker_link
[robot_state_publisher-3] [INFO] [1784351148.213002795] [robot_state_publisher]: got segment m1_arm_link
[robot_state_publisher-3] [INFO] [1784351148.213005817] [robot_state_publisher]: got segment m1_motor_link
[robot_state_publisher-3] [INFO] [1784351148.213008530] [robot_state_publisher]: got segment m1_rotor_link
[robot_state_publisher-3] [INFO] [1784351148.213010862] [robot_state_publisher]: got segment m2_arm_link
[robot_state_publisher-3] [INFO] [1784351148.213013180] [robot_state_publisher]: got segment m2_motor_link
[robot_state_publisher-3] [INFO] [1784351148.213015730] [robot_state_publisher]: got segment m2_rotor_link
[robot_state_publisher-3] [INFO] [1784351148.213019391] [robot_state_publisher]: got segment m3_arm_link
[robot_state_publisher-3] [INFO] [1784351148.213022676] [robot_state_publisher]: got segment m3_motor_link
[robot_state_publisher-3] [INFO] [1784351148.213025880] [robot_state_publisher]: got segment m3_rotor_link
[robot_state_publisher-3] [INFO] [1784351148.213029366] [robot_state_publisher]: got segment m4_arm_link
[robot_state_publisher-3] [INFO] [1784351148.213032993] [robot_state_publisher]: got segment m4_motor_link
[robot_state_publisher-3] [INFO] [1784351148.213036436] [robot_state_publisher]: got segment m4_rotor_link
[quadrotor_dynamics_node-1] [INFO] [1784351148.216884708] [quadrotor_dynamics_node]: Dynamics started at 200.0 Hz; nominal steady-state hover RPM is 11851.6; ground contact is enabled at z=0.000 m; motor command watchdog is enabled (0.300 s)
[quadrotor_dynamics_node-1] [INFO] [1784351148.216981984] [quadrotor_dynamics_node]: External wrench input is enabled (frame=map, force_limit=2.000 N, timeout=0.200 s, torque_limit=0.000 N*m; torque must be zero)
[position_controller_node-2] [INFO] [1784351148.218001532] [position_controller_node]: 3D position controller started at 100.0 Hz (source=pose_goal, odom timeout 0.200 s)
[position_controller_node-2] [INFO] [1784351148.228186396] [position_controller_node]: position target=[0.000, 0.000, 1.500] current=[0.000, 0.000, 0.000] world_v=[0.000, 0.000, 0.000] a_xy=[0.000, 0.000] thrust=14.307 torque=[0.0000, 0.0000, 0.0000] rpm_pre=[13067.5, 13067.5, 13067.5, 13067.5] rpm=[13067.5, 13067.5, 13067.5, 13067.5] saturation=[horizontal:false altitude:false attitude:false mixer:false] saturated=false
[INFO] [ros2-4]: process started with pid [44444]
[position_controller_node-2] [INFO] [1784351149.238150031] [position_controller_node]: position target=[0.000, 0.000, 1.500] current=[0.000, 0.000, 0.367] world_v=[0.000, 0.000, 0.513] a_xy=[0.000, 0.000] thrust=11.409 torque=[0.0000, 0.0000, 0.0000] rpm_pre=[11669.5, 11669.5, 11669.5, 11669.5] rpm=[11669.5, 11669.5, 11669.5, 11669.5] saturation=[horizontal:false altitude:false attitude:false mixer:false] saturated=false
[ros2-4] publisher: beginning loop
[ros2-4] publishing #1: geometry_msgs.msg.PoseStamped(header=std_msgs.msg.Header(stamp=builtin_interfaces.msg.Time(sec=0, nanosec=0), frame_id='map'), pose=geometry_msgs.msg.Pose(position=geometry_msgs.msg.Point(x=0.0, y=0.0, z=1.5), orientation=geometry_msgs.msg.Quaternion(x=0.0, y=0.0, z=0.0, w=1.0)))
[ros2-4] 
[INFO] [ros2-4]: process has finished cleanly [pid 44444]
[position_controller_node-2] [INFO] [1784351150.238183597] [position_controller_node]: position target=[0.000, 0.000, 1.500] current=[0.000, 0.000, 0.713] world_v=[0.000, 0.000, 0.193] a_xy=[0.000, 0.000] thrust=11.493 torque=[0.0000, 0.0000, 0.0000] rpm_pre=[11712.1, 11712.1, 11712.1, 11712.1] rpm=[11712.1, 11712.1, 11712.1, 11712.1] saturation=[horizontal:false altitude:false attitude:false mixer:false] saturated=false
[position_controller_node-2] [INFO] [1784351151.238218046] [position_controller_node]: position target=[0.000, 0.000, 1.500] current=[0.000, 0.000, 0.818] world_v=[0.000, 0.000, 0.047] a_xy=[0.000, 0.000] thrust=11.688 torque=[0.0000, 0.0000, 0.0000] rpm_pre=[11811.3, 11811.3, 11811.3, 11811.3] rpm=[11811.3, 11811.3, 11811.3, 11811.3] saturation=[horizontal:false altitude:false attitude:false mixer:false] saturated=false
[position_controller_node-2] [INFO] [1784351152.238225797] [position_controller_node]: position target=[0.000, 0.000, 1.500] current=[0.000, 0.000, 0.841] world_v=[0.000, 0.000, 0.009] a_xy=[0.000, 0.000] thrust=11.751 torque=[0.0000, 0.0000, 0.0000] rpm_pre=[11842.9, 11842.9, 11842.9, 11842.9] rpm=[11842.9, 11842.9, 11842.9, 11842.9] saturation=[horizontal:false altitude:false attitude:false mixer:false] saturated=false
[position_controller_node-2] [INFO] [1784351153.238266059] [position_controller_node]: position target=[0.000, 0.000, 1.500] current=[0.000, 0.000, 0.846] world_v=[0.000, 0.000, 0.001] a_xy=[0.000, 0.000] thrust=11.765 torque=[0.0000, 0.0000, 0.0000] rpm_pre=[11850.1, 11850.1, 11850.1, 11850.1] rpm=[11850.1, 11850.1, 11850.1, 11850.1] saturation=[horizontal:false altitude:false attitude:false mixer:false] saturated=false
[position_controller_node-2] [INFO] [1784351154.248226225] [position_controller_node]: position target=[0.000, 0.000, 1.500] current=[0.000, 0.000, 0.846] world_v=[0.000, 0.000, 0.000] a_xy=[0.000, 0.000] thrust=11.768 torque=[0.0000, 0.0000, 0.0000] rpm_pre=[11851.4, 11851.4, 11851.4, 11851.4] rpm=[11851.4, 11851.4, 11851.4, 11851.4] saturation=[horizontal:false altitude:false attitude:false mixer:false] saturated=false
[position_controller_node-2] [INFO] [1784351155.248330726] [position_controller_node]: position target=[0.000, 0.000, 1.500] current=[0.000, 0.000, 0.846] world_v=[0.000, 0.000, 0.000] a_xy=[0.000, 0.000] thrust=11.768 torque=[0.0000, 0.0000, 0.0000] rpm_pre=[11851.5, 11851.5, 11851.5, 11851.5] rpm=[11851.5, 11851.5, 11851.5, 11851.5] saturation=[horizontal:false altitude:false attitude:false mixer:false] saturated=false
[position_controller_node-2] [INFO] [1784351156.258250117] [position_controller_node]: position target=[0.000, 0.000, 1.500] current=[0.000, 0.000, 0.846] world_v=[0.000, 0.000, -0.000] a_xy=[0.000, 0.000] thrust=11.768 torque=[0.0000, 0.0000, 0.0000] rpm_pre=[11851.6, 11851.6, 11851.6, 11851.6] rpm=[11851.6, 11851.6, 11851.6, 11851.6] saturation=[horizontal:false altitude:false attitude:false mixer:false] saturated=false
[position_controller_node-2] [INFO] [1784351157.258340819] [position_controller_node]: position target=[0.000, 0.000, 1.500] current=[0.000, 0.000, 0.846] world_v=[0.000, 0.000, -0.000] a_xy=[0.000, 0.000] thrust=11.768 torque=[0.0000, 0.0000, 0.0000] rpm_pre=[11851.6, 11851.6, 11851.6, 11851.6] rpm=[11851.6, 11851.6, 11851.6, 11851.6] saturation=[horizontal:false altitude:false attitude:false mixer:false] saturated=false
[position_controller_node-2] [INFO] [1784351158.258369133] [position_controller_node]: position target=[0.000, 0.000, 1.500] current=[0.000, 0.000, 0.846] world_v=[0.000, 0.000, -0.000] a_xy=[0.000, 0.000] thrust=11.768 torque=[0.0000, 0.0000, 0.0000] rpm_pre=[11851.6, 11851.6, 11851.6, 11851.6] rpm=[11851.6, 11851.6, 11851.6, 11851.6] saturation=[horizontal:false altitude:false attitude:false mixer:false] saturated=false
[position_controller_node-2] [INFO] [1784351159.268383584] [position_controller_node]: position target=[0.000, 0.000, 1.500] current=[0.000, 0.000, 0.846] world_v=[0.000, 0.000, -0.000] a_xy=[0.000, 0.000] thrust=11.768 torque=[0.0000, 0.0000, 0.0000] rpm_pre=[11851.6, 11851.6, 11851.6, 11851.6] rpm=[11851.6, 11851.6, 11851.6, 11851.6] saturation=[horizontal:false altitude:false attitude:false mixer:false] saturated=false
[position_controller_node-2] [INFO] [1784351160.268435391] [position_controller_node]: position target=[0.000, 0.000, 1.500] current=[0.000, 0.000, 0.846] world_v=[0.000, 0.000, -0.000] a_xy=[0.000, 0.000] thrust=11.768 torque=[0.0000, 0.0000, 0.0000] rpm_pre=[11851.6, 11851.6, 11851.6, 11851.6] rpm=[11851.6, 11851.6, 11851.6, 11851.6] saturation=[horizontal:false altitude:false attitude:false mixer:false] saturated=false
[position_controller_node-2] [INFO] [1784351161.278385555] [position_controller_node]: position target=[0.000, 0.000, 1.500] current=[0.000, 0.000, 0.846] world_v=[0.000, 0.000, -0.000] a_xy=[0.000, 0.000] thrust=11.768 torque=[0.0000, 0.0000, 0.0000] rpm_pre=[11851.6, 11851.6, 11851.6, 11851.6] rpm=[11851.6, 11851.6, 11851.6, 11851.6] saturation=[horizontal:false altitude:false attitude:false mixer:false] saturated=false
[position_controller_node-2] [INFO] [1784351162.278421745] [position_controller_node]: position target=[0.000, 0.000, 1.500] current=[0.000, 0.000, 0.846] world_v=[0.000, 0.000, -0.000] a_xy=[0.000, 0.000] thrust=11.768 torque=[0.0000, 0.0000, 0.0000] rpm_pre=[11851.6, 11851.6, 11851.6, 11851.6] rpm=[11851.6, 11851.6, 11851.6, 11851.6] saturation=[horizontal:false altitude:false attitude:false mixer:false] saturated=false
[position_controller_node-2] [INFO] [1784351163.278468402] [position_controller_node]: position target=[0.000, 0.000, 1.500] current=[0.000, 0.000, 0.846] world_v=[0.000, 0.000, 0.000] a_xy=[0.000, 0.000] thrust=11.768 torque=[0.0000, 0.0000, 0.0000] rpm_pre=[11851.6, 11851.6, 11851.6, 11851.6] rpm=[11851.6, 11851.6, 11851.6, 11851.6] saturation=[horizontal:false altitude:false attitude:false mixer:false] saturated=false
[position_controller_node-2] [INFO] [1784351164.288464109] [position_controller_node]: position target=[0.000, 0.000, 1.500] current=[0.000, 0.000, 0.846] world_v=[0.000, 0.000, 0.000] a_xy=[0.000, 0.000] thrust=11.768 torque=[0.0000, 0.0000, 0.0000] rpm_pre=[11851.6, 11851.6, 11851.6, 11851.6] rpm=[11851.6, 11851.6, 11851.6, 11851.6] saturation=[horizontal:false altitude:false attitude:false mixer:false] saturated=false
[position_controller_node-2] [INFO] [1784351165.288518509] [position_controller_node]: position target=[0.000, 0.000, 1.500] current=[0.000, 0.000, 0.846] world_v=[0.000, 0.000, 0.000] a_xy=[0.000, 0.000] thrust=11.768 torque=[0.0000, 0.0000, 0.0000] rpm_pre=[11851.6, 11851.6, 11851.6, 11851.6] rpm=[11851.6, 11851.6, 11851.6, 11851.6] saturation=[horizontal:false altitude:false attitude:false mixer:false] saturated=false
[position_controller_node-2] [INFO] [1784351166.298578029] [position_controller_node]: position target=[0.000, 0.000, 1.500] current=[0.000, 0.000, 0.846] world_v=[0.000, 0.000, 0.000] a_xy=[0.000, 0.000] thrust=11.768 torque=[0.0000, 0.0000, 0.0000] rpm_pre=[11851.6, 11851.6, 11851.6, 11851.6] rpm=[11851.6, 11851.6, 11851.6, 11851.6] saturation=[horizontal:false altitude:false attitude:false mixer:false] saturated=false
[position_controller_node-2] [INFO] [1784351167.308546151] [position_controller_node]: position target=[0.000, 0.000, 1.500] current=[0.000, 0.000, 0.846] world_v=[0.000, 0.000, 0.000] a_xy=[0.000, 0.000] thrust=11.768 torque=[0.0000, 0.0000, 0.0000] rpm_pre=[11851.6, 11851.6, 11851.6, 11851.6] rpm=[11851.6, 11851.6, 11851.6, 11851.6] saturation=[horizontal:false altitude:false attitude:false mixer:false] saturated=false
[position_controller_node-2] [INFO] [1784351168.308584044] [position_controller_node]: position target=[0.000, 0.000, 1.500] current=[0.000, 0.000, 0.846] world_v=[0.000, 0.000, 0.000] a_xy=[0.000, 0.000] thrust=11.768 torque=[0.0000, 0.0000, 0.0000] rpm_pre=[11851.6, 11851.6, 11851.6, 11851.6] rpm=[11851.6, 11851.6, 11851.6, 11851.6] saturation=[horizontal:false altitude:false attitude:false mixer:false] saturated=false
[position_controller_node-2] [INFO] [1784351169.318597957] [position_controller_node]: position target=[0.000, 0.000, 1.500] current=[0.000, 0.000, 0.846] world_v=[0.000, 0.000, -0.000] a_xy=[0.000, 0.000] thrust=11.768 torque=[0.0000, 0.0000, 0.0000] rpm_pre=[11851.6, 11851.6, 11851.6, 11851.6] rpm=[11851.6, 11851.6, 11851.6, 11851.6] saturation=[horizontal:false altitude:false attitude:false mixer:false] saturated=false
[position_controller_node-2] [INFO] [1784351170.328508267] [position_controller_node]: position target=[0.000, 0.000, 1.500] current=[0.000, 0.000, 0.846] world_v=[0.000, 0.000, -0.000] a_xy=[0.000, 0.000] thrust=11.768 torque=[0.0000, 0.0000, 0.0000] rpm_pre=[11851.6, 11851.6, 11851.6, 11851.6] rpm=[11851.6, 11851.6, 11851.6, 11851.6] saturation=[horizontal:false altitude:false attitude:false mixer:false] saturated=false
[position_controller_node-2] [INFO] [1784351171.328528574] [position_controller_node]: position target=[0.000, 0.000, 1.500] current=[0.000, 0.000, 0.846] world_v=[0.000, 0.000, -0.000] a_xy=[0.000, 0.000] thrust=11.768 torque=[0.0000, 0.0000, 0.0000] rpm_pre=[11851.6, 11851.6, 11851.6, 11851.6] rpm=[11851.6, 11851.6, 11851.6, 11851.6] saturation=[horizontal:false altitude:false attitude:false mixer:false] saturated=false
[position_controller_node-2] [INFO] [1784351172.328547036] [position_controller_node]: position target=[0.000, 0.000, 1.500] current=[0.000, 0.000, 0.846] world_v=[0.000, 0.000, 0.000] a_xy=[0.000, 0.000] thrust=11.768 torque=[0.0000, 0.0000, 0.0000] rpm_pre=[11851.6, 11851.6, 11851.6, 11851.6] rpm=[11851.6, 11851.6, 11851.6, 11851.6] saturation=[horizontal:false altitude:false attitude:false mixer:false] saturated=false
[position_controller_node-2] [INFO] [1784351173.328799040] [position_controller_node]: position target=[0.000, 0.000, 1.500] current=[0.000, 0.000, 0.846] world_v=[0.000, 0.000, 0.000] a_xy=[0.000, 0.000] thrust=11.768 torque=[0.0000, 0.0000, 0.0000] rpm_pre=[11851.6, 11851.6, 11851.6, 11851.6] rpm=[11851.6, 11851.6, 11851.6, 11851.6] saturation=[horizontal:false altitude:false attitude:false mixer:false] saturated=false
[position_controller_node-2] [INFO] [1784351174.338671797] [position_controller_node]: position target=[0.000, 0.000, 1.500] current=[0.000, 0.000, 0.846] world_v=[0.000, 0.000, 0.000] a_xy=[0.000, 0.000] thrust=11.768 torque=[0.0000, 0.0000, 0.0000] rpm_pre=[11851.6, 11851.6, 11851.6, 11851.6] rpm=[11851.6, 11851.6, 11851.6, 11851.6] saturation=[horizontal:false altitude:false attitude:false mixer:false] saturated=false
[position_controller_node-2] [INFO] [1784351175.338678002] [position_controller_node]: position target=[0.000, 0.000, 1.500] current=[0.000, 0.000, 0.846] world_v=[0.000, 0.000, 0.000] a_xy=[0.000, 0.000] thrust=11.768 torque=[0.0000, 0.0000, 0.0000] rpm_pre=[11851.6, 11851.6, 11851.6, 11851.6] rpm=[11851.6, 11851.6, 11851.6, 11851.6] saturation=[horizontal:false altitude:false attitude:false mixer:false] saturated=false
[WARNING] [launch]: user interrupted with ctrl-c (SIGINT)
[INFO] [robot_state_publisher-3]: sending signal 'SIGINT' to process[robot_state_publisher-3]
[INFO] [position_controller_node-2]: sending signal 'SIGINT' to process[position_controller_node-2]
[INFO] [quadrotor_dynamics_node-1]: sending signal 'SIGINT' to process[quadrotor_dynamics_node-1]
[position_controller_node-2] [INFO] [1784351176.068070910] [rclcpp]: signal_handler(SIGINT/SIGTERM)
[robot_state_publisher-3] [INFO] [1784351176.068103417] [rclcpp]: signal_handler(SIGINT/SIGTERM)
[quadrotor_dynamics_node-1] [INFO] [1784351176.068125958] [rclcpp]: signal_handler(SIGINT/SIGTERM)
[robot_state_publisher-3] [INFO] [1784351176.073511224] [rclcpp]: signal_handler(SIGINT/SIGTERM)
[position_controller_node-2] [INFO] [1784351176.074059445] [rclcpp]: signal_handler(SIGINT/SIGTERM)
[ERROR] [quadrotor_dynamics_node-1]: process has died [pid 44408, exit code -2, cmd '/home/peter/ros2_drone_sim/install/drone_dynamics/lib/drone_dynamics/quadrotor_dynamics_node --ros-args -r __node:=quadrotor_dynamics_node --params-file /tmp/horizontal-integral-7gbq91nm/mass_1p2/dynamics.yaml --params-file /tmp/launch_params_2n0u7c8b'].
[INFO] [position_controller_node-2]: process has finished cleanly [pid 44410]
[INFO] [robot_state_publisher-3]: process has finished cleanly [pid 44412]
