[INFO] [launch]: All log files can be found below /home/peter/.ros/log/2026-07-18-12-51-04-524784-peter-acer-41282
[INFO] [launch]: Default logging verbosity is set to INFO
[INFO] [quadrotor_dynamics_node-1]: process started with pid [41294]
[INFO] [position_controller_node-2]: process started with pid [41296]
[INFO] [robot_state_publisher-3]: process started with pid [41298]
[position_controller_node-2] [INFO] [1784350264.626931559] [position_controller_node]: 3D position controller started at 100.0 Hz (source=pose_goal, odom timeout 0.200 s)
[robot_state_publisher-3] [INFO] [1784350264.630229682] [robot_state_publisher]: got segment base_link
[robot_state_publisher-3] [INFO] [1784350264.630325529] [robot_state_publisher]: got segment front_marker_link
[robot_state_publisher-3] [INFO] [1784350264.630338975] [robot_state_publisher]: got segment m1_arm_link
[robot_state_publisher-3] [INFO] [1784350264.630347923] [robot_state_publisher]: got segment m1_motor_link
[robot_state_publisher-3] [INFO] [1784350264.630356233] [robot_state_publisher]: got segment m1_rotor_link
[robot_state_publisher-3] [INFO] [1784350264.630363387] [robot_state_publisher]: got segment m2_arm_link
[robot_state_publisher-3] [INFO] [1784350264.630370359] [robot_state_publisher]: got segment m2_motor_link
[robot_state_publisher-3] [INFO] [1784350264.630377442] [robot_state_publisher]: got segment m2_rotor_link
[robot_state_publisher-3] [INFO] [1784350264.630384458] [robot_state_publisher]: got segment m3_arm_link
[robot_state_publisher-3] [INFO] [1784350264.630391579] [robot_state_publisher]: got segment m3_motor_link
[robot_state_publisher-3] [INFO] [1784350264.630398539] [robot_state_publisher]: got segment m3_rotor_link
[robot_state_publisher-3] [INFO] [1784350264.630405533] [robot_state_publisher]: got segment m4_arm_link
[robot_state_publisher-3] [INFO] [1784350264.630412288] [robot_state_publisher]: got segment m4_motor_link
[robot_state_publisher-3] [INFO] [1784350264.630419345] [robot_state_publisher]: got segment m4_rotor_link
[position_controller_node-2] [WARN] [1784350264.637031352] [position_controller_node]: Waiting for /drone/odom; RPM=0
[quadrotor_dynamics_node-1] [INFO] [1784350264.638846719] [quadrotor_dynamics_node]: Dynamics started at 200.0 Hz; nominal steady-state hover RPM is 10818.9; ground contact is enabled at z=0.000 m; motor command watchdog is enabled (0.300 s)
[quadrotor_dynamics_node-1] [INFO] [1784350264.638948898] [quadrotor_dynamics_node]: External wrench input is enabled (frame=map, force_limit=2.000 N, timeout=0.200 s, torque_limit=0.000 N*m; torque must be zero)
[position_controller_node-2] [INFO] [1784350264.647121315] [position_controller_node]: position target=[0.000, 0.000, 1.500] current=[0.000, 0.000, 0.000] world_v=[0.000, 0.000, 0.000] a_xy=[0.000, 0.000] thrust=14.307 torque=[0.0000, 0.0000, 0.0000] rpm_pre=[13067.5, 13067.5, 13067.5, 13067.5] rpm=[13067.5, 13067.5, 13067.5, 13067.5] saturation=[horizontal:false altitude:false attitude:false mixer:false] saturated=false
[INFO] [ros2-4]: process started with pid [41338]
[position_controller_node-2] [INFO] [1784350265.657067355] [position_controller_node]: position target=[0.000, 0.000, 1.500] current=[0.000, 0.000, 0.717] world_v=[0.000, 0.000, 0.864] a_xy=[0.000, 0.000] thrust=9.130 torque=[0.0000, 0.0000, 0.0000] rpm_pre=[10438.9, 10438.9, 10438.9, 10438.9] rpm=[10438.9, 10438.9, 10438.9, 10438.9] saturation=[horizontal:false altitude:false attitude:false mixer:false] saturated=false
[ros2-4] publisher: beginning loop
[ros2-4] publishing #1: geometry_msgs.msg.PoseStamped(header=std_msgs.msg.Header(stamp=builtin_interfaces.msg.Time(sec=0, nanosec=0), frame_id='map'), pose=geometry_msgs.msg.Pose(position=geometry_msgs.msg.Point(x=0.0, y=0.0, z=1.5), orientation=geometry_msgs.msg.Quaternion(x=0.0, y=0.0, z=0.0, w=1.0)))
[ros2-4] 
[INFO] [ros2-4]: process has finished cleanly [pid 41338]
[position_controller_node-2] [INFO] [1784350266.657170832] [position_controller_node]: position target=[0.000, 0.000, 1.500] current=[0.000, 0.000, 1.266] world_v=[0.000, 0.000, 0.297] a_xy=[0.000, 0.000] thrust=9.468 torque=[0.0000, 0.0000, 0.0000] rpm_pre=[10630.4, 10630.4, 10630.4, 10630.4] rpm=[10630.4, 10630.4, 10630.4, 10630.4] saturation=[horizontal:false altitude:false attitude:false mixer:false] saturated=false
[position_controller_node-2] [INFO] [1784350267.667160105] [position_controller_node]: position target=[0.000, 0.000, 1.500] current=[0.000, 0.000, 1.436] world_v=[0.000, 0.000, 0.083] a_xy=[0.000, 0.000] thrust=9.708 torque=[0.0000, 0.0000, 0.0000] rpm_pre=[10764.3, 10764.3, 10764.3, 10764.3] rpm=[10764.3, 10764.3, 10764.3, 10764.3] saturation=[horizontal:false altitude:false attitude:false mixer:false] saturated=false
[position_controller_node-2] [INFO] [1784350268.667271536] [position_controller_node]: position target=[0.000, 0.000, 1.500] current=[0.000, 0.000, 1.483] world_v=[0.000, 0.000, 0.023] a_xy=[0.000, 0.000] thrust=9.779 torque=[0.0000, 0.0000, 0.0000] rpm_pre=[10803.9, 10803.9, 10803.9, 10803.9] rpm=[10803.9, 10803.9, 10803.9, 10803.9] saturation=[horizontal:false altitude:false attitude:false mixer:false] saturated=false
[position_controller_node-2] [INFO] [1784350269.677200835] [position_controller_node]: position target=[0.000, 0.000, 1.500] current=[0.000, 0.000, 1.495] world_v=[0.000, 0.000, 0.006] a_xy=[0.000, 0.000] thrust=9.799 torque=[0.0000, 0.0000, 0.0000] rpm_pre=[10814.9, 10814.9, 10814.9, 10814.9] rpm=[10814.9, 10814.9, 10814.9, 10814.9] saturation=[horizontal:false altitude:false attitude:false mixer:false] saturated=false
[position_controller_node-2] [INFO] [1784350270.677286882] [position_controller_node]: position target=[0.000, 0.000, 1.500] current=[0.007, 0.000, 1.499] world_v=[0.064, 0.000, 0.002] a_xy=[-0.079, -0.000] thrust=9.805 torque=[0.0000, 0.0015, -0.0000] rpm_pre=[10812.0, 10823.8, 10823.8, 10812.0] rpm=[10812.0, 10823.8, 10823.8, 10812.0] saturation=[horizontal:false altitude:false attitude:false mixer:false] saturated=false
[position_controller_node-2] [INFO] [1784350271.687225697] [position_controller_node]: position target=[0.000, 0.000, 1.500] current=[0.151, 0.000, 1.500] world_v=[0.182, 0.000, 0.000] a_xy=[-0.289, -0.000] thrust=9.810 torque=[0.0000, -0.0002, -0.0000] rpm_pre=[10821.9, 10820.0, 10820.0, 10821.9] rpm=[10821.9, 10820.0, 10820.0, 10821.9] saturation=[horizontal:false altitude:false attitude:false mixer:false] saturated=false
[position_controller_node-2] [INFO] [1784350272.697242603] [position_controller_node]: position target=[0.000, 0.000, 1.500] current=[0.327, 0.000, 1.500] world_v=[0.154, 0.000, 0.000] a_xy=[-0.363, -0.000] thrust=9.813 torque=[0.0000, 0.0001, -0.0000] rpm_pre=[10822.1, 10823.0, 10823.0, 10822.1] rpm=[10822.1, 10823.0, 10823.0, 10822.1] saturation=[horizontal:false altitude:false attitude:false mixer:false] saturated=false
[position_controller_node-2] [INFO] [1784350273.697254409] [position_controller_node]: position target=[0.000, 0.000, 1.500] current=[0.445, 0.000, 1.500] world_v=[0.080, -0.000, 0.000] a_xy=[-0.380, 0.000] thrust=9.814 torque=[0.0000, 0.0000, -0.0000] rpm_pre=[10822.8, 10823.2, 10823.2, 10822.8] rpm=[10822.8, 10823.2, 10823.2, 10822.8] saturation=[horizontal:false altitude:false attitude:false mixer:false] saturated=false
[position_controller_node-2] [INFO] [1784350274.697268681] [position_controller_node]: position target=[0.000, 0.000, 1.500] current=[0.485, 0.000, 1.500] world_v=[0.001, 0.000, 0.000] a_xy=[-0.372, -0.000] thrust=9.814 torque=[0.0000, 0.0000, 0.0000] rpm_pre=[10822.7, 10823.0, 10823.0, 10822.7] rpm=[10822.7, 10823.0, 10823.0, 10822.7] saturation=[horizontal:false altitude:false attitude:false mixer:false] saturated=false
[position_controller_node-2] [INFO] [1784350275.697283467] [position_controller_node]: position target=[0.000, 0.000, 1.500] current=[0.452, 0.000, 1.500] world_v=[-0.064, -0.000, 0.000] a_xy=[-0.353, -0.000] thrust=9.813 torque=[-0.0000, 0.0000, -0.0000] rpm_pre=[10822.3, 10822.6, 10822.6, 10822.3] rpm=[10822.3, 10822.6, 10822.6, 10822.3] saturation=[horizontal:false altitude:false attitude:false mixer:false] saturated=false
[position_controller_node-2] [INFO] [1784350276.697368986] [position_controller_node]: position target=[0.000, 0.000, 1.500] current=[0.371, -0.000, 1.500] world_v=[-0.087, -0.000, 0.000] a_xy=[-0.294, 0.000] thrust=9.811 torque=[-0.0000, -0.0000, 0.0000] rpm_pre=[10821.5, 10821.3, 10821.3, 10821.5] rpm=[10821.5, 10821.3, 10821.3, 10821.5] saturation=[horizontal:false altitude:false attitude:false mixer:false] saturated=false
[position_controller_node-2] [INFO] [1784350277.707289428] [position_controller_node]: position target=[0.000, 0.000, 1.500] current=[0.290, -0.000, 1.500] world_v=[-0.072, -0.000, -0.000] a_xy=[-0.279, 0.000] thrust=9.811 torque=[0.0000, -0.0000, -0.0000] rpm_pre=[10821.2, 10821.1, 10821.1, 10821.2] rpm=[10821.2, 10821.1, 10821.1, 10821.2] saturation=[horizontal:false altitude:false attitude:false mixer:false] saturated=false
[position_controller_node-2] [INFO] [1784350278.707361443] [position_controller_node]: position target=[0.000, 0.000, 1.500] current=[0.228, -0.000, 1.500] world_v=[-0.051, -0.000, -0.000] a_xy=[-0.281, 0.000] thrust=9.811 torque=[-0.0000, -0.0000, -0.0000] rpm_pre=[10821.2, 10821.1, 10821.1, 10821.2] rpm=[10821.2, 10821.1, 10821.1, 10821.2] saturation=[horizontal:false altitude:false attitude:false mixer:false] saturated=false
[position_controller_node-2] [INFO] [1784350279.717343938] [position_controller_node]: position target=[0.000, 0.000, 1.500] current=[0.187, -0.000, 1.500] world_v=[-0.033, 0.000, -0.000] a_xy=[-0.286, 0.000] thrust=9.811 torque=[0.0000, -0.0000, 0.0000] rpm_pre=[10821.3, 10821.2, 10821.2, 10821.3] rpm=[10821.3, 10821.2, 10821.2, 10821.3] saturation=[horizontal:false altitude:false attitude:false mixer:false] saturated=false
[position_controller_node-2] [INFO] [1784350280.717410014] [position_controller_node]: position target=[0.000, 0.000, 1.500] current=[0.161, -0.000, 1.500] world_v=[-0.020, -0.000, -0.000] a_xy=[-0.290, 0.000] thrust=9.811 torque=[-0.0000, -0.0000, -0.0000] rpm_pre=[10821.3, 10821.3, 10821.3, 10821.3] rpm=[10821.3, 10821.3, 10821.3, 10821.3] saturation=[horizontal:false altitude:false attitude:false mixer:false] saturated=false
[position_controller_node-2] [INFO] [1784350281.717421519] [position_controller_node]: position target=[0.000, 0.000, 1.500] current=[0.145, -0.000, 1.500] world_v=[-0.012, 0.000, 0.000] a_xy=[-0.294, -0.000] thrust=9.811 torque=[0.0000, -0.0000, -0.0000] rpm_pre=[10821.4, 10821.4, 10821.4, 10821.4] rpm=[10821.4, 10821.4, 10821.4, 10821.4] saturation=[horizontal:false altitude:false attitude:false mixer:false] saturated=false
[position_controller_node-2] [INFO] [1784350282.727410239] [position_controller_node]: position target=[0.000, 0.000, 1.500] current=[0.136, 0.000, 1.500] world_v=[-0.007, 0.000, 0.000] a_xy=[-0.296, -0.000] thrust=9.811 torque=[0.0000, -0.0000, -0.0000] rpm_pre=[10821.4, 10821.4, 10821.4, 10821.4] rpm=[10821.4, 10821.4, 10821.4, 10821.4] saturation=[horizontal:false altitude:false attitude:false mixer:false] saturated=false
[position_controller_node-2] [INFO] [1784350283.727476114] [position_controller_node]: position target=[0.000, 0.000, 1.500] current=[0.131, 0.000, 1.500] world_v=[-0.004, 0.000, 0.000] a_xy=[-0.298, -0.000] thrust=9.811 torque=[-0.0000, 0.0000, -0.0000] rpm_pre=[10821.4, 10821.4, 10821.4, 10821.4] rpm=[10821.4, 10821.4, 10821.4, 10821.4] saturation=[horizontal:false altitude:false attitude:false mixer:false] saturated=false
[position_controller_node-2] [INFO] [1784350284.737436850] [position_controller_node]: position target=[0.000, 0.000, 1.500] current=[0.128, 0.000, 1.500] world_v=[-0.002, -0.000, 0.000] a_xy=[-0.299, -0.000] thrust=9.811 torque=[0.0000, 0.0000, -0.0000] rpm_pre=[10821.5, 10821.5, 10821.5, 10821.5] rpm=[10821.5, 10821.5, 10821.5, 10821.5] saturation=[horizontal:false altitude:false attitude:false mixer:false] saturated=false
[WARNING] [launch]: user interrupted with ctrl-c (SIGINT)
[INFO] [robot_state_publisher-3]: sending signal 'SIGINT' to process[robot_state_publisher-3]
[INFO] [position_controller_node-2]: sending signal 'SIGINT' to process[position_controller_node-2]
[INFO] [quadrotor_dynamics_node-1]: sending signal 'SIGINT' to process[quadrotor_dynamics_node-1]
[robot_state_publisher-3] [INFO] [1784350285.471843783] [rclcpp]: signal_handler(SIGINT/SIGTERM)
[quadrotor_dynamics_node-1] [INFO] [1784350285.471844573] [rclcpp]: signal_handler(SIGINT/SIGTERM)
[position_controller_node-2] [INFO] [1784350285.472057264] [rclcpp]: signal_handler(SIGINT/SIGTERM)
[robot_state_publisher-3] [INFO] [1784350285.474793965] [rclcpp]: signal_handler(SIGINT/SIGTERM)
[position_controller_node-2] [INFO] [1784350285.475538509] [rclcpp]: signal_handler(SIGINT/SIGTERM)
[quadrotor_dynamics_node-1] [INFO] [1784350285.476285336] [rclcpp]: signal_handler(SIGINT/SIGTERM)
[INFO] [position_controller_node-2]: process has finished cleanly [pid 41296]
[INFO] [quadrotor_dynamics_node-1]: process has finished cleanly [pid 41294]
[INFO] [robot_state_publisher-3]: process has finished cleanly [pid 41298]
