[INFO] [launch]: All log files can be found below /home/peter/.ros/log/2026-07-18-13-08-25-039756-peter-acer-45174
[INFO] [launch]: Default logging verbosity is set to INFO
[INFO] [quadrotor_dynamics_node-1]: process started with pid [45186]
[INFO] [position_controller_node-2]: process started with pid [45188]
[INFO] [robot_state_publisher-3]: process started with pid [45190]
[robot_state_publisher-3] [INFO] [1784351305.136925654] [robot_state_publisher]: got segment base_link
[robot_state_publisher-3] [INFO] [1784351305.136987209] [robot_state_publisher]: got segment front_marker_link
[robot_state_publisher-3] [INFO] [1784351305.136992287] [robot_state_publisher]: got segment m1_arm_link
[robot_state_publisher-3] [INFO] [1784351305.136995052] [robot_state_publisher]: got segment m1_motor_link
[robot_state_publisher-3] [INFO] [1784351305.136997689] [robot_state_publisher]: got segment m1_rotor_link
[robot_state_publisher-3] [INFO] [1784351305.137000166] [robot_state_publisher]: got segment m2_arm_link
[robot_state_publisher-3] [INFO] [1784351305.137002616] [robot_state_publisher]: got segment m2_motor_link
[robot_state_publisher-3] [INFO] [1784351305.137005003] [robot_state_publisher]: got segment m2_rotor_link
[robot_state_publisher-3] [INFO] [1784351305.137007425] [robot_state_publisher]: got segment m3_arm_link
[robot_state_publisher-3] [INFO] [1784351305.137009739] [robot_state_publisher]: got segment m3_motor_link
[robot_state_publisher-3] [INFO] [1784351305.137012021] [robot_state_publisher]: got segment m3_rotor_link
[robot_state_publisher-3] [INFO] [1784351305.137014364] [robot_state_publisher]: got segment m4_arm_link
[robot_state_publisher-3] [INFO] [1784351305.137016687] [robot_state_publisher]: got segment m4_motor_link
[robot_state_publisher-3] [INFO] [1784351305.137019078] [robot_state_publisher]: got segment m4_rotor_link
[position_controller_node-2] [INFO] [1784351305.139030856] [position_controller_node]: 3D position controller started at 100.0 Hz (source=pose_goal, odom timeout 0.200 s)
[quadrotor_dynamics_node-1] [INFO] [1784351305.143303138] [quadrotor_dynamics_node]: Dynamics started at 200.0 Hz; nominal steady-state hover RPM is 10818.9; ground contact is enabled at z=0.000 m; motor command watchdog is enabled (0.300 s)
[quadrotor_dynamics_node-1] [INFO] [1784351305.143362223] [quadrotor_dynamics_node]: External wrench input is enabled (frame=map, force_limit=2.000 N, timeout=0.200 s, torque_limit=0.000 N*m; torque must be zero)
[position_controller_node-2] [WARN] [1784351305.149147121] [position_controller_node]: Waiting for /drone/goal; RPM=0
[position_controller_node-2] [INFO] [1784351305.229365797] [position_controller_node]: position target=[0.000, 0.000, 1.500] current=[0.000, 0.000, 0.000] world_v=[0.000, 0.000, 0.000] a_xy=[0.000, 0.000] thrust=14.307 torque=[0.0000, 0.0000, 0.0000] rpm_pre=[13067.5, 13067.5, 13067.5, 13067.5] rpm=[13067.5, 13067.5, 13067.5, 13067.5] saturation=[horizontal:false altitude:false attitude:false mixer:false] saturated=false
[INFO] [ros2-4]: process started with pid [45222]
[position_controller_node-2] [INFO] [1784351306.239177767] [position_controller_node]: position target=[0.000, 0.000, 1.500] current=[0.000, 0.000, 0.717] world_v=[0.000, 0.000, 0.864] a_xy=[0.000, 0.000] thrust=9.129 torque=[0.0000, 0.0000, 0.0000] rpm_pre=[10438.6, 10438.6, 10438.6, 10438.6] rpm=[10438.6, 10438.6, 10438.6, 10438.6] saturation=[horizontal:false altitude:false attitude:false mixer:false] saturated=false
[ros2-4] publisher: beginning loop
[ros2-4] publishing #1: geometry_msgs.msg.PoseStamped(header=std_msgs.msg.Header(stamp=builtin_interfaces.msg.Time(sec=0, nanosec=0), frame_id='map'), pose=geometry_msgs.msg.Pose(position=geometry_msgs.msg.Point(x=0.0, y=0.0, z=1.5), orientation=geometry_msgs.msg.Quaternion(x=0.0, y=0.0, z=0.0, w=1.0)))
[ros2-4] 
[INFO] [ros2-4]: process has finished cleanly [pid 45222]
[position_controller_node-2] [INFO] [1784351307.239230141] [position_controller_node]: position target=[0.000, 0.000, 1.500] current=[0.000, 0.000, 1.266] world_v=[0.000, 0.000, 0.297] a_xy=[0.000, 0.000] thrust=9.468 torque=[0.0000, 0.0000, 0.0000] rpm_pre=[10630.4, 10630.4, 10630.4, 10630.4] rpm=[10630.4, 10630.4, 10630.4, 10630.4] saturation=[horizontal:false altitude:false attitude:false mixer:false] saturated=false
[position_controller_node-2] [INFO] [1784351308.239235677] [position_controller_node]: position target=[0.000, 0.000, 1.500] current=[0.000, 0.000, 1.435] world_v=[0.000, 0.000, 0.084] a_xy=[0.000, 0.000] thrust=9.707 torque=[0.0000, 0.0000, 0.0000] rpm_pre=[10763.6, 10763.6, 10763.6, 10763.6] rpm=[10763.6, 10763.6, 10763.6, 10763.6] saturation=[horizontal:false altitude:false attitude:false mixer:false] saturated=false
[position_controller_node-2] [INFO] [1784351309.239319064] [position_controller_node]: position target=[0.000, 0.000, 1.500] current=[0.000, 0.000, 1.482] world_v=[0.000, 0.000, 0.023] a_xy=[0.000, 0.000] thrust=9.779 torque=[0.0000, 0.0000, 0.0000] rpm_pre=[10803.7, 10803.7, 10803.7, 10803.7] rpm=[10803.7, 10803.7, 10803.7, 10803.7] saturation=[horizontal:false altitude:false attitude:false mixer:false] saturated=false
[position_controller_node-2] [INFO] [1784351310.249309643] [position_controller_node]: position target=[0.000, 0.000, 1.500] current=[0.000, 0.000, 1.495] world_v=[0.000, 0.000, 0.006] a_xy=[0.000, 0.000] thrust=9.799 torque=[0.0000, 0.0000, 0.0000] rpm_pre=[10814.8, 10814.8, 10814.8, 10814.8] rpm=[10814.8, 10814.8, 10814.8, 10814.8] saturation=[horizontal:false altitude:false attitude:false mixer:false] saturated=false
[position_controller_node-2] [INFO] [1784351311.249317849] [position_controller_node]: position target=[0.000, 0.000, 1.500] current=[0.003, 0.000, 1.499] world_v=[0.031, 0.000, 0.002] a_xy=[-0.038, -0.000] thrust=9.805 torque=[0.0000, 0.0002, -0.0000] rpm_pre=[10816.9, 10818.8, 10818.8, 10816.9] rpm=[10816.9, 10818.8, 10818.8, 10816.9] saturation=[horizontal:false altitude:false attitude:false mixer:false] saturated=false
[position_controller_node-2] [INFO] [1784351312.249369702] [position_controller_node]: position target=[0.000, 0.000, 1.500] current=[0.074, 0.000, 1.500] world_v=[0.091, 0.000, 0.000] a_xy=[-0.143, -0.000] thrust=9.807 torque=[-0.0000, -0.0001, 0.0000] rpm_pre=[10819.5, 10819.0, 10819.0, 10819.5] rpm=[10819.5, 10819.0, 10819.0, 10819.5] saturation=[horizontal:false altitude:false attitude:false mixer:false] saturated=false
[position_controller_node-2] [INFO] [1784351313.259350810] [position_controller_node]: position target=[0.000, 0.000, 1.500] current=[0.162, 0.000, 1.500] world_v=[0.078, 0.000, 0.000] a_xy=[-0.181, -0.000] thrust=9.808 torque=[-0.0000, 0.0001, 0.0000] rpm_pre=[10819.6, 10820.0, 10820.0, 10819.6] rpm=[10819.6, 10820.0, 10820.0, 10819.6] saturation=[horizontal:false altitude:false attitude:false mixer:false] saturated=false
[position_controller_node-2] [INFO] [1784351314.259352449] [position_controller_node]: position target=[0.000, 0.000, 1.500] current=[0.222, 0.000, 1.500] world_v=[0.041, 0.000, 0.000] a_xy=[-0.190, -0.000] thrust=9.808 torque=[-0.0000, 0.0000, 0.0000] rpm_pre=[10819.9, 10820.0, 10820.0, 10819.9] rpm=[10819.9, 10820.0, 10820.0, 10819.9] saturation=[horizontal:false altitude:false attitude:false mixer:false] saturated=false
[position_controller_node-2] [INFO] [1784351315.259399565] [position_controller_node]: position target=[0.000, 0.000, 1.500] current=[0.242, 0.000, 1.500] world_v=[0.001, 0.000, 0.000] a_xy=[-0.186, -0.000] thrust=9.808 torque=[0.0000, 0.0000, -0.0000] rpm_pre=[10819.9, 10820.0, 10820.0, 10819.9] rpm=[10819.9, 10820.0, 10820.0, 10819.9] saturation=[horizontal:false altitude:false attitude:false mixer:false] saturated=false
[position_controller_node-2] [INFO] [1784351316.259424400] [position_controller_node]: position target=[0.000, 0.000, 1.500] current=[0.227, 0.000, 1.500] world_v=[-0.031, 0.000, 0.000] a_xy=[-0.177, -0.000] thrust=9.808 torque=[-0.0000, 0.0000, 0.0000] rpm_pre=[10819.8, 10819.9, 10819.9, 10819.8] rpm=[10819.8, 10819.9, 10819.9, 10819.8] saturation=[horizontal:false altitude:false attitude:false mixer:false] saturated=false
[position_controller_node-2] [INFO] [1784351317.269453452] [position_controller_node]: position target=[0.000, 0.000, 1.500] current=[0.183, 0.000, 1.500] world_v=[-0.053, -0.000, 0.000] a_xy=[-0.165, -0.000] thrust=9.808 torque=[0.0000, 0.0000, 0.0000] rpm_pre=[10819.7, 10819.8, 10819.8, 10819.7] rpm=[10819.7, 10819.8, 10819.8, 10819.7] saturation=[horizontal:false altitude:false attitude:false mixer:false] saturated=false
[position_controller_node-2] [INFO] [1784351318.279432965] [position_controller_node]: position target=[0.000, 0.000, 1.500] current=[0.124, 0.000, 1.500] world_v=[-0.062, 0.000, 0.000] a_xy=[-0.153, -0.000] thrust=9.808 torque=[-0.0000, 0.0000, 0.0000] rpm_pre=[10819.6, 10819.7, 10819.7, 10819.6] rpm=[10819.6, 10819.7, 10819.7, 10819.6] saturation=[horizontal:false altitude:false attitude:false mixer:false] saturated=false
[position_controller_node-2] [INFO] [1784351319.279469605] [position_controller_node]: position target=[0.000, 0.000, 1.500] current=[0.062, 0.000, 1.500] world_v=[-0.061, 0.000, -0.000] a_xy=[-0.144, -0.000] thrust=9.808 torque=[-0.0000, 0.0000, -0.0000] rpm_pre=[10819.5, 10819.5, 10819.5, 10819.5] rpm=[10819.5, 10819.5, 10819.5, 10819.5] saturation=[horizontal:false altitude:false attitude:false mixer:false] saturated=false
[position_controller_node-2] [INFO] [1784351320.279482400] [position_controller_node]: position target=[0.000, 0.000, 1.500] current=[0.005, 0.000, 1.500] world_v=[-0.051, -0.000, -0.000] a_xy=[-0.138, -0.000] thrust=9.808 torque=[0.0000, -0.0000, -0.0000] rpm_pre=[10819.5, 10819.5, 10819.5, 10819.5] rpm=[10819.5, 10819.5, 10819.5, 10819.5] saturation=[horizontal:false altitude:false attitude:false mixer:false] saturated=false
[position_controller_node-2] [INFO] [1784351321.279542315] [position_controller_node]: position target=[0.000, 0.000, 1.500] current=[-0.039, -0.000, 1.500] world_v=[-0.037, -0.000, -0.000] a_xy=[-0.134, -0.000] thrust=9.808 torque=[-0.0000, -0.0000, -0.0000] rpm_pre=[10819.5, 10819.4, 10819.4, 10819.5] rpm=[10819.5, 10819.4, 10819.4, 10819.5] saturation=[horizontal:false altitude:false attitude:false mixer:false] saturated=false
[position_controller_node-2] [INFO] [1784351322.289507269] [position_controller_node]: position target=[0.000, 0.000, 1.500] current=[-0.068, -0.000, 1.500] world_v=[-0.020, -0.000, -0.000] a_xy=[-0.134, 0.000] thrust=9.808 torque=[0.0000, -0.0000, 0.0000] rpm_pre=[10819.5, 10819.4, 10819.4, 10819.5] rpm=[10819.5, 10819.4, 10819.4, 10819.5] saturation=[horizontal:false altitude:false attitude:false mixer:false] saturated=false
[position_controller_node-2] [INFO] [1784351323.289530121] [position_controller_node]: position target=[0.000, 0.000, 1.500] current=[-0.080, -0.000, 1.500] world_v=[-0.005, 0.000, -0.000] a_xy=[-0.136, -0.000] thrust=9.808 torque=[-0.0000, 0.0000, -0.0000] rpm_pre=[10819.4, 10819.5, 10819.5, 10819.4] rpm=[10819.4, 10819.5, 10819.5, 10819.4] saturation=[horizontal:false altitude:false attitude:false mixer:false] saturated=false
[position_controller_node-2] [INFO] [1784351324.289562914] [position_controller_node]: position target=[0.000, 0.000, 1.500] current=[-0.079, -0.000, 1.500] world_v=[0.007, 0.000, -0.000] a_xy=[-0.140, -0.000] thrust=9.808 torque=[0.0000, -0.0000, 0.0000] rpm_pre=[10819.5, 10819.5, 10819.5, 10819.5] rpm=[10819.5, 10819.5, 10819.5, 10819.5] saturation=[horizontal:false altitude:false attitude:false mixer:false] saturated=false
[position_controller_node-2] [INFO] [1784351325.289579778] [position_controller_node]: position target=[0.000, 0.000, 1.500] current=[-0.067, -0.000, 1.500] world_v=[0.016, -0.000, -0.000] a_xy=[-0.144, -0.000] thrust=9.808 torque=[0.0000, -0.0000, -0.0000] rpm_pre=[10819.5, 10819.5, 10819.5, 10819.5] rpm=[10819.5, 10819.5, 10819.5, 10819.5] saturation=[horizontal:false altitude:false attitude:false mixer:false] saturated=false
[WARNING] [launch]: user interrupted with ctrl-c (SIGINT)
[INFO] [robot_state_publisher-3]: sending signal 'SIGINT' to process[robot_state_publisher-3]
[INFO] [position_controller_node-2]: sending signal 'SIGINT' to process[position_controller_node-2]
[INFO] [quadrotor_dynamics_node-1]: sending signal 'SIGINT' to process[quadrotor_dynamics_node-1]
[quadrotor_dynamics_node-1] [INFO] [1784351326.054129577] [rclcpp]: signal_handler(SIGINT/SIGTERM)
[robot_state_publisher-3] [INFO] [1784351326.054142805] [rclcpp]: signal_handler(SIGINT/SIGTERM)
[position_controller_node-2] [INFO] [1784351326.054138224] [rclcpp]: signal_handler(SIGINT/SIGTERM)
[robot_state_publisher-3] [INFO] [1784351326.059483780] [rclcpp]: signal_handler(SIGINT/SIGTERM)
[position_controller_node-2] [INFO] [1784351326.060489399] [rclcpp]: signal_handler(SIGINT/SIGTERM)
[ERROR] [quadrotor_dynamics_node-1]: process has died [pid 45186, exit code -2, cmd '/home/peter/ros2_drone_sim/install/drone_dynamics/lib/drone_dynamics/quadrotor_dynamics_node --ros-args -r __node:=quadrotor_dynamics_node --params-file /tmp/horizontal-integral-oq3usrws/bias_0p15/dynamics.yaml --params-file /tmp/launch_params_jf3bnsvz'].
[INFO] [position_controller_node-2]: process has finished cleanly [pid 45188]
[INFO] [robot_state_publisher-3]: process has finished cleanly [pid 45190]
