[INFO] [launch]: All log files can be found below /home/peter/.ros/log/2026-07-18-12-23-35-507049-peter-acer-35335
[INFO] [launch]: Default logging verbosity is set to INFO
[INFO] [quadrotor_dynamics_node-1]: process started with pid [35347]
[INFO] [position_controller_node-2]: process started with pid [35349]
[INFO] [robot_state_publisher-3]: process started with pid [35351]
[position_controller_node-2] [INFO] [1784348615.617529141] [position_controller_node]: 3D position controller started at 100.0 Hz (source=pose_goal, odom timeout 0.200 s)
[robot_state_publisher-3] [INFO] [1784348615.618699522] [robot_state_publisher]: got segment base_link
[robot_state_publisher-3] [INFO] [1784348615.618775053] [robot_state_publisher]: got segment front_marker_link
[robot_state_publisher-3] [INFO] [1784348615.618782565] [robot_state_publisher]: got segment m1_arm_link
[robot_state_publisher-3] [INFO] [1784348615.618787028] [robot_state_publisher]: got segment m1_motor_link
[robot_state_publisher-3] [INFO] [1784348615.618791115] [robot_state_publisher]: got segment m1_rotor_link
[robot_state_publisher-3] [INFO] [1784348615.618794885] [robot_state_publisher]: got segment m2_arm_link
[robot_state_publisher-3] [INFO] [1784348615.618798585] [robot_state_publisher]: got segment m2_motor_link
[robot_state_publisher-3] [INFO] [1784348615.618802426] [robot_state_publisher]: got segment m2_rotor_link
[robot_state_publisher-3] [INFO] [1784348615.618805913] [robot_state_publisher]: got segment m3_arm_link
[robot_state_publisher-3] [INFO] [1784348615.618809479] [robot_state_publisher]: got segment m3_motor_link
[robot_state_publisher-3] [INFO] [1784348615.618812917] [robot_state_publisher]: got segment m3_rotor_link
[robot_state_publisher-3] [INFO] [1784348615.618816510] [robot_state_publisher]: got segment m4_arm_link
[robot_state_publisher-3] [INFO] [1784348615.618819852] [robot_state_publisher]: got segment m4_motor_link
[robot_state_publisher-3] [INFO] [1784348615.618823529] [robot_state_publisher]: got segment m4_rotor_link
[quadrotor_dynamics_node-1] [INFO] [1784348615.622666616] [quadrotor_dynamics_node]: Dynamics started at 200.0 Hz; nominal steady-state hover RPM is 10818.9; ground contact is enabled at z=0.000 m; motor command watchdog is enabled (0.300 s)
[quadrotor_dynamics_node-1] [INFO] [1784348615.622729025] [quadrotor_dynamics_node]: External wrench input is enabled (frame=map, force_limit=2.000 N, timeout=0.200 s, torque_limit=0.000 N*m; torque must be zero)
[position_controller_node-2] [WARN] [1784348615.627651980] [position_controller_node]: Waiting for /drone/odom; RPM=0
[position_controller_node-2] [INFO] [1784348615.697876588] [position_controller_node]: position target=[0.000, 0.000, 1.500] current=[0.000, 0.000, 0.000] world_v=[0.000, 0.000, 0.000] a_xy=[0.000, 0.000] thrust=14.307 torque=[0.0000, 0.0000, 0.0000] rpm_pre=[13067.5, 13067.5, 13067.5, 13067.5] rpm=[13067.5, 13067.5, 13067.5, 13067.5] saturation=[horizontal:false altitude:false attitude:false mixer:false] saturated=false
[INFO] [ros2-4]: process started with pid [35390]
[position_controller_node-2] [INFO] [1784348616.707678025] [position_controller_node]: position target=[0.000, 0.000, 1.500] current=[0.000, 0.000, 0.692] world_v=[0.000, 0.000, 0.888] a_xy=[0.000, 0.000] thrust=9.124 torque=[0.0000, 0.0000, 0.0000] rpm_pre=[10435.3, 10435.3, 10435.3, 10435.3] rpm=[10435.3, 10435.3, 10435.3, 10435.3] saturation=[horizontal:false altitude:false attitude:false mixer:false] saturated=false
[ros2-4] publisher: beginning loop
[ros2-4] publishing #1: geometry_msgs.msg.PoseStamped(header=std_msgs.msg.Header(stamp=builtin_interfaces.msg.Time(sec=0, nanosec=0), frame_id='map'), pose=geometry_msgs.msg.Pose(position=geometry_msgs.msg.Point(x=0.0, y=0.0, z=1.5), orientation=geometry_msgs.msg.Quaternion(x=0.0, y=0.0, z=0.0, w=1.0)))
[ros2-4] 
[INFO] [ros2-4]: process has finished cleanly [pid 35390]
[position_controller_node-2] [INFO] [1784348617.707807265] [position_controller_node]: position target=[0.000, 0.000, 1.500] current=[0.000, 0.000, 1.258] world_v=[0.000, 0.000, 0.307] a_xy=[0.000, 0.000] thrust=9.459 torque=[0.0000, 0.0000, 0.0000] rpm_pre=[10625.6, 10625.6, 10625.6, 10625.6] rpm=[10625.6, 10625.6, 10625.6, 10625.6] saturation=[horizontal:false altitude:false attitude:false mixer:false] saturated=false
[position_controller_node-2] [INFO] [1784348618.717748400] [position_controller_node]: position target=[0.000, 0.000, 1.500] current=[0.000, 0.000, 1.434] world_v=[0.000, 0.000, 0.086] a_xy=[0.000, 0.000] thrust=9.705 torque=[0.0000, 0.0000, 0.0000] rpm_pre=[10762.9, 10762.9, 10762.9, 10762.9] rpm=[10762.9, 10762.9, 10762.9, 10762.9] saturation=[horizontal:false altitude:false attitude:false mixer:false] saturated=false
[position_controller_node-2] [INFO] [1784348619.717838654] [position_controller_node]: position target=[0.000, 0.000, 1.500] current=[0.000, 0.000, 1.482] world_v=[0.000, 0.000, 0.024] a_xy=[0.000, 0.000] thrust=9.779 torque=[0.0000, 0.0000, 0.0000] rpm_pre=[10803.4, 10803.4, 10803.4, 10803.4] rpm=[10803.4, 10803.4, 10803.4, 10803.4] saturation=[horizontal:false altitude:false attitude:false mixer:false] saturated=false
[position_controller_node-2] [INFO] [1784348620.727820495] [position_controller_node]: position target=[0.000, 0.000, 1.500] current=[0.000, 0.000, 1.495] world_v=[0.000, 0.000, 0.006] a_xy=[0.000, 0.000] thrust=9.799 torque=[0.0000, 0.0000, 0.0000] rpm_pre=[10814.7, 10814.7, 10814.7, 10814.7] rpm=[10814.7, 10814.7, 10814.7, 10814.7] saturation=[horizontal:false altitude:false attitude:false mixer:false] saturated=false
[position_controller_node-2] [INFO] [1784348621.727889861] [position_controller_node]: position target=[0.000, 0.000, 1.500] current=[0.000, 0.000, 1.499] world_v=[0.000, 0.000, 0.002] a_xy=[0.000, 0.000] thrust=9.805 torque=[0.0000, 0.0000, 0.0000] rpm_pre=[10817.8, 10817.8, 10817.8, 10817.8] rpm=[10817.8, 10817.8, 10817.8, 10817.8] saturation=[horizontal:false altitude:false attitude:false mixer:false] saturated=false
[position_controller_node-2] [INFO] [1784348622.727892368] [position_controller_node]: position target=[0.000, 0.000, 1.500] current=[0.000, 0.000, 1.500] world_v=[0.000, 0.000, 0.000] a_xy=[0.000, 0.000] thrust=9.806 torque=[0.0000, 0.0000, 0.0000] rpm_pre=[10818.6, 10818.6, 10818.6, 10818.6] rpm=[10818.6, 10818.6, 10818.6, 10818.6] saturation=[horizontal:false altitude:false attitude:false mixer:false] saturated=false
[position_controller_node-2] [INFO] [1784348623.728066508] [position_controller_node]: position target=[0.000, 0.000, 1.500] current=[0.000, 0.000, 1.500] world_v=[0.000, 0.000, 0.000] a_xy=[0.000, 0.000] thrust=9.806 torque=[0.0000, 0.0000, 0.0000] rpm_pre=[10818.9, 10818.9, 10818.9, 10818.9] rpm=[10818.9, 10818.9, 10818.9, 10818.9] saturation=[horizontal:false altitude:false attitude:false mixer:false] saturated=false
[position_controller_node-2] [INFO] [1784348624.737949631] [position_controller_node]: position target=[0.000, 0.000, 1.500] current=[0.000, 0.000, 1.500] world_v=[0.000, 0.000, 0.000] a_xy=[0.000, 0.000] thrust=9.807 torque=[0.0000, 0.0000, 0.0000] rpm_pre=[10818.9, 10818.9, 10818.9, 10818.9] rpm=[10818.9, 10818.9, 10818.9, 10818.9] saturation=[horizontal:false altitude:false attitude:false mixer:false] saturated=false
[position_controller_node-2] [INFO] [1784348625.738006662] [position_controller_node]: position target=[0.000, 0.000, 1.500] current=[0.000, 0.000, 1.500] world_v=[0.000, 0.000, 0.000] a_xy=[0.000, 0.000] thrust=9.807 torque=[0.0000, 0.0000, 0.0000] rpm_pre=[10818.9, 10818.9, 10818.9, 10818.9] rpm=[10818.9, 10818.9, 10818.9, 10818.9] saturation=[horizontal:false altitude:false attitude:false mixer:false] saturated=false
[position_controller_node-2] [INFO] [1784348626.738065882] [position_controller_node]: position target=[0.000, 0.000, 1.500] current=[0.000, 0.000, 1.500] world_v=[0.000, 0.000, 0.000] a_xy=[0.000, 0.000] thrust=9.807 torque=[0.0000, 0.0000, 0.0000] rpm_pre=[10818.9, 10818.9, 10818.9, 10818.9] rpm=[10818.9, 10818.9, 10818.9, 10818.9] saturation=[horizontal:false altitude:false attitude:false mixer:false] saturated=false
[position_controller_node-2] [INFO] [1784348627.747972431] [position_controller_node]: position target=[0.000, 0.000, 1.500] current=[0.000, 0.000, 1.500] world_v=[0.000, 0.000, 0.000] a_xy=[0.000, 0.000] thrust=9.807 torque=[0.0000, 0.0000, 0.0000] rpm_pre=[10818.9, 10818.9, 10818.9, 10818.9] rpm=[10818.9, 10818.9, 10818.9, 10818.9] saturation=[horizontal:false altitude:false attitude:false mixer:false] saturated=false
[position_controller_node-2] [INFO] [1784348628.748058220] [position_controller_node]: position target=[0.000, 0.000, 1.500] current=[0.000, 0.000, 1.500] world_v=[0.000, 0.000, 0.000] a_xy=[0.000, 0.000] thrust=9.807 torque=[0.0000, 0.0000, 0.0000] rpm_pre=[10818.9, 10818.9, 10818.9, 10818.9] rpm=[10818.9, 10818.9, 10818.9, 10818.9] saturation=[horizontal:false altitude:false attitude:false mixer:false] saturated=false
[position_controller_node-2] [INFO] [1784348629.748095088] [position_controller_node]: position target=[0.000, 0.000, 1.500] current=[0.000, 0.000, 1.500] world_v=[0.000, 0.000, 0.000] a_xy=[0.000, 0.000] thrust=9.807 torque=[0.0000, 0.0000, 0.0000] rpm_pre=[10818.9, 10818.9, 10818.9, 10818.9] rpm=[10818.9, 10818.9, 10818.9, 10818.9] saturation=[horizontal:false altitude:false attitude:false mixer:false] saturated=false
[position_controller_node-2] [INFO] [1784348630.758095246] [position_controller_node]: position target=[0.000, 0.000, 1.500] current=[0.000, 0.000, 1.500] world_v=[0.000, 0.000, 0.000] a_xy=[0.000, 0.000] thrust=9.807 torque=[0.0000, 0.0000, 0.0000] rpm_pre=[10818.9, 10818.9, 10818.9, 10818.9] rpm=[10818.9, 10818.9, 10818.9, 10818.9] saturation=[horizontal:false altitude:false attitude:false mixer:false] saturated=false
[position_controller_node-2] [INFO] [1784348631.758096778] [position_controller_node]: position target=[0.000, 0.000, 1.500] current=[0.000, 0.000, 1.500] world_v=[0.000, 0.000, 0.000] a_xy=[0.000, 0.000] thrust=9.807 torque=[0.0000, 0.0000, 0.0000] rpm_pre=[10818.9, 10818.9, 10818.9, 10818.9] rpm=[10818.9, 10818.9, 10818.9, 10818.9] saturation=[horizontal:false altitude:false attitude:false mixer:false] saturated=false
[position_controller_node-2] [INFO] [1784348632.768147626] [position_controller_node]: position target=[0.000, 0.000, 1.500] current=[0.000, 0.000, 1.500] world_v=[0.000, 0.000, 0.000] a_xy=[0.000, 0.000] thrust=9.807 torque=[0.0000, 0.0000, 0.0000] rpm_pre=[10818.9, 10818.9, 10818.9, 10818.9] rpm=[10818.9, 10818.9, 10818.9, 10818.9] saturation=[horizontal:false altitude:false attitude:false mixer:false] saturated=false
[position_controller_node-2] [INFO] [1784348633.768327690] [position_controller_node]: position target=[0.000, 0.000, 1.500] current=[0.000, 0.000, 1.500] world_v=[0.000, 0.000, 0.000] a_xy=[0.000, 0.000] thrust=9.807 torque=[0.0000, 0.0000, 0.0000] rpm_pre=[10818.9, 10818.9, 10818.9, 10818.9] rpm=[10818.9, 10818.9, 10818.9, 10818.9] saturation=[horizontal:false altitude:false attitude:false mixer:false] saturated=false
[position_controller_node-2] [INFO] [1784348634.778265349] [position_controller_node]: position target=[0.000, 0.000, 1.500] current=[0.000, 0.000, 1.500] world_v=[0.000, 0.000, 0.000] a_xy=[0.000, 0.000] thrust=9.807 torque=[0.0000, 0.0000, 0.0000] rpm_pre=[10818.9, 10818.9, 10818.9, 10818.9] rpm=[10818.9, 10818.9, 10818.9, 10818.9] saturation=[horizontal:false altitude:false attitude:false mixer:false] saturated=false
[position_controller_node-2] [INFO] [1784348635.778329311] [position_controller_node]: position target=[0.000, 0.000, 1.500] current=[0.000, 0.000, 1.500] world_v=[0.000, 0.000, 0.000] a_xy=[0.000, 0.000] thrust=9.807 torque=[0.0000, 0.0000, 0.0000] rpm_pre=[10818.9, 10818.9, 10818.9, 10818.9] rpm=[10818.9, 10818.9, 10818.9, 10818.9] saturation=[horizontal:false altitude:false attitude:false mixer:false] saturated=false
[WARNING] [launch]: user interrupted with ctrl-c (SIGINT)
[INFO] [robot_state_publisher-3]: sending signal 'SIGINT' to process[robot_state_publisher-3]
[INFO] [position_controller_node-2]: sending signal 'SIGINT' to process[position_controller_node-2]
[INFO] [quadrotor_dynamics_node-1]: sending signal 'SIGINT' to process[quadrotor_dynamics_node-1]
[position_controller_node-2] [INFO] [1784348636.549350937] [rclcpp]: signal_handler(SIGINT/SIGTERM)
[quadrotor_dynamics_node-1] [INFO] [1784348636.549337360] [rclcpp]: signal_handler(SIGINT/SIGTERM)
[ERROR] [position_controller_node-2]: process has died [pid 35349, exit code -2, cmd '/home/peter/ros2_drone_sim/install/drone_controller/lib/drone_controller/position_controller_node --ros-args -r __node:=position_controller_node --params-file /tmp/horizontal-integral-h1jaw9c3/pd_hover/controller.yaml --params-file /tmp/launch_params_kif5294d'].
[robot_state_publisher-3] [INFO] [1784348636.549383000] [rclcpp]: signal_handler(SIGINT/SIGTERM)
[robot_state_publisher-3] [INFO] [1784348636.554439337] [rclcpp]: signal_handler(SIGINT/SIGTERM)
[quadrotor_dynamics_node-1] [INFO] [1784348636.557125468] [rclcpp]: signal_handler(SIGINT/SIGTERM)
[INFO] [robot_state_publisher-3]: process has finished cleanly [pid 35351]
[INFO] [quadrotor_dynamics_node-1]: process has finished cleanly [pid 35347]
