[INFO] [launch]: All log files can be found below /home/peter/.ros/log/2026-07-18-13-03-30-007094-peter-acer-43870
[INFO] [launch]: Default logging verbosity is set to INFO
[INFO] [quadrotor_dynamics_node-1]: process started with pid [43882]
[INFO] [position_controller_node-2]: process started with pid [43884]
[INFO] [robot_state_publisher-3]: process started with pid [43886]
[position_controller_node-2] [INFO] [1784351010.106871277] [position_controller_node]: 3D position controller started at 100.0 Hz (source=pose_goal, odom timeout 0.200 s)
[robot_state_publisher-3] [INFO] [1784351010.107223861] [robot_state_publisher]: got segment base_link
[robot_state_publisher-3] [INFO] [1784351010.107287863] [robot_state_publisher]: got segment front_marker_link
[robot_state_publisher-3] [INFO] [1784351010.107293965] [robot_state_publisher]: got segment m1_arm_link
[robot_state_publisher-3] [INFO] [1784351010.107298396] [robot_state_publisher]: got segment m1_motor_link
[robot_state_publisher-3] [INFO] [1784351010.107302272] [robot_state_publisher]: got segment m1_rotor_link
[robot_state_publisher-3] [INFO] [1784351010.107306001] [robot_state_publisher]: got segment m2_arm_link
[robot_state_publisher-3] [INFO] [1784351010.107309819] [robot_state_publisher]: got segment m2_motor_link
[robot_state_publisher-3] [INFO] [1784351010.107313410] [robot_state_publisher]: got segment m2_rotor_link
[robot_state_publisher-3] [INFO] [1784351010.107316958] [robot_state_publisher]: got segment m3_arm_link
[robot_state_publisher-3] [INFO] [1784351010.107320663] [robot_state_publisher]: got segment m3_motor_link
[robot_state_publisher-3] [INFO] [1784351010.107324382] [robot_state_publisher]: got segment m3_rotor_link
[robot_state_publisher-3] [INFO] [1784351010.107328031] [robot_state_publisher]: got segment m4_arm_link
[robot_state_publisher-3] [INFO] [1784351010.107331597] [robot_state_publisher]: got segment m4_motor_link
[robot_state_publisher-3] [INFO] [1784351010.107335298] [robot_state_publisher]: got segment m4_rotor_link
[quadrotor_dynamics_node-1] [INFO] [1784351010.113960330] [quadrotor_dynamics_node]: Dynamics started at 200.0 Hz; nominal steady-state hover RPM is 10818.9; ground contact is enabled at z=0.000 m; motor command watchdog is enabled (0.300 s)
[quadrotor_dynamics_node-1] [INFO] [1784351010.114070585] [quadrotor_dynamics_node]: External wrench input is enabled (frame=map, force_limit=2.000 N, timeout=0.200 s, torque_limit=0.000 N*m; torque must be zero)
[position_controller_node-2] [WARN] [1784351010.116996837] [position_controller_node]: Waiting for /drone/odom; RPM=0
[position_controller_node-2] [INFO] [1784351010.127037007] [position_controller_node]: position target=[0.000, 0.000, 1.500] current=[0.000, 0.000, 0.000] world_v=[0.000, 0.000, 0.000] a_xy=[0.000, 0.000] thrust=14.307 torque=[0.0000, 0.0000, 0.0000] rpm_pre=[13067.5, 13067.5, 13067.5, 13067.5] rpm=[13067.5, 13067.5, 13067.5, 13067.5] saturation=[horizontal:false altitude:false attitude:false mixer:false] saturated=false
[INFO] [ros2-4]: process started with pid [43921]
[position_controller_node-2] [INFO] [1784351011.136987358] [position_controller_node]: position target=[0.000, 0.000, 1.500] current=[0.000, 0.000, 0.717] world_v=[0.000, 0.000, 0.864] a_xy=[0.000, 0.000] thrust=9.130 torque=[0.0000, 0.0000, 0.0000] rpm_pre=[10438.9, 10438.9, 10438.9, 10438.9] rpm=[10438.9, 10438.9, 10438.9, 10438.9] saturation=[horizontal:false altitude:false attitude:false mixer:false] saturated=false
[ros2-4] publisher: beginning loop
[ros2-4] publishing #1: geometry_msgs.msg.PoseStamped(header=std_msgs.msg.Header(stamp=builtin_interfaces.msg.Time(sec=0, nanosec=0), frame_id='map'), pose=geometry_msgs.msg.Pose(position=geometry_msgs.msg.Point(x=0.0, y=0.0, z=1.5), orientation=geometry_msgs.msg.Quaternion(x=0.0, y=0.0, z=0.0, w=1.0)))
[ros2-4] 
[INFO] [ros2-4]: process has finished cleanly [pid 43921]
[position_controller_node-2] [INFO] [1784351012.137111931] [position_controller_node]: position target=[0.000, 0.000, 1.500] current=[0.000, 0.000, 1.266] world_v=[0.000, 0.000, 0.297] a_xy=[0.000, 0.000] thrust=9.468 torque=[0.0000, 0.0000, 0.0000] rpm_pre=[10630.4, 10630.4, 10630.4, 10630.4] rpm=[10630.4, 10630.4, 10630.4, 10630.4] saturation=[horizontal:false altitude:false attitude:false mixer:false] saturated=false
[position_controller_node-2] [INFO] [1784351013.147104203] [position_controller_node]: position target=[0.000, 0.000, 1.500] current=[0.000, 0.000, 1.436] world_v=[0.000, 0.000, 0.083] a_xy=[0.000, 0.000] thrust=9.708 torque=[0.0000, 0.0000, 0.0000] rpm_pre=[10764.3, 10764.3, 10764.3, 10764.3] rpm=[10764.3, 10764.3, 10764.3, 10764.3] saturation=[horizontal:false altitude:false attitude:false mixer:false] saturated=false
[position_controller_node-2] [INFO] [1784351014.157178085] [position_controller_node]: position target=[0.000, 0.000, 1.500] current=[0.000, 0.000, 1.483] world_v=[0.000, 0.000, 0.022] a_xy=[0.000, 0.000] thrust=9.780 torque=[0.0000, 0.0000, 0.0000] rpm_pre=[10804.1, 10804.1, 10804.1, 10804.1] rpm=[10804.1, 10804.1, 10804.1, 10804.1] saturation=[horizontal:false altitude:false attitude:false mixer:false] saturated=false
[position_controller_node-2] [INFO] [1784351015.157187523] [position_controller_node]: position target=[0.000, 0.000, 1.500] current=[0.000, 0.000, 1.495] world_v=[0.000, 0.000, 0.006] a_xy=[0.000, 0.000] thrust=9.799 torque=[0.0000, 0.0000, 0.0000] rpm_pre=[10814.9, 10814.9, 10814.9, 10814.9] rpm=[10814.9, 10814.9, 10814.9, 10814.9] saturation=[horizontal:false altitude:false attitude:false mixer:false] saturated=false
[position_controller_node-2] [INFO] [1784351016.157230489] [position_controller_node]: position target=[0.000, 0.000, 1.500] current=[0.000, 0.000, 1.499] world_v=[0.000, 0.000, 0.002] a_xy=[0.000, 0.000] thrust=9.805 torque=[0.0000, 0.0000, 0.0000] rpm_pre=[10817.8, 10817.8, 10817.8, 10817.8] rpm=[10817.8, 10817.8, 10817.8, 10817.8] saturation=[horizontal:false altitude:false attitude:false mixer:false] saturated=false
[position_controller_node-2] [INFO] [1784351017.157248821] [position_controller_node]: position target=[0.000, 0.000, 1.500] current=[0.000, 0.000, 1.500] world_v=[0.000, 0.000, 0.000] a_xy=[0.000, 0.000] thrust=9.806 torque=[0.0000, 0.0000, 0.0000] rpm_pre=[10818.6, 10818.6, 10818.6, 10818.6] rpm=[10818.6, 10818.6, 10818.6, 10818.6] saturation=[horizontal:false altitude:false attitude:false mixer:false] saturated=false
[position_controller_node-2] [INFO] [1784351018.167167656] [position_controller_node]: position target=[0.000, 0.000, 1.500] current=[0.000, 0.000, 1.500] world_v=[0.000, 0.000, 0.000] a_xy=[0.000, 0.000] thrust=9.807 torque=[0.0000, 0.0000, 0.0000] rpm_pre=[10818.9, 10818.9, 10818.9, 10818.9] rpm=[10818.9, 10818.9, 10818.9, 10818.9] saturation=[horizontal:false altitude:false attitude:false mixer:false] saturated=false
[position_controller_node-2] [INFO] [1784351019.167298713] [position_controller_node]: position target=[0.000, 0.000, 1.500] current=[0.000, 0.000, 1.500] world_v=[0.000, 0.000, 0.000] a_xy=[0.000, 0.000] thrust=9.807 torque=[0.0000, 0.0000, 0.0000] rpm_pre=[10818.9, 10818.9, 10818.9, 10818.9] rpm=[10818.9, 10818.9, 10818.9, 10818.9] saturation=[horizontal:false altitude:false attitude:false mixer:false] saturated=false
[position_controller_node-2] [INFO] [1784351020.177286753] [position_controller_node]: position target=[0.000, 0.000, 1.500] current=[0.000, 0.000, 1.500] world_v=[0.000, 0.000, 0.000] a_xy=[0.000, 0.000] thrust=9.807 torque=[0.0000, 0.0000, 0.0000] rpm_pre=[10818.9, 10818.9, 10818.9, 10818.9] rpm=[10818.9, 10818.9, 10818.9, 10818.9] saturation=[horizontal:false altitude:false attitude:false mixer:false] saturated=false
[position_controller_node-2] [INFO] [1784351021.177322019] [position_controller_node]: position target=[0.000, 0.000, 1.500] current=[0.000, 0.000, 1.500] world_v=[0.000, 0.000, 0.000] a_xy=[0.000, 0.000] thrust=9.807 torque=[0.0000, 0.0000, 0.0000] rpm_pre=[10818.9, 10818.9, 10818.9, 10818.9] rpm=[10818.9, 10818.9, 10818.9, 10818.9] saturation=[horizontal:false altitude:false attitude:false mixer:false] saturated=false
[position_controller_node-2] [INFO] [1784351022.187259059] [position_controller_node]: position target=[0.000, 0.000, 1.500] current=[0.000, 0.000, 1.500] world_v=[0.000, 0.000, 0.000] a_xy=[0.000, 0.000] thrust=9.807 torque=[0.0000, 0.0000, 0.0000] rpm_pre=[10818.9, 10818.9, 10818.9, 10818.9] rpm=[10818.9, 10818.9, 10818.9, 10818.9] saturation=[horizontal:false altitude:false attitude:false mixer:false] saturated=false
[position_controller_node-2] [INFO] [1784351023.187380646] [position_controller_node]: position target=[0.000, 0.000, 1.500] current=[0.000, 0.000, 1.500] world_v=[0.000, 0.000, 0.000] a_xy=[0.000, 0.000] thrust=9.807 torque=[0.0000, 0.0000, 0.0000] rpm_pre=[10818.9, 10818.9, 10818.9, 10818.9] rpm=[10818.9, 10818.9, 10818.9, 10818.9] saturation=[horizontal:false altitude:false attitude:false mixer:false] saturated=false
[position_controller_node-2] [INFO] [1784351024.197320941] [position_controller_node]: position target=[0.000, 0.000, 1.500] current=[0.000, 0.000, 1.500] world_v=[0.000, 0.000, 0.000] a_xy=[0.000, 0.000] thrust=9.807 torque=[0.0000, 0.0000, 0.0000] rpm_pre=[10818.9, 10818.9, 10818.9, 10818.9] rpm=[10818.9, 10818.9, 10818.9, 10818.9] saturation=[horizontal:false altitude:false attitude:false mixer:false] saturated=false
[position_controller_node-2] [INFO] [1784351025.197366216] [position_controller_node]: position target=[0.000, 0.000, 1.500] current=[0.000, 0.000, 1.500] world_v=[0.000, 0.000, 0.000] a_xy=[0.000, 0.000] thrust=9.807 torque=[0.0000, 0.0000, 0.0000] rpm_pre=[10818.9, 10818.9, 10818.9, 10818.9] rpm=[10818.9, 10818.9, 10818.9, 10818.9] saturation=[horizontal:false altitude:false attitude:false mixer:false] saturated=false
[position_controller_node-2] [INFO] [1784351026.207364910] [position_controller_node]: position target=[0.000, 0.000, 1.500] current=[0.000, 0.000, 1.500] world_v=[0.000, 0.000, 0.000] a_xy=[0.000, 0.000] thrust=9.807 torque=[0.0000, 0.0000, 0.0000] rpm_pre=[10818.9, 10818.9, 10818.9, 10818.9] rpm=[10818.9, 10818.9, 10818.9, 10818.9] saturation=[horizontal:false altitude:false attitude:false mixer:false] saturated=false
[position_controller_node-2] [INFO] [1784351027.217368148] [position_controller_node]: position target=[0.000, 0.000, 1.500] current=[0.000, 0.000, 1.500] world_v=[0.000, 0.000, 0.000] a_xy=[0.000, 0.000] thrust=9.807 torque=[0.0000, 0.0000, 0.0000] rpm_pre=[10818.9, 10818.9, 10818.9, 10818.9] rpm=[10818.9, 10818.9, 10818.9, 10818.9] saturation=[horizontal:false altitude:false attitude:false mixer:false] saturated=false
[position_controller_node-2] [INFO] [1784351028.217529883] [position_controller_node]: position target=[0.000, 0.000, 1.500] current=[0.000, 0.000, 1.500] world_v=[0.000, 0.000, 0.000] a_xy=[0.000, 0.000] thrust=9.807 torque=[0.0000, 0.0000, 0.0000] rpm_pre=[10818.9, 10818.9, 10818.9, 10818.9] rpm=[10818.9, 10818.9, 10818.9, 10818.9] saturation=[horizontal:false altitude:false attitude:false mixer:false] saturated=false
[position_controller_node-2] [INFO] [1784351029.227458793] [position_controller_node]: position target=[0.000, 0.000, 1.500] current=[0.000, 0.000, 1.500] world_v=[0.000, 0.000, 0.000] a_xy=[0.000, 0.000] thrust=9.807 torque=[0.0000, 0.0000, 0.0000] rpm_pre=[10818.9, 10818.9, 10818.9, 10818.9] rpm=[10818.9, 10818.9, 10818.9, 10818.9] saturation=[horizontal:false altitude:false attitude:false mixer:false] saturated=false
[position_controller_node-2] [INFO] [1784351030.237464317] [position_controller_node]: position target=[0.000, 0.000, 1.500] current=[0.000, 0.000, 1.500] world_v=[0.000, 0.000, 0.000] a_xy=[0.000, 0.000] thrust=9.807 torque=[0.0000, 0.0000, 0.0000] rpm_pre=[10818.9, 10818.9, 10818.9, 10818.9] rpm=[10818.9, 10818.9, 10818.9, 10818.9] saturation=[horizontal:false altitude:false attitude:false mixer:false] saturated=false
[WARNING] [launch]: user interrupted with ctrl-c (SIGINT)
[quadrotor_dynamics_node-1] [INFO] [1784351030.949944460] [rclcpp]: signal_handler(SIGINT/SIGTERM)
[INFO] [robot_state_publisher-3]: sending signal 'SIGINT' to process[robot_state_publisher-3]
[INFO] [position_controller_node-2]: sending signal 'SIGINT' to process[position_controller_node-2]
[INFO] [quadrotor_dynamics_node-1]: sending signal 'SIGINT' to process[quadrotor_dynamics_node-1]
[robot_state_publisher-3] [INFO] [1784351030.949984597] [rclcpp]: signal_handler(SIGINT/SIGTERM)
[position_controller_node-2] [INFO] [1784351030.950127013] [rclcpp]: signal_handler(SIGINT/SIGTERM)
[robot_state_publisher-3] [INFO] [1784351030.952042753] [rclcpp]: signal_handler(SIGINT/SIGTERM)
[position_controller_node-2] [INFO] [1784351030.952499583] [rclcpp]: signal_handler(SIGINT/SIGTERM)
[quadrotor_dynamics_node-1] [INFO] [1784351030.952987974] [rclcpp]: signal_handler(SIGINT/SIGTERM)
[INFO] [position_controller_node-2]: process has finished cleanly [pid 43884]
[INFO] [quadrotor_dynamics_node-1]: process has finished cleanly [pid 43882]
[INFO] [robot_state_publisher-3]: process has finished cleanly [pid 43886]
