[INFO] [launch]: All log files can be found below /home/peter/.ros/log/2026-07-18-16-00-39-008022-peter-acer-52276
[INFO] [launch]: Default logging verbosity is set to INFO
[INFO] [quadrotor_dynamics_node-1]: process started with pid [52288]
[INFO] [position_controller_node-2]: process started with pid [52290]
[INFO] [robot_state_publisher-3]: process started with pid [52292]
[robot_state_publisher-3] [INFO] [1784361639.122281723] [robot_state_publisher]: got segment base_link
[robot_state_publisher-3] [INFO] [1784361639.122347124] [robot_state_publisher]: got segment front_marker_link
[robot_state_publisher-3] [INFO] [1784361639.122351998] [robot_state_publisher]: got segment m1_arm_link
[robot_state_publisher-3] [INFO] [1784361639.122354586] [robot_state_publisher]: got segment m1_motor_link
[robot_state_publisher-3] [INFO] [1784361639.122357318] [robot_state_publisher]: got segment m1_rotor_link
[robot_state_publisher-3] [INFO] [1784361639.122359625] [robot_state_publisher]: got segment m2_arm_link
[robot_state_publisher-3] [INFO] [1784361639.122361925] [robot_state_publisher]: got segment m2_motor_link
[robot_state_publisher-3] [INFO] [1784361639.122364249] [robot_state_publisher]: got segment m2_rotor_link
[robot_state_publisher-3] [INFO] [1784361639.122366457] [robot_state_publisher]: got segment m3_arm_link
[robot_state_publisher-3] [INFO] [1784361639.122368640] [robot_state_publisher]: got segment m3_motor_link
[robot_state_publisher-3] [INFO] [1784361639.122370884] [robot_state_publisher]: got segment m3_rotor_link
[robot_state_publisher-3] [INFO] [1784361639.122373094] [robot_state_publisher]: got segment m4_arm_link
[robot_state_publisher-3] [INFO] [1784361639.122375220] [robot_state_publisher]: got segment m4_motor_link
[robot_state_publisher-3] [INFO] [1784361639.122378091] [robot_state_publisher]: got segment m4_rotor_link
[quadrotor_dynamics_node-1] [INFO] [1784361639.126180457] [quadrotor_dynamics_node]: Dynamics started at 200.0 Hz; nominal steady-state hover RPM is 10818.9; ground contact is enabled at z=0.000 m; motor command watchdog is enabled (0.300 s)
[quadrotor_dynamics_node-1] [INFO] [1784361639.126283682] [quadrotor_dynamics_node]: External wrench input is enabled (frame=map, force_limit=2.000 N, timeout=0.200 s, torque_limit=0.000 N*m; torque must be zero)
[position_controller_node-2] [INFO] [1784361639.126996099] [position_controller_node]: 3D position controller started at 100.0 Hz (source=pose_goal, odom timeout 0.200 s)
[position_controller_node-2] [INFO] [1784361639.137077292] [position_controller_node]: position target=[0.000, 0.000, 1.500] current=[0.000, 0.000, 0.000] world_v=[0.000, 0.000, 0.000] a_xy=[0.000, 0.000] thrust=14.307 torque=[0.0000, 0.0000, 0.0000] rpm_pre=[13067.5, 13067.5, 13067.5, 13067.5] rpm=[13067.5, 13067.5, 13067.5, 13067.5] saturation=[horizontal:false altitude:false attitude:false mixer:false] saturated=false
[INFO] [ros2-4]: process started with pid [52325]
[position_controller_node-2] [INFO] [1784361640.137218981] [position_controller_node]: position target=[0.000, 0.000, 1.500] current=[0.000, 0.000, 0.709] world_v=[0.000, 0.000, 0.871] a_xy=[0.000, 0.000] thrust=9.133 torque=[0.0000, 0.0000, 0.0000] rpm_pre=[10440.6, 10440.6, 10440.6, 10440.6] rpm=[10440.6, 10440.6, 10440.6, 10440.6] saturation=[horizontal:false altitude:false attitude:false mixer:false] saturated=false
[ros2-4] publisher: beginning loop
[ros2-4] publishing #1: geometry_msgs.msg.PoseStamped(header=std_msgs.msg.Header(stamp=builtin_interfaces.msg.Time(sec=0, nanosec=0), frame_id='map'), pose=geometry_msgs.msg.Pose(position=geometry_msgs.msg.Point(x=0.0, y=0.0, z=1.5), orientation=geometry_msgs.msg.Quaternion(x=0.0, y=0.0, z=0.0, w=1.0)))
[ros2-4]
[INFO] [ros2-4]: process has finished cleanly [pid 52325]
[position_controller_node-2] [INFO] [1784361641.137429288] [position_controller_node]: position target=[0.000, 0.000, 1.500] current=[0.000, 0.000, 1.263] world_v=[0.000, 0.000, 0.301] a_xy=[0.000, 0.000] thrust=9.464 torque=[0.0000, 0.0000, 0.0000] rpm_pre=[10628.2, 10628.2, 10628.2, 10628.2] rpm=[10628.2, 10628.2, 10628.2, 10628.2] saturation=[horizontal:false altitude:false attitude:false mixer:false] saturated=false
[position_controller_node-2] [INFO] [1784361642.137549171] [position_controller_node]: position target=[0.000, 0.000, 1.500] current=[0.000, 0.000, 1.435] world_v=[0.000, 0.000, 0.085] a_xy=[0.000, 0.000] thrust=9.705 torque=[0.0000, 0.0000, 0.0000] rpm_pre=[10762.9, 10762.9, 10762.9, 10762.9] rpm=[10762.9, 10762.9, 10762.9, 10762.9] saturation=[horizontal:false altitude:false attitude:false mixer:false] saturated=false
[position_controller_node-2] [INFO] [1784361643.137572309] [position_controller_node]: position target=[0.000, 0.000, 1.500] current=[0.000, 0.000, 1.482] world_v=[0.000, 0.000, 0.023] a_xy=[0.000, 0.000] thrust=9.779 torque=[0.0000, 0.0000, 0.0000] rpm_pre=[10803.5, 10803.5, 10803.5, 10803.5] rpm=[10803.5, 10803.5, 10803.5, 10803.5] saturation=[horizontal:false altitude:false attitude:false mixer:false] saturated=false
[position_controller_node-2] [INFO] [1784361644.137880993] [position_controller_node]: position target=[0.000, 0.000, 1.500] current=[0.000, 0.000, 1.495] world_v=[0.000, 0.000, 0.006] a_xy=[0.000, 0.000] thrust=9.799 torque=[0.0000, 0.0000, 0.0000] rpm_pre=[10814.7, 10814.7, 10814.7, 10814.7] rpm=[10814.7, 10814.7, 10814.7, 10814.7] saturation=[horizontal:false altitude:false attitude:false mixer:false] saturated=false
[position_controller_node-2] [INFO] [1784361645.147787051] [position_controller_node]: position target=[0.000, 0.000, 1.500] current=[0.006, 0.000, 1.499] world_v=[0.058, 0.000, 0.002] a_xy=[-0.073, -0.000] thrust=9.805 torque=[0.0000, -0.0006, -0.0000] rpm_pre=[10820.3, 10815.4, 10815.4, 10820.3] rpm=[10820.3, 10815.4, 10815.4, 10820.3] saturation=[horizontal:false altitude:false attitude:false mixer:false] saturated=false
[position_controller_node-2] [INFO] [1784361646.147896830] [position_controller_node]: position target=[0.000, 0.000, 1.500] current=[0.145, -0.000, 1.500] world_v=[0.181, -0.000, 0.000] a_xy=[-0.285, 0.000] thrust=9.810 torque=[0.0000, -0.0001, 0.0000] rpm_pre=[10821.1, 10820.7, 10820.7, 10821.1] rpm=[10821.1, 10820.7, 10820.7, 10821.1] saturation=[horizontal:false altitude:false attitude:false mixer:false] saturated=false
[position_controller_node-2] [INFO] [1784361647.147983741] [position_controller_node]: position target=[0.000, 0.000, 1.500] current=[0.321, -0.000, 1.500] world_v=[0.156, 0.000, 0.000] a_xy=[-0.361, 0.000] thrust=9.813 torque=[-0.0000, 0.0001, -0.0000] rpm_pre=[10822.1, 10822.9, 10822.9, 10822.1] rpm=[10822.1, 10822.9, 10822.9, 10822.1] saturation=[horizontal:false altitude:false attitude:false mixer:false] saturated=false
[position_controller_node-2] [INFO] [1784361648.148135374] [position_controller_node]: position target=[0.000, 0.000, 1.500] current=[0.442, -0.000, 1.500] world_v=[0.083, 0.000, 0.000] a_xy=[-0.380, -0.000] thrust=9.814 torque=[0.0000, 0.0000, 0.0000] rpm_pre=[10822.8, 10823.2, 10823.2, 10822.8] rpm=[10822.8, 10823.2, 10823.2, 10822.8] saturation=[horizontal:false altitude:false attitude:false mixer:false] saturated=false
[position_controller_node-2] [INFO] [1784361649.148243539] [position_controller_node]: position target=[0.000, 0.000, 1.500] current=[0.485, 0.000, 1.500] world_v=[0.004, -0.000, 0.000] a_xy=[-0.373, 0.000] thrust=9.814 torque=[-0.0000, 0.0000, 0.0000] rpm_pre=[10822.7, 10823.0, 10823.0, 10822.7] rpm=[10822.7, 10823.0, 10823.0, 10822.7] saturation=[horizontal:false altitude:false attitude:false mixer:false] saturated=false
[position_controller_node-2] [INFO] [1784361650.148335104] [position_controller_node]: position target=[0.000, 0.000, 1.500] current=[0.454, 0.000, 1.500] world_v=[-0.061, 0.000, 0.000] a_xy=[-0.354, -0.000] thrust=9.813 torque=[-0.0000, 0.0000, 0.0000] rpm_pre=[10822.4, 10822.6, 10822.6, 10822.4] rpm=[10822.4, 10822.6, 10822.6, 10822.4] saturation=[horizontal:false altitude:false attitude:false mixer:false] saturated=false
[position_controller_node-2] [INFO] [1784361651.148431446] [position_controller_node]: position target=[0.000, 0.000, 1.500] current=[0.369, 0.000, 1.500] world_v=[-0.105, 0.000, 0.000] a_xy=[-0.330, -0.000] thrust=9.812 torque=[0.0000, 0.0000, -0.0000] rpm_pre=[10821.9, 10822.1, 10822.1, 10821.9] rpm=[10821.9, 10822.1, 10822.1, 10821.9] saturation=[horizontal:false altitude:false attitude:false mixer:false] saturated=false
[position_controller_node-2] [INFO] [1784361652.148598398] [position_controller_node]: position target=[0.000, 0.000, 1.500] current=[0.253, 0.000, 1.500] world_v=[-0.124, 0.000, 0.000] a_xy=[-0.303, -0.000] thrust=9.811 torque=[-0.0000, 0.0009, -0.0000] rpm_pre=[10818.1, 10825.1, 10825.1, 10818.1] rpm=[10818.1, 10825.1, 10825.1, 10818.1] saturation=[horizontal:false altitude:false attitude:false mixer:false] saturated=false
[position_controller_node-2] [INFO] [1784361653.148847095] [position_controller_node]: position target=[0.000, 0.000, 1.500] current=[0.134, 0.000, 1.500] world_v=[-0.109, -0.000, -0.000] a_xy=[-0.272, 0.000] thrust=9.810 torque=[0.0000, -0.0001, 0.0000] rpm_pre=[10821.4, 10820.6, 10820.6, 10821.4] rpm=[10821.4, 10820.6, 10820.6, 10821.4] saturation=[horizontal:false altitude:false attitude:false mixer:false] saturated=false
[position_controller_node-2] [INFO] [1784361654.158781828] [position_controller_node]: position target=[0.000, 0.000, 1.500] current=[0.039, 0.000, 1.500] world_v=[-0.079, 0.000, -0.000] a_xy=[-0.271, -0.000] thrust=9.810 torque=[-0.0000, -0.0000, 0.0000] rpm_pre=[10821.1, 10820.9, 10820.9, 10821.1] rpm=[10821.1, 10820.9, 10820.9, 10821.1] saturation=[horizontal:false altitude:false attitude:false mixer:false] saturated=false
[position_controller_node-2] [INFO] [1784361655.158871911] [position_controller_node]: position target=[0.000, 0.000, 1.500] current=[-0.028, 0.000, 1.500] world_v=[-0.077, -0.000, 0.000] a_xy=[-0.035, 0.000] thrust=9.807 torque=[0.0000, 0.0039, -0.0000] rpm_pre=[10803.6, 10834.3, 10834.3, 10803.6] rpm=[10803.6, 10834.3, 10834.3, 10803.6] saturation=[horizontal:false altitude:false attitude:false mixer:false] saturated=false
[position_controller_node-2] [INFO] [1784361656.158955300] [position_controller_node]: position target=[0.000, 0.000, 1.500] current=[-0.096, -0.000, 1.500] world_v=[-0.039, -0.000, -0.000] a_xy=[0.066, 0.000] thrust=9.807 torque=[-0.0000, -0.0005, -0.0000] rpm_pre=[10821.0, 10817.2, 10817.2, 10821.0] rpm=[10821.0, 10817.2, 10817.2, 10821.0] saturation=[horizontal:false altitude:false attitude:false mixer:false] saturated=false
[position_controller_node-2] [INFO] [1784361657.159077097] [position_controller_node]: position target=[0.000, 0.000, 1.500] current=[-0.106, -0.000, 1.500] world_v=[0.011, -0.000, -0.000] a_xy=[0.026, 0.000] thrust=9.807 torque=[0.0000, 0.0000, 0.0000] rpm_pre=[10818.9, 10819.0, 10819.0, 10818.9] rpm=[10818.9, 10819.0, 10819.0, 10818.9] saturation=[horizontal:false altitude:false attitude:false mixer:false] saturated=false
[position_controller_node-2] [INFO] [1784361658.159190721] [position_controller_node]: position target=[0.000, 0.000, 1.500] current=[-0.085, -0.000, 1.500] world_v=[0.026, 0.000, -0.000] a_xy=[0.002, 0.000] thrust=9.807 torque=[-0.0000, 0.0000, 0.0000] rpm_pre=[10818.9, 10819.0, 10819.0, 10818.9] rpm=[10818.9, 10819.0, 10819.0, 10818.9] saturation=[horizontal:false altitude:false attitude:false mixer:false] saturated=false
[position_controller_node-2] [INFO] [1784361659.159293988] [position_controller_node]: position target=[0.000, 0.000, 1.500] current=[-0.059, -0.000, 1.500] world_v=[0.024, -0.000, -0.000] a_xy=[-0.005, 0.000] thrust=9.807 torque=[-0.0000, 0.0000, 0.0000] rpm_pre=[10818.9, 10819.0, 10819.0, 10818.9] rpm=[10818.9, 10819.0, 10819.0, 10818.9] saturation=[horizontal:false altitude:false attitude:false mixer:false] saturated=false
[position_controller_node-2] [INFO] [1784361660.159375130] [position_controller_node]: position target=[0.000, 0.000, 1.500] current=[-0.038, -0.000, 1.500] world_v=[0.018, -0.000, -0.000] a_xy=[-0.006, 0.000] thrust=9.807 torque=[0.0000, 0.0000, 0.0000] rpm_pre=[10818.9, 10819.0, 10819.0, 10818.9] rpm=[10818.9, 10819.0, 10819.0, 10818.9] saturation=[horizontal:false altitude:false attitude:false mixer:false] saturated=false
[position_controller_node-2] [INFO] [1784361661.159511847] [position_controller_node]: position target=[0.000, 0.000, 1.500] current=[-0.023, -0.000, 1.500] world_v=[0.012, 0.000, -0.000] a_xy=[-0.005, -0.000] thrust=9.807 torque=[0.0000, 0.0000, -0.0000] rpm_pre=[10818.9, 10819.0, 10819.0, 10818.9] rpm=[10818.9, 10819.0, 10819.0, 10818.9] saturation=[horizontal:false altitude:false attitude:false mixer:false] saturated=false
[position_controller_node-2] [INFO] [1784361662.159649242] [position_controller_node]: position target=[0.000, 0.000, 1.500] current=[-0.014, -0.000, 1.500] world_v=[0.007, 0.000, -0.000] a_xy=[-0.003, -0.000] thrust=9.807 torque=[0.0000, 0.0000, 0.0000] rpm_pre=[10818.9, 10819.0, 10819.0, 10818.9] rpm=[10818.9, 10819.0, 10819.0, 10818.9] saturation=[horizontal:false altitude:false attitude:false mixer:false] saturated=false
[position_controller_node-2] [INFO] [1784361663.159778647] [position_controller_node]: position target=[0.000, 0.000, 1.500] current=[-0.008, 0.000, 1.500] world_v=[0.004, 0.000, -0.000] a_xy=[-0.002, -0.000] thrust=9.807 torque=[-0.0000, 0.0000, 0.0000] rpm_pre=[10818.9, 10818.9, 10818.9, 10818.9] rpm=[10818.9, 10818.9, 10818.9, 10818.9] saturation=[horizontal:false altitude:false attitude:false mixer:false] saturated=false
[position_controller_node-2] [INFO] [1784361664.159837671] [position_controller_node]: position target=[0.000, 0.000, 1.500] current=[-0.004, 0.000, 1.500] world_v=[0.003, 0.000, -0.000] a_xy=[-0.001, -0.000] thrust=9.807 torque=[0.0000, 0.0000, -0.0000] rpm_pre=[10818.9, 10818.9, 10818.9, 10818.9] rpm=[10818.9, 10818.9, 10818.9, 10818.9] saturation=[horizontal:false altitude:false attitude:false mixer:false] saturated=false
[WARNING] [launch]: user interrupted with ctrl-c (SIGINT)
[INFO] [robot_state_publisher-3]: sending signal 'SIGINT' to process[robot_state_publisher-3]
[INFO] [position_controller_node-2]: sending signal 'SIGINT' to process[position_controller_node-2]
[INFO] [quadrotor_dynamics_node-1]: sending signal 'SIGINT' to process[quadrotor_dynamics_node-1]
[position_controller_node-2] [INFO] [1784361664.959401664] [rclcpp]: signal_handler(SIGINT/SIGTERM)
[quadrotor_dynamics_node-1] [INFO] [1784361664.959391648] [rclcpp]: signal_handler(SIGINT/SIGTERM)
[robot_state_publisher-3] [INFO] [1784361664.959793749] [rclcpp]: signal_handler(SIGINT/SIGTERM)
[ERROR] [position_controller_node-2]: process has died [pid 52290, exit code -2, cmd '/home/peter/ros2_drone_sim/install/drone_controller/lib/drone_controller/position_controller_node --ros-args -r __node:=position_controller_node --params-file /tmp/horizontal-integral-soapo5ho/selected_release_run_3/controller.yaml --params-file /tmp/launch_params_4y5ppo2q'].
[robot_state_publisher-3] [INFO] [1784361664.966230374] [rclcpp]: signal_handler(SIGINT/SIGTERM)
[ERROR] [quadrotor_dynamics_node-1]: process has died [pid 52288, exit code -2, cmd '/home/peter/ros2_drone_sim/install/drone_dynamics/lib/drone_dynamics/quadrotor_dynamics_node --ros-args -r __node:=quadrotor_dynamics_node --params-file /tmp/horizontal-integral-soapo5ho/selected_release_run_3/dynamics.yaml --params-file /tmp/launch_params_m2j2xgt5'].
[INFO] [robot_state_publisher-3]: process has finished cleanly [pid 52292]
