[INFO] [launch]: All log files can be found below /home/peter/.ros/log/2026-07-18-12-49-07-935262-peter-acer-40822
[INFO] [launch]: Default logging verbosity is set to INFO
[INFO] [quadrotor_dynamics_node-1]: process started with pid [40834]
[INFO] [position_controller_node-2]: process started with pid [40836]
[INFO] [robot_state_publisher-3]: process started with pid [40838]
[position_controller_node-2] [INFO] [1784350148.033573627] [position_controller_node]: 3D position controller started at 100.0 Hz (source=pose_goal, odom timeout 0.200 s)
[robot_state_publisher-3] [INFO] [1784350148.034119303] [robot_state_publisher]: got segment base_link
[robot_state_publisher-3] [INFO] [1784350148.034191940] [robot_state_publisher]: got segment front_marker_link
[robot_state_publisher-3] [INFO] [1784350148.034200556] [robot_state_publisher]: got segment m1_arm_link
[robot_state_publisher-3] [INFO] [1784350148.034206178] [robot_state_publisher]: got segment m1_motor_link
[robot_state_publisher-3] [INFO] [1784350148.034211388] [robot_state_publisher]: got segment m1_rotor_link
[robot_state_publisher-3] [INFO] [1784350148.034216470] [robot_state_publisher]: got segment m2_arm_link
[robot_state_publisher-3] [INFO] [1784350148.034221814] [robot_state_publisher]: got segment m2_motor_link
[robot_state_publisher-3] [INFO] [1784350148.034227664] [robot_state_publisher]: got segment m2_rotor_link
[robot_state_publisher-3] [INFO] [1784350148.034232659] [robot_state_publisher]: got segment m3_arm_link
[robot_state_publisher-3] [INFO] [1784350148.034237629] [robot_state_publisher]: got segment m3_motor_link
[robot_state_publisher-3] [INFO] [1784350148.034242950] [robot_state_publisher]: got segment m3_rotor_link
[robot_state_publisher-3] [INFO] [1784350148.034247761] [robot_state_publisher]: got segment m4_arm_link
[robot_state_publisher-3] [INFO] [1784350148.034252438] [robot_state_publisher]: got segment m4_motor_link
[robot_state_publisher-3] [INFO] [1784350148.034257679] [robot_state_publisher]: got segment m4_rotor_link
[quadrotor_dynamics_node-1] [INFO] [1784350148.036524086] [quadrotor_dynamics_node]: Dynamics started at 200.0 Hz; nominal steady-state hover RPM is 10818.9; ground contact is enabled at z=0.000 m; motor command watchdog is enabled (0.300 s)
[quadrotor_dynamics_node-1] [INFO] [1784350148.036579969] [quadrotor_dynamics_node]: External wrench input is enabled (frame=map, force_limit=2.000 N, timeout=0.200 s, torque_limit=0.000 N*m; torque must be zero)
[position_controller_node-2] [INFO] [1784350148.043732103] [position_controller_node]: position target=[0.000, 0.000, 1.500] current=[0.000, 0.000, 0.000] world_v=[0.000, 0.000, 0.000] a_xy=[0.000, 0.000] thrust=14.307 torque=[0.0000, 0.0000, 0.0000] rpm_pre=[13067.5, 13067.5, 13067.5, 13067.5] rpm=[13067.5, 13067.5, 13067.5, 13067.5] saturation=[horizontal:false altitude:false attitude:false mixer:false] saturated=false
[INFO] [ros2-4]: process started with pid [40870]
[position_controller_node-2] [INFO] [1784350149.043766138] [position_controller_node]: position target=[0.000, 0.000, 1.500] current=[0.000, 0.000, 0.709] world_v=[0.000, 0.000, 0.871] a_xy=[0.000, 0.000] thrust=9.133 torque=[0.0000, 0.0000, 0.0000] rpm_pre=[10440.6, 10440.6, 10440.6, 10440.6] rpm=[10440.6, 10440.6, 10440.6, 10440.6] saturation=[horizontal:false altitude:false attitude:false mixer:false] saturated=false
[ros2-4] publisher: beginning loop
[ros2-4] publishing #1: geometry_msgs.msg.PoseStamped(header=std_msgs.msg.Header(stamp=builtin_interfaces.msg.Time(sec=0, nanosec=0), frame_id='map'), pose=geometry_msgs.msg.Pose(position=geometry_msgs.msg.Point(x=0.0, y=0.0, z=1.5), orientation=geometry_msgs.msg.Quaternion(x=0.0, y=0.0, z=0.0, w=1.0)))
[ros2-4] 
[INFO] [ros2-4]: process has finished cleanly [pid 40870]
[position_controller_node-2] [INFO] [1784350150.043808327] [position_controller_node]: position target=[0.000, 0.000, 1.500] current=[0.000, 0.000, 1.263] world_v=[0.000, 0.000, 0.301] a_xy=[0.000, 0.000] thrust=9.464 torque=[0.0000, 0.0000, 0.0000] rpm_pre=[10628.2, 10628.2, 10628.2, 10628.2] rpm=[10628.2, 10628.2, 10628.2, 10628.2] saturation=[horizontal:false altitude:false attitude:false mixer:false] saturated=false
[position_controller_node-2] [INFO] [1784350151.053773421] [position_controller_node]: position target=[0.000, 0.000, 1.500] current=[0.000, 0.000, 1.435] world_v=[0.000, 0.000, 0.084] a_xy=[0.000, 0.000] thrust=9.707 torque=[0.0000, 0.0000, 0.0000] rpm_pre=[10763.6, 10763.6, 10763.6, 10763.6] rpm=[10763.6, 10763.6, 10763.6, 10763.6] saturation=[horizontal:false altitude:false attitude:false mixer:false] saturated=false
[position_controller_node-2] [INFO] [1784350152.053812722] [position_controller_node]: position target=[0.000, 0.000, 1.500] current=[0.000, 0.000, 1.482] world_v=[0.000, 0.000, 0.023] a_xy=[0.000, 0.000] thrust=9.779 torque=[0.0000, 0.0000, 0.0000] rpm_pre=[10803.7, 10803.7, 10803.7, 10803.7] rpm=[10803.7, 10803.7, 10803.7, 10803.7] saturation=[horizontal:false altitude:false attitude:false mixer:false] saturated=false
[position_controller_node-2] [INFO] [1784350153.063771031] [position_controller_node]: position target=[0.000, 0.000, 1.500] current=[0.000, 0.000, 1.495] world_v=[0.000, 0.000, 0.006] a_xy=[0.000, 0.000] thrust=9.799 torque=[0.0000, 0.0000, 0.0000] rpm_pre=[10814.8, 10814.8, 10814.8, 10814.8] rpm=[10814.8, 10814.8, 10814.8, 10814.8] saturation=[horizontal:false altitude:false attitude:false mixer:false] saturated=false
[position_controller_node-2] [INFO] [1784350154.063814894] [position_controller_node]: position target=[0.000, 0.000, 1.500] current=[0.018, -0.000, 1.499] world_v=[0.163, -0.000, 0.002] a_xy=[-0.203, 0.000] thrust=9.805 torque=[-0.0000, 0.0013, 0.0000] rpm_pre=[10813.2, 10823.1, 10823.1, 10813.2] rpm=[10813.2, 10823.1, 10823.1, 10813.2] saturation=[horizontal:false altitude:false attitude:false mixer:false] saturated=false
[position_controller_node-2] [INFO] [1784350155.063844992] [position_controller_node]: position target=[0.000, 0.000, 1.500] current=[0.392, -0.000, 1.499] world_v=[0.483, -0.000, 0.000] a_xy=[-0.764, 0.000] thrust=9.835 torque=[-0.0000, -0.0003, -0.0000] rpm_pre=[10836.0, 10833.5, 10833.5, 10836.0] rpm=[10836.0, 10833.5, 10833.5, 10836.0] saturation=[horizontal:false altitude:false attitude:false mixer:false] saturated=false
[position_controller_node-2] [INFO] [1784350156.073857688] [position_controller_node]: position target=[0.000, 0.000, 1.500] current=[0.864, -0.000, 1.500] world_v=[0.309, -0.000, 0.000] a_xy=[-0.728, 0.000] thrust=9.839 torque=[-0.0000, 0.0206, -0.0000] rpm_pre=[10755.9, 10916.6, 10916.6, 10755.9] rpm=[10755.9, 10916.6, 10916.6, 10755.9] saturation=[horizontal:false altitude:false attitude:false mixer:false] saturated=false
[position_controller_node-2] [INFO] [1784350157.083856568] [position_controller_node]: position target=[0.000, 0.000, 1.500] current=[0.889, -0.000, 1.500] world_v=[-0.157, 0.000, 0.000] a_xy=[-0.179, -0.000] thrust=9.808 torque=[-0.0000, -0.0019, 0.0000] rpm_pre=[10826.9, 10812.2, 10812.2, 10826.9] rpm=[10826.9, 10812.2, 10812.2, 10826.9] saturation=[horizontal:false altitude:false attitude:false mixer:false] saturated=false
[position_controller_node-2] [INFO] [1784350158.093862264] [position_controller_node]: position target=[0.000, 0.000, 1.500] current=[0.671, -0.000, 1.500] world_v=[-0.240, -0.000, -0.000] a_xy=[0.009, 0.000] thrust=9.807 torque=[-0.0000, -0.0001, -0.0000] rpm_pre=[10819.4, 10818.6, 10818.6, 10819.4] rpm=[10819.4, 10818.6, 10818.6, 10819.4] saturation=[horizontal:false altitude:false attitude:false mixer:false] saturated=false
[position_controller_node-2] [INFO] [1784350159.093899382] [position_controller_node]: position target=[0.000, 0.000, 1.500] current=[0.445, -0.000, 1.500] world_v=[-0.205, 0.000, -0.000] a_xy=[0.038, -0.000] thrust=9.807 torque=[0.0000, 0.0011, -0.0000] rpm_pre=[10814.7, 10823.4, 10823.4, 10814.7] rpm=[10814.7, 10823.4, 10823.4, 10814.7] saturation=[horizontal:false altitude:false attitude:false mixer:false] saturated=false
[position_controller_node-2] [INFO] [1784350160.093927882] [position_controller_node]: position target=[0.000, 0.000, 1.500] current=[0.257, -0.000, 1.500] world_v=[-0.174, -0.000, -0.000] a_xy=[0.024, 0.000] thrust=9.807 torque=[-0.0000, -0.0001, -0.0000] rpm_pre=[10819.2, 10818.8, 10818.8, 10819.2] rpm=[10819.2, 10818.8, 10818.8, 10819.2] saturation=[horizontal:false altitude:false attitude:false mixer:false] saturated=false
[position_controller_node-2] [INFO] [1784350161.103907231] [position_controller_node]: position target=[0.000, 0.000, 1.500] current=[0.095, -0.000, 1.500] world_v=[-0.147, -0.000, -0.000] a_xy=[0.030, 0.000] thrust=9.807 torque=[-0.0000, 0.0000, -0.0000] rpm_pre=[10818.9, 10819.0, 10819.0, 10818.9] rpm=[10818.9, 10819.0, 10819.0, 10818.9] saturation=[horizontal:false altitude:false attitude:false mixer:false] saturated=false
[position_controller_node-2] [INFO] [1784350162.103911475] [position_controller_node]: position target=[0.000, 0.000, 1.500] current=[-0.035, -0.000, 1.500] world_v=[-0.111, 0.000, -0.000] a_xy=[0.052, 0.000] thrust=9.807 torque=[-0.0000, -0.0009, -0.0000] rpm_pre=[10822.7, 10815.4, 10815.4, 10822.7] rpm=[10822.7, 10815.4, 10815.4, 10822.7] saturation=[horizontal:false altitude:false attitude:false mixer:false] saturated=false
[position_controller_node-2] [INFO] [1784350163.104090460] [position_controller_node]: position target=[0.000, 0.000, 1.500] current=[-0.118, -0.000, 1.500] world_v=[-0.051, 0.000, 0.000] a_xy=[0.060, -0.000] thrust=9.807 torque=[0.0000, -0.0000, 0.0000] rpm_pre=[10819.1, 10819.0, 10819.0, 10819.1] rpm=[10819.1, 10819.0, 10819.0, 10819.1] saturation=[horizontal:false altitude:false attitude:false mixer:false] saturated=false
[position_controller_node-2] [INFO] [1784350164.113986306] [position_controller_node]: position target=[0.000, 0.000, 1.500] current=[-0.140, -0.000, 1.500] world_v=[0.003, 0.000, 0.000] a_xy=[0.040, 0.000] thrust=9.807 torque=[-0.0000, -0.0000, 0.0000] rpm_pre=[10819.1, 10818.9, 10818.9, 10819.1] rpm=[10819.1, 10818.9, 10818.9, 10819.1] saturation=[horizontal:false altitude:false attitude:false mixer:false] saturated=false
[position_controller_node-2] [INFO] [1784350165.123963197] [position_controller_node]: position target=[0.000, 0.000, 1.500] current=[-0.120, 0.000, 1.500] world_v=[0.033, 0.000, -0.000] a_xy=[0.017, -0.000] thrust=9.807 torque=[0.0000, -0.0000, 0.0000] rpm_pre=[10819.0, 10819.0, 10819.0, 10819.0] rpm=[10819.0, 10819.0, 10819.0, 10819.0] saturation=[horizontal:false altitude:false attitude:false mixer:false] saturated=false
[WARNING] [launch]: user interrupted with ctrl-c (SIGINT)
[INFO] [robot_state_publisher-3]: sending signal 'SIGINT' to process[robot_state_publisher-3]
[INFO] [position_controller_node-2]: sending signal 'SIGINT' to process[position_controller_node-2]
[INFO] [quadrotor_dynamics_node-1]: sending signal 'SIGINT' to process[quadrotor_dynamics_node-1]
[robot_state_publisher-3] [INFO] [1784350165.870240382] [rclcpp]: signal_handler(SIGINT/SIGTERM)
[position_controller_node-2] [INFO] [1784350165.870262267] [rclcpp]: signal_handler(SIGINT/SIGTERM)
[quadrotor_dynamics_node-1] [INFO] [1784350165.870244465] [rclcpp]: signal_handler(SIGINT/SIGTERM)
[robot_state_publisher-3] [INFO] [1784350165.874095525] [rclcpp]: signal_handler(SIGINT/SIGTERM)
[position_controller_node-2] [INFO] [1784350165.875034775] [rclcpp]: signal_handler(SIGINT/SIGTERM)
[quadrotor_dynamics_node-1] [INFO] [1784350165.875889078] [rclcpp]: signal_handler(SIGINT/SIGTERM)
[INFO] [position_controller_node-2]: process has finished cleanly [pid 40836]
[INFO] [quadrotor_dynamics_node-1]: process has finished cleanly [pid 40834]
[INFO] [robot_state_publisher-3]: process has finished cleanly [pid 40838]
