[INFO] [launch]: All log files can be found below /home/peter/.ros/log/2026-07-18-13-08-47-139689-peter-acer-45260
[INFO] [launch]: Default logging verbosity is set to INFO
[INFO] [quadrotor_dynamics_node-1]: process started with pid [45272]
[INFO] [position_controller_node-2]: process started with pid [45274]
[INFO] [robot_state_publisher-3]: process started with pid [45276]
[quadrotor_dynamics_node-1] [INFO] [1784351327.236580915] [quadrotor_dynamics_node]: Dynamics started at 200.0 Hz; nominal steady-state hover RPM is 10818.9; ground contact is enabled at z=0.000 m; motor command watchdog is enabled (0.300 s)
[quadrotor_dynamics_node-1] [INFO] [1784351327.236651072] [quadrotor_dynamics_node]: External wrench input is enabled (frame=map, force_limit=2.000 N, timeout=0.200 s, torque_limit=0.000 N*m; torque must be zero)
[robot_state_publisher-3] [INFO] [1784351327.239855107] [robot_state_publisher]: got segment base_link
[robot_state_publisher-3] [INFO] [1784351327.239911737] [robot_state_publisher]: got segment front_marker_link
[robot_state_publisher-3] [INFO] [1784351327.239916481] [robot_state_publisher]: got segment m1_arm_link
[robot_state_publisher-3] [INFO] [1784351327.239919124] [robot_state_publisher]: got segment m1_motor_link
[robot_state_publisher-3] [INFO] [1784351327.239921992] [robot_state_publisher]: got segment m1_rotor_link
[robot_state_publisher-3] [INFO] [1784351327.239924541] [robot_state_publisher]: got segment m2_arm_link
[robot_state_publisher-3] [INFO] [1784351327.239927032] [robot_state_publisher]: got segment m2_motor_link
[robot_state_publisher-3] [INFO] [1784351327.239929422] [robot_state_publisher]: got segment m2_rotor_link
[robot_state_publisher-3] [INFO] [1784351327.239931801] [robot_state_publisher]: got segment m3_arm_link
[robot_state_publisher-3] [INFO] [1784351327.239934159] [robot_state_publisher]: got segment m3_motor_link
[robot_state_publisher-3] [INFO] [1784351327.239936399] [robot_state_publisher]: got segment m3_rotor_link
[robot_state_publisher-3] [INFO] [1784351327.239938636] [robot_state_publisher]: got segment m4_arm_link
[robot_state_publisher-3] [INFO] [1784351327.239940833] [robot_state_publisher]: got segment m4_motor_link
[robot_state_publisher-3] [INFO] [1784351327.239943126] [robot_state_publisher]: got segment m4_rotor_link
[position_controller_node-2] [INFO] [1784351327.241176706] [position_controller_node]: 3D position controller started at 100.0 Hz (source=pose_goal, odom timeout 0.200 s)
[position_controller_node-2] [INFO] [1784351327.251405055] [position_controller_node]: position target=[0.000, 0.000, 1.500] current=[0.000, 0.000, 0.000] world_v=[0.000, 0.000, 0.000] a_xy=[0.000, 0.000] thrust=14.307 torque=[0.0000, 0.0000, 0.0000] rpm_pre=[13067.5, 13067.5, 13067.5, 13067.5] rpm=[13067.5, 13067.5, 13067.5, 13067.5] saturation=[horizontal:false altitude:false attitude:false mixer:false] saturated=false
[INFO] [ros2-4]: process started with pid [45314]
[position_controller_node-2] [INFO] [1784351328.261356336] [position_controller_node]: position target=[0.000, 0.000, 1.500] current=[0.000, 0.000, 0.721] world_v=[0.000, 0.000, 0.865] a_xy=[0.000, 0.000] thrust=9.117 torque=[0.0000, 0.0000, 0.0000] rpm_pre=[10431.8, 10431.8, 10431.8, 10431.8] rpm=[10431.8, 10431.8, 10431.8, 10431.8] saturation=[horizontal:false altitude:false attitude:false mixer:false] saturated=false
[ros2-4] publisher: beginning loop
[ros2-4] publishing #1: geometry_msgs.msg.PoseStamped(header=std_msgs.msg.Header(stamp=builtin_interfaces.msg.Time(sec=0, nanosec=0), frame_id='map'), pose=geometry_msgs.msg.Pose(position=geometry_msgs.msg.Point(x=0.0, y=0.0, z=1.5), orientation=geometry_msgs.msg.Quaternion(x=0.0, y=0.0, z=0.0, w=1.0)))
[ros2-4] 
[INFO] [ros2-4]: process has finished cleanly [pid 45314]
[position_controller_node-2] [INFO] [1784351329.261564179] [position_controller_node]: position target=[0.000, 0.000, 1.500] current=[0.000, 0.000, 1.268] world_v=[0.000, 0.000, 0.295] a_xy=[0.000, 0.000] thrust=9.471 torque=[0.0000, 0.0000, 0.0000] rpm_pre=[10632.3, 10632.3, 10632.3, 10632.3] rpm=[10632.3, 10632.3, 10632.3, 10632.3] saturation=[horizontal:false altitude:false attitude:false mixer:false] saturated=false
[position_controller_node-2] [INFO] [1784351330.271523250] [position_controller_node]: position target=[0.000, 0.000, 1.500] current=[0.000, 0.000, 1.436] world_v=[0.000, 0.000, 0.082] a_xy=[0.000, 0.000] thrust=9.709 torque=[0.0000, 0.0000, 0.0000] rpm_pre=[10765.1, 10765.1, 10765.1, 10765.1] rpm=[10765.1, 10765.1, 10765.1, 10765.1] saturation=[horizontal:false altitude:false attitude:false mixer:false] saturated=false
[position_controller_node-2] [INFO] [1784351331.271703823] [position_controller_node]: position target=[0.000, 0.000, 1.500] current=[0.000, 0.000, 1.483] world_v=[0.000, 0.000, 0.023] a_xy=[0.000, 0.000] thrust=9.780 torque=[0.0000, 0.0000, 0.0000] rpm_pre=[10804.1, 10804.1, 10804.1, 10804.1] rpm=[10804.1, 10804.1, 10804.1, 10804.1] saturation=[horizontal:false altitude:false attitude:false mixer:false] saturated=false
[position_controller_node-2] [INFO] [1784351332.281474225] [position_controller_node]: position target=[0.000, 0.000, 1.500] current=[0.000, 0.000, 1.495] world_v=[0.000, 0.000, 0.006] a_xy=[0.000, 0.000] thrust=9.799 torque=[0.0000, 0.0000, 0.0000] rpm_pre=[10814.9, 10814.9, 10814.9, 10814.9] rpm=[10814.9, 10814.9, 10814.9, 10814.9] saturation=[horizontal:false altitude:false attitude:false mixer:false] saturated=false
[position_controller_node-2] [INFO] [1784351333.281508680] [position_controller_node]: position target=[0.000, 0.000, 1.500] current=[0.008, 0.000, 1.499] world_v=[0.065, 0.000, 0.002] a_xy=[-0.081, -0.000] thrust=9.805 torque=[-0.0000, 0.0024, -0.0000] rpm_pre=[10808.7, 10827.1, 10827.1, 10808.7] rpm=[10808.7, 10827.1, 10827.1, 10808.7] saturation=[horizontal:false altitude:false attitude:false mixer:false] saturated=false
[position_controller_node-2] [INFO] [1784351334.281522754] [position_controller_node]: position target=[0.000, 0.000, 1.500] current=[0.150, -0.000, 1.500] world_v=[0.182, 0.000, 0.000] a_xy=[-0.288, -0.000] thrust=9.810 torque=[0.0000, -0.0008, -0.0000] rpm_pre=[10824.0, 10817.9, 10817.9, 10824.0] rpm=[10824.0, 10817.9, 10817.9, 10824.0] saturation=[horizontal:false altitude:false attitude:false mixer:false] saturated=false
[position_controller_node-2] [INFO] [1784351335.281586429] [position_controller_node]: position target=[0.000, 0.000, 1.500] current=[0.325, 0.000, 1.500] world_v=[0.155, 0.000, 0.000] a_xy=[-0.362, -0.000] thrust=9.813 torque=[-0.0000, 0.0003, -0.0000] rpm_pre=[10821.5, 10823.6, 10823.6, 10821.5] rpm=[10821.5, 10823.6, 10823.6, 10821.5] saturation=[horizontal:false altitude:false attitude:false mixer:false] saturated=false
[position_controller_node-2] [INFO] [1784351336.291565907] [position_controller_node]: position target=[0.000, 0.000, 1.500] current=[0.445, 0.000, 1.500] world_v=[0.080, -0.000, 0.000] a_xy=[-0.380, 0.000] thrust=9.814 torque=[0.0000, 0.0000, -0.0000] rpm_pre=[10822.9, 10823.1, 10823.1, 10822.9] rpm=[10822.9, 10823.1, 10823.1, 10822.9] saturation=[horizontal:false altitude:false attitude:false mixer:false] saturated=false
[position_controller_node-2] [INFO] [1784351337.301566032] [position_controller_node]: position target=[0.000, 0.000, 1.500] current=[0.485, 0.000, 1.500] world_v=[0.001, -0.000, 0.000] a_xy=[-0.372, -0.000] thrust=9.814 torque=[0.0000, 0.0000, 0.0000] rpm_pre=[10822.7, 10823.0, 10823.0, 10822.7] rpm=[10822.7, 10823.0, 10823.0, 10822.7] saturation=[horizontal:false altitude:false attitude:false mixer:false] saturated=false
[position_controller_node-2] [INFO] [1784351338.301700103] [position_controller_node]: position target=[0.000, 0.000, 1.500] current=[0.452, 0.000, 1.500] world_v=[-0.064, -0.000, 0.000] a_xy=[-0.353, 0.000] thrust=9.813 torque=[-0.0000, 0.0000, 0.0000] rpm_pre=[10822.3, 10822.6, 10822.6, 10822.3] rpm=[10822.3, 10822.6, 10822.6, 10822.3] saturation=[horizontal:false altitude:false attitude:false mixer:false] saturated=false
[position_controller_node-2] [INFO] [1784351339.301787648] [position_controller_node]: position target=[0.000, 0.000, 1.500] current=[0.365, -0.000, 1.500] world_v=[-0.106, -0.000, 0.000] a_xy=[-0.329, 0.000] thrust=9.812 torque=[-0.0000, 0.0000, -0.0000] rpm_pre=[10821.9, 10822.1, 10822.1, 10821.9] rpm=[10821.9, 10822.1, 10822.1, 10821.9] saturation=[horizontal:false altitude:false attitude:false mixer:false] saturated=false
[position_controller_node-2] [INFO] [1784351340.311706323] [position_controller_node]: position target=[0.000, 0.000, 1.500] current=[0.246, -0.000, 1.500] world_v=[-0.124, -0.000, 0.000] a_xy=[-0.299, 0.000] thrust=9.811 torque=[0.0000, 0.0004, -0.0000] rpm_pre=[10820.1, 10823.0, 10823.0, 10820.1] rpm=[10820.1, 10823.0, 10823.0, 10820.1] saturation=[horizontal:false altitude:false attitude:false mixer:false] saturated=false
[position_controller_node-2] [INFO] [1784351341.311805185] [position_controller_node]: position target=[0.000, 0.000, 1.500] current=[0.128, -0.000, 1.500] world_v=[-0.108, 0.000, -0.000] a_xy=[-0.272, 0.000] thrust=9.810 torque=[-0.0000, -0.0000, 0.0000] rpm_pre=[10821.1, 10820.9, 10820.9, 10821.1] rpm=[10821.1, 10820.9, 10820.9, 10821.1] saturation=[horizontal:false altitude:false attitude:false mixer:false] saturated=false
[position_controller_node-2] [INFO] [1784351342.311930253] [position_controller_node]: position target=[0.000, 0.000, 1.500] current=[0.035, -0.000, 1.500] world_v=[-0.077, 0.000, -0.000] a_xy=[-0.271, -0.000] thrust=9.810 torque=[-0.0000, -0.0000, 0.0000] rpm_pre=[10821.2, 10820.9, 10820.9, 10821.2] rpm=[10821.2, 10820.9, 10820.9, 10821.2] saturation=[horizontal:false altitude:false attitude:false mixer:false] saturated=false
[position_controller_node-2] [INFO] [1784351343.321774290] [position_controller_node]: position target=[0.000, 0.000, 1.500] current=[-0.029, 0.000, 1.500] world_v=[-0.050, 0.000, -0.000] a_xy=[-0.277, -0.000] thrust=9.811 torque=[0.0000, 0.0000, -0.0000] rpm_pre=[10821.1, 10821.1, 10821.1, 10821.1] rpm=[10821.1, 10821.1, 10821.1, 10821.1] saturation=[horizontal:false altitude:false attitude:false mixer:false] saturated=false
[position_controller_node-2] [INFO] [1784351344.321856298] [position_controller_node]: position target=[0.000, 0.000, 1.500] current=[-0.068, 0.000, 1.500] world_v=[-0.028, 0.000, -0.000] a_xy=[-0.280, -0.000] thrust=9.811 torque=[-0.0000, -0.0000, 0.0000] rpm_pre=[10821.2, 10821.1, 10821.1, 10821.2] rpm=[10821.2, 10821.1, 10821.1, 10821.2] saturation=[horizontal:false altitude:false attitude:false mixer:false] saturated=false
[position_controller_node-2] [INFO] [1784351345.331807093] [position_controller_node]: position target=[0.000, 0.000, 1.500] current=[-0.086, 0.000, 1.500] world_v=[-0.010, -0.000, -0.000] a_xy=[-0.283, -0.000] thrust=9.811 torque=[-0.0000, -0.0000, -0.0000] rpm_pre=[10821.2, 10821.2, 10821.2, 10821.2] rpm=[10821.2, 10821.2, 10821.2, 10821.2] saturation=[horizontal:false altitude:false attitude:false mixer:false] saturated=false
[position_controller_node-2] [INFO] [1784351346.341766762] [position_controller_node]: position target=[0.000, 0.000, 1.500] current=[-0.088, 0.000, 1.500] world_v=[0.006, 0.000, -0.000] a_xy=[-0.288, -0.000] thrust=9.811 torque=[-0.0000, -0.0000, -0.0000] rpm_pre=[10821.3, 10821.2, 10821.2, 10821.3] rpm=[10821.3, 10821.2, 10821.2, 10821.3] saturation=[horizontal:false altitude:false attitude:false mixer:false] saturated=false
[position_controller_node-2] [INFO] [1784351347.341999850] [position_controller_node]: position target=[0.000, 0.000, 1.500] current=[-0.077, 0.000, 1.500] world_v=[0.016, -0.000, -0.000] a_xy=[-0.292, -0.000] thrust=9.811 torque=[0.0000, -0.0000, 0.0000] rpm_pre=[10821.4, 10821.3, 10821.3, 10821.4] rpm=[10821.4, 10821.3, 10821.3, 10821.4] saturation=[horizontal:false altitude:false attitude:false mixer:false] saturated=false
[WARNING] [launch]: user interrupted with ctrl-c (SIGINT)
[INFO] [robot_state_publisher-3]: sending signal 'SIGINT' to process[robot_state_publisher-3]
[INFO] [position_controller_node-2]: sending signal 'SIGINT' to process[position_controller_node-2]
[INFO] [quadrotor_dynamics_node-1]: sending signal 'SIGINT' to process[quadrotor_dynamics_node-1]
[quadrotor_dynamics_node-1] [INFO] [1784351348.066749992] [rclcpp]: signal_handler(SIGINT/SIGTERM)
[position_controller_node-2] [INFO] [1784351348.066753459] [rclcpp]: signal_handler(SIGINT/SIGTERM)
[robot_state_publisher-3] [INFO] [1784351348.066789294] [rclcpp]: signal_handler(SIGINT/SIGTERM)
[robot_state_publisher-3] [INFO] [1784351348.072601802] [rclcpp]: signal_handler(SIGINT/SIGTERM)
[position_controller_node-2] [INFO] [1784351348.073702422] [rclcpp]: signal_handler(SIGINT/SIGTERM)
[ERROR] [quadrotor_dynamics_node-1]: process has died [pid 45272, exit code -2, cmd '/home/peter/ros2_drone_sim/install/drone_dynamics/lib/drone_dynamics/quadrotor_dynamics_node --ros-args -r __node:=quadrotor_dynamics_node --params-file /tmp/horizontal-integral-oq3usrws/bias_0p3/dynamics.yaml --params-file /tmp/launch_params_opjv2j_a'].
[INFO] [robot_state_publisher-3]: process has finished cleanly [pid 45276]
[INFO] [position_controller_node-2]: process has finished cleanly [pid 45274]
