[INFO] [launch]: All log files can be found below /home/peter/.ros/log/2026-07-18-12-47-34-423211-peter-acer-40445
[INFO] [launch]: Default logging verbosity is set to INFO
[INFO] [quadrotor_dynamics_node-1]: process started with pid [40457]
[INFO] [position_controller_node-2]: process started with pid [40459]
[INFO] [robot_state_publisher-3]: process started with pid [40461]
[robot_state_publisher-3] [INFO] [1784350054.521212356] [robot_state_publisher]: got segment base_link
[robot_state_publisher-3] [INFO] [1784350054.521273495] [robot_state_publisher]: got segment front_marker_link
[robot_state_publisher-3] [INFO] [1784350054.521278010] [robot_state_publisher]: got segment m1_arm_link
[robot_state_publisher-3] [INFO] [1784350054.521280484] [robot_state_publisher]: got segment m1_motor_link
[robot_state_publisher-3] [INFO] [1784350054.521283070] [robot_state_publisher]: got segment m1_rotor_link
[robot_state_publisher-3] [INFO] [1784350054.521285481] [robot_state_publisher]: got segment m2_arm_link
[robot_state_publisher-3] [INFO] [1784350054.521288039] [robot_state_publisher]: got segment m2_motor_link
[robot_state_publisher-3] [INFO] [1784350054.521290512] [robot_state_publisher]: got segment m2_rotor_link
[robot_state_publisher-3] [INFO] [1784350054.521292736] [robot_state_publisher]: got segment m3_arm_link
[robot_state_publisher-3] [INFO] [1784350054.521296112] [robot_state_publisher]: got segment m3_motor_link
[robot_state_publisher-3] [INFO] [1784350054.521299761] [robot_state_publisher]: got segment m3_rotor_link
[robot_state_publisher-3] [INFO] [1784350054.521303143] [robot_state_publisher]: got segment m4_arm_link
[robot_state_publisher-3] [INFO] [1784350054.521306493] [robot_state_publisher]: got segment m4_motor_link
[robot_state_publisher-3] [INFO] [1784350054.521310435] [robot_state_publisher]: got segment m4_rotor_link
[position_controller_node-2] [INFO] [1784350054.525682126] [position_controller_node]: 3D position controller started at 100.0 Hz (source=pose_goal, odom timeout 0.200 s)
[quadrotor_dynamics_node-1] [INFO] [1784350054.525868620] [quadrotor_dynamics_node]: Dynamics started at 200.0 Hz; nominal steady-state hover RPM is 10818.9; ground contact is enabled at z=0.000 m; motor command watchdog is enabled (0.300 s)
[quadrotor_dynamics_node-1] [INFO] [1784350054.525918576] [quadrotor_dynamics_node]: External wrench input is enabled (frame=map, force_limit=2.000 N, timeout=0.200 s, torque_limit=0.000 N*m; torque must be zero)
[position_controller_node-2] [INFO] [1784350054.535792049] [position_controller_node]: position target=[0.000, 0.000, 1.500] current=[0.000, 0.000, 0.000] world_v=[0.000, 0.000, 0.000] a_xy=[0.000, 0.000] thrust=14.307 torque=[0.0000, 0.0000, 0.0000] rpm_pre=[13067.5, 13067.5, 13067.5, 13067.5] rpm=[13067.5, 13067.5, 13067.5, 13067.5] saturation=[horizontal:false altitude:false attitude:false mixer:false] saturated=false
[INFO] [ros2-4]: process started with pid [40493]
[position_controller_node-2] [INFO] [1784350055.545852166] [position_controller_node]: position target=[0.000, 0.000, 1.500] current=[0.000, 0.000, 0.723] world_v=[0.000, 0.000, 0.864] a_xy=[0.000, 0.000] thrust=9.113 torque=[0.0000, 0.0000, 0.0000] rpm_pre=[10429.5, 10429.5, 10429.5, 10429.5] rpm=[10429.5, 10429.5, 10429.5, 10429.5] saturation=[horizontal:false altitude:false attitude:false mixer:false] saturated=false
[ros2-4] publisher: beginning loop
[ros2-4] publishing #1: geometry_msgs.msg.PoseStamped(header=std_msgs.msg.Header(stamp=builtin_interfaces.msg.Time(sec=0, nanosec=0), frame_id='map'), pose=geometry_msgs.msg.Pose(position=geometry_msgs.msg.Point(x=0.0, y=0.0, z=1.5), orientation=geometry_msgs.msg.Quaternion(x=0.0, y=0.0, z=0.0, w=1.0)))
[ros2-4] 
[INFO] [ros2-4]: process has finished cleanly [pid 40493]
[position_controller_node-2] [INFO] [1784350056.545922247] [position_controller_node]: position target=[0.000, 0.000, 1.500] current=[0.000, 0.000, 1.269] world_v=[0.000, 0.000, 0.294] a_xy=[0.000, 0.000] thrust=9.473 torque=[0.0000, 0.0000, 0.0000] rpm_pre=[10633.2, 10633.2, 10633.2, 10633.2] rpm=[10633.2, 10633.2, 10633.2, 10633.2] saturation=[horizontal:false altitude:false attitude:false mixer:false] saturated=false
[position_controller_node-2] [INFO] [1784350057.545924839] [position_controller_node]: position target=[0.000, 0.000, 1.500] current=[0.000, 0.000, 1.436] world_v=[0.000, 0.000, 0.083] a_xy=[0.000, 0.000] thrust=9.708 torque=[0.0000, 0.0000, 0.0000] rpm_pre=[10764.6, 10764.6, 10764.6, 10764.6] rpm=[10764.6, 10764.6, 10764.6, 10764.6] saturation=[horizontal:false altitude:false attitude:false mixer:false] saturated=false
[position_controller_node-2] [INFO] [1784350058.556026386] [position_controller_node]: position target=[0.000, 0.000, 1.500] current=[0.000, 0.000, 1.483] world_v=[0.000, 0.000, 0.023] a_xy=[0.000, 0.000] thrust=9.780 torque=[0.0000, 0.0000, 0.0000] rpm_pre=[10804.1, 10804.1, 10804.1, 10804.1] rpm=[10804.1, 10804.1, 10804.1, 10804.1] saturation=[horizontal:false altitude:false attitude:false mixer:false] saturated=false
[position_controller_node-2] [INFO] [1784350059.566266537] [position_controller_node]: position target=[0.000, 0.000, 1.500] current=[0.000, 0.000, 1.495] world_v=[0.000, 0.000, 0.006] a_xy=[0.000, 0.000] thrust=9.799 torque=[0.0000, 0.0000, 0.0000] rpm_pre=[10814.9, 10814.9, 10814.9, 10814.9] rpm=[10814.9, 10814.9, 10814.9, 10814.9] saturation=[horizontal:false altitude:false attitude:false mixer:false] saturated=false
[position_controller_node-2] [INFO] [1784350060.576003144] [position_controller_node]: position target=[0.000, 0.000, 1.500] current=[0.008, 0.000, 1.499] world_v=[0.068, 0.000, 0.002] a_xy=[-0.084, -0.000] thrust=9.805 torque=[0.0000, 0.0037, -0.0000] rpm_pre=[10803.6, 10832.3, 10832.3, 10803.6] rpm=[10803.6, 10832.3, 10832.3, 10803.6] saturation=[horizontal:false altitude:false attitude:false mixer:false] saturated=false
[position_controller_node-2] [INFO] [1784350061.586171269] [position_controller_node]: position target=[0.000, 0.000, 1.500] current=[0.154, 0.000, 1.500] world_v=[0.183, 0.000, 0.000] a_xy=[-0.288, -0.000] thrust=9.810 torque=[0.0000, -0.0011, 0.0000] rpm_pre=[10825.3, 10816.6, 10816.6, 10825.3] rpm=[10825.3, 10816.6, 10816.6, 10825.3] saturation=[horizontal:false altitude:false attitude:false mixer:false] saturated=false
[position_controller_node-2] [INFO] [1784350062.586241479] [position_controller_node]: position target=[0.000, 0.000, 1.500] current=[0.331, 0.000, 1.500] world_v=[0.159, -0.000, 0.000] a_xy=[-0.355, -0.000] thrust=9.813 torque=[0.0000, 0.0003, 0.0000] rpm_pre=[10821.3, 10823.5, 10823.5, 10821.3] rpm=[10821.3, 10823.5, 10823.5, 10821.3] saturation=[horizontal:false altitude:false attitude:false mixer:false] saturated=false
[position_controller_node-2] [INFO] [1784350063.595978373] [position_controller_node]: position target=[0.000, 0.000, 1.500] current=[0.460, 0.000, 1.500] world_v=[0.094, -0.000, 0.000] a_xy=[-0.369, 0.000] thrust=9.814 torque=[0.0000, 0.0000, 0.0000] rpm_pre=[10822.7, 10822.8, 10822.8, 10822.7] rpm=[10822.7, 10822.8, 10822.8, 10822.7] saturation=[horizontal:false altitude:false attitude:false mixer:false] saturated=false
[position_controller_node-2] [INFO] [1784350064.596002231] [position_controller_node]: position target=[0.000, 0.000, 1.500] current=[0.519, 0.000, 1.500] world_v=[0.030, -0.000, 0.000] a_xy=[-0.342, 0.000] thrust=9.813 torque=[-0.0000, 0.0006, 0.0000] rpm_pre=[10819.9, 10824.6, 10824.6, 10819.9] rpm=[10819.9, 10824.6, 10824.6, 10819.9] saturation=[horizontal:false altitude:false attitude:false mixer:false] saturated=false
[position_controller_node-2] [INFO] [1784350065.596022632] [position_controller_node]: position target=[0.000, 0.000, 1.500] current=[0.533, -0.000, 1.500] world_v=[0.002, -0.000, 0.000] a_xy=[-0.313, 0.000] thrust=9.812 torque=[-0.0000, -0.0001, 0.0000] rpm_pre=[10822.2, 10821.2, 10821.2, 10822.2] rpm=[10822.2, 10821.2, 10821.2, 10822.2] saturation=[horizontal:false altitude:false attitude:false mixer:false] saturated=false
[position_controller_node-2] [INFO] [1784350066.606162784] [position_controller_node]: position target=[0.000, 0.000, 1.500] current=[0.529, -0.000, 1.500] world_v=[-0.006, 0.000, -0.000] a_xy=[-0.302, 0.000] thrust=9.811 torque=[0.0000, 0.0000, -0.0000] rpm_pre=[10821.5, 10821.5, 10821.5, 10821.5] rpm=[10821.5, 10821.5, 10821.5, 10821.5] saturation=[horizontal:false altitude:false attitude:false mixer:false] saturated=false
[position_controller_node-2] [INFO] [1784350067.616104680] [position_controller_node]: position target=[0.000, 0.000, 1.500] current=[0.523, -0.000, 1.500] world_v=[-0.007, 0.000, -0.000] a_xy=[-0.299, -0.000] thrust=9.811 torque=[-0.0000, -0.0000, -0.0000] rpm_pre=[10821.5, 10821.5, 10821.5, 10821.5] rpm=[10821.5, 10821.5, 10821.5, 10821.5] saturation=[horizontal:false altitude:false attitude:false mixer:false] saturated=false
[position_controller_node-2] [INFO] [1784350068.626081636] [position_controller_node]: position target=[0.000, 0.000, 1.500] current=[0.517, 0.000, 1.500] world_v=[-0.005, 0.000, -0.000] a_xy=[-0.298, -0.000] thrust=9.811 torque=[-0.0000, -0.0000, 0.0000] rpm_pre=[10821.5, 10821.4, 10821.4, 10821.5] rpm=[10821.5, 10821.4, 10821.4, 10821.5] saturation=[horizontal:false altitude:false attitude:false mixer:false] saturated=false
[position_controller_node-2] [INFO] [1784350069.636064509] [position_controller_node]: position target=[0.000, 0.000, 1.500] current=[0.512, 0.000, 1.500] world_v=[-0.004, 0.000, -0.000] a_xy=[-0.299, -0.000] thrust=9.811 torque=[0.0000, -0.0000, -0.0000] rpm_pre=[10821.5, 10821.5, 10821.5, 10821.5] rpm=[10821.5, 10821.5, 10821.5, 10821.5] saturation=[horizontal:false altitude:false attitude:false mixer:false] saturated=false
[position_controller_node-2] [INFO] [1784350070.646055094] [position_controller_node]: position target=[0.000, 0.000, 1.500] current=[0.509, 0.000, 1.500] world_v=[-0.002, -0.000, -0.000] a_xy=[-0.299, -0.000] thrust=9.811 torque=[0.0000, -0.0000, -0.0000] rpm_pre=[10821.5, 10821.5, 10821.5, 10821.5] rpm=[10821.5, 10821.5, 10821.5, 10821.5] saturation=[horizontal:false altitude:false attitude:false mixer:false] saturated=false
[position_controller_node-2] [INFO] [1784350071.646153857] [position_controller_node]: position target=[0.000, 0.000, 1.500] current=[0.508, 0.000, 1.500] world_v=[-0.001, 0.000, -0.000] a_xy=[-0.299, -0.000] thrust=9.811 torque=[0.0000, -0.0000, -0.0000] rpm_pre=[10821.5, 10821.5, 10821.5, 10821.5] rpm=[10821.5, 10821.5, 10821.5, 10821.5] saturation=[horizontal:false altitude:false attitude:false mixer:false] saturated=false
[position_controller_node-2] [INFO] [1784350072.646161266] [position_controller_node]: position target=[0.000, 0.000, 1.500] current=[0.507, 0.000, 1.500] world_v=[-0.001, -0.000, 0.000] a_xy=[-0.300, -0.000] thrust=9.811 torque=[-0.0000, -0.0000, 0.0000] rpm_pre=[10821.5, 10821.5, 10821.5, 10821.5] rpm=[10821.5, 10821.5, 10821.5, 10821.5] saturation=[horizontal:false altitude:false attitude:false mixer:false] saturated=false
[position_controller_node-2] [INFO] [1784350073.646260639] [position_controller_node]: position target=[0.000, 0.000, 1.500] current=[0.506, 0.000, 1.500] world_v=[-0.000, 0.000, 0.000] a_xy=[-0.300, -0.000] thrust=9.811 torque=[-0.0000, -0.0000, 0.0000] rpm_pre=[10821.5, 10821.5, 10821.5, 10821.5] rpm=[10821.5, 10821.5, 10821.5, 10821.5] saturation=[horizontal:false altitude:false attitude:false mixer:false] saturated=false
[position_controller_node-2] [INFO] [1784350074.656356608] [position_controller_node]: position target=[0.000, 0.000, 1.500] current=[0.506, 0.000, 1.500] world_v=[-0.000, 0.000, 0.000] a_xy=[-0.300, -0.000] thrust=9.811 torque=[0.0000, 0.0000, 0.0000] rpm_pre=[10821.5, 10821.5, 10821.5, 10821.5] rpm=[10821.5, 10821.5, 10821.5, 10821.5] saturation=[horizontal:false altitude:false attitude:false mixer:false] saturated=false
[WARNING] [launch]: user interrupted with ctrl-c (SIGINT)
[INFO] [robot_state_publisher-3]: sending signal 'SIGINT' to process[robot_state_publisher-3]
[INFO] [position_controller_node-2]: sending signal 'SIGINT' to process[position_controller_node-2]
[INFO] [quadrotor_dynamics_node-1]: sending signal 'SIGINT' to process[quadrotor_dynamics_node-1]
[robot_state_publisher-3] [INFO] [1784350075.352160334] [rclcpp]: signal_handler(SIGINT/SIGTERM)
[position_controller_node-2] [INFO] [1784350075.352162448] [rclcpp]: signal_handler(SIGINT/SIGTERM)
[quadrotor_dynamics_node-1] [INFO] [1784350075.352189860] [rclcpp]: signal_handler(SIGINT/SIGTERM)
[robot_state_publisher-3] [INFO] [1784350075.356968800] [rclcpp]: signal_handler(SIGINT/SIGTERM)
[position_controller_node-2] [INFO] [1784350075.358461758] [rclcpp]: signal_handler(SIGINT/SIGTERM)
[quadrotor_dynamics_node-1] [INFO] [1784350075.359433472] [rclcpp]: signal_handler(SIGINT/SIGTERM)
[INFO] [quadrotor_dynamics_node-1]: process has finished cleanly [pid 40457]
[INFO] [position_controller_node-2]: process has finished cleanly [pid 40459]
[INFO] [robot_state_publisher-3]: process has finished cleanly [pid 40461]
