{
  "final_position_error_m": 0.011209190617888512,
  "final_speed_m_s": 0.008551441930407636,
  "final_window_mean_error_m": 0.005456310816712755,
  "recorded_targets": [
    {
      "position": [
        2.0,
        1.0,
        1.5
      ],
      "yaw_rad": 0.0
    }
  ],
  "target_snapshot_matches_samples": true,
  "yaw_metrics_status": "available",
  "yaw_sample_count": 2241,
  "final_yaw_error_rad": 6.080641483606661e-07,
  "yaw_error_rms_rad": 0.00020238240592073146,
  "maximum_absolute_yaw_error_rad": 0.0017823264904521263,
  "arrival_time_s": 7.190084218978882,
  "maximum_overshoot_m": 0.011209190120853389,
  "maximum_overshoot_percent": 0.5012902008340349,
  "steady_state_mean_error_m": 0.019208438890917726,
  "steady_state_rms_error_m": 0.024727580203194554,
  "steady_state_max_error_m": 0.0542158167675656,
  "maximum_goal_position_error_m": 2.236068070391921,
  "full_mission_tracking_max_error_m": null,
  "full_mission_tracking_rms_error_m": null,
  "minimum_raw_obstacle_distance_m": 0.18997388380693048,
  "safety_radius_m": 0.25,
  "minimum_safety_clearance_m": -0.06002611619306952,
  "straight_line_distance_m": 2.236068070391921,
  "actual_path_length_m": 2.247323718289372,
  "flight_time_s": 11.19979190826416,
  "planned_segment_count": 0,
  "simplified_segment_count": 0,
  "reference_segment_count": 0,
  "planned_path_length_m": null,
  "simplified_path_length_m": null,
  "reference_path_length_m": null,
  "path_efficiency": null,
  "planned_vs_straight_ratio": null,
  "actual_vs_reference_ratio": null,
  "maximum_absolute_roll_rad": 0.04884287034637887,
  "maximum_absolute_pitch_rad": 0.09733336786344951,
  "maximum_angular_speed_rad_s": 0.7645553011774118,
  "non_finite_attitude_count": 0,
  "attitude_divergence_detected": false,
  "minimum_commanded_motor_rpm": 8960.39975193319,
  "maximum_commanded_motor_rpm": 12410.437930061078,
  "minimum_motor_rpm": 8960.39975193319,
  "maximum_motor_rpm": 12410.437930061078,
  "motor_rpm_semantics": "commanded_motor_rpm",
  "saturation_sample_source": "diagnostics_callbacks",
  "saturation_sample_count": 21,
  "longest_saturation_duration_s": 0.19155073165893555,
  "saturated_at_end": false,
  "non_finite_rpm_count": 0
}
