[INFO] [launch]: All log files can be found below /home/peter/.ros/log/2026-07-21-14-56-39-760680-peter-acer-63329
[INFO] [launch]: Default logging verbosity is set to INFO
[INFO] [quadrotor_dynamics_node-1]: process started with pid [63344]
[INFO] [position_controller_node-2]: process started with pid [63346]
[INFO] [robot_state_publisher-3]: process started with pid [63348]
[INFO] [goal_visualizer_node-4]: process started with pid [63350]
[INFO] [waypoint_manager_node-5]: process started with pid [63352]
[position_controller_node-2] [INFO] [1784616999.874800428] [position_controller_node]: 3D position controller started at 100.0 Hz (source=pose_goal, odom timeout 0.200 s)
[robot_state_publisher-3] [INFO] [1784616999.875127592] [robot_state_publisher]: got segment base_link
[robot_state_publisher-3] [INFO] [1784616999.875192441] [robot_state_publisher]: got segment front_marker_link
[robot_state_publisher-3] [INFO] [1784616999.875199253] [robot_state_publisher]: got segment m1_arm_link
[robot_state_publisher-3] [INFO] [1784616999.875203085] [robot_state_publisher]: got segment m1_motor_link
[robot_state_publisher-3] [INFO] [1784616999.875207092] [robot_state_publisher]: got segment m1_rotor_link
[robot_state_publisher-3] [INFO] [1784616999.875210675] [robot_state_publisher]: got segment m2_arm_link
[robot_state_publisher-3] [INFO] [1784616999.875214556] [robot_state_publisher]: got segment m2_motor_link
[robot_state_publisher-3] [INFO] [1784616999.875218791] [robot_state_publisher]: got segment m2_rotor_link
[robot_state_publisher-3] [INFO] [1784616999.875222899] [robot_state_publisher]: got segment m3_arm_link
[robot_state_publisher-3] [INFO] [1784616999.875226689] [robot_state_publisher]: got segment m3_motor_link
[robot_state_publisher-3] [INFO] [1784616999.875230512] [robot_state_publisher]: got segment m3_rotor_link
[robot_state_publisher-3] [INFO] [1784616999.875233828] [robot_state_publisher]: got segment m4_arm_link
[robot_state_publisher-3] [INFO] [1784616999.875236091] [robot_state_publisher]: got segment m4_motor_link
[robot_state_publisher-3] [INFO] [1784616999.875238302] [robot_state_publisher]: got segment m4_rotor_link
[quadrotor_dynamics_node-1] [INFO] [1784616999.876595826] [quadrotor_dynamics_node]: Dynamics started at 200.0 Hz; nominal steady-state hover RPM is 10818.9; ground contact is enabled at z=0.000 m; motor command watchdog is enabled (0.300 s)
[quadrotor_dynamics_node-1] [INFO] [1784616999.876659504] [quadrotor_dynamics_node]: External wrench input is disabled (frame=map, force_limit=2.000 N, timeout=0.200 s, torque_limit=0.000 N*m; torque must be zero)
[waypoint_manager_node-5] [INFO] [1784616999.879598632] [waypoint_manager_node]: configured waypoints ignored; runtime mission mode is waiting
[waypoint_manager_node-5] [INFO] [1784616999.881490577] [waypoint_manager_node]: waiting for runtime mission
[position_controller_node-2] [WARN] [1784616999.884926815] [position_controller_node]: Waiting for /drone/goal; RPM=0
[waypoint_manager_node-5] [INFO] [1784617000.875599638] [waypoint_manager_node]: accepted runtime mission with 1 waypoints
[position_controller_node-2] [INFO] [1784617000.884951021] [position_controller_node]: position target=[0.000, 0.000, 1.500] current=[0.000, 0.000, 0.000] world_v=[0.000, 0.000, 0.000] a_xy=[0.000, 0.000] thrust=14.307 torque=[0.0000, 0.0000, 0.0000] rpm_pre=[13067.5, 13067.5, 13067.5, 13067.5] rpm=[13067.5, 13067.5, 13067.5, 13067.5] saturation=[horizontal:false altitude:false attitude:false mixer:false] saturated=false
[position_controller_node-2] [INFO] [1784617001.885072849] [position_controller_node]: position target=[0.000, 0.000, 1.500] current=[0.000, 0.000, 0.709] world_v=[0.000, 0.000, 0.871] a_xy=[0.000, 0.000] thrust=9.133 torque=[0.0000, 0.0000, 0.0000] rpm_pre=[10440.6, 10440.6, 10440.6, 10440.6] rpm=[10440.6, 10440.6, 10440.6, 10440.6] saturation=[horizontal:false altitude:false attitude:false mixer:false] saturated=false
[position_controller_node-2] [INFO] [1784617002.885268922] [position_controller_node]: position target=[0.000, 0.000, 1.500] current=[0.000, 0.000, 1.263] world_v=[0.000, 0.000, 0.301] a_xy=[0.000, 0.000] thrust=9.464 torque=[0.0000, 0.0000, 0.0000] rpm_pre=[10628.2, 10628.2, 10628.2, 10628.2] rpm=[10628.2, 10628.2, 10628.2, 10628.2] saturation=[horizontal:false altitude:false attitude:false mixer:false] saturated=false
[position_controller_node-2] [INFO] [1784617003.895033451] [position_controller_node]: position target=[0.000, 0.000, 1.500] current=[0.000, 0.000, 1.435] world_v=[0.000, 0.000, 0.084] a_xy=[0.000, 0.000] thrust=9.707 torque=[0.0000, 0.0000, 0.0000] rpm_pre=[10763.6, 10763.6, 10763.6, 10763.6] rpm=[10763.6, 10763.6, 10763.6, 10763.6] saturation=[horizontal:false altitude:false attitude:false mixer:false] saturated=false
[waypoint_manager_node-5] [INFO] [1784617004.431886220] [waypoint_manager_node]: waypoint 0 accepted; mission complete
[position_controller_node-2] [INFO] [1784617004.904873185] [position_controller_node]: position target=[0.000, 0.000, 1.500] current=[0.000, 0.000, 1.483] world_v=[0.000, 0.000, 0.023] a_xy=[0.000, 0.000] thrust=9.779 torque=[0.0000, 0.0000, 0.0000] rpm_pre=[10803.9, 10803.9, 10803.9, 10803.9] rpm=[10803.9, 10803.9, 10803.9, 10803.9] saturation=[horizontal:false altitude:false attitude:false mixer:false] saturated=false
[position_controller_node-2] [INFO] [1784617005.904882226] [position_controller_node]: position target=[0.000, 0.000, 1.500] current=[0.000, 0.000, 1.495] world_v=[0.000, 0.000, 0.006] a_xy=[0.000, 0.000] thrust=9.799 torque=[0.0000, 0.0000, 0.0000] rpm_pre=[10814.8, 10814.8, 10814.8, 10814.8] rpm=[10814.8, 10814.8, 10814.8, 10814.8] saturation=[horizontal:false altitude:false attitude:false mixer:false] saturated=false
[position_controller_node-2] [INFO] [1784617006.905006057] [position_controller_node]: position target=[0.000, 0.000, 1.500] current=[0.000, 0.000, 1.499] world_v=[0.000, 0.000, 0.002] a_xy=[0.000, 0.000] thrust=9.805 torque=[0.0000, 0.0000, 0.0000] rpm_pre=[10817.8, 10817.8, 10817.8, 10817.8] rpm=[10817.8, 10817.8, 10817.8, 10817.8] saturation=[horizontal:false altitude:false attitude:false mixer:false] saturated=false
[waypoint_manager_node-5] [INFO] [1784617007.384982068] [waypoint_manager_node]: accepted runtime mission with 1 waypoints
[position_controller_node-2] [INFO] [1784617007.914923824] [position_controller_node]: position target=[2.000, 1.000, 1.500] current=[0.055, 0.027, 1.498] world_v=[0.260, 0.130, -0.001] a_xy=[0.466, 0.233] thrust=9.827 torque=[-0.0057, 0.0122, -0.0003] rpm_pre=[10761.5, 10854.2, 10900.7, 10803.9] rpm=[10761.5, 10854.2, 10900.7, 10803.9] saturation=[horizontal:false altitude:false attitude:false mixer:false] saturated=false
[position_controller_node-2] [INFO] [1784617008.914928244] [position_controller_node]: position target=[2.000, 1.000, 1.500] current=[0.476, 0.238, 1.499] world_v=[0.498, 0.249, 0.001] a_xy=[0.012, 0.006] thrust=9.806 torque=[-0.0015, 0.0029, -0.0000] rpm_pre=[10801.2, 10823.8, 10835.5, 10812.8] rpm=[10801.2, 10823.8, 10835.5, 10812.8] saturation=[horizontal:false altitude:false attitude:false mixer:false] saturated=false
[position_controller_node-2] [INFO] [1784617009.924982398] [position_controller_node]: position target=[2.000, 1.000, 1.500] current=[0.960, 0.480, 1.500] world_v=[0.439, 0.219, 0.000] a_xy=[-0.111, -0.055] thrust=9.807 torque=[0.0001, -0.0003, -0.0000] rpm_pre=[10820.8, 10818.6, 10817.4, 10819.7] rpm=[10820.8, 10818.6, 10817.4, 10819.7] saturation=[horizontal:false altitude:false attitude:false mixer:false] saturated=false
[position_controller_node-2] [INFO] [1784617010.934822811] [position_controller_node]: position target=[2.000, 1.000, 1.500] current=[1.342, 0.671, 1.500] world_v=[0.316, 0.158, 0.000] a_xy=[-0.116, -0.058] thrust=9.807 torque=[-0.0001, 0.0001, 0.0000] rpm_pre=[10818.6, 10819.6, 10820.1, 10819.1] rpm=[10818.6, 10819.6, 10820.1, 10819.1] saturation=[horizontal:false altitude:false attitude:false mixer:false] saturated=false
[position_controller_node-2] [INFO] [1784617011.934844779] [position_controller_node]: position target=[2.000, 1.000, 1.500] current=[1.601, 0.801, 1.500] world_v=[0.207, 0.104, 0.000] a_xy=[-0.089, -0.045] thrust=9.807 torque=[-0.0000, 0.0000, 0.0000] rpm_pre=[10819.0, 10819.3, 10819.4, 10819.2] rpm=[10819.0, 10819.3, 10819.4, 10819.2] saturation=[horizontal:false altitude:false attitude:false mixer:false] saturated=false
[position_controller_node-2] [INFO] [1784617012.944970645] [position_controller_node]: position target=[2.000, 1.000, 1.500] current=[1.768, 0.884, 1.500] world_v=[0.128, 0.064, 0.000] a_xy=[-0.060, -0.030] thrust=9.807 torque=[-0.0000, 0.0000, -0.0000] rpm_pre=[10819.0, 10819.1, 10819.1, 10819.0] rpm=[10819.0, 10819.1, 10819.1, 10819.0] saturation=[horizontal:false altitude:false attitude:false mixer:false] saturated=false
[position_controller_node-2] [INFO] [1784617013.954902261] [position_controller_node]: position target=[2.000, 1.000, 1.500] current=[1.868, 0.934, 1.500] world_v=[0.076, 0.038, 0.000] a_xy=[-0.038, -0.019] thrust=9.807 torque=[-0.0000, 0.0000, -0.0000] rpm_pre=[10819.0, 10819.0, 10819.0, 10819.0] rpm=[10819.0, 10819.0, 10819.0, 10819.0] saturation=[horizontal:false altitude:false attitude:false mixer:false] saturated=false
[waypoint_manager_node-5] [INFO] [1784617014.381392451] [waypoint_manager_node]: waypoint 0 accepted; mission complete
[position_controller_node-2] [INFO] [1784617014.964791701] [position_controller_node]: position target=[2.000, 1.000, 1.500] current=[1.927, 0.963, 1.500] world_v=[0.043, 0.022, -0.000] a_xy=[-0.022, -0.011] thrust=9.807 torque=[-0.0001, 0.0002, 0.0000] rpm_pre=[10817.6, 10819.4, 10820.3, 10818.5] rpm=[10817.6, 10819.4, 10820.3, 10818.5] saturation=[horizontal:false altitude:false attitude:false mixer:false] saturated=false
[position_controller_node-2] [INFO] [1784617015.974725934] [position_controller_node]: position target=[2.000, 1.000, 1.500] current=[1.961, 0.981, 1.500] world_v=[0.028, 0.014, -0.000] a_xy=[-0.009, -0.004] thrust=9.807 torque=[0.0000, -0.0000, -0.0000] rpm_pre=[10819.2, 10818.9, 10818.7, 10819.0] rpm=[10819.2, 10818.9, 10818.7, 10819.0] saturation=[horizontal:false altitude:false attitude:false mixer:false] saturated=false
[position_controller_node-2] [INFO] [1784617016.984615841] [position_controller_node]: position target=[2.000, 1.000, 1.500] current=[1.985, 0.993, 1.500] world_v=[0.020, 0.010, -0.000] a_xy=[-0.006, -0.003] thrust=9.807 torque=[0.0000, -0.0000, -0.0000] rpm_pre=[10819.0, 10818.9, 10818.9, 10819.0] rpm=[10819.0, 10818.9, 10818.9, 10819.0] saturation=[horizontal:false altitude:false attitude:false mixer:false] saturated=false
[position_controller_node-2] [INFO] [1784617017.984636956] [position_controller_node]: position target=[2.000, 1.000, 1.500] current=[2.003, 1.001, 1.500] world_v=[0.015, 0.007, -0.000] a_xy=[-0.009, -0.005] thrust=9.807 torque=[0.0000, -0.0000, -0.0000] rpm_pre=[10819.2, 10818.9, 10818.7, 10819.0] rpm=[10819.2, 10818.9, 10818.7, 10819.0] saturation=[horizontal:false altitude:false attitude:false mixer:false] saturated=false
[waypoint_manager_node-5] [INFO] [1784617018.813325642] [rclcpp]: signal_handler(SIGINT/SIGTERM)
[goal_visualizer_node-4] [INFO] [1784617018.813467123] [rclcpp]: signal_handler(SIGINT/SIGTERM)
[position_controller_node-2] [INFO] [1784617018.813537920] [rclcpp]: signal_handler(SIGINT/SIGTERM)
[robot_state_publisher-3] [INFO] [1784617018.813430175] [rclcpp]: signal_handler(SIGINT/SIGTERM)
[quadrotor_dynamics_node-1] [INFO] [1784617018.814411608] [rclcpp]: signal_handler(SIGINT/SIGTERM)
[INFO] [position_controller_node-2]: process has finished cleanly [pid 63346]
[INFO] [waypoint_manager_node-5]: process has finished cleanly [pid 63352]
[INFO] [quadrotor_dynamics_node-1]: process has finished cleanly [pid 63344]
[INFO] [goal_visualizer_node-4]: process has finished cleanly [pid 63350]
[INFO] [robot_state_publisher-3]: process has finished cleanly [pid 63348]
