{
  "scenario_id": "single_goal",
  "recorder_experiment": "single_goal",
  "status": "final",
  "run_id": "run_01",
  "path": "02_single_goal/final/run_01",
  "protocol_version": "final-assessment-v1",
  "generated_at": "2026-07-21T06:57:00.027637+00:00",
  "metadata": "02_single_goal/final/run_01/metadata.json",
  "summary": "02_single_goal/final/run_01/summary.json",
  "manifest_entry": "02_single_goal/final/run_01/manifest_entry.json",
  "evidence_checksums": "02_single_goal/final/run_01/evidence_sha256.txt",
  "git": {
    "commit_before": "bc6367ff49d8d6eb68d31b38e8a8bb8b3859991d",
    "commit_after": "bc6367ff49d8d6eb68d31b38e8a8bb8b3859991d",
    "source_clean_before": true,
    "source_clean_after": true
  },
  "parameter_snapshot": {
    "complete": true,
    "directory": "02_single_goal/final/run_01/parameters",
    "checksums": "02_single_goal/final/run_01/parameter_sha256.txt"
  },
  "outcome": {
    "stop_reason": "arrival_and_steady_window_complete",
    "overall_pass": true,
    "failure_reasons": []
  },
  "manual_acceptance": {
    "completed": false,
    "file": "02_single_goal/final/run_01/manual_acceptance.md",
    "screenshots": []
  },
  "eligibility_conditions": {
    "status_is_final": true,
    "non_timeout_stop": true,
    "overall_pass": true,
    "commit_unchanged": true,
    "source_clean_before": true,
    "source_clean_after": true,
    "parameter_snapshot_complete": true,
    "manual_acceptance_complete": false,
    "required_screenshots_complete": true
  },
  "report_eligible": false,
  "eligibility_failures": [
    "manual_acceptance_complete"
  ]
}
