[INFO] [launch]: All log files can be found below /home/peter/.ros/log/2026-07-18-16-00-11-908089-peter-acer-52202
[INFO] [launch]: Default logging verbosity is set to INFO
[INFO] [quadrotor_dynamics_node-1]: process started with pid [52214]
[INFO] [position_controller_node-2]: process started with pid [52216]
[INFO] [robot_state_publisher-3]: process started with pid [52218]
[robot_state_publisher-3] [INFO] [1784361612.011383359] [robot_state_publisher]: got segment base_link
[robot_state_publisher-3] [INFO] [1784361612.011468813] [robot_state_publisher]: got segment front_marker_link
[robot_state_publisher-3] [INFO] [1784361612.011475763] [robot_state_publisher]: got segment m1_arm_link
[robot_state_publisher-3] [INFO] [1784361612.011480233] [robot_state_publisher]: got segment m1_motor_link
[robot_state_publisher-3] [INFO] [1784361612.011483613] [robot_state_publisher]: got segment m1_rotor_link
[robot_state_publisher-3] [INFO] [1784361612.011486176] [robot_state_publisher]: got segment m2_arm_link
[robot_state_publisher-3] [INFO] [1784361612.011488683] [robot_state_publisher]: got segment m2_motor_link
[robot_state_publisher-3] [INFO] [1784361612.011491170] [robot_state_publisher]: got segment m2_rotor_link
[robot_state_publisher-3] [INFO] [1784361612.011493473] [robot_state_publisher]: got segment m3_arm_link
[robot_state_publisher-3] [INFO] [1784361612.011496015] [robot_state_publisher]: got segment m3_motor_link
[robot_state_publisher-3] [INFO] [1784361612.011498344] [robot_state_publisher]: got segment m3_rotor_link
[robot_state_publisher-3] [INFO] [1784361612.011500659] [robot_state_publisher]: got segment m4_arm_link
[robot_state_publisher-3] [INFO] [1784361612.011503014] [robot_state_publisher]: got segment m4_motor_link
[robot_state_publisher-3] [INFO] [1784361612.011505301] [robot_state_publisher]: got segment m4_rotor_link
[position_controller_node-2] [INFO] [1784361612.012326878] [position_controller_node]: 3D position controller started at 100.0 Hz (source=pose_goal, odom timeout 0.200 s)
[quadrotor_dynamics_node-1] [INFO] [1784361612.015067358] [quadrotor_dynamics_node]: Dynamics started at 200.0 Hz; nominal steady-state hover RPM is 10818.9; ground contact is enabled at z=0.000 m; motor command watchdog is enabled (0.300 s)
[quadrotor_dynamics_node-1] [INFO] [1784361612.015133977] [quadrotor_dynamics_node]: External wrench input is enabled (frame=map, force_limit=2.000 N, timeout=0.200 s, torque_limit=0.000 N*m; torque must be zero)
[position_controller_node-2] [INFO] [1784361612.022514579] [position_controller_node]: position target=[0.000, 0.000, 1.500] current=[0.000, 0.000, 0.000] world_v=[0.000, 0.000, 0.000] a_xy=[0.000, 0.000] thrust=14.307 torque=[0.0000, 0.0000, 0.0000] rpm_pre=[13067.5, 13067.5, 13067.5, 13067.5] rpm=[13067.5, 13067.5, 13067.5, 13067.5] saturation=[horizontal:false altitude:false attitude:false mixer:false] saturated=false
[INFO] [ros2-4]: process started with pid [52250]
[position_controller_node-2] [INFO] [1784361613.022584538] [position_controller_node]: position target=[0.000, 0.000, 1.500] current=[0.000, 0.000, 0.709] world_v=[0.000, 0.000, 0.871] a_xy=[0.000, 0.000] thrust=9.133 torque=[0.0000, 0.0000, 0.0000] rpm_pre=[10440.6, 10440.6, 10440.6, 10440.6] rpm=[10440.6, 10440.6, 10440.6, 10440.6] saturation=[horizontal:false altitude:false attitude:false mixer:false] saturated=false
[ros2-4] publisher: beginning loop
[ros2-4] publishing #1: geometry_msgs.msg.PoseStamped(header=std_msgs.msg.Header(stamp=builtin_interfaces.msg.Time(sec=0, nanosec=0), frame_id='map'), pose=geometry_msgs.msg.Pose(position=geometry_msgs.msg.Point(x=0.0, y=0.0, z=1.5), orientation=geometry_msgs.msg.Quaternion(x=0.0, y=0.0, z=0.0, w=1.0)))
[ros2-4]
[INFO] [ros2-4]: process has finished cleanly [pid 52250]
[position_controller_node-2] [INFO] [1784361614.022711352] [position_controller_node]: position target=[0.000, 0.000, 1.500] current=[0.000, 0.000, 1.263] world_v=[0.000, 0.000, 0.301] a_xy=[0.000, 0.000] thrust=9.464 torque=[0.0000, 0.0000, 0.0000] rpm_pre=[10628.2, 10628.2, 10628.2, 10628.2] rpm=[10628.2, 10628.2, 10628.2, 10628.2] saturation=[horizontal:false altitude:false attitude:false mixer:false] saturated=false
[position_controller_node-2] [INFO] [1784361615.022812666] [position_controller_node]: position target=[0.000, 0.000, 1.500] current=[0.000, 0.000, 1.435] world_v=[0.000, 0.000, 0.085] a_xy=[0.000, 0.000] thrust=9.705 torque=[0.0000, 0.0000, 0.0000] rpm_pre=[10762.9, 10762.9, 10762.9, 10762.9] rpm=[10762.9, 10762.9, 10762.9, 10762.9] saturation=[horizontal:false altitude:false attitude:false mixer:false] saturated=false
[position_controller_node-2] [INFO] [1784361616.023037207] [position_controller_node]: position target=[0.000, 0.000, 1.500] current=[0.000, 0.000, 1.482] world_v=[0.000, 0.000, 0.023] a_xy=[0.000, 0.000] thrust=9.779 torque=[0.0000, 0.0000, 0.0000] rpm_pre=[10803.5, 10803.5, 10803.5, 10803.5] rpm=[10803.5, 10803.5, 10803.5, 10803.5] saturation=[horizontal:false altitude:false attitude:false mixer:false] saturated=false
[position_controller_node-2] [INFO] [1784361617.023130909] [position_controller_node]: position target=[0.000, 0.000, 1.500] current=[0.000, 0.000, 1.495] world_v=[0.000, 0.000, 0.006] a_xy=[0.000, 0.000] thrust=9.799 torque=[0.0000, 0.0000, 0.0000] rpm_pre=[10814.7, 10814.7, 10814.7, 10814.7] rpm=[10814.7, 10814.7, 10814.7, 10814.7] saturation=[horizontal:false altitude:false attitude:false mixer:false] saturated=false
[position_controller_node-2] [INFO] [1784361618.023138133] [position_controller_node]: position target=[0.000, 0.000, 1.500] current=[0.006, 0.000, 1.499] world_v=[0.056, 0.000, 0.002] a_xy=[-0.069, -0.000] thrust=9.805 torque=[0.0000, -0.0018, -0.0000] rpm_pre=[10824.7, 10810.9, 10810.9, 10824.7] rpm=[10824.7, 10810.9, 10810.9, 10824.7] saturation=[horizontal:false altitude:false attitude:false mixer:false] saturated=false
[position_controller_node-2] [INFO] [1784361619.023305103] [position_controller_node]: position target=[0.000, 0.000, 1.500] current=[0.143, 0.000, 1.500] world_v=[0.181, 0.000, 0.000] a_xy=[-0.284, -0.000] thrust=9.810 torque=[0.0000, 0.0000, -0.0000] rpm_pre=[10820.7, 10821.0, 10821.0, 10820.7] rpm=[10820.7, 10821.0, 10821.0, 10820.7] saturation=[horizontal:false altitude:false attitude:false mixer:false] saturated=false
[position_controller_node-2] [INFO] [1784361620.023378958] [position_controller_node]: position target=[0.000, 0.000, 1.500] current=[0.319, 0.000, 1.500] world_v=[0.157, 0.000, 0.000] a_xy=[-0.361, -0.000] thrust=9.813 torque=[0.0000, 0.0001, -0.0000] rpm_pre=[10822.1, 10822.9, 10822.9, 10822.1] rpm=[10822.1, 10822.9, 10822.9, 10822.1] saturation=[horizontal:false altitude:false attitude:false mixer:false] saturated=false
[position_controller_node-2] [INFO] [1784361621.023484401] [position_controller_node]: position target=[0.000, 0.000, 1.500] current=[0.441, 0.000, 1.500] world_v=[0.084, -0.000, 0.000] a_xy=[-0.380, 0.000] thrust=9.814 torque=[0.0000, 0.0000, -0.0000] rpm_pre=[10822.8, 10823.2, 10823.2, 10822.8] rpm=[10822.8, 10823.2, 10823.2, 10822.8] saturation=[horizontal:false altitude:false attitude:false mixer:false] saturated=false
[position_controller_node-2] [INFO] [1784361622.023731452] [position_controller_node]: position target=[0.000, 0.000, 1.500] current=[0.485, 0.000, 1.500] world_v=[0.005, 0.000, 0.000] a_xy=[-0.373, -0.000] thrust=9.814 torque=[0.0000, 0.0000, 0.0000] rpm_pre=[10822.7, 10823.0, 10823.0, 10822.7] rpm=[10822.7, 10823.0, 10823.0, 10822.7] saturation=[horizontal:false altitude:false attitude:false mixer:false] saturated=false
[position_controller_node-2] [INFO] [1784361623.023950560] [position_controller_node]: position target=[0.000, 0.000, 1.500] current=[0.455, 0.000, 1.500] world_v=[-0.061, -0.000, 0.000] a_xy=[-0.354, -0.000] thrust=9.813 torque=[0.0000, 0.0000, -0.0000] rpm_pre=[10822.4, 10822.6, 10822.6, 10822.4] rpm=[10822.4, 10822.6, 10822.6, 10822.4] saturation=[horizontal:false altitude:false attitude:false mixer:false] saturated=false
[position_controller_node-2] [INFO] [1784361624.033802717] [position_controller_node]: position target=[0.000, 0.000, 1.500] current=[0.369, 0.000, 1.500] world_v=[-0.105, 0.000, 0.000] a_xy=[-0.330, -0.000] thrust=9.812 torque=[0.0000, 0.0000, -0.0000] rpm_pre=[10821.9, 10822.1, 10822.1, 10821.9] rpm=[10821.9, 10822.1, 10822.1, 10821.9] saturation=[horizontal:false altitude:false attitude:false mixer:false] saturated=false
[position_controller_node-2] [INFO] [1784361625.033888708] [position_controller_node]: position target=[0.000, 0.000, 1.500] current=[0.253, 0.000, 1.500] world_v=[-0.124, -0.000, 0.000] a_xy=[-0.303, -0.000] thrust=9.811 torque=[-0.0000, 0.0009, -0.0000] rpm_pre=[10818.1, 10825.1, 10825.1, 10818.1] rpm=[10818.1, 10825.1, 10825.1, 10818.1] saturation=[horizontal:false altitude:false attitude:false mixer:false] saturated=false
[position_controller_node-2] [INFO] [1784361626.034023093] [position_controller_node]: position target=[0.000, 0.000, 1.500] current=[0.134, -0.000, 1.500] world_v=[-0.109, -0.000, -0.000] a_xy=[-0.272, 0.000] thrust=9.810 torque=[0.0000, -0.0001, -0.0000] rpm_pre=[10821.4, 10820.6, 10820.6, 10821.4] rpm=[10821.4, 10820.6, 10820.6, 10821.4] saturation=[horizontal:false altitude:false attitude:false mixer:false] saturated=false
[position_controller_node-2] [INFO] [1784361627.034212735] [position_controller_node]: position target=[0.000, 0.000, 1.500] current=[0.040, -0.000, 1.500] world_v=[-0.079, -0.000, -0.000] a_xy=[-0.271, 0.000] thrust=9.810 torque=[0.0000, -0.0000, 0.0000] rpm_pre=[10821.1, 10820.9, 10820.9, 10821.1] rpm=[10821.1, 10820.9, 10820.9, 10821.1] saturation=[horizontal:false altitude:false attitude:false mixer:false] saturated=false
[position_controller_node-2] [INFO] [1784361628.034261501] [position_controller_node]: position target=[0.000, 0.000, 1.500] current=[-0.027, -0.000, 1.500] world_v=[-0.076, 0.000, 0.000] a_xy=[-0.039, -0.000] thrust=9.807 torque=[0.0000, 0.0045, 0.0000] rpm_pre=[10801.2, 10836.7, 10836.7, 10801.2] rpm=[10801.2, 10836.7, 10836.7, 10801.2] saturation=[horizontal:false altitude:false attitude:false mixer:false] saturated=false
[position_controller_node-2] [INFO] [1784361629.034357493] [position_controller_node]: position target=[0.000, 0.000, 1.500] current=[-0.095, -0.000, 1.500] world_v=[-0.039, -0.000, -0.000] a_xy=[0.067, 0.000] thrust=9.807 torque=[-0.0000, -0.0006, 0.0000] rpm_pre=[10821.3, 10816.9, 10816.9, 10821.3] rpm=[10821.3, 10816.9, 10816.9, 10821.3] saturation=[horizontal:false altitude:false attitude:false mixer:false] saturated=false
[position_controller_node-2] [INFO] [1784361630.034477298] [position_controller_node]: position target=[0.000, 0.000, 1.500] current=[-0.106, -0.000, 1.500] world_v=[0.011, 0.000, -0.000] a_xy=[0.026, 0.000] thrust=9.807 torque=[0.0000, 0.0000, -0.0000] rpm_pre=[10818.9, 10819.1, 10819.1, 10818.9] rpm=[10818.9, 10819.1, 10819.1, 10818.9] saturation=[horizontal:false altitude:false attitude:false mixer:false] saturated=false
[position_controller_node-2] [INFO] [1784361631.034610420] [position_controller_node]: position target=[0.000, 0.000, 1.500] current=[-0.085, -0.000, 1.500] world_v=[0.026, -0.000, -0.000] a_xy=[0.003, 0.000] thrust=9.807 torque=[0.0000, 0.0000, 0.0000] rpm_pre=[10818.9, 10819.0, 10819.0, 10818.9] rpm=[10818.9, 10819.0, 10819.0, 10818.9] saturation=[horizontal:false altitude:false attitude:false mixer:false] saturated=false
[position_controller_node-2] [INFO] [1784361632.034828026] [position_controller_node]: position target=[0.000, 0.000, 1.500] current=[-0.059, -0.000, 1.500] world_v=[0.024, 0.000, -0.000] a_xy=[-0.005, -0.000] thrust=9.807 torque=[0.0000, 0.0000, -0.0000] rpm_pre=[10818.9, 10819.0, 10819.0, 10818.9] rpm=[10818.9, 10819.0, 10819.0, 10818.9] saturation=[horizontal:false altitude:false attitude:false mixer:false] saturated=false
[position_controller_node-2] [INFO] [1784361633.034857555] [position_controller_node]: position target=[0.000, 0.000, 1.500] current=[-0.038, 0.000, 1.500] world_v=[0.018, 0.000, -0.000] a_xy=[-0.006, -0.000] thrust=9.807 torque=[0.0000, 0.0000, 0.0000] rpm_pre=[10818.9, 10819.0, 10819.0, 10818.9] rpm=[10818.9, 10819.0, 10819.0, 10818.9] saturation=[horizontal:false altitude:false attitude:false mixer:false] saturated=false
[position_controller_node-2] [INFO] [1784361634.044927928] [position_controller_node]: position target=[0.000, 0.000, 1.500] current=[-0.023, 0.000, 1.500] world_v=[0.012, -0.000, -0.000] a_xy=[-0.005, 0.000] thrust=9.807 torque=[0.0000, 0.0000, 0.0000] rpm_pre=[10818.9, 10819.0, 10819.0, 10818.9] rpm=[10818.9, 10819.0, 10819.0, 10818.9] saturation=[horizontal:false altitude:false attitude:false mixer:false] saturated=false
[position_controller_node-2] [INFO] [1784361635.044984683] [position_controller_node]: position target=[0.000, 0.000, 1.500] current=[-0.014, -0.000, 1.500] world_v=[0.007, -0.000, -0.000] a_xy=[-0.003, 0.000] thrust=9.807 torque=[0.0000, 0.0000, -0.0000] rpm_pre=[10818.9, 10819.0, 10819.0, 10818.9] rpm=[10818.9, 10819.0, 10819.0, 10818.9] saturation=[horizontal:false altitude:false attitude:false mixer:false] saturated=false
[position_controller_node-2] [INFO] [1784361636.045120359] [position_controller_node]: position target=[0.000, 0.000, 1.500] current=[-0.008, -0.000, 1.500] world_v=[0.004, -0.000, -0.000] a_xy=[-0.002, 0.000] thrust=9.807 torque=[-0.0000, 0.0000, -0.0000] rpm_pre=[10818.9, 10818.9, 10818.9, 10818.9] rpm=[10818.9, 10818.9, 10818.9, 10818.9] saturation=[horizontal:false altitude:false attitude:false mixer:false] saturated=false
[position_controller_node-2] [INFO] [1784361637.045263506] [position_controller_node]: position target=[0.000, 0.000, 1.500] current=[-0.004, -0.000, 1.500] world_v=[0.003, 0.000, -0.000] a_xy=[-0.001, -0.000] thrust=9.807 torque=[0.0000, 0.0000, -0.0000] rpm_pre=[10818.9, 10818.9, 10818.9, 10818.9] rpm=[10818.9, 10818.9, 10818.9, 10818.9] saturation=[horizontal:false altitude:false attitude:false mixer:false] saturated=false
[WARNING] [launch]: user interrupted with ctrl-c (SIGINT)
[position_controller_node-2] [INFO] [1784361637.842696835] [rclcpp]: signal_handler(SIGINT/SIGTERM)
[INFO] [robot_state_publisher-3]: sending signal 'SIGINT' to process[robot_state_publisher-3]
[INFO] [position_controller_node-2]: sending signal 'SIGINT' to process[position_controller_node-2]
[INFO] [quadrotor_dynamics_node-1]: sending signal 'SIGINT' to process[quadrotor_dynamics_node-1]
[quadrotor_dynamics_node-1] [INFO] [1784361637.842736614] [rclcpp]: signal_handler(SIGINT/SIGTERM)
[robot_state_publisher-3] [INFO] [1784361637.843199119] [rclcpp]: signal_handler(SIGINT/SIGTERM)
[robot_state_publisher-3] [INFO] [1784361637.847259962] [rclcpp]: signal_handler(SIGINT/SIGTERM)
[position_controller_node-2] [INFO] [1784361637.848105247] [rclcpp]: signal_handler(SIGINT/SIGTERM)
[ERROR] [quadrotor_dynamics_node-1]: process has died [pid 52214, exit code -2, cmd '/home/peter/ros2_drone_sim/install/drone_dynamics/lib/drone_dynamics/quadrotor_dynamics_node --ros-args -r __node:=quadrotor_dynamics_node --params-file /tmp/horizontal-integral-soapo5ho/selected_release_run_2/dynamics.yaml --params-file /tmp/launch_params_pn1wrpep'].
[INFO] [position_controller_node-2]: process has finished cleanly [pid 52216]
[INFO] [robot_state_publisher-3]: process has finished cleanly [pid 52218]
