[INFO] [launch]: All log files can be found below /home/peter/.ros/log/2026-07-18-15-59-44-823320-peter-acer-52121
[INFO] [launch]: Default logging verbosity is set to INFO
[INFO] [quadrotor_dynamics_node-1]: process started with pid [52133]
[INFO] [position_controller_node-2]: process started with pid [52135]
[INFO] [robot_state_publisher-3]: process started with pid [52137]
[robot_state_publisher-3] [INFO] [1784361584.927548550] [robot_state_publisher]: got segment base_link
[robot_state_publisher-3] [INFO] [1784361584.927637930] [robot_state_publisher]: got segment front_marker_link
[robot_state_publisher-3] [INFO] [1784361584.927645702] [robot_state_publisher]: got segment m1_arm_link
[robot_state_publisher-3] [INFO] [1784361584.927649621] [robot_state_publisher]: got segment m1_motor_link
[robot_state_publisher-3] [INFO] [1784361584.927653467] [robot_state_publisher]: got segment m1_rotor_link
[robot_state_publisher-3] [INFO] [1784361584.927656973] [robot_state_publisher]: got segment m2_arm_link
[robot_state_publisher-3] [INFO] [1784361584.927660859] [robot_state_publisher]: got segment m2_motor_link
[robot_state_publisher-3] [INFO] [1784361584.927664531] [robot_state_publisher]: got segment m2_rotor_link
[robot_state_publisher-3] [INFO] [1784361584.927668078] [robot_state_publisher]: got segment m3_arm_link
[robot_state_publisher-3] [INFO] [1784361584.927671416] [robot_state_publisher]: got segment m3_motor_link
[robot_state_publisher-3] [INFO] [1784361584.927674772] [robot_state_publisher]: got segment m3_rotor_link
[robot_state_publisher-3] [INFO] [1784361584.927678583] [robot_state_publisher]: got segment m4_arm_link
[robot_state_publisher-3] [INFO] [1784361584.927682387] [robot_state_publisher]: got segment m4_motor_link
[robot_state_publisher-3] [INFO] [1784361584.927685703] [robot_state_publisher]: got segment m4_rotor_link
[position_controller_node-2] [INFO] [1784361584.928294880] [position_controller_node]: 3D position controller started at 100.0 Hz (source=pose_goal, odom timeout 0.200 s)
[quadrotor_dynamics_node-1] [INFO] [1784361584.930766059] [quadrotor_dynamics_node]: Dynamics started at 200.0 Hz; nominal steady-state hover RPM is 10818.9; ground contact is enabled at z=0.000 m; motor command watchdog is enabled (0.300 s)
[quadrotor_dynamics_node-1] [INFO] [1784361584.930840717] [quadrotor_dynamics_node]: External wrench input is enabled (frame=map, force_limit=2.000 N, timeout=0.200 s, torque_limit=0.000 N*m; torque must be zero)
[position_controller_node-2] [INFO] [1784361584.938420005] [position_controller_node]: position target=[0.000, 0.000, 1.500] current=[0.000, 0.000, 0.000] world_v=[0.000, 0.000, 0.000] a_xy=[0.000, 0.000] thrust=14.307 torque=[0.0000, 0.0000, 0.0000] rpm_pre=[13067.5, 13067.5, 13067.5, 13067.5] rpm=[13067.5, 13067.5, 13067.5, 13067.5] saturation=[horizontal:false altitude:false attitude:false mixer:false] saturated=false
[INFO] [ros2-4]: process started with pid [52169]
[position_controller_node-2] [INFO] [1784361585.938518865] [position_controller_node]: position target=[0.000, 0.000, 1.500] current=[0.000, 0.000, 0.709] world_v=[0.000, 0.000, 0.871] a_xy=[0.000, 0.000] thrust=9.133 torque=[0.0000, 0.0000, 0.0000] rpm_pre=[10440.6, 10440.6, 10440.6, 10440.6] rpm=[10440.6, 10440.6, 10440.6, 10440.6] saturation=[horizontal:false altitude:false attitude:false mixer:false] saturated=false
[ros2-4] publisher: beginning loop
[ros2-4] publishing #1: geometry_msgs.msg.PoseStamped(header=std_msgs.msg.Header(stamp=builtin_interfaces.msg.Time(sec=0, nanosec=0), frame_id='map'), pose=geometry_msgs.msg.Pose(position=geometry_msgs.msg.Point(x=0.0, y=0.0, z=1.5), orientation=geometry_msgs.msg.Quaternion(x=0.0, y=0.0, z=0.0, w=1.0)))
[ros2-4]
[INFO] [ros2-4]: process has finished cleanly [pid 52169]
[position_controller_node-2] [INFO] [1784361586.938737794] [position_controller_node]: position target=[0.000, 0.000, 1.500] current=[0.000, 0.000, 1.263] world_v=[0.000, 0.000, 0.301] a_xy=[0.000, 0.000] thrust=9.464 torque=[0.0000, 0.0000, 0.0000] rpm_pre=[10628.2, 10628.2, 10628.2, 10628.2] rpm=[10628.2, 10628.2, 10628.2, 10628.2] saturation=[horizontal:false altitude:false attitude:false mixer:false] saturated=false
[position_controller_node-2] [INFO] [1784361587.938778345] [position_controller_node]: position target=[0.000, 0.000, 1.500] current=[0.000, 0.000, 1.435] world_v=[0.000, 0.000, 0.085] a_xy=[0.000, 0.000] thrust=9.705 torque=[0.0000, 0.0000, 0.0000] rpm_pre=[10762.9, 10762.9, 10762.9, 10762.9] rpm=[10762.9, 10762.9, 10762.9, 10762.9] saturation=[horizontal:false altitude:false attitude:false mixer:false] saturated=false
[position_controller_node-2] [INFO] [1784361588.938920395] [position_controller_node]: position target=[0.000, 0.000, 1.500] current=[0.000, 0.000, 1.482] world_v=[0.000, 0.000, 0.023] a_xy=[0.000, 0.000] thrust=9.779 torque=[0.0000, 0.0000, 0.0000] rpm_pre=[10803.5, 10803.5, 10803.5, 10803.5] rpm=[10803.5, 10803.5, 10803.5, 10803.5] saturation=[horizontal:false altitude:false attitude:false mixer:false] saturated=false
[position_controller_node-2] [INFO] [1784361589.939031121] [position_controller_node]: position target=[0.000, 0.000, 1.500] current=[0.000, 0.000, 1.495] world_v=[0.000, 0.000, 0.006] a_xy=[0.000, 0.000] thrust=9.799 torque=[0.0000, 0.0000, 0.0000] rpm_pre=[10814.7, 10814.7, 10814.7, 10814.7] rpm=[10814.7, 10814.7, 10814.7, 10814.7] saturation=[horizontal:false altitude:false attitude:false mixer:false] saturated=false
[position_controller_node-2] [INFO] [1784361590.939082555] [position_controller_node]: position target=[0.000, 0.000, 1.500] current=[0.006, 0.000, 1.499] world_v=[0.056, 0.000, 0.002] a_xy=[-0.069, -0.000] thrust=9.805 torque=[0.0000, -0.0018, -0.0000] rpm_pre=[10824.7, 10810.9, 10810.9, 10824.7] rpm=[10824.7, 10810.9, 10810.9, 10824.7] saturation=[horizontal:false altitude:false attitude:false mixer:false] saturated=false
[position_controller_node-2] [INFO] [1784361591.939226091] [position_controller_node]: position target=[0.000, 0.000, 1.500] current=[0.143, 0.000, 1.500] world_v=[0.181, 0.000, 0.000] a_xy=[-0.284, -0.000] thrust=9.810 torque=[0.0000, 0.0000, -0.0000] rpm_pre=[10820.7, 10821.0, 10821.0, 10820.7] rpm=[10820.7, 10821.0, 10821.0, 10820.7] saturation=[horizontal:false altitude:false attitude:false mixer:false] saturated=false
[position_controller_node-2] [INFO] [1784361592.939400661] [position_controller_node]: position target=[0.000, 0.000, 1.500] current=[0.319, 0.000, 1.500] world_v=[0.157, 0.000, 0.000] a_xy=[-0.361, -0.000] thrust=9.813 torque=[0.0000, 0.0001, -0.0000] rpm_pre=[10822.1, 10822.9, 10822.9, 10822.1] rpm=[10822.1, 10822.9, 10822.9, 10822.1] saturation=[horizontal:false altitude:false attitude:false mixer:false] saturated=false
[position_controller_node-2] [INFO] [1784361593.939483464] [position_controller_node]: position target=[0.000, 0.000, 1.500] current=[0.441, 0.000, 1.500] world_v=[0.084, -0.000, 0.000] a_xy=[-0.380, 0.000] thrust=9.814 torque=[0.0000, 0.0000, -0.0000] rpm_pre=[10822.8, 10823.2, 10823.2, 10822.8] rpm=[10822.8, 10823.2, 10823.2, 10822.8] saturation=[horizontal:false altitude:false attitude:false mixer:false] saturated=false
[position_controller_node-2] [INFO] [1784361594.939757310] [position_controller_node]: position target=[0.000, 0.000, 1.500] current=[0.485, 0.000, 1.500] world_v=[0.005, 0.000, 0.000] a_xy=[-0.373, -0.000] thrust=9.814 torque=[0.0000, 0.0000, 0.0000] rpm_pre=[10822.7, 10823.0, 10823.0, 10822.7] rpm=[10822.7, 10823.0, 10823.0, 10822.7] saturation=[horizontal:false altitude:false attitude:false mixer:false] saturated=false
[position_controller_node-2] [INFO] [1784361595.939777619] [position_controller_node]: position target=[0.000, 0.000, 1.500] current=[0.455, 0.000, 1.500] world_v=[-0.061, -0.000, 0.000] a_xy=[-0.354, -0.000] thrust=9.813 torque=[-0.0000, 0.0000, -0.0000] rpm_pre=[10822.4, 10822.6, 10822.6, 10822.4] rpm=[10822.4, 10822.6, 10822.6, 10822.4] saturation=[horizontal:false altitude:false attitude:false mixer:false] saturated=false
[position_controller_node-2] [INFO] [1784361596.939792337] [position_controller_node]: position target=[0.000, 0.000, 1.500] current=[0.370, -0.000, 1.500] world_v=[-0.104, -0.000, 0.000] a_xy=[-0.330, 0.000] thrust=9.812 torque=[0.0000, 0.0000, -0.0000] rpm_pre=[10821.9, 10822.1, 10822.1, 10821.9] rpm=[10821.9, 10822.1, 10822.1, 10821.9] saturation=[horizontal:false altitude:false attitude:false mixer:false] saturated=false
[position_controller_node-2] [INFO] [1784361597.939899060] [position_controller_node]: position target=[0.000, 0.000, 1.500] current=[0.254, -0.000, 1.500] world_v=[-0.124, -0.000, 0.000] a_xy=[-0.303, 0.000] thrust=9.811 torque=[-0.0000, 0.0009, 0.0000] rpm_pre=[10818.0, 10825.3, 10825.3, 10818.0] rpm=[10818.0, 10825.3, 10825.3, 10818.0] saturation=[horizontal:false altitude:false attitude:false mixer:false] saturated=false
[position_controller_node-2] [INFO] [1784361598.940049133] [position_controller_node]: position target=[0.000, 0.000, 1.500] current=[0.135, -0.000, 1.500] world_v=[-0.110, -0.000, -0.000] a_xy=[-0.273, 0.000] thrust=9.810 torque=[-0.0000, -0.0001, 0.0000] rpm_pre=[10821.5, 10820.6, 10820.6, 10821.5] rpm=[10821.5, 10820.6, 10820.6, 10821.5] saturation=[horizontal:false altitude:false attitude:false mixer:false] saturated=false
[position_controller_node-2] [INFO] [1784361599.940177046] [position_controller_node]: position target=[0.000, 0.000, 1.500] current=[0.040, -0.000, 1.500] world_v=[-0.079, -0.000, -0.000] a_xy=[-0.271, 0.000] thrust=9.810 torque=[0.0000, -0.0000, -0.0000] rpm_pre=[10821.1, 10820.9, 10820.9, 10821.1] rpm=[10821.1, 10820.9, 10820.9, 10821.1] saturation=[horizontal:false altitude:false attitude:false mixer:false] saturated=false
[position_controller_node-2] [INFO] [1784361600.940277067] [position_controller_node]: position target=[0.000, 0.000, 1.500] current=[-0.026, -0.000, 1.500] world_v=[-0.075, 0.000, 0.000] a_xy=[-0.043, -0.000] thrust=9.807 torque=[0.0000, 0.0050, -0.0000] rpm_pre=[10799.4, 10838.5, 10838.5, 10799.4] rpm=[10799.4, 10838.5, 10838.5, 10799.4] saturation=[horizontal:false altitude:false attitude:false mixer:false] saturated=false
[position_controller_node-2] [INFO] [1784361601.940378852] [position_controller_node]: position target=[0.000, 0.000, 1.500] current=[-0.095, 0.000, 1.500] world_v=[-0.040, 0.000, -0.000] a_xy=[0.067, -0.000] thrust=9.807 torque=[-0.0000, -0.0007, -0.0000] rpm_pre=[10821.6, 10816.6, 10816.6, 10821.6] rpm=[10821.6, 10816.6, 10816.6, 10821.6] saturation=[horizontal:false altitude:false attitude:false mixer:false] saturated=false
[position_controller_node-2] [INFO] [1784361602.940587839] [position_controller_node]: position target=[0.000, 0.000, 1.500] current=[-0.106, 0.000, 1.500] world_v=[0.011, -0.000, -0.000] a_xy=[0.027, 0.000] thrust=9.807 torque=[-0.0000, 0.0000, 0.0000] rpm_pre=[10818.9, 10819.1, 10819.1, 10818.9] rpm=[10818.9, 10819.1, 10819.1, 10818.9] saturation=[horizontal:false altitude:false attitude:false mixer:false] saturated=false
[position_controller_node-2] [INFO] [1784361603.940706090] [position_controller_node]: position target=[0.000, 0.000, 1.500] current=[-0.085, 0.000, 1.500] world_v=[0.026, -0.000, -0.000] a_xy=[0.003, 0.000] thrust=9.807 torque=[0.0000, 0.0000, -0.0000] rpm_pre=[10818.9, 10819.0, 10819.0, 10818.9] rpm=[10818.9, 10819.0, 10819.0, 10818.9] saturation=[horizontal:false altitude:false attitude:false mixer:false] saturated=false
[position_controller_node-2] [INFO] [1784361604.940936942] [position_controller_node]: position target=[0.000, 0.000, 1.500] current=[-0.060, 0.000, 1.500] world_v=[0.024, 0.000, -0.000] a_xy=[-0.005, -0.000] thrust=9.807 torque=[-0.0000, 0.0000, 0.0000] rpm_pre=[10818.9, 10819.0, 10819.0, 10818.9] rpm=[10818.9, 10819.0, 10819.0, 10818.9] saturation=[horizontal:false altitude:false attitude:false mixer:false] saturated=false
[position_controller_node-2] [INFO] [1784361605.950825945] [position_controller_node]: position target=[0.000, 0.000, 1.500] current=[-0.038, 0.000, 1.500] world_v=[0.018, 0.000, -0.000] a_xy=[-0.006, -0.000] thrust=9.807 torque=[0.0000, 0.0000, 0.0000] rpm_pre=[10818.9, 10819.0, 10819.0, 10818.9] rpm=[10818.9, 10819.0, 10819.0, 10818.9] saturation=[horizontal:false altitude:false attitude:false mixer:false] saturated=false
[position_controller_node-2] [INFO] [1784361606.950979340] [position_controller_node]: position target=[0.000, 0.000, 1.500] current=[-0.023, 0.000, 1.500] world_v=[0.012, -0.000, -0.000] a_xy=[-0.005, 0.000] thrust=9.807 torque=[0.0000, 0.0000, 0.0000] rpm_pre=[10818.9, 10819.0, 10819.0, 10818.9] rpm=[10818.9, 10819.0, 10819.0, 10818.9] saturation=[horizontal:false altitude:false attitude:false mixer:false] saturated=false
[position_controller_node-2] [INFO] [1784361607.951048362] [position_controller_node]: position target=[0.000, 0.000, 1.500] current=[-0.014, 0.000, 1.500] world_v=[0.007, 0.000, -0.000] a_xy=[-0.003, -0.000] thrust=9.807 torque=[-0.0000, 0.0000, 0.0000] rpm_pre=[10818.9, 10819.0, 10819.0, 10818.9] rpm=[10818.9, 10819.0, 10819.0, 10818.9] saturation=[horizontal:false altitude:false attitude:false mixer:false] saturated=false
[position_controller_node-2] [INFO] [1784361608.951185876] [position_controller_node]: position target=[0.000, 0.000, 1.500] current=[-0.008, 0.000, 1.500] world_v=[0.004, 0.000, -0.000] a_xy=[-0.002, -0.000] thrust=9.807 torque=[-0.0000, 0.0000, 0.0000] rpm_pre=[10818.9, 10818.9, 10818.9, 10818.9] rpm=[10818.9, 10818.9, 10818.9, 10818.9] saturation=[horizontal:false altitude:false attitude:false mixer:false] saturated=false
[position_controller_node-2] [INFO] [1784361609.951308319] [position_controller_node]: position target=[0.000, 0.000, 1.500] current=[-0.004, 0.000, 1.500] world_v=[0.003, 0.000, -0.000] a_xy=[-0.001, -0.000] thrust=9.807 torque=[-0.0000, 0.0000, -0.0000] rpm_pre=[10818.9, 10818.9, 10818.9, 10818.9] rpm=[10818.9, 10818.9, 10818.9, 10818.9] saturation=[horizontal:false altitude:false attitude:false mixer:false] saturated=false
[WARNING] [launch]: user interrupted with ctrl-c (SIGINT)
[INFO] [robot_state_publisher-3]: sending signal 'SIGINT' to process[robot_state_publisher-3]
[INFO] [position_controller_node-2]: sending signal 'SIGINT' to process[position_controller_node-2]
[INFO] [quadrotor_dynamics_node-1]: sending signal 'SIGINT' to process[quadrotor_dynamics_node-1]
[robot_state_publisher-3] [INFO] [1784361610.767027556] [rclcpp]: signal_handler(SIGINT/SIGTERM)
[quadrotor_dynamics_node-1] [INFO] [1784361610.767044168] [rclcpp]: signal_handler(SIGINT/SIGTERM)
[position_controller_node-2] [INFO] [1784361610.767423612] [rclcpp]: signal_handler(SIGINT/SIGTERM)
[robot_state_publisher-3] [INFO] [1784361610.771362574] [rclcpp]: signal_handler(SIGINT/SIGTERM)
[position_controller_node-2] [INFO] [1784361610.772539538] [rclcpp]: signal_handler(SIGINT/SIGTERM)
[quadrotor_dynamics_node-1] [INFO] [1784361610.773661423] [rclcpp]: signal_handler(SIGINT/SIGTERM)
[INFO] [quadrotor_dynamics_node-1]: process has finished cleanly [pid 52133]
[INFO] [position_controller_node-2]: process has finished cleanly [pid 52135]
[INFO] [robot_state_publisher-3]: process has finished cleanly [pid 52137]
