[INFO] [launch]: All log files can be found below /home/peter/.ros/log/2026-07-18-12-50-23-979801-peter-acer-41159
[INFO] [launch]: Default logging verbosity is set to INFO
[INFO] [quadrotor_dynamics_node-1]: process started with pid [41171]
[INFO] [position_controller_node-2]: process started with pid [41173]
[INFO] [robot_state_publisher-3]: process started with pid [41175]
[position_controller_node-2] [INFO] [1784350224.077275207] [position_controller_node]: 3D position controller started at 100.0 Hz (source=pose_goal, odom timeout 0.200 s)
[robot_state_publisher-3] [INFO] [1784350224.077728959] [robot_state_publisher]: got segment base_link
[robot_state_publisher-3] [INFO] [1784350224.077781237] [robot_state_publisher]: got segment front_marker_link
[robot_state_publisher-3] [INFO] [1784350224.077785721] [robot_state_publisher]: got segment m1_arm_link
[robot_state_publisher-3] [INFO] [1784350224.077788396] [robot_state_publisher]: got segment m1_motor_link
[robot_state_publisher-3] [INFO] [1784350224.077791164] [robot_state_publisher]: got segment m1_rotor_link
[robot_state_publisher-3] [INFO] [1784350224.077793664] [robot_state_publisher]: got segment m2_arm_link
[robot_state_publisher-3] [INFO] [1784350224.077796083] [robot_state_publisher]: got segment m2_motor_link
[robot_state_publisher-3] [INFO] [1784350224.077798482] [robot_state_publisher]: got segment m2_rotor_link
[robot_state_publisher-3] [INFO] [1784350224.077800849] [robot_state_publisher]: got segment m3_arm_link
[robot_state_publisher-3] [INFO] [1784350224.077803255] [robot_state_publisher]: got segment m3_motor_link
[robot_state_publisher-3] [INFO] [1784350224.077805716] [robot_state_publisher]: got segment m3_rotor_link
[robot_state_publisher-3] [INFO] [1784350224.077808070] [robot_state_publisher]: got segment m4_arm_link
[robot_state_publisher-3] [INFO] [1784350224.077810395] [robot_state_publisher]: got segment m4_motor_link
[robot_state_publisher-3] [INFO] [1784350224.077812857] [robot_state_publisher]: got segment m4_rotor_link
[quadrotor_dynamics_node-1] [INFO] [1784350224.085516498] [quadrotor_dynamics_node]: Dynamics started at 200.0 Hz; nominal steady-state hover RPM is 10818.9; ground contact is enabled at z=0.000 m; motor command watchdog is enabled (0.300 s)
[quadrotor_dynamics_node-1] [INFO] [1784350224.085622183] [quadrotor_dynamics_node]: External wrench input is enabled (frame=map, force_limit=2.000 N, timeout=0.200 s, torque_limit=0.000 N*m; torque must be zero)
[position_controller_node-2] [WARN] [1784350224.087405394] [position_controller_node]: Waiting for /drone/odom; RPM=0
[position_controller_node-2] [INFO] [1784350224.097434203] [position_controller_node]: position target=[0.000, 0.000, 1.500] current=[0.000, 0.000, 0.000] world_v=[0.000, 0.000, 0.000] a_xy=[0.000, 0.000] thrust=14.307 torque=[0.0000, 0.0000, 0.0000] rpm_pre=[13067.5, 13067.5, 13067.5, 13067.5] rpm=[13067.5, 13067.5, 13067.5, 13067.5] saturation=[horizontal:false altitude:false attitude:false mixer:false] saturated=false
[INFO] [ros2-4]: process started with pid [41207]
[position_controller_node-2] [INFO] [1784350225.097465603] [position_controller_node]: position target=[0.000, 0.000, 1.500] current=[0.000, 0.000, 0.709] world_v=[0.000, 0.000, 0.871] a_xy=[0.000, 0.000] thrust=9.133 torque=[0.0000, 0.0000, 0.0000] rpm_pre=[10440.6, 10440.6, 10440.6, 10440.6] rpm=[10440.6, 10440.6, 10440.6, 10440.6] saturation=[horizontal:false altitude:false attitude:false mixer:false] saturated=false
[ros2-4] publisher: beginning loop
[ros2-4] publishing #1: geometry_msgs.msg.PoseStamped(header=std_msgs.msg.Header(stamp=builtin_interfaces.msg.Time(sec=0, nanosec=0), frame_id='map'), pose=geometry_msgs.msg.Pose(position=geometry_msgs.msg.Point(x=0.0, y=0.0, z=1.5), orientation=geometry_msgs.msg.Quaternion(x=0.0, y=0.0, z=0.0, w=1.0)))
[ros2-4] 
[INFO] [ros2-4]: process has finished cleanly [pid 41207]
[position_controller_node-2] [INFO] [1784350226.107492367] [position_controller_node]: position target=[0.000, 0.000, 1.500] current=[0.000, 0.000, 1.266] world_v=[0.000, 0.000, 0.297] a_xy=[0.000, 0.000] thrust=9.468 torque=[0.0000, 0.0000, 0.0000] rpm_pre=[10630.4, 10630.4, 10630.4, 10630.4] rpm=[10630.4, 10630.4, 10630.4, 10630.4] saturation=[horizontal:false altitude:false attitude:false mixer:false] saturated=false
[position_controller_node-2] [INFO] [1784350227.117464410] [position_controller_node]: position target=[0.000, 0.000, 1.500] current=[0.000, 0.000, 1.436] world_v=[0.000, 0.000, 0.083] a_xy=[0.000, 0.000] thrust=9.708 torque=[0.0000, 0.0000, 0.0000] rpm_pre=[10764.3, 10764.3, 10764.3, 10764.3] rpm=[10764.3, 10764.3, 10764.3, 10764.3] saturation=[horizontal:false altitude:false attitude:false mixer:false] saturated=false
[position_controller_node-2] [INFO] [1784350228.117476286] [position_controller_node]: position target=[0.000, 0.000, 1.500] current=[0.000, 0.000, 1.483] world_v=[0.000, 0.000, 0.023] a_xy=[0.000, 0.000] thrust=9.779 torque=[0.0000, 0.0000, 0.0000] rpm_pre=[10803.9, 10803.9, 10803.9, 10803.9] rpm=[10803.9, 10803.9, 10803.9, 10803.9] saturation=[horizontal:false altitude:false attitude:false mixer:false] saturated=false
[position_controller_node-2] [INFO] [1784350229.117499235] [position_controller_node]: position target=[0.000, 0.000, 1.500] current=[0.000, 0.000, 1.495] world_v=[0.000, 0.000, 0.006] a_xy=[0.000, 0.000] thrust=9.799 torque=[0.0000, 0.0000, 0.0000] rpm_pre=[10814.8, 10814.8, 10814.8, 10814.8] rpm=[10814.8, 10814.8, 10814.8, 10814.8] saturation=[horizontal:false altitude:false attitude:false mixer:false] saturated=false
[position_controller_node-2] [INFO] [1784350230.117547893] [position_controller_node]: position target=[0.000, 0.000, 1.500] current=[0.018, -0.000, 1.499] world_v=[0.163, -0.000, 0.002] a_xy=[-0.203, 0.000] thrust=9.805 torque=[-0.0000, 0.0013, 0.0000] rpm_pre=[10813.2, 10823.1, 10823.1, 10813.2] rpm=[10813.2, 10823.1, 10823.1, 10813.2] saturation=[horizontal:false altitude:false attitude:false mixer:false] saturated=false
[position_controller_node-2] [INFO] [1784350231.117565269] [position_controller_node]: position target=[0.000, 0.000, 1.500] current=[0.392, -0.000, 1.499] world_v=[0.483, -0.000, 0.000] a_xy=[-0.764, 0.000] thrust=9.835 torque=[-0.0000, -0.0003, -0.0000] rpm_pre=[10836.0, 10833.5, 10833.5, 10836.0] rpm=[10836.0, 10833.5, 10833.5, 10836.0] saturation=[horizontal:false altitude:false attitude:false mixer:false] saturated=false
[position_controller_node-2] [INFO] [1784350232.117588032] [position_controller_node]: position target=[0.000, 0.000, 1.500] current=[0.861, -0.000, 1.500] world_v=[0.318, -0.000, 0.000] a_xy=[-0.708, 0.000] thrust=9.838 torque=[-0.0000, 0.0185, -0.0000] rpm_pre=[10763.7, 10908.1, 10908.1, 10763.7] rpm=[10763.7, 10908.1, 10908.1, 10763.7] saturation=[horizontal:false altitude:false attitude:false mixer:false] saturated=false
[position_controller_node-2] [INFO] [1784350233.117596970] [position_controller_node]: position target=[0.000, 0.000, 1.500] current=[0.901, -0.000, 1.500] world_v=[-0.142, 0.000, 0.000] a_xy=[-0.188, 0.000] thrust=9.808 torque=[0.0000, -0.0015, 0.0000] rpm_pre=[10825.5, 10813.8, 10813.8, 10825.5] rpm=[10825.5, 10813.8, 10813.8, 10825.5] saturation=[horizontal:false altitude:false attitude:false mixer:false] saturated=false
[position_controller_node-2] [INFO] [1784350234.127603447] [position_controller_node]: position target=[0.000, 0.000, 1.500] current=[0.693, -0.000, 1.500] world_v=[-0.233, 0.000, -0.000] a_xy=[0.003, 0.000] thrust=9.807 torque=[-0.0000, -0.0001, -0.0000] rpm_pre=[10819.5, 10818.4, 10818.4, 10819.5] rpm=[10819.5, 10818.4, 10818.4, 10819.5] saturation=[horizontal:false altitude:false attitude:false mixer:false] saturated=false
[position_controller_node-2] [INFO] [1784350235.127611091] [position_controller_node]: position target=[0.000, 0.000, 1.500] current=[0.471, -0.000, 1.500] world_v=[-0.201, -0.000, -0.000] a_xy=[0.043, 0.000] thrust=9.807 torque=[-0.0000, -0.0014, 0.0000] rpm_pre=[10824.5, 10813.6, 10813.6, 10824.5] rpm=[10824.5, 10813.6, 10813.6, 10824.5] saturation=[horizontal:false altitude:false attitude:false mixer:false] saturated=false
[position_controller_node-2] [INFO] [1784350236.127638959] [position_controller_node]: position target=[0.000, 0.000, 1.500] current=[0.288, -0.000, 1.500] world_v=[-0.169, 0.000, -0.000] a_xy=[0.021, 0.000] thrust=9.807 torque=[0.0000, 0.0001, 0.0000] rpm_pre=[10818.5, 10819.4, 10819.4, 10818.5] rpm=[10818.5, 10819.4, 10819.4, 10818.5] saturation=[horizontal:false altitude:false attitude:false mixer:false] saturated=false
[position_controller_node-2] [INFO] [1784350237.127715012] [position_controller_node]: position target=[0.000, 0.000, 1.500] current=[0.131, -0.000, 1.500] world_v=[-0.146, 0.000, -0.000] a_xy=[0.025, -0.000] thrust=9.807 torque=[-0.0000, 0.0000, -0.0000] rpm_pre=[10818.9, 10819.0, 10819.0, 10818.9] rpm=[10818.9, 10819.0, 10819.0, 10818.9] saturation=[horizontal:false altitude:false attitude:false mixer:false] saturated=false
[position_controller_node-2] [INFO] [1784350238.137688285] [position_controller_node]: position target=[0.000, 0.000, 1.500] current=[-0.002, -0.000, 1.500] world_v=[-0.116, 0.000, -0.000] a_xy=[0.037, 0.000] thrust=9.807 torque=[0.0000, 0.0017, -0.0000] rpm_pre=[10812.3, 10825.6, 10825.6, 10812.3] rpm=[10812.3, 10825.6, 10825.6, 10812.3] saturation=[horizontal:false altitude:false attitude:false mixer:false] saturated=false
[position_controller_node-2] [INFO] [1784350239.137801961] [position_controller_node]: position target=[0.000, 0.000, 1.500] current=[-0.085, 0.000, 1.500] world_v=[-0.042, 0.000, 0.000] a_xy=[0.075, -0.000] thrust=9.807 torque=[0.0000, -0.0005, -0.0000] rpm_pre=[10821.0, 10817.2, 10817.2, 10821.0] rpm=[10821.0, 10817.2, 10817.2, 10821.0] saturation=[horizontal:false altitude:false attitude:false mixer:false] saturated=false
[position_controller_node-2] [INFO] [1784350240.147730175] [position_controller_node]: position target=[0.000, 0.000, 1.500] current=[-0.095, 0.000, 1.500] world_v=[0.014, 0.000, 0.000] a_xy=[0.030, -0.000] thrust=9.807 torque=[0.0000, 0.0001, -0.0000] rpm_pre=[10818.7, 10819.2, 10819.2, 10818.7] rpm=[10818.7, 10819.2, 10819.2, 10818.7] saturation=[horizontal:false altitude:false attitude:false mixer:false] saturated=false
[position_controller_node-2] [INFO] [1784350241.157722651] [position_controller_node]: position target=[0.000, 0.000, 1.500] current=[-0.069, 0.000, 1.500] world_v=[0.033, -0.000, -0.000] a_xy=[0.009, -0.000] thrust=9.807 torque=[-0.0000, 0.0000, -0.0000] rpm_pre=[10818.9, 10819.0, 10819.0, 10818.9] rpm=[10818.9, 10819.0, 10819.0, 10818.9] saturation=[horizontal:false altitude:false attitude:false mixer:false] saturated=false
[WARNING] [launch]: user interrupted with ctrl-c (SIGINT)
[INFO] [robot_state_publisher-3]: sending signal 'SIGINT' to process[robot_state_publisher-3]
[INFO] [position_controller_node-2]: sending signal 'SIGINT' to process[position_controller_node-2]
[INFO] [quadrotor_dynamics_node-1]: sending signal 'SIGINT' to process[quadrotor_dynamics_node-1]
[position_controller_node-2] [INFO] [1784350241.921825989] [rclcpp]: signal_handler(SIGINT/SIGTERM)
[robot_state_publisher-3] [INFO] [1784350241.921822860] [rclcpp]: signal_handler(SIGINT/SIGTERM)
[quadrotor_dynamics_node-1] [INFO] [1784350241.921824973] [rclcpp]: signal_handler(SIGINT/SIGTERM)
[robot_state_publisher-3] [INFO] [1784350241.926429255] [rclcpp]: signal_handler(SIGINT/SIGTERM)
[position_controller_node-2] [INFO] [1784350241.927547104] [rclcpp]: signal_handler(SIGINT/SIGTERM)
[ERROR] [quadrotor_dynamics_node-1]: process has died [pid 41171, exit code -2, cmd '/home/peter/ros2_drone_sim/install/drone_dynamics/lib/drone_dynamics/quadrotor_dynamics_node --ros-args -r __node:=quadrotor_dynamics_node --params-file /tmp/horizontal-integral-qnkrsnod/kaw_2p0_force_0p8/dynamics.yaml --params-file /tmp/launch_params_ju4vl6hj'].
[INFO] [position_controller_node-2]: process has finished cleanly [pid 41173]
[INFO] [robot_state_publisher-3]: process has finished cleanly [pid 41175]
