[INFO] [launch]: All log files can be found below /home/peter/.ros/log/2026-07-18-13-05-19-121896-peter-acer-44304
[INFO] [launch]: Default logging verbosity is set to INFO
[INFO] [quadrotor_dynamics_node-1]: process started with pid [44316]
[INFO] [position_controller_node-2]: process started with pid [44318]
[INFO] [robot_state_publisher-3]: process started with pid [44320]
[position_controller_node-2] [INFO] [1784351119.216678689] [position_controller_node]: 3D position controller started at 100.0 Hz (source=pose_goal, odom timeout 0.200 s)
[robot_state_publisher-3] [INFO] [1784351119.218932871] [robot_state_publisher]: got segment base_link
[robot_state_publisher-3] [INFO] [1784351119.219000165] [robot_state_publisher]: got segment front_marker_link
[robot_state_publisher-3] [INFO] [1784351119.219008487] [robot_state_publisher]: got segment m1_arm_link
[robot_state_publisher-3] [INFO] [1784351119.219013224] [robot_state_publisher]: got segment m1_motor_link
[robot_state_publisher-3] [INFO] [1784351119.219018041] [robot_state_publisher]: got segment m1_rotor_link
[robot_state_publisher-3] [INFO] [1784351119.219022120] [robot_state_publisher]: got segment m2_arm_link
[robot_state_publisher-3] [INFO] [1784351119.219026237] [robot_state_publisher]: got segment m2_motor_link
[robot_state_publisher-3] [INFO] [1784351119.219030090] [robot_state_publisher]: got segment m2_rotor_link
[robot_state_publisher-3] [INFO] [1784351119.219034048] [robot_state_publisher]: got segment m3_arm_link
[robot_state_publisher-3] [INFO] [1784351119.219037664] [robot_state_publisher]: got segment m3_motor_link
[robot_state_publisher-3] [INFO] [1784351119.219041740] [robot_state_publisher]: got segment m3_rotor_link
[robot_state_publisher-3] [INFO] [1784351119.219045743] [robot_state_publisher]: got segment m4_arm_link
[robot_state_publisher-3] [INFO] [1784351119.219049719] [robot_state_publisher]: got segment m4_motor_link
[robot_state_publisher-3] [INFO] [1784351119.219053724] [robot_state_publisher]: got segment m4_rotor_link
[quadrotor_dynamics_node-1] [INFO] [1784351119.223713781] [quadrotor_dynamics_node]: Dynamics started at 200.0 Hz; nominal steady-state hover RPM is 11347.0; ground contact is enabled at z=0.000 m; motor command watchdog is enabled (0.300 s)
[quadrotor_dynamics_node-1] [INFO] [1784351119.223772434] [quadrotor_dynamics_node]: External wrench input is enabled (frame=map, force_limit=2.000 N, timeout=0.200 s, torque_limit=0.000 N*m; torque must be zero)
[position_controller_node-2] [WARN] [1784351119.226766337] [position_controller_node]: Waiting for /drone/odom; RPM=0
[position_controller_node-2] [INFO] [1784351119.236810811] [position_controller_node]: position target=[0.000, 0.000, 1.500] current=[0.000, 0.000, 0.000] world_v=[0.000, 0.000, 0.000] a_xy=[0.000, 0.000] thrust=14.307 torque=[0.0000, 0.0000, 0.0000] rpm_pre=[13067.5, 13067.5, 13067.5, 13067.5] rpm=[13067.5, 13067.5, 13067.5, 13067.5] saturation=[horizontal:false altitude:false attitude:false mixer:false] saturated=false
[INFO] [ros2-4]: process started with pid [44352]
[position_controller_node-2] [INFO] [1784351120.246850887] [position_controller_node]: position target=[0.000, 0.000, 1.500] current=[0.000, 0.000, 0.537] world_v=[0.000, 0.000, 0.696] a_xy=[0.000, 0.000] thrust=10.261 torque=[0.0000, 0.0000, 0.0000] rpm_pre=[11066.6, 11066.6, 11066.6, 11066.6] rpm=[11066.6, 11066.6, 11066.6, 11066.6] saturation=[horizontal:false altitude:false attitude:false mixer:false] saturated=false
[ros2-4] publisher: beginning loop
[ros2-4] publishing #1: geometry_msgs.msg.PoseStamped(header=std_msgs.msg.Header(stamp=builtin_interfaces.msg.Time(sec=0, nanosec=0), frame_id='map'), pose=geometry_msgs.msg.Pose(position=geometry_msgs.msg.Point(x=0.0, y=0.0, z=1.5), orientation=geometry_msgs.msg.Quaternion(x=0.0, y=0.0, z=0.0, w=1.0)))
[ros2-4] 
[INFO] [ros2-4]: process has finished cleanly [pid 44352]
[position_controller_node-2] [INFO] [1784351121.246912139] [position_controller_node]: position target=[0.000, 0.000, 1.500] current=[0.000, 0.000, 0.991] world_v=[0.000, 0.000, 0.248] a_xy=[0.000, 0.000] thrust=10.467 torque=[0.0000, 0.0000, 0.0000] rpm_pre=[11177.3, 11177.3, 11177.3, 11177.3] rpm=[11177.3, 11177.3, 11177.3, 11177.3] saturation=[horizontal:false altitude:false attitude:false mixer:false] saturated=false
[position_controller_node-2] [INFO] [1784351122.256871344] [position_controller_node]: position target=[0.000, 0.000, 1.500] current=[0.000, 0.000, 1.129] world_v=[0.000, 0.000, 0.064] a_xy=[0.000, 0.000] thrust=10.696 torque=[0.0000, 0.0000, 0.0000] rpm_pre=[11299.0, 11299.0, 11299.0, 11299.0] rpm=[11299.0, 11299.0, 11299.0, 11299.0] saturation=[horizontal:false altitude:false attitude:false mixer:false] saturated=false
[position_controller_node-2] [INFO] [1784351123.256996374] [position_controller_node]: position target=[0.000, 0.000, 1.500] current=[0.000, 0.000, 1.163] world_v=[0.000, 0.000, 0.015] a_xy=[0.000, 0.000] thrust=10.765 torque=[0.0000, 0.0000, 0.0000] rpm_pre=[11335.2, 11335.2, 11335.2, 11335.2] rpm=[11335.2, 11335.2, 11335.2, 11335.2] saturation=[horizontal:false altitude:false attitude:false mixer:false] saturated=false
[position_controller_node-2] [INFO] [1784351124.266915397] [position_controller_node]: position target=[0.000, 0.000, 1.500] current=[0.000, 0.000, 1.171] world_v=[0.000, 0.000, 0.003] a_xy=[0.000, 0.000] thrust=10.782 torque=[0.0000, 0.0000, 0.0000] rpm_pre=[11344.3, 11344.3, 11344.3, 11344.3] rpm=[11344.3, 11344.3, 11344.3, 11344.3] saturation=[horizontal:false altitude:false attitude:false mixer:false] saturated=false
[position_controller_node-2] [INFO] [1784351125.267089973] [position_controller_node]: position target=[0.000, 0.000, 1.500] current=[0.000, 0.000, 1.173] world_v=[0.000, 0.000, 0.001] a_xy=[0.000, 0.000] thrust=10.786 torque=[0.0000, 0.0000, 0.0000] rpm_pre=[11346.4, 11346.4, 11346.4, 11346.4] rpm=[11346.4, 11346.4, 11346.4, 11346.4] saturation=[horizontal:false altitude:false attitude:false mixer:false] saturated=false
[position_controller_node-2] [INFO] [1784351126.276975319] [position_controller_node]: position target=[0.000, 0.000, 1.500] current=[0.000, 0.000, 1.173] world_v=[0.000, 0.000, 0.000] a_xy=[0.000, 0.000] thrust=10.787 torque=[0.0000, 0.0000, 0.0000] rpm_pre=[11346.9, 11346.9, 11346.9, 11346.9] rpm=[11346.9, 11346.9, 11346.9, 11346.9] saturation=[horizontal:false altitude:false attitude:false mixer:false] saturated=false
[position_controller_node-2] [INFO] [1784351127.287081555] [position_controller_node]: position target=[0.000, 0.000, 1.500] current=[0.000, 0.000, 1.173] world_v=[0.000, 0.000, 0.000] a_xy=[0.000, 0.000] thrust=10.787 torque=[0.0000, 0.0000, 0.0000] rpm_pre=[11347.0, 11347.0, 11347.0, 11347.0] rpm=[11347.0, 11347.0, 11347.0, 11347.0] saturation=[horizontal:false altitude:false attitude:false mixer:false] saturated=false
[position_controller_node-2] [INFO] [1784351128.296991442] [position_controller_node]: position target=[0.000, 0.000, 1.500] current=[0.000, 0.000, 1.173] world_v=[0.000, 0.000, 0.000] a_xy=[0.000, 0.000] thrust=10.787 torque=[0.0000, 0.0000, 0.0000] rpm_pre=[11347.0, 11347.0, 11347.0, 11347.0] rpm=[11347.0, 11347.0, 11347.0, 11347.0] saturation=[horizontal:false altitude:false attitude:false mixer:false] saturated=false
[position_controller_node-2] [INFO] [1784351129.297113873] [position_controller_node]: position target=[0.000, 0.000, 1.500] current=[0.000, 0.000, 1.173] world_v=[0.000, 0.000, 0.000] a_xy=[0.000, 0.000] thrust=10.787 torque=[0.0000, 0.0000, 0.0000] rpm_pre=[11347.0, 11347.0, 11347.0, 11347.0] rpm=[11347.0, 11347.0, 11347.0, 11347.0] saturation=[horizontal:false altitude:false attitude:false mixer:false] saturated=false
[position_controller_node-2] [INFO] [1784351130.297118135] [position_controller_node]: position target=[0.000, 0.000, 1.500] current=[0.000, 0.000, 1.173] world_v=[0.000, 0.000, 0.000] a_xy=[0.000, 0.000] thrust=10.787 torque=[0.0000, 0.0000, 0.0000] rpm_pre=[11347.0, 11347.0, 11347.0, 11347.0] rpm=[11347.0, 11347.0, 11347.0, 11347.0] saturation=[horizontal:false altitude:false attitude:false mixer:false] saturated=false
[position_controller_node-2] [INFO] [1784351131.307061498] [position_controller_node]: position target=[0.000, 0.000, 1.500] current=[0.000, 0.000, 1.173] world_v=[0.000, 0.000, 0.000] a_xy=[0.000, 0.000] thrust=10.787 torque=[0.0000, 0.0000, 0.0000] rpm_pre=[11347.0, 11347.0, 11347.0, 11347.0] rpm=[11347.0, 11347.0, 11347.0, 11347.0] saturation=[horizontal:false altitude:false attitude:false mixer:false] saturated=false
[position_controller_node-2] [INFO] [1784351132.317079295] [position_controller_node]: position target=[0.000, 0.000, 1.500] current=[0.000, 0.000, 1.173] world_v=[0.000, 0.000, 0.000] a_xy=[0.000, 0.000] thrust=10.787 torque=[0.0000, 0.0000, 0.0000] rpm_pre=[11347.0, 11347.0, 11347.0, 11347.0] rpm=[11347.0, 11347.0, 11347.0, 11347.0] saturation=[horizontal:false altitude:false attitude:false mixer:false] saturated=false
[position_controller_node-2] [INFO] [1784351133.317170859] [position_controller_node]: position target=[0.000, 0.000, 1.500] current=[0.000, 0.000, 1.173] world_v=[0.000, 0.000, 0.000] a_xy=[0.000, 0.000] thrust=10.787 torque=[0.0000, 0.0000, 0.0000] rpm_pre=[11347.0, 11347.0, 11347.0, 11347.0] rpm=[11347.0, 11347.0, 11347.0, 11347.0] saturation=[horizontal:false altitude:false attitude:false mixer:false] saturated=false
[position_controller_node-2] [INFO] [1784351134.327095383] [position_controller_node]: position target=[0.000, 0.000, 1.500] current=[0.000, 0.000, 1.173] world_v=[0.000, 0.000, 0.000] a_xy=[0.000, 0.000] thrust=10.787 torque=[0.0000, 0.0000, 0.0000] rpm_pre=[11347.0, 11347.0, 11347.0, 11347.0] rpm=[11347.0, 11347.0, 11347.0, 11347.0] saturation=[horizontal:false altitude:false attitude:false mixer:false] saturated=false
[position_controller_node-2] [INFO] [1784351135.327173740] [position_controller_node]: position target=[0.000, 0.000, 1.500] current=[0.000, 0.000, 1.173] world_v=[0.000, 0.000, 0.000] a_xy=[0.000, 0.000] thrust=10.787 torque=[0.0000, 0.0000, 0.0000] rpm_pre=[11347.0, 11347.0, 11347.0, 11347.0] rpm=[11347.0, 11347.0, 11347.0, 11347.0] saturation=[horizontal:false altitude:false attitude:false mixer:false] saturated=false
[position_controller_node-2] [INFO] [1784351136.327174430] [position_controller_node]: position target=[0.000, 0.000, 1.500] current=[0.000, 0.000, 1.173] world_v=[0.000, 0.000, 0.000] a_xy=[0.000, 0.000] thrust=10.787 torque=[0.0000, 0.0000, 0.0000] rpm_pre=[11347.0, 11347.0, 11347.0, 11347.0] rpm=[11347.0, 11347.0, 11347.0, 11347.0] saturation=[horizontal:false altitude:false attitude:false mixer:false] saturated=false
[position_controller_node-2] [INFO] [1784351137.327210348] [position_controller_node]: position target=[0.000, 0.000, 1.500] current=[0.000, 0.000, 1.173] world_v=[0.000, 0.000, 0.000] a_xy=[0.000, 0.000] thrust=10.787 torque=[0.0000, 0.0000, 0.0000] rpm_pre=[11347.0, 11347.0, 11347.0, 11347.0] rpm=[11347.0, 11347.0, 11347.0, 11347.0] saturation=[horizontal:false altitude:false attitude:false mixer:false] saturated=false
[position_controller_node-2] [INFO] [1784351138.327231415] [position_controller_node]: position target=[0.000, 0.000, 1.500] current=[0.000, 0.000, 1.173] world_v=[0.000, 0.000, 0.000] a_xy=[0.000, 0.000] thrust=10.787 torque=[0.0000, 0.0000, 0.0000] rpm_pre=[11347.0, 11347.0, 11347.0, 11347.0] rpm=[11347.0, 11347.0, 11347.0, 11347.0] saturation=[horizontal:false altitude:false attitude:false mixer:false] saturated=false
[position_controller_node-2] [INFO] [1784351139.337211706] [position_controller_node]: position target=[0.000, 0.000, 1.500] current=[0.000, 0.000, 1.173] world_v=[0.000, 0.000, 0.000] a_xy=[0.000, 0.000] thrust=10.787 torque=[0.0000, 0.0000, 0.0000] rpm_pre=[11347.0, 11347.0, 11347.0, 11347.0] rpm=[11347.0, 11347.0, 11347.0, 11347.0] saturation=[horizontal:false altitude:false attitude:false mixer:false] saturated=false
[position_controller_node-2] [INFO] [1784351140.337259444] [position_controller_node]: position target=[0.000, 0.000, 1.500] current=[0.000, 0.000, 1.173] world_v=[0.000, 0.000, 0.000] a_xy=[0.000, 0.000] thrust=10.787 torque=[0.0000, 0.0000, 0.0000] rpm_pre=[11347.0, 11347.0, 11347.0, 11347.0] rpm=[11347.0, 11347.0, 11347.0, 11347.0] saturation=[horizontal:false altitude:false attitude:false mixer:false] saturated=false
[position_controller_node-2] [INFO] [1784351141.337262121] [position_controller_node]: position target=[0.000, 0.000, 1.500] current=[0.000, 0.000, 1.173] world_v=[0.000, 0.000, 0.000] a_xy=[0.000, 0.000] thrust=10.787 torque=[0.0000, 0.0000, 0.0000] rpm_pre=[11347.0, 11347.0, 11347.0, 11347.0] rpm=[11347.0, 11347.0, 11347.0, 11347.0] saturation=[horizontal:false altitude:false attitude:false mixer:false] saturated=false
[position_controller_node-2] [INFO] [1784351142.337287000] [position_controller_node]: position target=[0.000, 0.000, 1.500] current=[0.000, 0.000, 1.173] world_v=[0.000, 0.000, 0.000] a_xy=[0.000, 0.000] thrust=10.787 torque=[0.0000, 0.0000, 0.0000] rpm_pre=[11347.0, 11347.0, 11347.0, 11347.0] rpm=[11347.0, 11347.0, 11347.0, 11347.0] saturation=[horizontal:false altitude:false attitude:false mixer:false] saturated=false
[position_controller_node-2] [INFO] [1784351143.337303069] [position_controller_node]: position target=[0.000, 0.000, 1.500] current=[0.000, 0.000, 1.173] world_v=[0.000, 0.000, 0.000] a_xy=[0.000, 0.000] thrust=10.787 torque=[0.0000, 0.0000, 0.0000] rpm_pre=[11347.0, 11347.0, 11347.0, 11347.0] rpm=[11347.0, 11347.0, 11347.0, 11347.0] saturation=[horizontal:false altitude:false attitude:false mixer:false] saturated=false
[position_controller_node-2] [INFO] [1784351144.337324427] [position_controller_node]: position target=[0.000, 0.000, 1.500] current=[0.000, 0.000, 1.173] world_v=[0.000, 0.000, 0.000] a_xy=[0.000, 0.000] thrust=10.787 torque=[0.0000, 0.0000, 0.0000] rpm_pre=[11347.0, 11347.0, 11347.0, 11347.0] rpm=[11347.0, 11347.0, 11347.0, 11347.0] saturation=[horizontal:false altitude:false attitude:false mixer:false] saturated=false
[position_controller_node-2] [INFO] [1784351145.347305623] [position_controller_node]: position target=[0.000, 0.000, 1.500] current=[0.000, 0.000, 1.173] world_v=[0.000, 0.000, 0.000] a_xy=[0.000, 0.000] thrust=10.787 torque=[0.0000, 0.0000, 0.0000] rpm_pre=[11347.0, 11347.0, 11347.0, 11347.0] rpm=[11347.0, 11347.0, 11347.0, 11347.0] saturation=[horizontal:false altitude:false attitude:false mixer:false] saturated=false
[position_controller_node-2] [INFO] [1784351146.347442698] [position_controller_node]: position target=[0.000, 0.000, 1.500] current=[0.000, 0.000, 1.173] world_v=[0.000, 0.000, 0.000] a_xy=[0.000, 0.000] thrust=10.787 torque=[0.0000, 0.0000, 0.0000] rpm_pre=[11347.0, 11347.0, 11347.0, 11347.0] rpm=[11347.0, 11347.0, 11347.0, 11347.0] saturation=[horizontal:false altitude:false attitude:false mixer:false] saturated=false
[WARNING] [launch]: user interrupted with ctrl-c (SIGINT)
[position_controller_node-2] [INFO] [1784351147.065971323] [rclcpp]: signal_handler(SIGINT/SIGTERM)
[INFO] [robot_state_publisher-3]: sending signal 'SIGINT' to process[robot_state_publisher-3]
[INFO] [position_controller_node-2]: sending signal 'SIGINT' to process[position_controller_node-2]
[INFO] [quadrotor_dynamics_node-1]: sending signal 'SIGINT' to process[quadrotor_dynamics_node-1]
[quadrotor_dynamics_node-1] [INFO] [1784351147.066061601] [rclcpp]: signal_handler(SIGINT/SIGTERM)
[robot_state_publisher-3] [INFO] [1784351147.066056150] [rclcpp]: signal_handler(SIGINT/SIGTERM)
[robot_state_publisher-3] [INFO] [1784351147.070727467] [rclcpp]: signal_handler(SIGINT/SIGTERM)
[ERROR] [position_controller_node-2]: process has died [pid 44318, exit code -2, cmd '/home/peter/ros2_drone_sim/install/drone_controller/lib/drone_controller/position_controller_node --ros-args -r __node:=position_controller_node --params-file /tmp/horizontal-integral-7gbq91nm/mass_1p1/controller.yaml --params-file /tmp/launch_params_k0ns_zcq'].
[ERROR] [quadrotor_dynamics_node-1]: process has died [pid 44316, exit code -2, cmd '/home/peter/ros2_drone_sim/install/drone_dynamics/lib/drone_dynamics/quadrotor_dynamics_node --ros-args -r __node:=quadrotor_dynamics_node --params-file /tmp/horizontal-integral-7gbq91nm/mass_1p1/dynamics.yaml --params-file /tmp/launch_params_79yym_ig'].
[INFO] [robot_state_publisher-3]: process has finished cleanly [pid 44320]
