[INFO] [launch]: All log files can be found below /home/peter/.ros/log/2026-07-18-12-47-12-327646-peter-acer-40372
[INFO] [launch]: Default logging verbosity is set to INFO
[INFO] [quadrotor_dynamics_node-1]: process started with pid [40384]
[INFO] [position_controller_node-2]: process started with pid [40386]
[INFO] [robot_state_publisher-3]: process started with pid [40388]
[robot_state_publisher-3] [INFO] [1784350032.424985021] [robot_state_publisher]: got segment base_link
[robot_state_publisher-3] [INFO] [1784350032.425058165] [robot_state_publisher]: got segment front_marker_link
[robot_state_publisher-3] [INFO] [1784350032.425063267] [robot_state_publisher]: got segment m1_arm_link
[robot_state_publisher-3] [INFO] [1784350032.425066223] [robot_state_publisher]: got segment m1_motor_link
[robot_state_publisher-3] [INFO] [1784350032.425069201] [robot_state_publisher]: got segment m1_rotor_link
[robot_state_publisher-3] [INFO] [1784350032.425073385] [robot_state_publisher]: got segment m2_arm_link
[robot_state_publisher-3] [INFO] [1784350032.425077191] [robot_state_publisher]: got segment m2_motor_link
[robot_state_publisher-3] [INFO] [1784350032.425081442] [robot_state_publisher]: got segment m2_rotor_link
[robot_state_publisher-3] [INFO] [1784350032.425085658] [robot_state_publisher]: got segment m3_arm_link
[robot_state_publisher-3] [INFO] [1784350032.425089677] [robot_state_publisher]: got segment m3_motor_link
[robot_state_publisher-3] [INFO] [1784350032.425093512] [robot_state_publisher]: got segment m3_rotor_link
[robot_state_publisher-3] [INFO] [1784350032.425097933] [robot_state_publisher]: got segment m4_arm_link
[robot_state_publisher-3] [INFO] [1784350032.425102155] [robot_state_publisher]: got segment m4_motor_link
[robot_state_publisher-3] [INFO] [1784350032.425105004] [robot_state_publisher]: got segment m4_rotor_link
[position_controller_node-2] [INFO] [1784350032.425120085] [position_controller_node]: 3D position controller started at 100.0 Hz (source=pose_goal, odom timeout 0.200 s)
[quadrotor_dynamics_node-1] [INFO] [1784350032.426742884] [quadrotor_dynamics_node]: Dynamics started at 200.0 Hz; nominal steady-state hover RPM is 10818.9; ground contact is enabled at z=0.000 m; motor command watchdog is enabled (0.300 s)
[quadrotor_dynamics_node-1] [INFO] [1784350032.426808905] [quadrotor_dynamics_node]: External wrench input is enabled (frame=map, force_limit=2.000 N, timeout=0.200 s, torque_limit=0.000 N*m; torque must be zero)
[position_controller_node-2] [WARN] [1784350032.435212851] [position_controller_node]: Waiting for /drone/goal; RPM=0
[position_controller_node-2] [INFO] [1784350032.515398475] [position_controller_node]: position target=[0.000, 0.000, 1.500] current=[0.000, 0.000, 0.000] world_v=[0.000, 0.000, 0.000] a_xy=[0.000, 0.000] thrust=14.307 torque=[0.0000, 0.0000, 0.0000] rpm_pre=[13067.5, 13067.5, 13067.5, 13067.5] rpm=[13067.5, 13067.5, 13067.5, 13067.5] saturation=[horizontal:false altitude:false attitude:false mixer:false] saturated=false
[INFO] [ros2-4]: process started with pid [40425]
[position_controller_node-2] [INFO] [1784350033.525320303] [position_controller_node]: position target=[0.000, 0.000, 1.500] current=[0.000, 0.000, 0.717] world_v=[0.000, 0.000, 0.864] a_xy=[0.000, 0.000] thrust=9.130 torque=[0.0000, 0.0000, 0.0000] rpm_pre=[10438.9, 10438.9, 10438.9, 10438.9] rpm=[10438.9, 10438.9, 10438.9, 10438.9] saturation=[horizontal:false altitude:false attitude:false mixer:false] saturated=false
[ros2-4] publisher: beginning loop
[ros2-4] publishing #1: geometry_msgs.msg.PoseStamped(header=std_msgs.msg.Header(stamp=builtin_interfaces.msg.Time(sec=0, nanosec=0), frame_id='map'), pose=geometry_msgs.msg.Pose(position=geometry_msgs.msg.Point(x=0.0, y=0.0, z=1.5), orientation=geometry_msgs.msg.Quaternion(x=0.0, y=0.0, z=0.0, w=1.0)))
[ros2-4] 
[INFO] [ros2-4]: process has finished cleanly [pid 40425]
[position_controller_node-2] [INFO] [1784350034.525387081] [position_controller_node]: position target=[0.000, 0.000, 1.500] current=[0.000, 0.000, 1.266] world_v=[0.000, 0.000, 0.297] a_xy=[0.000, 0.000] thrust=9.468 torque=[0.0000, 0.0000, 0.0000] rpm_pre=[10630.4, 10630.4, 10630.4, 10630.4] rpm=[10630.4, 10630.4, 10630.4, 10630.4] saturation=[horizontal:false altitude:false attitude:false mixer:false] saturated=false
[position_controller_node-2] [INFO] [1784350035.525407458] [position_controller_node]: position target=[0.000, 0.000, 1.500] current=[0.000, 0.000, 1.435] world_v=[0.000, 0.000, 0.084] a_xy=[0.000, 0.000] thrust=9.707 torque=[0.0000, 0.0000, 0.0000] rpm_pre=[10763.6, 10763.6, 10763.6, 10763.6] rpm=[10763.6, 10763.6, 10763.6, 10763.6] saturation=[horizontal:false altitude:false attitude:false mixer:false] saturated=false
[position_controller_node-2] [INFO] [1784350036.535387737] [position_controller_node]: position target=[0.000, 0.000, 1.500] current=[0.000, 0.000, 1.483] world_v=[0.000, 0.000, 0.023] a_xy=[0.000, 0.000] thrust=9.779 torque=[0.0000, 0.0000, 0.0000] rpm_pre=[10803.9, 10803.9, 10803.9, 10803.9] rpm=[10803.9, 10803.9, 10803.9, 10803.9] saturation=[horizontal:false altitude:false attitude:false mixer:false] saturated=false
[position_controller_node-2] [INFO] [1784350037.535472152] [position_controller_node]: position target=[0.000, 0.000, 1.500] current=[0.000, 0.000, 1.495] world_v=[0.000, 0.000, 0.006] a_xy=[0.000, 0.000] thrust=9.799 torque=[0.0000, 0.0000, 0.0000] rpm_pre=[10814.8, 10814.8, 10814.8, 10814.8] rpm=[10814.8, 10814.8, 10814.8, 10814.8] saturation=[horizontal:false altitude:false attitude:false mixer:false] saturated=false
[position_controller_node-2] [INFO] [1784350038.535492785] [position_controller_node]: position target=[0.000, 0.000, 1.500] current=[0.007, 0.000, 1.499] world_v=[0.061, 0.000, 0.002] a_xy=[-0.076, -0.000] thrust=9.805 torque=[0.0000, 0.0005, -0.0000] rpm_pre=[10816.0, 10819.8, 10819.8, 10816.0] rpm=[10816.0, 10819.8, 10819.8, 10816.0] saturation=[horizontal:false altitude:false attitude:false mixer:false] saturated=false
[position_controller_node-2] [INFO] [1784350039.545402279] [position_controller_node]: position target=[0.000, 0.000, 1.500] current=[0.149, -0.000, 1.500] world_v=[0.183, -0.000, 0.000] a_xy=[-0.283, 0.000] thrust=9.810 torque=[-0.0000, -0.0002, 0.0000] rpm_pre=[10821.5, 10820.2, 10820.2, 10821.5] rpm=[10821.5, 10820.2, 10820.2, 10821.5] saturation=[horizontal:false altitude:false attitude:false mixer:false] saturated=false
[position_controller_node-2] [INFO] [1784350040.545488464] [position_controller_node]: position target=[0.000, 0.000, 1.500] current=[0.329, -0.000, 1.500] world_v=[0.166, 0.000, 0.000] a_xy=[-0.346, 0.000] thrust=9.813 torque=[-0.0000, 0.0001, -0.0000] rpm_pre=[10821.8, 10822.7, 10822.7, 10821.8] rpm=[10821.8, 10822.7, 10822.7, 10821.8] saturation=[horizontal:false altitude:false attitude:false mixer:false] saturated=false
[position_controller_node-2] [INFO] [1784350041.555467470] [position_controller_node]: position target=[0.000, 0.000, 1.500] current=[0.470, -0.000, 1.500] world_v=[0.111, -0.000, 0.000] a_xy=[-0.357, 0.000] thrust=9.813 torque=[-0.0000, 0.0000, 0.0000] rpm_pre=[10822.4, 10822.6, 10822.6, 10822.4] rpm=[10822.4, 10822.6, 10822.6, 10822.4] saturation=[horizontal:false altitude:false attitude:false mixer:false] saturated=false
[position_controller_node-2] [INFO] [1784350042.565537549] [position_controller_node]: position target=[0.000, 0.000, 1.500] current=[0.554, -0.000, 1.500] world_v=[0.059, 0.000, 0.000] a_xy=[-0.336, -0.000] thrust=9.812 torque=[-0.0000, -0.0001, 0.0000] rpm_pre=[10822.6, 10821.7, 10821.7, 10822.6] rpm=[10822.6, 10821.7, 10821.7, 10822.6] saturation=[horizontal:false altitude:false attitude:false mixer:false] saturated=false
[position_controller_node-2] [INFO] [1784350043.565547077] [position_controller_node]: position target=[0.000, 0.000, 1.500] current=[0.597, -0.000, 1.500] world_v=[0.031, 0.000, 0.000] a_xy=[-0.319, -0.000] thrust=9.812 torque=[0.0000, 0.0000, 0.0000] rpm_pre=[10821.8, 10821.8, 10821.8, 10821.8] rpm=[10821.8, 10821.8, 10821.8, 10821.8] saturation=[horizontal:false altitude:false attitude:false mixer:false] saturated=false
[position_controller_node-2] [INFO] [1784350044.565551450] [position_controller_node]: position target=[0.000, 0.000, 1.500] current=[0.620, 0.000, 1.500] world_v=[0.016, -0.000, -0.000] a_xy=[-0.310, 0.000] thrust=9.812 torque=[0.0000, -0.0000, 0.0000] rpm_pre=[10821.7, 10821.6, 10821.6, 10821.7] rpm=[10821.7, 10821.6, 10821.6, 10821.7] saturation=[horizontal:false altitude:false attitude:false mixer:false] saturated=false
[position_controller_node-2] [INFO] [1784350045.575504712] [position_controller_node]: position target=[0.000, 0.000, 1.500] current=[0.631, 0.000, 1.500] world_v=[0.008, 0.000, -0.000] a_xy=[-0.305, -0.000] thrust=9.811 torque=[-0.0000, -0.0000, 0.0000] rpm_pre=[10821.6, 10821.6, 10821.6, 10821.6] rpm=[10821.6, 10821.6, 10821.6, 10821.6] saturation=[horizontal:false altitude:false attitude:false mixer:false] saturated=false
[position_controller_node-2] [INFO] [1784350046.575563033] [position_controller_node]: position target=[0.000, 0.000, 1.500] current=[0.637, 0.000, 1.500] world_v=[0.004, 0.000, -0.000] a_xy=[-0.303, -0.000] thrust=9.811 torque=[0.0000, -0.0000, -0.0000] rpm_pre=[10821.5, 10821.5, 10821.5, 10821.5] rpm=[10821.5, 10821.5, 10821.5, 10821.5] saturation=[horizontal:false altitude:false attitude:false mixer:false] saturated=false
[position_controller_node-2] [INFO] [1784350047.575586374] [position_controller_node]: position target=[0.000, 0.000, 1.500] current=[0.640, 0.000, 1.500] world_v=[0.002, -0.000, -0.000] a_xy=[-0.301, 0.000] thrust=9.811 torque=[-0.0000, -0.0000, -0.0000] rpm_pre=[10821.5, 10821.5, 10821.5, 10821.5] rpm=[10821.5, 10821.5, 10821.5, 10821.5] saturation=[horizontal:false altitude:false attitude:false mixer:false] saturated=false
[position_controller_node-2] [INFO] [1784350048.585647928] [position_controller_node]: position target=[0.000, 0.000, 1.500] current=[0.641, 0.000, 1.500] world_v=[0.001, -0.000, -0.000] a_xy=[-0.301, 0.000] thrust=9.811 torque=[-0.0000, -0.0000, -0.0000] rpm_pre=[10821.5, 10821.5, 10821.5, 10821.5] rpm=[10821.5, 10821.5, 10821.5, 10821.5] saturation=[horizontal:false altitude:false attitude:false mixer:false] saturated=false
[position_controller_node-2] [INFO] [1784350049.595633308] [position_controller_node]: position target=[0.000, 0.000, 1.500] current=[0.642, -0.000, 1.500] world_v=[0.000, -0.000, -0.000] a_xy=[-0.300, 0.000] thrust=9.811 torque=[0.0000, -0.0000, -0.0000] rpm_pre=[10821.5, 10821.5, 10821.5, 10821.5] rpm=[10821.5, 10821.5, 10821.5, 10821.5] saturation=[horizontal:false altitude:false attitude:false mixer:false] saturated=false
[position_controller_node-2] [INFO] [1784350050.605659586] [position_controller_node]: position target=[0.000, 0.000, 1.500] current=[0.642, -0.000, 1.500] world_v=[0.000, -0.000, -0.000] a_xy=[-0.300, 0.000] thrust=9.811 torque=[-0.0000, -0.0000, 0.0000] rpm_pre=[10821.5, 10821.5, 10821.5, 10821.5] rpm=[10821.5, 10821.5, 10821.5, 10821.5] saturation=[horizontal:false altitude:false attitude:false mixer:false] saturated=false
[position_controller_node-2] [INFO] [1784350051.605939549] [position_controller_node]: position target=[0.000, 0.000, 1.500] current=[0.642, -0.000, 1.500] world_v=[0.000, 0.000, -0.000] a_xy=[-0.300, 0.000] thrust=9.811 torque=[0.0000, -0.0000, -0.0000] rpm_pre=[10821.5, 10821.5, 10821.5, 10821.5] rpm=[10821.5, 10821.5, 10821.5, 10821.5] saturation=[horizontal:false altitude:false attitude:false mixer:false] saturated=false
[position_controller_node-2] [INFO] [1784350052.615566177] [position_controller_node]: position target=[0.000, 0.000, 1.500] current=[0.642, -0.000, 1.500] world_v=[0.000, 0.000, -0.000] a_xy=[-0.300, -0.000] thrust=9.811 torque=[0.0000, -0.0000, 0.0000] rpm_pre=[10821.5, 10821.5, 10821.5, 10821.5] rpm=[10821.5, 10821.5, 10821.5, 10821.5] saturation=[horizontal:false altitude:false attitude:false mixer:false] saturated=false
[WARNING] [launch]: user interrupted with ctrl-c (SIGINT)
[quadrotor_dynamics_node-1] [INFO] [1784350053.332184739] [rclcpp]: signal_handler(SIGINT/SIGTERM)
[INFO] [robot_state_publisher-3]: sending signal 'SIGINT' to process[robot_state_publisher-3]
[INFO] [position_controller_node-2]: sending signal 'SIGINT' to process[position_controller_node-2]
[INFO] [quadrotor_dynamics_node-1]: sending signal 'SIGINT' to process[quadrotor_dynamics_node-1]
[robot_state_publisher-3] [INFO] [1784350053.332209712] [rclcpp]: signal_handler(SIGINT/SIGTERM)
[position_controller_node-2] [INFO] [1784350053.332217904] [rclcpp]: signal_handler(SIGINT/SIGTERM)
[robot_state_publisher-3] [INFO] [1784350053.335802816] [rclcpp]: signal_handler(SIGINT/SIGTERM)
[position_controller_node-2] [INFO] [1784350053.336653615] [rclcpp]: signal_handler(SIGINT/SIGTERM)
[quadrotor_dynamics_node-1] [INFO] [1784350053.337505902] [rclcpp]: signal_handler(SIGINT/SIGTERM)
[INFO] [position_controller_node-2]: process has finished cleanly [pid 40386]
[INFO] [quadrotor_dynamics_node-1]: process has finished cleanly [pid 40384]
[INFO] [robot_state_publisher-3]: process has finished cleanly [pid 40388]
