[INFO] [launch]: All log files can be found below /home/peter/.ros/log/2026-07-18-12-50-04-955554-peter-acer-41077
[INFO] [launch]: Default logging verbosity is set to INFO
[INFO] [quadrotor_dynamics_node-1]: process started with pid [41089]
[INFO] [position_controller_node-2]: process started with pid [41091]
[INFO] [robot_state_publisher-3]: process started with pid [41093]
[robot_state_publisher-3] [INFO] [1784350205.052583149] [robot_state_publisher]: got segment base_link
[robot_state_publisher-3] [INFO] [1784350205.052657344] [robot_state_publisher]: got segment front_marker_link
[robot_state_publisher-3] [INFO] [1784350205.052664389] [robot_state_publisher]: got segment m1_arm_link
[robot_state_publisher-3] [INFO] [1784350205.052668470] [robot_state_publisher]: got segment m1_motor_link
[robot_state_publisher-3] [INFO] [1784350205.052672307] [robot_state_publisher]: got segment m1_rotor_link
[robot_state_publisher-3] [INFO] [1784350205.052675960] [robot_state_publisher]: got segment m2_arm_link
[robot_state_publisher-3] [INFO] [1784350205.052679759] [robot_state_publisher]: got segment m2_motor_link
[robot_state_publisher-3] [INFO] [1784350205.052683250] [robot_state_publisher]: got segment m2_rotor_link
[robot_state_publisher-3] [INFO] [1784350205.052687264] [robot_state_publisher]: got segment m3_arm_link
[robot_state_publisher-3] [INFO] [1784350205.052690972] [robot_state_publisher]: got segment m3_motor_link
[robot_state_publisher-3] [INFO] [1784350205.052694512] [robot_state_publisher]: got segment m3_rotor_link
[robot_state_publisher-3] [INFO] [1784350205.052697875] [robot_state_publisher]: got segment m4_arm_link
[robot_state_publisher-3] [INFO] [1784350205.052701148] [robot_state_publisher]: got segment m4_motor_link
[robot_state_publisher-3] [INFO] [1784350205.052704775] [robot_state_publisher]: got segment m4_rotor_link
[position_controller_node-2] [INFO] [1784350205.058964229] [position_controller_node]: 3D position controller started at 100.0 Hz (source=pose_goal, odom timeout 0.200 s)
[quadrotor_dynamics_node-1] [INFO] [1784350205.058980505] [quadrotor_dynamics_node]: Dynamics started at 200.0 Hz; nominal steady-state hover RPM is 10818.9; ground contact is enabled at z=0.000 m; motor command watchdog is enabled (0.300 s)
[quadrotor_dynamics_node-1] [INFO] [1784350205.059033642] [quadrotor_dynamics_node]: External wrench input is enabled (frame=map, force_limit=2.000 N, timeout=0.200 s, torque_limit=0.000 N*m; torque must be zero)
[position_controller_node-2] [INFO] [1784350205.069141037] [position_controller_node]: position target=[0.000, 0.000, 1.500] current=[0.000, 0.000, 0.000] world_v=[0.000, 0.000, 0.000] a_xy=[0.000, 0.000] thrust=14.307 torque=[0.0000, 0.0000, 0.0000] rpm_pre=[13067.5, 13067.5, 13067.5, 13067.5] rpm=[13067.5, 13067.5, 13067.5, 13067.5] saturation=[horizontal:false altitude:false attitude:false mixer:false] saturated=false
[INFO] [ros2-4]: process started with pid [41125]
[position_controller_node-2] [INFO] [1784350206.079136801] [position_controller_node]: position target=[0.000, 0.000, 1.500] current=[0.000, 0.000, 0.718] world_v=[0.000, 0.000, 0.868] a_xy=[0.000, 0.000] thrust=9.114 torque=[0.0000, 0.0000, 0.0000] rpm_pre=[10430.2, 10430.2, 10430.2, 10430.2] rpm=[10430.2, 10430.2, 10430.2, 10430.2] saturation=[horizontal:false altitude:false attitude:false mixer:false] saturated=false
[ros2-4] publisher: beginning loop
[ros2-4] publishing #1: geometry_msgs.msg.PoseStamped(header=std_msgs.msg.Header(stamp=builtin_interfaces.msg.Time(sec=0, nanosec=0), frame_id='map'), pose=geometry_msgs.msg.Pose(position=geometry_msgs.msg.Point(x=0.0, y=0.0, z=1.5), orientation=geometry_msgs.msg.Quaternion(x=0.0, y=0.0, z=0.0, w=1.0)))
[ros2-4] 
[INFO] [ros2-4]: process has finished cleanly [pid 41125]
[position_controller_node-2] [INFO] [1784350207.079207594] [position_controller_node]: position target=[0.000, 0.000, 1.500] current=[0.000, 0.000, 1.267] world_v=[0.000, 0.000, 0.296] a_xy=[0.000, 0.000] thrust=9.471 torque=[0.0000, 0.0000, 0.0000] rpm_pre=[10632.1, 10632.1, 10632.1, 10632.1] rpm=[10632.1, 10632.1, 10632.1, 10632.1] saturation=[horizontal:false altitude:false attitude:false mixer:false] saturated=false
[position_controller_node-2] [INFO] [1784350208.079229822] [position_controller_node]: position target=[0.000, 0.000, 1.500] current=[0.000, 0.000, 1.435] world_v=[0.000, 0.000, 0.084] a_xy=[0.000, 0.000] thrust=9.708 torque=[0.0000, 0.0000, 0.0000] rpm_pre=[10764.3, 10764.3, 10764.3, 10764.3] rpm=[10764.3, 10764.3, 10764.3, 10764.3] saturation=[horizontal:false altitude:false attitude:false mixer:false] saturated=false
[position_controller_node-2] [INFO] [1784350209.079351187] [position_controller_node]: position target=[0.000, 0.000, 1.500] current=[0.000, 0.000, 1.482] world_v=[0.000, 0.000, 0.023] a_xy=[0.000, 0.000] thrust=9.779 torque=[0.0000, 0.0000, 0.0000] rpm_pre=[10803.8, 10803.8, 10803.8, 10803.8] rpm=[10803.8, 10803.8, 10803.8, 10803.8] saturation=[horizontal:false altitude:false attitude:false mixer:false] saturated=false
[position_controller_node-2] [INFO] [1784350210.089395011] [position_controller_node]: position target=[0.000, 0.000, 1.500] current=[0.000, 0.000, 1.495] world_v=[0.000, 0.000, 0.006] a_xy=[0.000, 0.000] thrust=9.799 torque=[0.0000, 0.0000, 0.0000] rpm_pre=[10814.8, 10814.8, 10814.8, 10814.8] rpm=[10814.8, 10814.8, 10814.8, 10814.8] saturation=[horizontal:false altitude:false attitude:false mixer:false] saturated=false
[position_controller_node-2] [INFO] [1784350211.099288928] [position_controller_node]: position target=[0.000, 0.000, 1.500] current=[0.007, 0.000, 1.499] world_v=[0.062, 0.000, 0.002] a_xy=[-0.078, -0.000] thrust=9.805 torque=[0.0000, 0.0014, -0.0000] rpm_pre=[10812.3, 10823.4, 10823.4, 10812.3] rpm=[10812.3, 10823.4, 10823.4, 10812.3] saturation=[horizontal:false altitude:false attitude:false mixer:false] saturated=false
[position_controller_node-2] [INFO] [1784350212.109370579] [position_controller_node]: position target=[0.000, 0.000, 1.500] current=[0.150, 0.000, 1.500] world_v=[0.181, 0.000, 0.000] a_xy=[-0.288, -0.000] thrust=9.810 torque=[0.0000, -0.0010, -0.0000] rpm_pre=[10824.7, 10817.2, 10817.2, 10824.7] rpm=[10824.7, 10817.2, 10817.2, 10824.7] saturation=[horizontal:false altitude:false attitude:false mixer:false] saturated=false
[position_controller_node-2] [INFO] [1784350213.109575768] [position_controller_node]: position target=[0.000, 0.000, 1.500] current=[0.317, 0.000, 1.500] world_v=[0.091, 0.000, 0.000] a_xy=[-0.283, -0.000] thrust=9.812 torque=[-0.0000, -0.0017, -0.0000] rpm_pre=[10828.4, 10815.0, 10815.0, 10828.4] rpm=[10828.4, 10815.0, 10815.0, 10828.4] saturation=[horizontal:false altitude:false attitude:false mixer:false] saturated=false
[position_controller_node-2] [INFO] [1784350214.119381153] [position_controller_node]: position target=[0.000, 0.000, 1.500] current=[0.294, 0.000, 1.500] world_v=[-0.101, -0.000, 0.000] a_xy=[-0.091, 0.000] thrust=9.807 torque=[0.0000, 0.0010, 0.0000] rpm_pre=[10815.1, 10823.2, 10823.2, 10815.1] rpm=[10815.1, 10823.2, 10823.2, 10815.1] saturation=[horizontal:false altitude:false attitude:false mixer:false] saturated=false
[position_controller_node-2] [INFO] [1784350215.119432228] [position_controller_node]: position target=[0.000, 0.000, 1.500] current=[0.160, -0.000, 1.500] world_v=[-0.153, -0.000, -0.000] a_xy=[-0.010, -0.000] thrust=9.807 torque=[-0.0000, -0.0003, 0.0000] rpm_pre=[10820.0, 10817.9, 10817.9, 10820.0] rpm=[10820.0, 10817.9, 10817.9, 10820.0] saturation=[horizontal:false altitude:false attitude:false mixer:false] saturated=false
[position_controller_node-2] [INFO] [1784350216.129301056] [position_controller_node]: position target=[0.000, 0.000, 1.500] current=[0.006, -0.000, 1.500] world_v=[-0.144, -0.000, -0.000] a_xy=[0.028, -0.000] thrust=9.807 torque=[-0.0000, 0.0000, 0.0000] rpm_pre=[10818.9, 10819.0, 10819.0, 10818.9] rpm=[10818.9, 10819.0, 10819.0, 10818.9] saturation=[horizontal:false altitude:false attitude:false mixer:false] saturated=false
[position_controller_node-2] [INFO] [1784350217.129337009] [position_controller_node]: position target=[0.000, 0.000, 1.500] current=[-0.103, -0.000, 1.500] world_v=[-0.060, -0.000, 0.000] a_xy=[0.097, 0.000] thrust=9.807 torque=[0.0000, -0.0001, 0.0000] rpm_pre=[10819.6, 10818.9, 10818.9, 10819.6] rpm=[10819.6, 10818.9, 10818.9, 10819.6] saturation=[horizontal:false altitude:false attitude:false mixer:false] saturated=false
[position_controller_node-2] [INFO] [1784350218.129440383] [position_controller_node]: position target=[0.000, 0.000, 1.500] current=[-0.121, 0.000, 1.500] world_v=[0.013, -0.000, 0.000] a_xy=[0.041, 0.000] thrust=9.807 torque=[-0.0000, 0.0002, 0.0000] rpm_pre=[10818.3, 10819.7, 10819.7, 10818.3] rpm=[10818.3, 10819.7, 10819.7, 10818.3] saturation=[horizontal:false altitude:false attitude:false mixer:false] saturated=false
[position_controller_node-2] [INFO] [1784350219.139506734] [position_controller_node]: position target=[0.000, 0.000, 1.500] current=[-0.091, 0.000, 1.500] world_v=[0.041, 0.000, -0.000] a_xy=[0.012, -0.000] thrust=9.807 torque=[0.0000, -0.0000, 0.0000] rpm_pre=[10819.1, 10818.8, 10818.8, 10819.1] rpm=[10819.1, 10818.8, 10818.8, 10819.1] saturation=[horizontal:false altitude:false attitude:false mixer:false] saturated=false
[position_controller_node-2] [INFO] [1784350220.139589404] [position_controller_node]: position target=[0.000, 0.000, 1.500] current=[-0.046, 0.000, 1.500] world_v=[0.046, -0.000, -0.000] a_xy=[-0.002, -0.000] thrust=9.807 torque=[0.0000, 0.0000, 0.0000] rpm_pre=[10818.9, 10819.0, 10819.0, 10818.9] rpm=[10818.9, 10819.0, 10819.0, 10818.9] saturation=[horizontal:false altitude:false attitude:false mixer:false] saturated=false
[position_controller_node-2] [INFO] [1784350221.149426638] [position_controller_node]: position target=[0.000, 0.000, 1.500] current=[-0.001, 0.000, 1.500] world_v=[0.041, 0.000, -0.000] a_xy=[-0.009, -0.000] thrust=9.807 torque=[-0.0000, 0.0000, -0.0000] rpm_pre=[10818.9, 10819.0, 10819.0, 10818.9] rpm=[10818.9, 10819.0, 10819.0, 10818.9] saturation=[horizontal:false altitude:false attitude:false mixer:false] saturated=false
[position_controller_node-2] [INFO] [1784350222.159511114] [position_controller_node]: position target=[0.000, 0.000, 1.500] current=[0.029, -0.000, 1.500] world_v=[0.016, -0.000, 0.000] a_xy=[-0.027, 0.000] thrust=9.807 torque=[0.0000, 0.0002, -0.0000] rpm_pre=[10818.1, 10819.9, 10819.9, 10818.1] rpm=[10818.1, 10819.9, 10819.9, 10818.1] saturation=[horizontal:false altitude:false attitude:false mixer:false] saturated=false
[WARNING] [launch]: user interrupted with ctrl-c (SIGINT)
[INFO] [robot_state_publisher-3]: sending signal 'SIGINT' to process[robot_state_publisher-3]
[INFO] [position_controller_node-2]: sending signal 'SIGINT' to process[position_controller_node-2]
[INFO] [quadrotor_dynamics_node-1]: sending signal 'SIGINT' to process[quadrotor_dynamics_node-1]
[robot_state_publisher-3] [INFO] [1784350222.900592653] [rclcpp]: signal_handler(SIGINT/SIGTERM)
[position_controller_node-2] [INFO] [1784350222.900602002] [rclcpp]: signal_handler(SIGINT/SIGTERM)
[quadrotor_dynamics_node-1] [INFO] [1784350222.900609309] [rclcpp]: signal_handler(SIGINT/SIGTERM)
[robot_state_publisher-3] [INFO] [1784350222.904899080] [rclcpp]: signal_handler(SIGINT/SIGTERM)
[position_controller_node-2] [INFO] [1784350222.905826915] [rclcpp]: signal_handler(SIGINT/SIGTERM)
[quadrotor_dynamics_node-1] [INFO] [1784350222.906598220] [rclcpp]: signal_handler(SIGINT/SIGTERM)
[INFO] [position_controller_node-2]: process has finished cleanly [pid 41091]
[INFO] [robot_state_publisher-3]: process has finished cleanly [pid 41093]
[INFO] [quadrotor_dynamics_node-1]: process has finished cleanly [pid 41089]
