{
  "final_position_error_m": 0.003855317218421935,
  "final_speed_m_s": 0.0030947147453639595,
  "final_window_mean_error_m": 0.0018802115450539804,
  "recorded_targets": [
    {
      "position": [
        12.1,
        1.1,
        1.5
      ],
      "yaw_rad": 0.0
    }
  ],
  "target_snapshot_matches_samples": true,
  "yaw_metrics_status": "available",
  "yaw_sample_count": 7080,
  "final_yaw_error_rad": 3.908935258843107e-08,
  "yaw_error_rms_rad": 0.10015328220460082,
  "maximum_absolute_yaw_error_rad": 0.33137146450594535,
  "arrival_time_s": 33.89985108375549,
  "maximum_overshoot_m": 0.003629037210987762,
  "maximum_overshoot_percent": 0.0296438131851216,
  "steady_state_mean_error_m": 0.005398232023559958,
  "steady_state_rms_error_m": 0.006584107683470403,
  "steady_state_max_error_m": 0.012387675635671785,
  "maximum_goal_position_error_m": 12.242140335741949,
  "full_mission_tracking_max_error_m": 1.5,
  "full_mission_tracking_rms_error_m": 0.21786710994561362,
  "minimum_raw_obstacle_distance_m": 0.4537458435133474,
  "safety_radius_m": 0.25,
  "minimum_safety_clearance_m": 0.2037458435133474,
  "straight_line_distance_m": 12.242140335741949,
  "actual_path_length_m": 17.015752391590002,
  "flight_time_s": 38.99492359161377,
  "planned_segment_count": 1,
  "simplified_segment_count": 1,
  "reference_segment_count": 1,
  "planned_path_length_m": 16.044454004438784,
  "simplified_path_length_m": 15.230636521065914,
  "reference_path_length_m": 15.516959785554945,
  "path_efficiency": 1.0965906096779547,
  "planned_vs_straight_ratio": 1.3105922301507738,
  "actual_vs_reference_ratio": 1.0965906096779547,
  "maximum_absolute_roll_rad": 0.03830777953204198,
  "maximum_absolute_pitch_rad": 0.04006903749547909,
  "maximum_angular_speed_rad_s": 0.7684347384996485,
  "non_finite_attitude_count": 0,
  "attitude_divergence_detected": false,
  "minimum_commanded_motor_rpm": 0.0,
  "maximum_commanded_motor_rpm": 13067.535212862302,
  "minimum_motor_rpm": 0.0,
  "maximum_motor_rpm": 13067.535212862302,
  "motor_rpm_semantics": "commanded_motor_rpm",
  "saturation_sample_source": "diagnostics_callbacks",
  "saturation_sample_count": 0,
  "longest_saturation_duration_s": 0.0,
  "saturated_at_end": false,
  "non_finite_rpm_count": 0,
  "goal_count": 1,
  "visited_goal_count": 1,
  "goal_order": [
    0
  ],
  "goal_activation_times_s": [
    0.0
  ],
  "per_goal_arrival_times_s": [
    35.984965324401855
  ],
  "per_goal_duration_s": [
    35.984965324401855
  ],
  "per_goal_final_errors_m": [
    0.003855317218421935
  ],
  "segment_overshoots": [
    {
      "goal_index": 0,
      "maximum_overshoot_m": 0.003629037210987762,
      "maximum_overshoot_percent": 0.0296438131851216
    }
  ],
  "mission_complete": true,
  "mission_success": true,
  "total_mission_time_s": 38.99492359161377,
  "takeoff_tracking_sample_count": 715,
  "takeoff_tracking_max_error_m": 1.5,
  "takeoff_tracking_rms_error_m": 0.7185127066522377,
  "navigation_tracking_sample_count": 7080,
  "navigation_tracking_max_error_m": 0.031012842129755747,
  "navigation_tracking_rms_error_m": 0.011096714549302781,
  "navigation_tracking_final_error_m": 0.003855317218421935,
  "navigation_yaw_tracking_status": "available",
  "navigation_yaw_tracking_sample_count": 7080,
  "navigation_yaw_tracking_final_error_rad": 3.908935258843107e-08,
  "navigation_yaw_tracking_rms_error_rad": 0.10015328220460082,
  "navigation_yaw_tracking_maximum_absolute_error_rad": 0.33137146450594535,
  "collision_observed": false,
  "navigation_complete": true,
  "navigation_success": true,
  "preflight_ready_observed": false,
  "execution_active_observed": true
}
