[INFO] [launch]: All log files can be found below /home/peter/.ros/log/2026-07-21-15-00-48-487846-peter-acer-64997
[INFO] [launch]: Default logging verbosity is set to INFO
[INFO] [quadrotor_dynamics_node-1]: process started with pid [65012]
[INFO] [position_controller_node-2]: process started with pid [65014]
[INFO] [robot_state_publisher-3]: process started with pid [65016]
[INFO] [static_environment_node-4]: process started with pid [65018]
[INFO] [interactive_goal_editor_node-5]: process started with pid [65020]
[INFO] [multi_goal_static_avoidance_node-6]: process started with pid [65022]
[static_environment_node-4] [INFO] [1784617248.598421179] [static_environment_node]: static environment started with 6 obstacles and safety radius 0.250 m
[robot_state_publisher-3] [INFO] [1784617248.602548376] [robot_state_publisher]: got segment base_link
[robot_state_publisher-3] [INFO] [1784617248.602629302] [robot_state_publisher]: got segment front_marker_link
[robot_state_publisher-3] [INFO] [1784617248.602636505] [robot_state_publisher]: got segment m1_arm_link
[robot_state_publisher-3] [INFO] [1784617248.602640267] [robot_state_publisher]: got segment m1_motor_link
[robot_state_publisher-3] [INFO] [1784617248.602644397] [robot_state_publisher]: got segment m1_rotor_link
[robot_state_publisher-3] [INFO] [1784617248.602648420] [robot_state_publisher]: got segment m2_arm_link
[robot_state_publisher-3] [INFO] [1784617248.602652085] [robot_state_publisher]: got segment m2_motor_link
[robot_state_publisher-3] [INFO] [1784617248.602655684] [robot_state_publisher]: got segment m2_rotor_link
[robot_state_publisher-3] [INFO] [1784617248.602659906] [robot_state_publisher]: got segment m3_arm_link
[robot_state_publisher-3] [INFO] [1784617248.602663300] [robot_state_publisher]: got segment m3_motor_link
[robot_state_publisher-3] [INFO] [1784617248.602666883] [robot_state_publisher]: got segment m3_rotor_link
[robot_state_publisher-3] [INFO] [1784617248.602670415] [robot_state_publisher]: got segment m4_arm_link
[robot_state_publisher-3] [INFO] [1784617248.602674175] [robot_state_publisher]: got segment m4_motor_link
[robot_state_publisher-3] [INFO] [1784617248.602677793] [robot_state_publisher]: got segment m4_rotor_link
[position_controller_node-2] [INFO] [1784617248.605352975] [position_controller_node]: 3D position controller started at 100.0 Hz (source=trajectory, odom timeout 0.200 s)
[quadrotor_dynamics_node-1] [INFO] [1784617248.607742283] [quadrotor_dynamics_node]: Dynamics started at 200.0 Hz; nominal steady-state hover RPM is 10818.9; ground contact is enabled at z=0.000 m; motor command watchdog is enabled (0.300 s)
[quadrotor_dynamics_node-1] [INFO] [1784617248.607846451] [quadrotor_dynamics_node]: External wrench input is disabled (frame=map, force_limit=2.000 N, timeout=0.200 s, torque_limit=0.000 N*m; torque must be zero)
[multi_goal_static_avoidance_node-6] [INFO] [1784617248.608259575] [multi_goal_static_avoidance_node]: multi-goal static avoidance started: goal_source=interactive goals=0 takeoff=1.50 m navigation_floor=0.50 m effective_radius=0.35 m
[interactive_goal_editor_node-5] [INFO] [1784617248.608345218] [interactive_goal_editor_node]: interactive goal editor ready: update_topic=/drone/interactive_goals/goal_editor/update max_goals=8, preview and execution enabled
[position_controller_node-2] [WARN] [1784617248.615464551] [position_controller_node]: Waiting for /drone/trajectory_setpoint; RPM=0
[position_controller_node-2] [WARN] [1784617249.615504687] [position_controller_node]: Waiting for /drone/trajectory_setpoint; RPM=0
[position_controller_node-2] [WARN] [1784617250.625454450] [position_controller_node]: Waiting for /drone/trajectory_setpoint; RPM=0
[position_controller_node-2] [WARN] [1784617251.625645694] [position_controller_node]: Waiting for /drone/trajectory_setpoint; RPM=0
[position_controller_node-2] [WARN] [1784617252.635424475] [position_controller_node]: Waiting for /drone/trajectory_setpoint; RPM=0
[multi_goal_static_avoidance_node-6] [INFO] [1784617253.414083807] [multi_goal_static_avoidance_node]: accepted interactive mission revision=1 goals=1
[multi_goal_static_avoidance_node-6] [INFO] [1784617253.428363411] [multi_goal_static_avoidance_node]: preflight started from [0.000, 0.000, 1.500] for 1 goals
[multi_goal_static_avoidance_node-6] [INFO] [1784617253.448305632] [multi_goal_static_avoidance_node]: takeoff checked from [0.000, 0.000, 0.000] to [0.000, 0.000, 1.500]
[position_controller_node-2] [INFO] [1784617253.455459022] [position_controller_node]: position target=[0.000, 0.000, 1.500] current=[0.000, 0.000, 0.000] world_v=[0.000, 0.000, 0.000] a_xy=[0.000, 0.000] thrust=14.307 torque=[0.0000, 0.0000, 0.0000] rpm_pre=[13067.5, 13067.5, 13067.5, 13067.5] rpm=[13067.5, 13067.5, 13067.5, 13067.5] saturation=[horizontal:false altitude:false attitude:false mixer:false] saturated=false
[position_controller_node-2] [INFO] [1784617254.465428158] [position_controller_node]: position target=[0.000, 0.000, 1.500] current=[0.000, 0.000, 0.717] world_v=[0.000, 0.000, 0.864] a_xy=[0.000, 0.000] thrust=9.130 torque=[0.0000, 0.0000, 0.0000] rpm_pre=[10438.9, 10438.9, 10438.9, 10438.9] rpm=[10438.9, 10438.9, 10438.9, 10438.9] saturation=[horizontal:false altitude:false attitude:false mixer:false] saturated=false
[position_controller_node-2] [INFO] [1784617255.465429278] [position_controller_node]: position target=[0.000, 0.000, 1.500] current=[0.000, 0.000, 1.266] world_v=[0.000, 0.000, 0.297] a_xy=[0.000, 0.000] thrust=9.468 torque=[0.0000, 0.0000, 0.0000] rpm_pre=[10630.4, 10630.4, 10630.4, 10630.4] rpm=[10630.4, 10630.4, 10630.4, 10630.4] saturation=[horizontal:false altitude:false attitude:false mixer:false] saturated=false
[position_controller_node-2] [INFO] [1784617256.475393285] [position_controller_node]: position target=[0.000, 0.000, 1.500] current=[0.000, 0.000, 1.436] world_v=[0.000, 0.000, 0.083] a_xy=[0.000, 0.000] thrust=9.708 torque=[0.0000, 0.0000, 0.0000] rpm_pre=[10764.3, 10764.3, 10764.3, 10764.3] rpm=[10764.3, 10764.3, 10764.3, 10764.3] saturation=[horizontal:false altitude:false attitude:false mixer:false] saturated=false
[multi_goal_static_avoidance_node-6] [INFO] [1784617257.008318049] [multi_goal_static_avoidance_node]: takeoff stable; starting first ordered goal
[multi_goal_static_avoidance_node-6] [INFO] [1784617257.008417335] [multi_goal_static_avoidance_node]: planning ordered goal 0 from actual Odom [0.000, 0.000, 1.468] to [12.100, 1.100, 1.500]
[multi_goal_static_avoidance_node-6] [INFO] [1784617257.028445941] [multi_goal_static_avoidance_node]: ordered goal 0 trajectory ready: raw_points=54 simplified_points=7 initial_simplified_points=7 refinements=0 duration=31.343 s velocity_scale=1.00 duration_scale=1.00 max_speed=0.789266 m/s max_acceleration=0.464554 m/s^2 raw_length=16.044454 m simplified_length=15.230637 m expanded_nodes=6834
[position_controller_node-2] [INFO] [1784617257.475495195] [position_controller_node]: position target=[0.004, 0.008, 1.468] current=[0.002, 0.004, 1.477] world_v=[0.018, 0.034, 0.003] a_xy=[0.124, 0.228] thrust=9.779 torque=[-0.0037, 0.0021, -0.0000] rpm_pre=[10781.3, 10797.0, 10826.1, 10809.7] rpm=[10781.3, 10797.0, 10826.1, 10809.7] saturation=[horizontal:false altitude:false attitude:false mixer:false] saturated=false
[position_controller_node-2] [INFO] [1784617258.485532033] [position_controller_node]: position target=[0.112, 0.199, 1.471] current=[0.103, 0.183, 1.475] world_v=[0.199, 0.347, 0.000] a_xy=[0.217, 0.342] thrust=9.825 torque=[0.0013, -0.0022, 0.0189] rpm_pre=[10766.1, 10901.6, 10738.2, 10908.4] rpm=[10766.1, 10901.6, 10738.2, 10908.4] saturation=[horizontal:false altitude:false attitude:false mixer:false] saturated=false
[position_controller_node-2] [INFO] [1784617259.495489763] [position_controller_node]: position target=[0.422, 0.705, 1.478] current=[0.410, 0.688, 1.480] world_v=[0.397, 0.617, 0.008] a_xy=[0.151, 0.130] thrust=9.813 torque=[0.0001, -0.0000, -0.0184] rpm_pre=[10897.2, 10747.5, 10896.3, 10747.2] rpm=[10897.2, 10747.5, 10896.3, 10747.2] saturation=[horizontal:false altitude:false attitude:false mixer:false] saturated=false
[position_controller_node-2] [INFO] [1784617260.495537903] [position_controller_node]: position target=[0.873, 1.333, 1.488] current=[0.865, 1.331, 1.488] world_v=[0.492, 0.620, 0.009] a_xy=[0.025, -0.160] thrust=9.806 torque=[0.0004, -0.0001, -0.0065] rpm_pre=[10847.4, 10793.5, 10843.0, 10791.2] rpm=[10847.4, 10793.5, 10843.0, 10791.2] saturation=[horizontal:false altitude:false attitude:false mixer:false] saturated=false
[position_controller_node-2] [INFO] [1784617261.505516496] [position_controller_node]: position target=[1.356, 1.832, 1.495] current=[1.359, 1.847, 1.496] world_v=[0.470, 0.376, 0.006] a_xy=[-0.062, -0.293] thrust=9.808 torque=[-0.0007, 0.0008, -0.0089] rpm_pre=[10849.7, 10783.7, 10861.8, 10782.7] rpm=[10849.7, 10783.7, 10861.8, 10782.7] saturation=[horizontal:false altitude:false attitude:false mixer:false] saturated=false
[position_controller_node-2] [INFO] [1784617262.515378109] [position_controller_node]: position target=[1.801, 2.082, 1.500] current=[1.800, 2.089, 1.500] world_v=[0.409, 0.139, 0.003] a_xy=[-0.010, -0.043] thrust=9.806 torque=[-0.0022, 0.0019, -0.0032] rpm_pre=[10815.8, 10804.7, 10847.6, 10806.9] rpm=[10815.8, 10804.7, 10847.6, 10806.9] saturation=[horizontal:false altitude:false attitude:false mixer:false] saturated=false
[position_controller_node-2] [INFO] [1784617263.515401161] [position_controller_node]: position target=[2.258, 2.195, 1.502] current=[2.243, 2.196, 1.502] world_v=[0.525, 0.037, 0.001] a_xy=[0.201, -0.210] thrust=9.808 torque=[0.0033, -0.0002, -0.0173] rpm_pre=[10903.1, 10761.6, 10876.1, 10737.0] rpm=[10903.1, 10761.6, 10876.1, 10737.0] saturation=[horizontal:false altitude:false attitude:false mixer:false] saturated=false
[position_controller_node-2] [INFO] [1784617264.515431918] [position_controller_node]: position target=[2.851, 2.132, 1.501] current=[2.837, 2.133, 1.501] world_v=[0.618, -0.148, -0.001] a_xy=[-0.089, -0.108] thrust=9.807 torque=[-0.0000, -0.0007, -0.0016] rpm_pre=[10828.3, 10809.4, 10822.8, 10815.5] rpm=[10828.3, 10809.4, 10822.8, 10815.5] saturation=[horizontal:false altitude:false attitude:false mixer:false] saturated=false
[position_controller_node-2] [INFO] [1784617265.515450022] [position_controller_node]: position target=[3.373, 1.959, 1.500] current=[3.373, 1.953, 1.500] world_v=[0.420, -0.185, -0.001] a_xy=[-0.253, 0.039] thrust=9.812 torque=[-0.0001, 0.0015, -0.0021] rpm_pre=[10824.4, 10818.9, 10836.6, 10807.6] rpm=[10824.4, 10818.9, 10836.6, 10807.6] saturation=[horizontal:false altitude:false attitude:false mixer:false] saturated=false
[position_controller_node-2] [INFO] [1784617266.525550405] [position_controller_node]: position target=[3.696, 1.792, 1.500] current=[3.699, 1.784, 1.500] world_v=[0.237, -0.169, -0.001] a_xy=[-0.458, -0.106] thrust=9.820 torque=[-0.0189, 0.0317, -0.0305] rpm_pre=[10752.2, 10752.6, 11142.7, 10651.3] rpm=[10752.2, 10752.6, 11142.7, 10651.3] saturation=[horizontal:false altitude:false attitude:false mixer:false] saturated=false
[position_controller_node-2] [INFO] [1784617267.525625501] [position_controller_node]: position target=[3.757, 1.553, 1.500] current=[3.752, 1.554, 1.500] world_v=[0.000, -0.289, 0.000] a_xy=[0.311, -0.087] thrust=9.810 torque=[0.0040, -0.0063, 0.0004] rpm_pre=[10859.2, 10813.7, 10778.9, 10831.2] rpm=[10859.2, 10813.7, 10778.9, 10831.2] saturation=[horizontal:false altitude:false attitude:false mixer:false] saturated=false
[position_controller_node-2] [INFO] [1784617268.535415471] [position_controller_node]: position target=[3.931, 1.232, 1.500] current=[3.911, 1.237, 1.500] world_v=[0.231, -0.324, 0.000] a_xy=[0.008, -0.056] thrust=9.807 torque=[0.0164, -0.0088, -0.0116] rpm_pre=[10963.5, 10801.8, 10767.5, 10741.9] rpm=[10963.5, 10801.8, 10767.5, 10741.9] saturation=[horizontal:false altitude:false attitude:false mixer:false] saturated=false
[position_controller_node-2] [INFO] [1784617269.535444406] [position_controller_node]: position target=[4.162, 0.866, 1.500] current=[4.147, 0.877, 1.500] world_v=[0.245, -0.407, 0.000] a_xy=[0.029, -0.111] thrust=9.807 torque=[-0.0008, 0.0007, -0.0047] rpm_pre=[10832.2, 10800.1, 10844.3, 10800.5] rpm=[10832.2, 10800.1, 10844.3, 10800.5] saturation=[horizontal:false altitude:false attitude:false mixer:false] saturated=false
[position_controller_node-2] [INFO] [1784617270.545452149] [position_controller_node]: position target=[4.418, 0.407, 1.500] current=[4.409, 0.415, 1.500] world_v=[0.276, -0.501, 0.000] a_xy=[0.038, -0.065] thrust=9.807 torque=[-0.0000, -0.0007, 0.0013] rpm_pre=[10816.4, 10821.8, 10811.3, 10827.0] rpm=[10816.4, 10821.8, 10811.3, 10827.0] saturation=[horizontal:false altitude:false attitude:false mixer:false] saturated=false
[position_controller_node-2] [INFO] [1784617271.545517711] [position_controller_node]: position target=[4.712, -0.112, 1.500] current=[4.704, -0.107, 1.500] world_v=[0.314, -0.528, 0.000] a_xy=[0.041, 0.021] thrust=9.807 torque=[0.0002, -0.0004, 0.0029] rpm_pre=[10809.7, 10829.6, 10804.9, 10831.7] rpm=[10809.7, 10829.6, 10804.9, 10831.7] saturation=[horizontal:false altitude:false attitude:false mixer:false] saturated=false
[position_controller_node-2] [INFO] [1784617272.555652365] [position_controller_node]: position target=[5.050, -0.622, 1.500] current=[5.041, -0.616, 1.500] world_v=[0.351, -0.465, -0.000] a_xy=[0.038, 0.107] thrust=9.807 torque=[-0.0003, 0.0002, 0.0059] rpm_pre=[10793.3, 10842.8, 10797.3, 10843.7] rpm=[10793.3, 10842.8, 10797.3, 10843.7] saturation=[horizontal:false altitude:false attitude:false mixer:false] saturated=false
[position_controller_node-2] [INFO] [1784617273.565367647] [position_controller_node]: position target=[5.417, -1.021, 1.500] current=[5.412, -1.021, 1.500] world_v=[0.382, -0.330, 0.000] a_xy=[0.027, 0.148] thrust=9.808 torque=[0.0004, -0.0001, 0.0066] rpm_pre=[10794.9, 10847.7, 10791.1, 10844.6] rpm=[10794.9, 10847.7, 10791.1, 10844.6] saturation=[horizontal:false altitude:false attitude:false mixer:false] saturated=false
[position_controller_node-2] [INFO] [1784617274.575466019] [position_controller_node]: position target=[5.818, -1.283, 1.500] current=[5.809, -1.280, 1.500] world_v=[0.401, -0.189, 0.000] a_xy=[0.015, 0.098] thrust=9.807 torque=[0.0003, 0.0004, 0.0061] rpm_pre=[10794.0, 10846.7, 10795.1, 10841.2] rpm=[10794.0, 10846.7, 10795.1, 10841.2] saturation=[horizontal:false altitude:false attitude:false mixer:false] saturated=false
[position_controller_node-2] [INFO] [1784617275.585447270] [position_controller_node]: position target=[6.223, -1.443, 1.500] current=[6.217, -1.436, 1.500] world_v=[0.413, -0.132, -0.000] a_xy=[0.101, 0.176] thrust=9.808 torque=[0.0182, -0.0007, 0.0052] rpm_pre=[10872.3, 10909.0, 10724.4, 10772.7] rpm=[10872.3, 10909.0, 10724.4, 10772.7] saturation=[horizontal:false altitude:false attitude:false mixer:false] saturated=false
[position_controller_node-2] [INFO] [1784617276.595297018] [position_controller_node]: position target=[6.711, -1.448, 1.500] current=[6.696, -1.450, 1.500] world_v=[0.532, 0.116, 0.000] a_xy=[0.073, 0.204] thrust=9.809 torque=[-0.0004, -0.0005, 0.0105] rpm_pre=[10778.3, 10859.3, 10777.7, 10866.3] rpm=[10778.3, 10859.3, 10777.7, 10866.3] saturation=[horizontal:false altitude:false attitude:false mixer:false] saturated=false
[position_controller_node-2] [INFO] [1784617277.595520595] [position_controller_node]: position target=[7.248, -1.272, 1.500] current=[7.238, -1.266, 1.500] world_v=[0.523, 0.203, -0.000] a_xy=[-0.086, -0.062] thrust=9.807 torque=[-0.0003, 0.0008, -0.0096] rpm_pre=[10854.1, 10782.0, 10862.1, 10778.3] rpm=[10854.1, 10782.0, 10862.1, 10778.3] saturation=[horizontal:false altitude:false attitude:false mixer:false] saturated=false
[position_controller_node-2] [INFO] [1784617278.605291126] [position_controller_node]: position target=[7.732, -1.107, 1.500] current=[7.727, -1.096, 1.500] world_v=[0.468, 0.151, -0.000] a_xy=[0.034, 0.021] thrust=9.807 torque=[-0.0019, 0.0027, 0.0004] rpm_pre=[10799.0, 10823.9, 10835.3, 10817.6] rpm=[10799.0, 10823.9, 10835.3, 10817.6] saturation=[horizontal:false altitude:false attitude:false mixer:false] saturated=false
[position_controller_node-2] [INFO] [1784617279.605473958] [position_controller_node]: position target=[8.228, -0.932, 1.500] current=[8.218, -0.927, 1.500] world_v=[0.523, 0.194, -0.000] a_xy=[0.083, 0.068] thrust=9.807 torque=[0.0003, -0.0012, 0.0022] rpm_pre=[10816.5, 10824.8, 10804.6, 10831.3] rpm=[10816.5, 10824.8, 10804.6, 10831.3] saturation=[horizontal:false altitude:false attitude:false mixer:false] saturated=false
[position_controller_node-2] [INFO] [1784617280.605477815] [position_controller_node]: position target=[8.794, -0.699, 1.500] current=[8.782, -0.698, 1.500] world_v=[0.604, 0.265, 0.000] a_xy=[0.078, 0.072] thrust=9.807 torque=[0.0001, -0.0008, 0.0007] rpm_pre=[10819.9, 10819.5, 10812.7, 10825.1] rpm=[10819.9, 10819.5, 10812.7, 10825.1] saturation=[horizontal:false altitude:false attitude:false mixer:false] saturated=false
[position_controller_node-2] [INFO] [1784617281.615286456] [position_controller_node]: position target=[9.443, -0.392, 1.500] current=[9.425, -0.396, 1.500] world_v=[0.662, 0.328, 0.000] a_xy=[0.039, 0.050] thrust=9.807 torque=[-0.0001, 0.0005, 0.0006] rpm_pre=[10814.6, 10823.1, 10818.9, 10819.7] rpm=[10814.6, 10823.1, 10818.9, 10819.7] saturation=[horizontal:false altitude:false attitude:false mixer:false] saturated=false
[position_controller_node-2] [INFO] [1784617282.615380183] [position_controller_node]: position target=[10.111, -0.046, 1.500] current=[10.096, -0.050, 1.500] world_v=[0.670, 0.358, -0.000] a_xy=[-0.021, 0.010] thrust=9.807 torque=[-0.0000, 0.0003, 0.0003] rpm_pre=[10816.2, 10821.5, 10819.0, 10819.2] rpm=[10816.2, 10821.5, 10819.0, 10819.2] saturation=[horizontal:false altitude:false attitude:false mixer:false] saturated=false
[position_controller_node-2] [INFO] [1784617283.625436175] [position_controller_node]: position target=[10.756, 0.309, 1.500] current=[10.750, 0.309, 1.500] world_v=[0.614, 0.346, -0.000] a_xy=[-0.087, -0.035] thrust=9.807 torque=[0.0000, -0.0002, 0.0000] rpm_pre=[10820.0, 10818.5, 10817.9, 10820.3] rpm=[10820.0, 10818.5, 10817.9, 10820.3] saturation=[horizontal:false altitude:false attitude:false mixer:false] saturated=false
[position_controller_node-2] [INFO] [1784617284.635402254] [position_controller_node]: position target=[11.325, 0.635, 1.500] current=[11.316, 0.633, 1.500] world_v=[0.497, 0.290, -0.000] a_xy=[-0.141, -0.074] thrust=9.808 torque=[-0.0000, -0.0000, 0.0002] rpm_pre=[10819.0, 10820.3, 10818.8, 10820.6] rpm=[10819.0, 10820.3, 10818.8, 10820.6] saturation=[horizontal:false altitude:false attitude:false mixer:false] saturated=false
[position_controller_node-2] [INFO] [1784617285.635441316] [position_controller_node]: position target=[11.742, 0.882, 1.500] current=[11.735, 0.881, 1.500] world_v=[0.338, 0.202, 0.000] a_xy=[-0.169, -0.097] thrust=9.809 torque=[0.0000, -0.0001, -0.0215] rpm_pre=[10907.2, 10732.3, 10906.2, 10732.9] rpm=[10907.2, 10732.3, 10906.2, 10732.9] saturation=[horizontal:false altitude:false attitude:false mixer:false] saturated=false
[position_controller_node-2] [INFO] [1784617286.635472120] [position_controller_node]: position target=[11.993, 1.034, 1.500] current=[11.987, 1.033, 1.500] world_v=[0.168, 0.102, 0.000] a_xy=[-0.156, -0.094] thrust=9.808 torque=[-0.0000, -0.0000, 0.0019] rpm_pre=[10812.3, 10827.3, 10812.2, 10827.8] rpm=[10812.3, 10827.3, 10812.2, 10827.8] saturation=[horizontal:false altitude:false attitude:false mixer:false] saturated=false
[position_controller_node-2] [INFO] [1784617287.635488627] [position_controller_node]: position target=[12.090, 1.094, 1.500] current=[12.083, 1.091, 1.500] world_v=[0.035, 0.021, 0.000] a_xy=[-0.086, -0.054] thrust=9.807 torque=[-0.0002, 0.0002, 0.0038] rpm_pre=[10802.4, 10834.7, 10805.6, 10834.3] rpm=[10802.4, 10834.7, 10805.6, 10834.3] saturation=[horizontal:false altitude:false attitude:false mixer:false] saturated=false
[multi_goal_static_avoidance_node-6] [INFO] [1784617288.388212699] [multi_goal_static_avoidance_node]: ordered goal 0 trajectory complete; waiting for stable hold
[position_controller_node-2] [INFO] [1784617288.645392954] [position_controller_node]: position target=[12.100, 1.100, 1.500] current=[12.088, 1.094, 1.500] world_v=[-0.002, -0.002, -0.000] a_xy=[0.009, 0.006] thrust=9.807 torque=[-0.0011, 0.0017, 0.0005] rpm_pre=[10806.1, 10823.5, 10827.7, 10818.4] rpm=[10806.1, 10823.5, 10827.7, 10818.4] saturation=[horizontal:false altitude:false attitude:false mixer:false] saturated=false
[multi_goal_static_avoidance_node-6] [INFO] [1784617289.408162229] [multi_goal_static_avoidance_node]: ordered goal P1 accepted: position_error=0.012437 m speed=0.003263 m/s yaw_error=0.000269 rad angular_speed=0.001831 rad/s
[multi_goal_static_avoidance_node-6] [INFO] [1784617289.408231610] [multi_goal_static_avoidance_node]: multi-goal static avoidance mission complete
[position_controller_node-2] [INFO] [1784617289.645434012] [position_controller_node]: position target=[12.100, 1.100, 1.500] current=[12.090, 1.095, 1.500] world_v=[0.004, 0.002, -0.000] a_xy=[0.003, 0.002] thrust=9.807 torque=[0.0001, -0.0002, 0.0000] rpm_pre=[10820.0, 10818.8, 10817.7, 10819.3] rpm=[10820.0, 10818.8, 10817.7, 10819.3] saturation=[horizontal:false altitude:false attitude:false mixer:false] saturated=false
[position_controller_node-2] [INFO] [1784617290.655419953] [position_controller_node]: position target=[12.100, 1.100, 1.500] current=[12.095, 1.097, 1.500] world_v=[0.006, 0.003, -0.000] a_xy=[0.000, 0.000] thrust=9.807 torque=[-0.0000, 0.0000, 0.0000] rpm_pre=[10818.8, 10819.0, 10819.0, 10818.9] rpm=[10818.8, 10819.0, 10819.0, 10818.9] saturation=[horizontal:false altitude:false attitude:false mixer:false] saturated=false
[position_controller_node-2] [INFO] [1784617291.665287754] [position_controller_node]: position target=[12.100, 1.100, 1.500] current=[12.100, 1.100, 1.500] world_v=[0.005, 0.003, -0.000] a_xy=[-0.002, -0.001] thrust=9.807 torque=[0.0001, -0.0002, 0.0000] rpm_pre=[10820.1, 10818.6, 10817.8, 10819.3] rpm=[10820.1, 10818.6, 10817.8, 10819.3] saturation=[horizontal:false altitude:false attitude:false mixer:false] saturated=false
[position_controller_node-2] [INFO] [1784617292.665453831] [position_controller_node]: position target=[12.100, 1.100, 1.500] current=[12.104, 1.102, 1.500] world_v=[0.002, 0.001, -0.000] a_xy=[-0.003, -0.002] thrust=9.807 torque=[-0.0000, 0.0000, 0.0000] rpm_pre=[10818.8, 10819.0, 10819.1, 10818.9] rpm=[10818.8, 10819.0, 10819.1, 10818.9] saturation=[horizontal:false altitude:false attitude:false mixer:false] saturated=false
[static_environment_node-4] [INFO] [1784617292.688407985] [rclcpp]: signal_handler(SIGINT/SIGTERM)
[multi_goal_static_avoidance_node-6] [INFO] [1784617292.688397072] [rclcpp]: signal_handler(SIGINT/SIGTERM)
[interactive_goal_editor_node-5] [INFO] [1784617292.688449675] [rclcpp]: signal_handler(SIGINT/SIGTERM)
[robot_state_publisher-3] [INFO] [1784617292.688821964] [rclcpp]: signal_handler(SIGINT/SIGTERM)
[quadrotor_dynamics_node-1] [INFO] [1784617292.689210675] [rclcpp]: signal_handler(SIGINT/SIGTERM)
[position_controller_node-2] [INFO] [1784617292.689779910] [rclcpp]: signal_handler(SIGINT/SIGTERM)
[INFO] [static_environment_node-4]: process has finished cleanly [pid 65018]
[INFO] [position_controller_node-2]: process has finished cleanly [pid 65014]
[INFO] [quadrotor_dynamics_node-1]: process has finished cleanly [pid 65012]
[INFO] [multi_goal_static_avoidance_node-6]: process has finished cleanly [pid 65022]
[INFO] [robot_state_publisher-3]: process has finished cleanly [pid 65016]
[INFO] [interactive_goal_editor_node-5]: process has finished cleanly [pid 65020]
