[INFO] [launch]: All log files can be found below /home/peter/.ros/log/2026-07-18-12-24-16-688734-peter-acer-35486
[INFO] [launch]: Default logging verbosity is set to INFO
[INFO] [quadrotor_dynamics_node-1]: process started with pid [35498]
[INFO] [position_controller_node-2]: process started with pid [35500]
[INFO] [robot_state_publisher-3]: process started with pid [35502]
[position_controller_node-2] [INFO] [1784348656.789883929] [position_controller_node]: 3D position controller started at 100.0 Hz (source=pose_goal, odom timeout 0.200 s)
[robot_state_publisher-3] [INFO] [1784348656.794160385] [robot_state_publisher]: got segment base_link
[robot_state_publisher-3] [INFO] [1784348656.794264864] [robot_state_publisher]: got segment front_marker_link
[robot_state_publisher-3] [INFO] [1784348656.794278587] [robot_state_publisher]: got segment m1_arm_link
[robot_state_publisher-3] [INFO] [1784348656.794287347] [robot_state_publisher]: got segment m1_motor_link
[robot_state_publisher-3] [INFO] [1784348656.794295189] [robot_state_publisher]: got segment m1_rotor_link
[robot_state_publisher-3] [INFO] [1784348656.794302195] [robot_state_publisher]: got segment m2_arm_link
[robot_state_publisher-3] [INFO] [1784348656.794309043] [robot_state_publisher]: got segment m2_motor_link
[robot_state_publisher-3] [INFO] [1784348656.794315892] [robot_state_publisher]: got segment m2_rotor_link
[robot_state_publisher-3] [INFO] [1784348656.794322601] [robot_state_publisher]: got segment m3_arm_link
[robot_state_publisher-3] [INFO] [1784348656.794329360] [robot_state_publisher]: got segment m3_motor_link
[robot_state_publisher-3] [INFO] [1784348656.794335966] [robot_state_publisher]: got segment m3_rotor_link
[robot_state_publisher-3] [INFO] [1784348656.794342737] [robot_state_publisher]: got segment m4_arm_link
[robot_state_publisher-3] [INFO] [1784348656.794349183] [robot_state_publisher]: got segment m4_motor_link
[robot_state_publisher-3] [INFO] [1784348656.794355915] [robot_state_publisher]: got segment m4_rotor_link
[quadrotor_dynamics_node-1] [INFO] [1784348656.795266241] [quadrotor_dynamics_node]: Dynamics started at 200.0 Hz; nominal steady-state hover RPM is 10818.9; ground contact is enabled at z=0.000 m; motor command watchdog is enabled (0.300 s)
[quadrotor_dynamics_node-1] [INFO] [1784348656.795329500] [quadrotor_dynamics_node]: External wrench input is enabled (frame=map, force_limit=2.000 N, timeout=0.200 s, torque_limit=0.000 N*m; torque must be zero)
[position_controller_node-2] [WARN] [1784348656.800044961] [position_controller_node]: Waiting for /drone/odom; RPM=0
[position_controller_node-2] [INFO] [1784348656.810025689] [position_controller_node]: position target=[0.000, 0.000, 1.500] current=[0.000, 0.000, 0.000] world_v=[0.000, 0.000, 0.000] a_xy=[0.000, 0.000] thrust=14.307 torque=[0.0000, 0.0000, 0.0000] rpm_pre=[13067.5, 13067.5, 13067.5, 13067.5] rpm=[13067.5, 13067.5, 13067.5, 13067.5] saturation=[horizontal:false altitude:false attitude:false mixer:false] saturated=false
[INFO] [ros2-4]: process started with pid [35539]
[position_controller_node-2] [INFO] [1784348657.810037601] [position_controller_node]: position target=[0.000, 0.000, 1.500] current=[0.000, 0.000, 0.709] world_v=[0.000, 0.000, 0.871] a_xy=[0.000, 0.000] thrust=9.132 torque=[0.0000, 0.0000, 0.0000] rpm_pre=[10440.0, 10440.0, 10440.0, 10440.0] rpm=[10440.0, 10440.0, 10440.0, 10440.0] saturation=[horizontal:false altitude:false attitude:false mixer:false] saturated=false
[ros2-4] publisher: beginning loop
[ros2-4] publishing #1: geometry_msgs.msg.PoseStamped(header=std_msgs.msg.Header(stamp=builtin_interfaces.msg.Time(sec=0, nanosec=0), frame_id='map'), pose=geometry_msgs.msg.Pose(position=geometry_msgs.msg.Point(x=0.0, y=0.0, z=1.5), orientation=geometry_msgs.msg.Quaternion(x=0.0, y=0.0, z=0.0, w=1.0)))
[ros2-4] 
[INFO] [ros2-4]: process has finished cleanly [pid 35539]
[position_controller_node-2] [INFO] [1784348658.810256776] [position_controller_node]: position target=[0.000, 0.000, 1.500] current=[0.000, 0.000, 1.264] world_v=[0.000, 0.000, 0.301] a_xy=[0.000, 0.000] thrust=9.464 torque=[0.0000, 0.0000, 0.0000] rpm_pre=[10628.4, 10628.4, 10628.4, 10628.4] rpm=[10628.4, 10628.4, 10628.4, 10628.4] saturation=[horizontal:false altitude:false attitude:false mixer:false] saturated=false
[position_controller_node-2] [INFO] [1784348659.820132434] [position_controller_node]: position target=[0.000, 0.000, 1.500] current=[0.000, 0.000, 1.435] world_v=[0.000, 0.000, 0.084] a_xy=[0.000, 0.000] thrust=9.707 torque=[0.0000, 0.0000, 0.0000] rpm_pre=[10763.8, 10763.8, 10763.8, 10763.8] rpm=[10763.8, 10763.8, 10763.8, 10763.8] saturation=[horizontal:false altitude:false attitude:false mixer:false] saturated=false
[position_controller_node-2] [INFO] [1784348660.830154354] [position_controller_node]: position target=[0.000, 0.000, 1.500] current=[0.000, 0.000, 1.483] world_v=[0.000, 0.000, 0.023] a_xy=[0.000, 0.000] thrust=9.779 torque=[0.0000, 0.0000, 0.0000] rpm_pre=[10803.9, 10803.9, 10803.9, 10803.9] rpm=[10803.9, 10803.9, 10803.9, 10803.9] saturation=[horizontal:false altitude:false attitude:false mixer:false] saturated=false
[position_controller_node-2] [INFO] [1784348661.830231898] [position_controller_node]: position target=[0.000, 0.000, 1.500] current=[0.000, 0.000, 1.495] world_v=[0.000, 0.000, 0.006] a_xy=[0.000, 0.000] thrust=9.799 torque=[0.0000, 0.0000, 0.0000] rpm_pre=[10814.8, 10814.8, 10814.8, 10814.8] rpm=[10814.8, 10814.8, 10814.8, 10814.8] saturation=[horizontal:false altitude:false attitude:false mixer:false] saturated=false
[position_controller_node-2] [INFO] [1784348662.840173312] [position_controller_node]: position target=[0.000, 0.000, 1.500] current=[0.019, -0.000, 1.499] world_v=[0.166, -0.000, 0.002] a_xy=[-0.207, 0.000] thrust=9.805 torque=[-0.0000, 0.0026, 0.0000] rpm_pre=[10807.9, 10828.5, 10828.5, 10807.9] rpm=[10807.9, 10828.5, 10828.5, 10807.9] saturation=[horizontal:false altitude:false attitude:false mixer:false] saturated=false
[position_controller_node-2] [INFO] [1784348663.840212929] [position_controller_node]: position target=[0.000, 0.000, 1.500] current=[0.396, -0.000, 1.499] world_v=[0.489, -0.000, 0.000] a_xy=[-0.745, 0.000] thrust=9.834 torque=[0.0000, -0.0007, -0.0000] rpm_pre=[10836.8, 10831.3, 10831.3, 10836.8] rpm=[10836.8, 10831.3, 10831.3, 10836.8] saturation=[horizontal:false altitude:false attitude:false mixer:false] saturated=false
[position_controller_node-2] [INFO] [1784348664.840325039] [position_controller_node]: position target=[0.000, 0.000, 1.500] current=[0.874, -0.000, 1.500] world_v=[0.324, -0.000, 0.000] a_xy=[-0.739, 0.000] thrust=9.839 torque=[0.0000, 0.0200, 0.0000] rpm_pre=[10758.3, 10914.4, 10914.4, 10758.3] rpm=[10758.3, 10914.4, 10914.4, 10758.3] saturation=[horizontal:false altitude:false attitude:false mixer:false] saturated=false
[position_controller_node-2] [INFO] [1784348665.850271838] [position_controller_node]: position target=[0.000, 0.000, 1.500] current=[0.910, -0.000, 1.500] world_v=[-0.150, 0.000, 0.000] a_xy=[-0.184, -0.000] thrust=9.808 torque=[-0.0000, -0.0027, 0.0000] rpm_pre=[10830.3, 10808.9, 10808.9, 10830.3] rpm=[10830.3, 10808.9, 10808.9, 10830.3] saturation=[horizontal:false altitude:false attitude:false mixer:false] saturated=false
[position_controller_node-2] [INFO] [1784348666.850310314] [position_controller_node]: position target=[0.000, 0.000, 1.500] current=[0.698, 0.000, 1.500] world_v=[-0.237, 0.000, -0.000] a_xy=[0.005, -0.000] thrust=9.807 torque=[-0.0000, 0.0000, -0.0000] rpm_pre=[10818.9, 10819.0, 10819.0, 10818.9] rpm=[10818.9, 10819.0, 10819.0, 10818.9] saturation=[horizontal:false altitude:false attitude:false mixer:false] saturated=false
[position_controller_node-2] [INFO] [1784348667.850329966] [position_controller_node]: position target=[0.000, 0.000, 1.500] current=[0.474, 0.000, 1.500] world_v=[-0.203, 0.000, -0.000] a_xy=[0.054, -0.000] thrust=9.807 torque=[-0.0000, -0.0001, -0.0000] rpm_pre=[10819.4, 10818.7, 10818.7, 10819.4] rpm=[10819.4, 10818.7, 10818.7, 10819.4] saturation=[horizontal:false altitude:false attitude:false mixer:false] saturated=false
[position_controller_node-2] [INFO] [1784348668.850348567] [position_controller_node]: position target=[0.000, 0.000, 1.500] current=[0.299, 0.000, 1.500] world_v=[-0.145, 0.000, -0.000] a_xy=[0.054, -0.000] thrust=9.807 torque=[0.0000, -0.0000, -0.0000] rpm_pre=[10819.2, 10818.9, 10818.9, 10819.2] rpm=[10819.2, 10818.9, 10818.9, 10819.2] saturation=[horizontal:false altitude:false attitude:false mixer:false] saturated=false
[position_controller_node-2] [INFO] [1784348669.850414296] [position_controller_node]: position target=[0.000, 0.000, 1.500] current=[0.181, 0.000, 1.500] world_v=[-0.095, 0.000, -0.000] a_xy=[0.041, -0.000] thrust=9.807 torque=[-0.0000, -0.0000, 0.0000] rpm_pre=[10819.1, 10818.9, 10818.9, 10819.1] rpm=[10819.1, 10818.9, 10818.9, 10819.1] saturation=[horizontal:false altitude:false attitude:false mixer:false] saturated=false
[position_controller_node-2] [INFO] [1784348670.850477336] [position_controller_node]: position target=[0.000, 0.000, 1.500] current=[0.106, 0.000, 1.500] world_v=[-0.058, -0.000, -0.000] a_xy=[0.028, 0.000] thrust=9.807 torque=[0.0000, -0.0000, 0.0000] rpm_pre=[10819.0, 10818.9, 10818.9, 10819.0] rpm=[10819.0, 10818.9, 10818.9, 10819.0] saturation=[horizontal:false altitude:false attitude:false mixer:false] saturated=false
[position_controller_node-2] [INFO] [1784348671.860370843] [position_controller_node]: position target=[0.000, 0.000, 1.500] current=[0.060, 0.000, 1.500] world_v=[-0.034, -0.000, -0.000] a_xy=[0.017, -0.000] thrust=9.807 torque=[0.0000, -0.0000, 0.0000] rpm_pre=[10819.0, 10819.0, 10819.0, 10819.0] rpm=[10819.0, 10819.0, 10819.0, 10819.0] saturation=[horizontal:false altitude:false attitude:false mixer:false] saturated=false
[position_controller_node-2] [INFO] [1784348672.860455448] [position_controller_node]: position target=[0.000, 0.000, 1.500] current=[0.033, 0.000, 1.500] world_v=[-0.020, -0.000, -0.000] a_xy=[0.010, 0.000] thrust=9.807 torque=[0.0000, -0.0000, -0.0000] rpm_pre=[10819.0, 10818.9, 10818.9, 10819.0] rpm=[10819.0, 10818.9, 10818.9, 10819.0] saturation=[horizontal:false altitude:false attitude:false mixer:false] saturated=false
[position_controller_node-2] [INFO] [1784348673.860533352] [position_controller_node]: position target=[0.000, 0.000, 1.500] current=[0.018, 0.000, 1.500] world_v=[-0.011, -0.000, -0.000] a_xy=[0.006, 0.000] thrust=9.807 torque=[0.0000, 0.0000, 0.0000] rpm_pre=[10818.9, 10818.9, 10818.9, 10818.9] rpm=[10818.9, 10818.9, 10818.9, 10818.9] saturation=[horizontal:false altitude:false attitude:false mixer:false] saturated=false
[WARNING] [launch]: user interrupted with ctrl-c (SIGINT)
[INFO] [robot_state_publisher-3]: sending signal 'SIGINT' to process[robot_state_publisher-3]
[INFO] [position_controller_node-2]: sending signal 'SIGINT' to process[position_controller_node-2]
[INFO] [quadrotor_dynamics_node-1]: sending signal 'SIGINT' to process[quadrotor_dynamics_node-1]
[quadrotor_dynamics_node-1] [INFO] [1784348674.628105991] [rclcpp]: signal_handler(SIGINT/SIGTERM)
[robot_state_publisher-3] [INFO] [1784348674.628104863] [rclcpp]: signal_handler(SIGINT/SIGTERM)
[position_controller_node-2] [INFO] [1784348674.628135605] [rclcpp]: signal_handler(SIGINT/SIGTERM)
[robot_state_publisher-3] [INFO] [1784348674.630354340] [rclcpp]: signal_handler(SIGINT/SIGTERM)
[ERROR] [position_controller_node-2]: process has died [pid 35500, exit code -2, cmd '/home/peter/ros2_drone_sim/install/drone_controller/lib/drone_controller/position_controller_node --ros-args -r __node:=position_controller_node --params-file /tmp/horizontal-integral-h1jaw9c3/pd_short_0p8/controller.yaml --params-file /tmp/launch_params_kxsufvhy'].
[ERROR] [quadrotor_dynamics_node-1]: process has died [pid 35498, exit code -2, cmd '/home/peter/ros2_drone_sim/install/drone_dynamics/lib/drone_dynamics/quadrotor_dynamics_node --ros-args -r __node:=quadrotor_dynamics_node --params-file /tmp/horizontal-integral-h1jaw9c3/pd_short_0p8/dynamics.yaml --params-file /tmp/launch_params_4789gofq'].
[INFO] [robot_state_publisher-3]: process has finished cleanly [pid 35502]
