{
  "final_position_error_m": 0.01620598984585676,
  "final_speed_m_s": 0.008808268938742857,
  "final_window_mean_error_m": 0.021403987692804414,
  "recorded_targets": [
    {
      "position": [
        0.0,
        0.0,
        1.5
      ],
      "yaw_rad": 0.0
    }
  ],
  "target_snapshot_matches_samples": true,
  "yaw_metrics_status": "available",
  "yaw_sample_count": 5181,
  "final_yaw_error_rad": 2.338930559514374e-18,
  "yaw_error_rms_rad": 3.359471865850632e-17,
  "maximum_absolute_yaw_error_rad": 1.1925646491199792e-16,
  "arrival_time_s": 2.175389051437378,
  "maximum_overshoot_m": 3.6402308635663516e-05,
  "maximum_overshoot_percent": 0.004022877412445289,
  "steady_state_mean_error_m": 0.03790042774698361,
  "steady_state_rms_error_m": 0.04094287798366937,
  "steady_state_max_error_m": 0.06966975888302535,
  "maximum_goal_position_error_m": 0.9048823740700696,
  "full_mission_tracking_max_error_m": null,
  "full_mission_tracking_rms_error_m": null,
  "minimum_raw_obstacle_distance_m": 1.8679027397238914,
  "safety_radius_m": 0.25,
  "minimum_safety_clearance_m": 1.6179027397238914,
  "straight_line_distance_m": 0.9048823740700696,
  "actual_path_length_m": 1.8019848498601128,
  "flight_time_s": 25.899171829223633,
  "planned_segment_count": 0,
  "simplified_segment_count": 0,
  "reference_segment_count": 0,
  "planned_path_length_m": null,
  "simplified_path_length_m": null,
  "reference_path_length_m": null,
  "path_efficiency": null,
  "planned_vs_straight_ratio": null,
  "actual_vs_reference_ratio": null,
  "maximum_absolute_roll_rad": 1.356327845450249e-16,
  "maximum_absolute_pitch_rad": 0.03571102745629396,
  "maximum_angular_speed_rad_s": 0.049485256456781694,
  "non_finite_attitude_count": 0,
  "attitude_divergence_detected": false,
  "minimum_commanded_motor_rpm": 10432.139796267476,
  "maximum_commanded_motor_rpm": 10857.264775520991,
  "minimum_motor_rpm": 10432.139796267476,
  "maximum_motor_rpm": 10857.264775520991,
  "motor_rpm_semantics": "commanded_motor_rpm",
  "saturation_sample_source": "diagnostics_callbacks",
  "saturation_sample_count": 0,
  "longest_saturation_duration_s": 0.0,
  "saturated_at_end": false,
  "non_finite_rpm_count": 0,
  "force_start_time_s": 13.604824781417847,
  "force_release_time_s": 15.604807615280151,
  "force_duration_s": 1.9999828338623047,
  "mean_horizontal_force_n": [
    0.29999999999999805,
    0.0
  ],
  "peak_horizontal_deviation_m": 0.33209726027610864,
  "peak_force_direction_displacement_m": 0.33209726027610864,
  "disturbance_steady_state_error_m": 0.2560032207567828,
  "recovery_time_s": 6.284870386123657,
  "reverse_overshoot_m": 0.12455657986304411
}
