[INFO] [launch]: All log files can be found below /home/peter/.ros/log/2026-07-21-15-29-38-137539-peter-acer-69410
[INFO] [launch]: Default logging verbosity is set to INFO
[INFO] [quadrotor_dynamics_node-1]: process started with pid [69425]
[INFO] [position_controller_node-2]: process started with pid [69427]
[INFO] [robot_state_publisher-3]: process started with pid [69429]
[INFO] [disturbance_demo_node-4]: process started with pid [69431]
[position_controller_node-2] [INFO] [1784618978.246634553] [position_controller_node]: 3D position controller started at 100.0 Hz (source=pose_goal, odom timeout 0.200 s)
[disturbance_demo_node-4] [INFO] [1784618978.248762582] [disturbance_demo_node]: Disturbance demo started: profile=short_gust target=[0.00, 0.00, 1.50] m Equivalent External Force=[0.30, 0.00, 0.00] N rate=25.0 Hz
[disturbance_demo_node-4] [INFO] [1784618978.248856106] [disturbance_demo_node]: [WAIT_FOR_ODOM] waiting for valid /drone/odom
[robot_state_publisher-3] [INFO] [1784618978.251245868] [robot_state_publisher]: got segment base_link
[robot_state_publisher-3] [INFO] [1784618978.251328686] [robot_state_publisher]: got segment front_marker_link
[robot_state_publisher-3] [INFO] [1784618978.251333296] [robot_state_publisher]: got segment m1_arm_link
[robot_state_publisher-3] [INFO] [1784618978.251335845] [robot_state_publisher]: got segment m1_motor_link
[robot_state_publisher-3] [INFO] [1784618978.251338423] [robot_state_publisher]: got segment m1_rotor_link
[robot_state_publisher-3] [INFO] [1784618978.251340772] [robot_state_publisher]: got segment m2_arm_link
[robot_state_publisher-3] [INFO] [1784618978.251343080] [robot_state_publisher]: got segment m2_motor_link
[robot_state_publisher-3] [INFO] [1784618978.251345430] [robot_state_publisher]: got segment m2_rotor_link
[robot_state_publisher-3] [INFO] [1784618978.251347657] [robot_state_publisher]: got segment m3_arm_link
[robot_state_publisher-3] [INFO] [1784618978.251349875] [robot_state_publisher]: got segment m3_motor_link
[robot_state_publisher-3] [INFO] [1784618978.251352118] [robot_state_publisher]: got segment m3_rotor_link
[robot_state_publisher-3] [INFO] [1784618978.251354309] [robot_state_publisher]: got segment m4_arm_link
[robot_state_publisher-3] [INFO] [1784618978.251356682] [robot_state_publisher]: got segment m4_motor_link
[robot_state_publisher-3] [INFO] [1784618978.251358856] [robot_state_publisher]: got segment m4_rotor_link
[quadrotor_dynamics_node-1] [INFO] [1784618978.254088166] [quadrotor_dynamics_node]: Dynamics started at 200.0 Hz; nominal steady-state hover RPM is 10818.9; ground contact is enabled at z=0.000 m; motor command watchdog is enabled (0.300 s)
[quadrotor_dynamics_node-1] [INFO] [1784618978.254157206] [quadrotor_dynamics_node]: External wrench input is enabled (frame=map, force_limit=2.000 N, timeout=0.200 s, torque_limit=0.000 N*m; torque must be zero)
[position_controller_node-2] [WARN] [1784618978.256771922] [position_controller_node]: Waiting for /drone/goal; RPM=0
[disturbance_demo_node-4] [INFO] [1784618978.288850918] [disturbance_demo_node]: [TAKEOFF_AND_SETTLE] holding target until position and speed settle
[position_controller_node-2] [INFO] [1784618978.296781711] [position_controller_node]: position target=[0.000, 0.000, 1.500] current=[0.000, 0.000, 0.000] world_v=[0.000, 0.000, 0.000] a_xy=[0.000, 0.000] thrust=14.307 torque=[0.0000, 0.0000, 0.0000] rpm_pre=[13067.5, 13067.5, 13067.5, 13067.5] rpm=[13067.5, 13067.5, 13067.5, 13067.5] saturation=[horizontal:false altitude:false attitude:false mixer:false] saturated=false
[position_controller_node-2] [INFO] [1784618979.306827803] [position_controller_node]: position target=[0.000, 0.000, 1.500] current=[0.000, 0.000, 0.717] world_v=[0.000, 0.000, 0.864] a_xy=[0.000, 0.000] thrust=9.130 torque=[0.0000, 0.0000, 0.0000] rpm_pre=[10438.9, 10438.9, 10438.9, 10438.9] rpm=[10438.9, 10438.9, 10438.9, 10438.9] saturation=[horizontal:false altitude:false attitude:false mixer:false] saturated=false
[position_controller_node-2] [INFO] [1784618980.316701068] [position_controller_node]: position target=[0.000, 0.000, 1.500] current=[0.000, 0.000, 1.269] world_v=[0.000, 0.000, 0.293] a_xy=[0.000, 0.000] thrust=9.472 torque=[0.0000, 0.0000, 0.0000] rpm_pre=[10632.5, 10632.5, 10632.5, 10632.5] rpm=[10632.5, 10632.5, 10632.5, 10632.5] saturation=[horizontal:false altitude:false attitude:false mixer:false] saturated=false
[position_controller_node-2] [INFO] [1784618981.316799229] [position_controller_node]: position target=[0.000, 0.000, 1.500] current=[0.000, 0.000, 1.436] world_v=[0.000, 0.000, 0.083] a_xy=[0.000, 0.000] thrust=9.708 torque=[0.0000, 0.0000, 0.0000] rpm_pre=[10764.3, 10764.3, 10764.3, 10764.3] rpm=[10764.3, 10764.3, 10764.3, 10764.3] saturation=[horizontal:false altitude:false attitude:false mixer:false] saturated=false
[position_controller_node-2] [INFO] [1784618982.316828660] [position_controller_node]: position target=[0.000, 0.000, 1.500] current=[0.000, 0.000, 1.483] world_v=[0.000, 0.000, 0.023] a_xy=[0.000, 0.000] thrust=9.779 torque=[0.0000, 0.0000, 0.0000] rpm_pre=[10803.9, 10803.9, 10803.9, 10803.9] rpm=[10803.9, 10803.9, 10803.9, 10803.9] saturation=[horizontal:false altitude:false attitude:false mixer:false] saturated=false
[disturbance_demo_node-4] [INFO] [1784618982.728753744] [disturbance_demo_node]: [COUNTDOWN] disturbance starts in 10.0 s
[position_controller_node-2] [INFO] [1784618983.326830418] [position_controller_node]: position target=[0.000, 0.000, 1.500] current=[0.000, 0.000, 1.495] world_v=[0.000, 0.000, 0.006] a_xy=[0.000, 0.000] thrust=9.799 torque=[0.0000, 0.0000, 0.0000] rpm_pre=[10814.9, 10814.9, 10814.9, 10814.9] rpm=[10814.9, 10814.9, 10814.9, 10814.9] saturation=[horizontal:false altitude:false attitude:false mixer:false] saturated=false
[position_controller_node-2] [INFO] [1784618984.336602146] [position_controller_node]: position target=[0.000, 0.000, 1.500] current=[0.000, 0.000, 1.499] world_v=[0.000, 0.000, 0.002] a_xy=[0.000, 0.000] thrust=9.805 torque=[0.0000, 0.0000, 0.0000] rpm_pre=[10817.9, 10817.9, 10817.9, 10817.9] rpm=[10817.9, 10817.9, 10817.9, 10817.9] saturation=[horizontal:false altitude:false attitude:false mixer:false] saturated=false
[position_controller_node-2] [INFO] [1784618985.346509046] [position_controller_node]: position target=[0.000, 0.000, 1.500] current=[0.000, 0.000, 1.500] world_v=[0.000, 0.000, 0.000] a_xy=[0.000, 0.000] thrust=9.806 torque=[0.0000, 0.0000, 0.0000] rpm_pre=[10818.7, 10818.7, 10818.7, 10818.7] rpm=[10818.7, 10818.7, 10818.7, 10818.7] saturation=[horizontal:false altitude:false attitude:false mixer:false] saturated=false
[position_controller_node-2] [INFO] [1784618986.356458789] [position_controller_node]: position target=[0.000, 0.000, 1.500] current=[0.000, 0.000, 1.500] world_v=[0.000, 0.000, 0.000] a_xy=[0.000, 0.000] thrust=9.807 torque=[0.0000, 0.0000, 0.0000] rpm_pre=[10818.9, 10818.9, 10818.9, 10818.9] rpm=[10818.9, 10818.9, 10818.9, 10818.9] saturation=[horizontal:false altitude:false attitude:false mixer:false] saturated=false
[position_controller_node-2] [INFO] [1784618987.366416918] [position_controller_node]: position target=[0.000, 0.000, 1.500] current=[0.000, 0.000, 1.500] world_v=[0.000, 0.000, 0.000] a_xy=[0.000, 0.000] thrust=9.807 torque=[0.0000, 0.0000, 0.0000] rpm_pre=[10818.9, 10818.9, 10818.9, 10818.9] rpm=[10818.9, 10818.9, 10818.9, 10818.9] saturation=[horizontal:false altitude:false attitude:false mixer:false] saturated=false
[position_controller_node-2] [INFO] [1784618988.366431371] [position_controller_node]: position target=[0.000, 0.000, 1.500] current=[0.000, 0.000, 1.500] world_v=[0.000, 0.000, 0.000] a_xy=[0.000, 0.000] thrust=9.807 torque=[0.0000, 0.0000, 0.0000] rpm_pre=[10818.9, 10818.9, 10818.9, 10818.9] rpm=[10818.9, 10818.9, 10818.9, 10818.9] saturation=[horizontal:false altitude:false attitude:false mixer:false] saturated=false
[position_controller_node-2] [INFO] [1784618989.366584209] [position_controller_node]: position target=[0.000, 0.000, 1.500] current=[0.000, 0.000, 1.500] world_v=[0.000, 0.000, 0.000] a_xy=[0.000, 0.000] thrust=9.807 torque=[0.0000, 0.0000, 0.0000] rpm_pre=[10818.9, 10818.9, 10818.9, 10818.9] rpm=[10818.9, 10818.9, 10818.9, 10818.9] saturation=[horizontal:false altitude:false attitude:false mixer:false] saturated=false
[position_controller_node-2] [INFO] [1784618990.376409231] [position_controller_node]: position target=[0.000, 0.000, 1.500] current=[0.000, 0.000, 1.500] world_v=[0.000, 0.000, 0.000] a_xy=[0.000, 0.000] thrust=9.807 torque=[0.0000, 0.0000, 0.0000] rpm_pre=[10818.9, 10818.9, 10818.9, 10818.9] rpm=[10818.9, 10818.9, 10818.9, 10818.9] saturation=[horizontal:false altitude:false attitude:false mixer:false] saturated=false
[position_controller_node-2] [INFO] [1784618991.376465206] [position_controller_node]: position target=[0.000, 0.000, 1.500] current=[0.000, 0.000, 1.500] world_v=[0.000, 0.000, 0.000] a_xy=[0.000, 0.000] thrust=9.807 torque=[0.0000, 0.0000, 0.0000] rpm_pre=[10818.9, 10818.9, 10818.9, 10818.9] rpm=[10818.9, 10818.9, 10818.9, 10818.9] saturation=[horizontal:false altitude:false attitude:false mixer:false] saturated=false
[position_controller_node-2] [INFO] [1784618992.376488041] [position_controller_node]: position target=[0.000, 0.000, 1.500] current=[0.000, 0.000, 1.500] world_v=[0.000, 0.000, 0.000] a_xy=[0.000, 0.000] thrust=9.807 torque=[0.0000, 0.0000, 0.0000] rpm_pre=[10818.9, 10818.9, 10818.9, 10818.9] rpm=[10818.9, 10818.9, 10818.9, 10818.9] saturation=[horizontal:false altitude:false attitude:false mixer:false] saturated=false
[disturbance_demo_node-4] [INFO] [1784618992.768333214] [disturbance_demo_node]: [DISTURBANCE_ACTIVE] F=[0.30, 0.00, 0.00] N
[position_controller_node-2] [INFO] [1784618993.386470516] [position_controller_node]: position target=[0.000, 0.000, 1.500] current=[0.049, 0.000, 1.500] world_v=[0.139, 0.000, -0.000] a_xy=[-0.188, -0.000] thrust=9.808 torque=[-0.0000, 0.0011, 0.0000] rpm_pre=[10815.4, 10824.2, 10824.2, 10815.4] rpm=[10815.4, 10824.2, 10824.2, 10815.4] saturation=[horizontal:false altitude:false attitude:false mixer:false] saturated=false
[position_controller_node-2] [INFO] [1784618994.396405029] [position_controller_node]: position target=[0.000, 0.000, 1.500] current=[0.224, 0.000, 1.500] world_v=[0.181, 0.000, -0.000] a_xy=[-0.328, -0.000] thrust=9.812 torque=[0.0000, -0.0001, 0.0000] rpm_pre=[10822.2, 10821.7, 10821.7, 10822.2] rpm=[10822.2, 10821.7, 10821.7, 10822.2] saturation=[horizontal:false altitude:false attitude:false mixer:false] saturated=false
[disturbance_demo_node-4] [INFO] [1784618994.768366644] [disturbance_demo_node]: [RECOVERY] external force removed
[position_controller_node-2] [INFO] [1784618995.406392581] [position_controller_node]: position target=[0.000, 0.000, 1.500] current=[0.332, 0.000, 1.500] world_v=[-0.014, -0.000, 0.000] a_xy=[-0.183, 0.000] thrust=9.808 torque=[0.0000, -0.0015, -0.0000] rpm_pre=[10825.7, 10814.1, 10814.1, 10825.7] rpm=[10825.7, 10814.1, 10814.1, 10825.7] saturation=[horizontal:false altitude:false attitude:false mixer:false] saturated=false
[position_controller_node-2] [INFO] [1784618996.416327183] [position_controller_node]: position target=[0.000, 0.000, 1.500] current=[0.245, -0.000, 1.500] world_v=[-0.134, -0.000, -0.000] a_xy=[-0.050, 0.000] thrust=9.807 torque=[0.0000, 0.0001, 0.0000] rpm_pre=[10818.6, 10819.4, 10819.4, 10818.6] rpm=[10818.6, 10819.4, 10819.4, 10818.6] saturation=[horizontal:false altitude:false attitude:false mixer:false] saturated=false
[position_controller_node-2] [INFO] [1784618997.426254558] [position_controller_node]: position target=[0.000, 0.000, 1.500] current=[0.094, -0.000, 1.500] world_v=[-0.154, 0.000, -0.000] a_xy=[0.010, 0.000] thrust=9.807 torque=[-0.0000, -0.0000, -0.0000] rpm_pre=[10819.1, 10818.8, 10818.8, 10819.1] rpm=[10819.1, 10818.8, 10818.8, 10819.1] saturation=[horizontal:false altitude:false attitude:false mixer:false] saturated=false
[position_controller_node-2] [INFO] [1784618998.426392504] [position_controller_node]: position target=[0.000, 0.000, 1.500] current=[-0.050, -0.000, 1.500] world_v=[-0.121, -0.000, -0.000] a_xy=[0.099, 0.000] thrust=9.807 torque=[0.0000, -0.0016, 0.0000] rpm_pre=[10825.4, 10813.1, 10813.1, 10825.4] rpm=[10825.4, 10813.1, 10813.1, 10825.4] saturation=[horizontal:false altitude:false attitude:false mixer:false] saturated=false
[position_controller_node-2] [INFO] [1784618999.436318121] [position_controller_node]: position target=[0.000, 0.000, 1.500] current=[-0.120, 0.000, 1.500] world_v=[-0.024, 0.000, 0.000] a_xy=[0.068, -0.000] thrust=9.807 torque=[0.0000, -0.0002, -0.0000] rpm_pre=[10819.7, 10818.5, 10818.5, 10819.7] rpm=[10819.7, 10818.5, 10818.5, 10819.7] saturation=[horizontal:false altitude:false attitude:false mixer:false] saturated=false
[position_controller_node-2] [INFO] [1784619000.446055425] [position_controller_node]: position target=[0.000, 0.000, 1.500] current=[-0.117, 0.000, 1.500] world_v=[0.022, -0.000, 0.000] a_xy=[0.019, 0.000] thrust=9.807 torque=[0.0000, 0.0000, -0.0000] rpm_pre=[10818.8, 10819.1, 10819.1, 10818.8] rpm=[10818.8, 10819.1, 10819.1, 10818.8] saturation=[horizontal:false altitude:false attitude:false mixer:false] saturated=false
[position_controller_node-2] [INFO] [1784619001.446078290] [position_controller_node]: position target=[0.000, 0.000, 1.500] current=[-0.088, -0.000, 1.500] world_v=[0.031, -0.000, -0.000] a_xy=[-0.002, 0.000] thrust=9.807 torque=[-0.0000, 0.0000, 0.0000] rpm_pre=[10818.9, 10819.0, 10819.0, 10818.9] rpm=[10818.9, 10819.0, 10819.0, 10818.9] saturation=[horizontal:false altitude:false attitude:false mixer:false] saturated=false
[position_controller_node-2] [INFO] [1784619002.456066165] [position_controller_node]: position target=[0.000, 0.000, 1.500] current=[-0.059, 0.000, 1.500] world_v=[0.026, 0.000, -0.000] a_xy=[-0.007, -0.000] thrust=9.807 torque=[-0.0000, 0.0000, 0.0000] rpm_pre=[10818.9, 10819.0, 10819.0, 10818.9] rpm=[10818.9, 10819.0, 10819.0, 10818.9] saturation=[horizontal:false altitude:false attitude:false mixer:false] saturated=false
[position_controller_node-2] [INFO] [1784619003.466038448] [position_controller_node]: position target=[0.000, 0.000, 1.500] current=[-0.037, 0.000, 1.500] world_v=[0.018, -0.000, -0.000] a_xy=[-0.007, 0.000] thrust=9.807 torque=[0.0000, 0.0000, -0.0000] rpm_pre=[10818.9, 10819.0, 10819.0, 10818.9] rpm=[10818.9, 10819.0, 10819.0, 10818.9] saturation=[horizontal:false altitude:false attitude:false mixer:false] saturated=false
[position_controller_node-2] [INFO] [1784619004.475981204] [position_controller_node]: position target=[0.000, 0.000, 1.500] current=[-0.022, -0.000, 1.500] world_v=[0.012, -0.000, -0.000] a_xy=[-0.005, 0.000] thrust=9.807 torque=[0.0000, 0.0000, -0.0000] rpm_pre=[10818.9, 10819.0, 10819.0, 10818.9] rpm=[10818.9, 10819.0, 10819.0, 10818.9] saturation=[horizontal:false altitude:false attitude:false mixer:false] saturated=false
[disturbance_demo_node-4] [INFO] [1784619004.808106922] [disturbance_demo_node]: [COMPLETE] final horizontal error=0.019 m
[position_controller_node-2] [INFO] [1784619005.409806614] [rclcpp]: signal_handler(SIGINT/SIGTERM)
[disturbance_demo_node-4] [INFO] [1784619005.409808203] [rclcpp]: signal_handler(SIGINT/SIGTERM)
[robot_state_publisher-3] [INFO] [1784619005.410306572] [rclcpp]: signal_handler(SIGINT/SIGTERM)
[quadrotor_dynamics_node-1] [INFO] [1784619005.410559312] [rclcpp]: signal_handler(SIGINT/SIGTERM)
[INFO] [position_controller_node-2]: process has finished cleanly [pid 69427]
[INFO] [disturbance_demo_node-4]: process has finished cleanly [pid 69431]
[INFO] [quadrotor_dynamics_node-1]: process has finished cleanly [pid 69425]
[INFO] [robot_state_publisher-3]: process has finished cleanly [pid 69429]
