[INFO] [launch]: All log files can be found below /home/peter/.ros/log/2026-07-18-13-07-44-013155-peter-acer-44994
[INFO] [launch]: Default logging verbosity is set to INFO
[INFO] [quadrotor_dynamics_node-1]: process started with pid [45006]
[INFO] [position_controller_node-2]: process started with pid [45008]
[INFO] [robot_state_publisher-3]: process started with pid [45010]
[position_controller_node-2] [INFO] [1784351264.107821693] [position_controller_node]: 3D position controller started at 100.0 Hz (source=pose_goal, odom timeout 0.200 s)
[quadrotor_dynamics_node-1] [INFO] [1784351264.109932345] [quadrotor_dynamics_node]: Dynamics started at 200.0 Hz; nominal steady-state hover RPM is 10818.9; ground contact is enabled at z=0.000 m; motor command watchdog is enabled (0.300 s)
[quadrotor_dynamics_node-1] [INFO] [1784351264.109993894] [quadrotor_dynamics_node]: External wrench input is enabled (frame=map, force_limit=2.000 N, timeout=0.200 s, torque_limit=0.000 N*m; torque must be zero)
[position_controller_node-2] [INFO] [1784351264.117949846] [position_controller_node]: position target=[0.000, 0.000, 1.500] current=[0.000, 0.000, 0.000] world_v=[0.000, 0.000, 0.000] a_xy=[0.000, 0.000] thrust=14.307 torque=[0.0000, 0.0000, 0.0000] rpm_pre=[13067.5, 13067.5, 13067.5, 13067.5] rpm=[13067.5, 13067.5, 13067.5, 13067.5] saturation=[horizontal:false altitude:false attitude:false mixer:false] saturated=false
[robot_state_publisher-3] [INFO] [1784351264.118722451] [robot_state_publisher]: got segment base_link
[robot_state_publisher-3] [INFO] [1784351264.118785119] [robot_state_publisher]: got segment front_marker_link
[robot_state_publisher-3] [INFO] [1784351264.118790692] [robot_state_publisher]: got segment m1_arm_link
[robot_state_publisher-3] [INFO] [1784351264.118793433] [robot_state_publisher]: got segment m1_motor_link
[robot_state_publisher-3] [INFO] [1784351264.118796096] [robot_state_publisher]: got segment m1_rotor_link
[robot_state_publisher-3] [INFO] [1784351264.118798511] [robot_state_publisher]: got segment m2_arm_link
[robot_state_publisher-3] [INFO] [1784351264.118800980] [robot_state_publisher]: got segment m2_motor_link
[robot_state_publisher-3] [INFO] [1784351264.118803374] [robot_state_publisher]: got segment m2_rotor_link
[robot_state_publisher-3] [INFO] [1784351264.118805684] [robot_state_publisher]: got segment m3_arm_link
[robot_state_publisher-3] [INFO] [1784351264.118807987] [robot_state_publisher]: got segment m3_motor_link
[robot_state_publisher-3] [INFO] [1784351264.118810272] [robot_state_publisher]: got segment m3_rotor_link
[robot_state_publisher-3] [INFO] [1784351264.118812489] [robot_state_publisher]: got segment m4_arm_link
[robot_state_publisher-3] [INFO] [1784351264.118814664] [robot_state_publisher]: got segment m4_motor_link
[robot_state_publisher-3] [INFO] [1784351264.118816981] [robot_state_publisher]: got segment m4_rotor_link
[INFO] [ros2-4]: process started with pid [45049]
[position_controller_node-2] [INFO] [1784351265.117966441] [position_controller_node]: position target=[0.000, 0.000, 1.500] current=[0.000, 0.000, 0.709] world_v=[0.000, 0.000, 0.871] a_xy=[0.000, 0.000] thrust=9.133 torque=[0.0000, 0.0000, 0.0000] rpm_pre=[10440.6, 10440.6, 10440.6, 10440.6] rpm=[10440.6, 10440.6, 10440.6, 10440.6] saturation=[horizontal:false altitude:false attitude:false mixer:false] saturated=false
[ros2-4] publisher: beginning loop
[ros2-4] publishing #1: geometry_msgs.msg.PoseStamped(header=std_msgs.msg.Header(stamp=builtin_interfaces.msg.Time(sec=0, nanosec=0), frame_id='map'), pose=geometry_msgs.msg.Pose(position=geometry_msgs.msg.Point(x=0.0, y=0.0, z=1.5), orientation=geometry_msgs.msg.Quaternion(x=0.0, y=0.0, z=0.0, w=1.0)))
[ros2-4] 
[INFO] [ros2-4]: process has finished cleanly [pid 45049]
[position_controller_node-2] [INFO] [1784351266.118008225] [position_controller_node]: position target=[0.000, 0.000, 1.500] current=[0.000, 0.000, 1.263] world_v=[0.000, 0.000, 0.301] a_xy=[0.000, 0.000] thrust=9.464 torque=[0.0000, 0.0000, 0.0000] rpm_pre=[10628.2, 10628.2, 10628.2, 10628.2] rpm=[10628.2, 10628.2, 10628.2, 10628.2] saturation=[horizontal:false altitude:false attitude:false mixer:false] saturated=false
[position_controller_node-2] [INFO] [1784351267.118105750] [position_controller_node]: position target=[0.000, 0.000, 1.500] current=[0.000, 0.000, 1.435] world_v=[0.000, 0.000, 0.085] a_xy=[0.000, 0.000] thrust=9.705 torque=[0.0000, 0.0000, 0.0000] rpm_pre=[10762.9, 10762.9, 10762.9, 10762.9] rpm=[10762.9, 10762.9, 10762.9, 10762.9] saturation=[horizontal:false altitude:false attitude:false mixer:false] saturated=false
[position_controller_node-2] [INFO] [1784351268.128149195] [position_controller_node]: position target=[0.000, 0.000, 1.500] current=[0.000, 0.000, 1.482] world_v=[0.000, 0.000, 0.023] a_xy=[0.000, 0.000] thrust=9.779 torque=[0.0000, 0.0000, 0.0000] rpm_pre=[10803.7, 10803.7, 10803.7, 10803.7] rpm=[10803.7, 10803.7, 10803.7, 10803.7] saturation=[horizontal:false altitude:false attitude:false mixer:false] saturated=false
[position_controller_node-2] [INFO] [1784351269.138087859] [position_controller_node]: position target=[0.000, 0.000, 1.500] current=[0.000, 0.000, 1.495] world_v=[0.000, 0.000, 0.006] a_xy=[0.000, 0.000] thrust=9.799 torque=[0.0000, 0.0000, 0.0000] rpm_pre=[10814.8, 10814.8, 10814.8, 10814.8] rpm=[10814.8, 10814.8, 10814.8, 10814.8] saturation=[horizontal:false altitude:false attitude:false mixer:false] saturated=false
[position_controller_node-2] [INFO] [1784351270.138109851] [position_controller_node]: position target=[0.000, 0.000, 1.500] current=[0.018, -0.000, 1.499] world_v=[0.163, -0.000, 0.002] a_xy=[-0.203, 0.000] thrust=9.805 torque=[-0.0000, 0.0013, 0.0000] rpm_pre=[10813.2, 10823.1, 10823.1, 10813.2] rpm=[10813.2, 10823.1, 10823.1, 10813.2] saturation=[horizontal:false altitude:false attitude:false mixer:false] saturated=false
[position_controller_node-2] [INFO] [1784351271.138139022] [position_controller_node]: position target=[0.000, 0.000, 1.500] current=[0.392, -0.000, 1.499] world_v=[0.483, -0.000, 0.000] a_xy=[-0.764, 0.000] thrust=9.835 torque=[-0.0000, -0.0003, -0.0000] rpm_pre=[10836.0, 10833.5, 10833.5, 10836.0] rpm=[10836.0, 10833.5, 10833.5, 10836.0] saturation=[horizontal:false altitude:false attitude:false mixer:false] saturated=false
[position_controller_node-2] [INFO] [1784351272.138158653] [position_controller_node]: position target=[0.000, 0.000, 1.500] current=[0.861, -0.000, 1.500] world_v=[0.318, -0.000, 0.000] a_xy=[-0.709, 0.000] thrust=9.838 torque=[-0.0000, 0.0189, -0.0000] rpm_pre=[10762.4, 10909.4, 10909.4, 10762.4] rpm=[10762.4, 10909.4, 10909.4, 10762.4] saturation=[horizontal:false altitude:false attitude:false mixer:false] saturated=false
[position_controller_node-2] [INFO] [1784351273.138193044] [position_controller_node]: position target=[0.000, 0.000, 1.500] current=[0.900, -0.000, 1.500] world_v=[-0.142, -0.000, 0.000] a_xy=[-0.187, 0.000] thrust=9.808 torque=[0.0000, -0.0015, -0.0000] rpm_pre=[10825.7, 10813.6, 10813.6, 10825.7] rpm=[10825.7, 10813.6, 10813.6, 10825.7] saturation=[horizontal:false altitude:false attitude:false mixer:false] saturated=false
[position_controller_node-2] [INFO] [1784351274.138197957] [position_controller_node]: position target=[0.000, 0.000, 1.500] current=[0.695, -0.000, 1.500] world_v=[-0.233, 0.000, -0.000] a_xy=[0.002, -0.000] thrust=9.807 torque=[-0.0000, -0.0001, 0.0000] rpm_pre=[10819.4, 10818.5, 10818.5, 10819.4] rpm=[10819.4, 10818.5, 10818.5, 10819.4] saturation=[horizontal:false altitude:false attitude:false mixer:false] saturated=false
[position_controller_node-2] [INFO] [1784351275.138266011] [position_controller_node]: position target=[0.000, 0.000, 1.500] current=[0.473, -0.000, 1.500] world_v=[-0.202, 0.000, -0.000] a_xy=[0.053, -0.000] thrust=9.807 torque=[-0.0000, -0.0001, -0.0000] rpm_pre=[10819.4, 10818.8, 10818.8, 10819.4] rpm=[10819.4, 10818.8, 10818.8, 10819.4] saturation=[horizontal:false altitude:false attitude:false mixer:false] saturated=false
[position_controller_node-2] [INFO] [1784351276.138296054] [position_controller_node]: position target=[0.000, 0.000, 1.500] current=[0.300, -0.000, 1.500] world_v=[-0.145, 0.000, -0.000] a_xy=[0.054, -0.000] thrust=9.807 torque=[0.0000, -0.0000, -0.0000] rpm_pre=[10819.2, 10818.9, 10818.9, 10819.2] rpm=[10819.2, 10818.9, 10818.9, 10819.2] saturation=[horizontal:false altitude:false attitude:false mixer:false] saturated=false
[position_controller_node-2] [INFO] [1784351277.148157068] [position_controller_node]: position target=[0.000, 0.000, 1.500] current=[0.180, 0.000, 1.500] world_v=[-0.094, 0.000, -0.000] a_xy=[0.041, -0.000] thrust=9.807 torque=[0.0000, -0.0000, 0.0000] rpm_pre=[10819.1, 10818.9, 10818.9, 10819.1] rpm=[10819.1, 10818.9, 10818.9, 10819.1] saturation=[horizontal:false altitude:false attitude:false mixer:false] saturated=false
[position_controller_node-2] [INFO] [1784351278.148248814] [position_controller_node]: position target=[0.000, 0.000, 1.500] current=[0.105, 0.000, 1.500] world_v=[-0.058, -0.000, -0.000] a_xy=[0.028, -0.000] thrust=9.807 torque=[0.0000, -0.0000, -0.0000] rpm_pre=[10819.0, 10818.9, 10818.9, 10819.0] rpm=[10819.0, 10818.9, 10818.9, 10819.0] saturation=[horizontal:false altitude:false attitude:false mixer:false] saturated=false
[position_controller_node-2] [INFO] [1784351279.148341545] [position_controller_node]: position target=[0.000, 0.000, 1.500] current=[0.060, 0.000, 1.500] world_v=[-0.035, -0.000, -0.000] a_xy=[0.017, -0.000] thrust=9.807 torque=[0.0000, -0.0000, -0.0000] rpm_pre=[10819.0, 10818.9, 10818.9, 10819.0] rpm=[10819.0, 10818.9, 10818.9, 10819.0] saturation=[horizontal:false altitude:false attitude:false mixer:false] saturated=false
[position_controller_node-2] [INFO] [1784351280.158249152] [position_controller_node]: position target=[0.000, 0.000, 1.500] current=[0.033, 0.000, 1.500] world_v=[-0.020, 0.000, -0.000] a_xy=[0.009, -0.000] thrust=9.807 torque=[-0.0000, 0.0001, 0.0000] rpm_pre=[10818.7, 10819.2, 10819.2, 10818.7] rpm=[10818.7, 10819.2, 10819.2, 10818.7] saturation=[horizontal:false altitude:false attitude:false mixer:false] saturated=false
[position_controller_node-2] [INFO] [1784351281.158381254] [position_controller_node]: position target=[0.000, 0.000, 1.500] current=[0.017, 0.000, 1.500] world_v=[-0.013, -0.000, -0.000] a_xy=[0.004, 0.000] thrust=9.807 torque=[0.0000, -0.0000, -0.0000] rpm_pre=[10819.0, 10818.9, 10818.9, 10819.0] rpm=[10819.0, 10818.9, 10818.9, 10819.0] saturation=[horizontal:false altitude:false attitude:false mixer:false] saturated=false
[WARNING] [launch]: user interrupted with ctrl-c (SIGINT)
[INFO] [robot_state_publisher-3]: sending signal 'SIGINT' to process[robot_state_publisher-3]
[INFO] [position_controller_node-2]: sending signal 'SIGINT' to process[position_controller_node-2]
[INFO] [quadrotor_dynamics_node-1]: sending signal 'SIGINT' to process[quadrotor_dynamics_node-1]
[position_controller_node-2] [INFO] [1784351281.941054962] [rclcpp]: signal_handler(SIGINT/SIGTERM)
[robot_state_publisher-3] [INFO] [1784351281.941069468] [rclcpp]: signal_handler(SIGINT/SIGTERM)
[quadrotor_dynamics_node-1] [INFO] [1784351281.941073908] [rclcpp]: signal_handler(SIGINT/SIGTERM)
[robot_state_publisher-3] [INFO] [1784351281.945882525] [rclcpp]: signal_handler(SIGINT/SIGTERM)
[position_controller_node-2] [INFO] [1784351281.947237110] [rclcpp]: signal_handler(SIGINT/SIGTERM)
[ERROR] [quadrotor_dynamics_node-1]: process has died [pid 45006, exit code -2, cmd '/home/peter/ros2_drone_sim/install/drone_dynamics/lib/drone_dynamics/quadrotor_dynamics_node --ros-args -r __node:=quadrotor_dynamics_node --params-file /tmp/horizontal-integral-oq3usrws/selected_short_0p8/dynamics.yaml --params-file /tmp/launch_params_hzl3jxif'].
[INFO] [position_controller_node-2]: process has finished cleanly [pid 45008]
[INFO] [robot_state_publisher-3]: process has finished cleanly [pid 45010]
