[INFO] [launch]: All log files can be found below /home/peter/.ros/log/2026-07-18-16-01-16-485999-peter-acer-52395
[INFO] [launch]: Default logging verbosity is set to INFO
[INFO] [quadrotor_dynamics_node-1]: process started with pid [52407]
[INFO] [position_controller_node-2]: process started with pid [52409]
[INFO] [robot_state_publisher-3]: process started with pid [52411]
[robot_state_publisher-3] [INFO] [1784361676.595228509] [robot_state_publisher]: got segment base_link
[robot_state_publisher-3] [INFO] [1784361676.595303679] [robot_state_publisher]: got segment front_marker_link
[robot_state_publisher-3] [INFO] [1784361676.595310205] [robot_state_publisher]: got segment m1_arm_link
[robot_state_publisher-3] [INFO] [1784361676.595314016] [robot_state_publisher]: got segment m1_motor_link
[robot_state_publisher-3] [INFO] [1784361676.595317937] [robot_state_publisher]: got segment m1_rotor_link
[robot_state_publisher-3] [INFO] [1784361676.595321568] [robot_state_publisher]: got segment m2_arm_link
[robot_state_publisher-3] [INFO] [1784361676.595325305] [robot_state_publisher]: got segment m2_motor_link
[robot_state_publisher-3] [INFO] [1784361676.595328655] [robot_state_publisher]: got segment m2_rotor_link
[robot_state_publisher-3] [INFO] [1784361676.595332293] [robot_state_publisher]: got segment m3_arm_link
[robot_state_publisher-3] [INFO] [1784361676.595336271] [robot_state_publisher]: got segment m3_motor_link
[robot_state_publisher-3] [INFO] [1784361676.595339623] [robot_state_publisher]: got segment m3_rotor_link
[robot_state_publisher-3] [INFO] [1784361676.595342803] [robot_state_publisher]: got segment m4_arm_link
[robot_state_publisher-3] [INFO] [1784361676.595346246] [robot_state_publisher]: got segment m4_motor_link
[robot_state_publisher-3] [INFO] [1784361676.595350320] [robot_state_publisher]: got segment m4_rotor_link
[position_controller_node-2] [INFO] [1784361676.596820314] [position_controller_node]: 3D position controller started at 100.0 Hz (source=pose_goal, odom timeout 0.200 s)
[quadrotor_dynamics_node-1] [INFO] [1784361676.598574030] [quadrotor_dynamics_node]: Dynamics started at 200.0 Hz; nominal steady-state hover RPM is 10818.9; ground contact is enabled at z=0.000 m; motor command watchdog is enabled (0.300 s)
[quadrotor_dynamics_node-1] [INFO] [1784361676.598669470] [quadrotor_dynamics_node]: External wrench input is enabled (frame=map, force_limit=2.000 N, timeout=0.200 s, torque_limit=0.000 N*m; torque must be zero)
[position_controller_node-2] [INFO] [1784361676.606988022] [position_controller_node]: position target=[0.000, 0.000, 1.500] current=[0.000, 0.000, 0.000] world_v=[0.000, 0.000, 0.000] a_xy=[0.000, 0.000] thrust=14.307 torque=[0.0000, 0.0000, 0.0000] rpm_pre=[13067.5, 13067.5, 13067.5, 13067.5] rpm=[13067.5, 13067.5, 13067.5, 13067.5] saturation=[horizontal:false altitude:false attitude:false mixer:false] saturated=false
[INFO] [ros2-4]: process started with pid [52443]
[position_controller_node-2] [INFO] [1784361677.607060902] [position_controller_node]: position target=[0.000, 0.000, 1.500] current=[0.000, 0.000, 0.709] world_v=[0.000, 0.000, 0.871] a_xy=[0.000, 0.000] thrust=9.133 torque=[0.0000, 0.0000, 0.0000] rpm_pre=[10440.6, 10440.6, 10440.6, 10440.6] rpm=[10440.6, 10440.6, 10440.6, 10440.6] saturation=[horizontal:false altitude:false attitude:false mixer:false] saturated=false
[ros2-4] publisher: beginning loop
[ros2-4] publishing #1: geometry_msgs.msg.PoseStamped(header=std_msgs.msg.Header(stamp=builtin_interfaces.msg.Time(sec=0, nanosec=0), frame_id='map'), pose=geometry_msgs.msg.Pose(position=geometry_msgs.msg.Point(x=0.0, y=0.0, z=1.5), orientation=geometry_msgs.msg.Quaternion(x=0.0, y=0.0, z=0.0, w=1.0)))
[ros2-4] 
[INFO] [ros2-4]: process has finished cleanly [pid 52443]
[position_controller_node-2] [INFO] [1784361678.607266273] [position_controller_node]: position target=[0.000, 0.000, 1.500] current=[0.000, 0.000, 1.263] world_v=[0.000, 0.000, 0.301] a_xy=[0.000, 0.000] thrust=9.464 torque=[0.0000, 0.0000, 0.0000] rpm_pre=[10628.2, 10628.2, 10628.2, 10628.2] rpm=[10628.2, 10628.2, 10628.2, 10628.2] saturation=[horizontal:false altitude:false attitude:false mixer:false] saturated=false
[position_controller_node-2] [INFO] [1784361679.607314012] [position_controller_node]: position target=[0.000, 0.000, 1.500] current=[0.000, 0.000, 1.435] world_v=[0.000, 0.000, 0.085] a_xy=[0.000, 0.000] thrust=9.705 torque=[0.0000, 0.0000, 0.0000] rpm_pre=[10762.9, 10762.9, 10762.9, 10762.9] rpm=[10762.9, 10762.9, 10762.9, 10762.9] saturation=[horizontal:false altitude:false attitude:false mixer:false] saturated=false
[position_controller_node-2] [INFO] [1784361680.607482729] [position_controller_node]: position target=[0.000, 0.000, 1.500] current=[0.000, 0.000, 1.482] world_v=[0.000, 0.000, 0.023] a_xy=[0.000, 0.000] thrust=9.779 torque=[0.0000, 0.0000, 0.0000] rpm_pre=[10803.5, 10803.5, 10803.5, 10803.5] rpm=[10803.5, 10803.5, 10803.5, 10803.5] saturation=[horizontal:false altitude:false attitude:false mixer:false] saturated=false
[position_controller_node-2] [INFO] [1784361681.607549567] [position_controller_node]: position target=[0.000, 0.000, 1.500] current=[0.000, 0.000, 1.495] world_v=[0.000, 0.000, 0.006] a_xy=[0.000, 0.000] thrust=9.799 torque=[0.0000, 0.0000, 0.0000] rpm_pre=[10814.7, 10814.7, 10814.7, 10814.7] rpm=[10814.7, 10814.7, 10814.7, 10814.7] saturation=[horizontal:false altitude:false attitude:false mixer:false] saturated=false
[position_controller_node-2] [INFO] [1784361682.607657326] [position_controller_node]: position target=[0.000, 0.000, 1.500] current=[0.006, 0.000, 1.499] world_v=[0.056, 0.000, 0.002] a_xy=[-0.069, -0.000] thrust=9.805 torque=[0.0000, -0.0018, -0.0000] rpm_pre=[10824.7, 10810.9, 10810.9, 10824.7] rpm=[10824.7, 10810.9, 10810.9, 10824.7] saturation=[horizontal:false altitude:false attitude:false mixer:false] saturated=false
[position_controller_node-2] [INFO] [1784361683.607820134] [position_controller_node]: position target=[0.000, 0.000, 1.500] current=[0.143, 0.000, 1.500] world_v=[0.181, 0.000, 0.000] a_xy=[-0.284, -0.000] thrust=9.810 torque=[0.0000, 0.0000, -0.0000] rpm_pre=[10820.7, 10821.0, 10821.0, 10820.7] rpm=[10820.7, 10821.0, 10821.0, 10820.7] saturation=[horizontal:false altitude:false attitude:false mixer:false] saturated=false
[position_controller_node-2] [INFO] [1784361684.617900205] [position_controller_node]: position target=[0.000, 0.000, 1.500] current=[0.315, 0.000, 1.500] world_v=[0.098, 0.000, 0.000] a_xy=[-0.289, -0.000] thrust=9.812 torque=[0.0000, 0.0007, -0.0000] rpm_pre=[10819.0, 10824.7, 10824.7, 10819.0] rpm=[10819.0, 10824.7, 10824.7, 10819.0] saturation=[horizontal:false altitude:false attitude:false mixer:false] saturated=false
[position_controller_node-2] [INFO] [1784361685.617999846] [position_controller_node]: position target=[0.000, 0.000, 1.500] current=[0.297, 0.000, 1.500] world_v=[-0.098, -0.000, 0.000] a_xy=[-0.095, 0.000] thrust=9.807 torque=[0.0000, 0.0001, -0.0000] rpm_pre=[10818.8, 10819.5, 10819.5, 10818.8] rpm=[10818.8, 10819.5, 10819.5, 10818.8] saturation=[horizontal:false altitude:false attitude:false mixer:false] saturated=false
[position_controller_node-2] [INFO] [1784361686.618101216] [position_controller_node]: position target=[0.000, 0.000, 1.500] current=[0.164, 0.000, 1.500] world_v=[-0.152, -0.000, -0.000] a_xy=[-0.012, 0.000] thrust=9.807 torque=[0.0000, -0.0001, -0.0000] rpm_pre=[10819.2, 10818.7, 10818.7, 10819.2] rpm=[10819.2, 10818.7, 10818.7, 10819.2] saturation=[horizontal:false altitude:false attitude:false mixer:false] saturated=false
[position_controller_node-2] [INFO] [1784361687.618192877] [position_controller_node]: position target=[0.000, 0.000, 1.500] current=[0.012, 0.000, 1.500] world_v=[-0.144, 0.000, -0.000] a_xy=[0.027, -0.000] thrust=9.807 torque=[-0.0000, -0.0000, -0.0000] rpm_pre=[10819.0, 10818.9, 10818.9, 10819.0] rpm=[10819.0, 10818.9, 10818.9, 10819.0] saturation=[horizontal:false altitude:false attitude:false mixer:false] saturated=false
[position_controller_node-2] [INFO] [1784361688.618250228] [position_controller_node]: position target=[0.000, 0.000, 1.500] current=[-0.100, 0.000, 1.500] world_v=[-0.065, 0.000, 0.000] a_xy=[0.096, -0.000] thrust=9.807 torque=[-0.0000, 0.0004, -0.0000] rpm_pre=[10817.5, 10821.0, 10821.0, 10817.5] rpm=[10817.5, 10821.0, 10821.0, 10817.5] saturation=[horizontal:false altitude:false attitude:false mixer:false] saturated=false
[position_controller_node-2] [INFO] [1784361689.618337947] [position_controller_node]: position target=[0.000, 0.000, 1.500] current=[-0.124, 0.000, 1.500] world_v=[0.007, 0.000, 0.000] a_xy=[0.038, -0.000] thrust=9.807 torque=[-0.0000, -0.0000, 0.0000] rpm_pre=[10819.0, 10818.9, 10818.9, 10819.0] rpm=[10819.0, 10818.9, 10818.9, 10819.0] saturation=[horizontal:false altitude:false attitude:false mixer:false] saturated=false
[position_controller_node-2] [INFO] [1784361690.618490425] [position_controller_node]: position target=[0.000, 0.000, 1.500] current=[-0.103, 0.000, 1.500] world_v=[0.029, -0.000, -0.000] a_xy=[0.005, 0.000] thrust=9.807 torque=[0.0000, 0.0000, 0.0000] rpm_pre=[10818.9, 10819.0, 10819.0, 10818.9] rpm=[10818.9, 10819.0, 10819.0, 10818.9] saturation=[horizontal:false altitude:false attitude:false mixer:false] saturated=false
[position_controller_node-2] [INFO] [1784361691.618635626] [position_controller_node]: position target=[0.000, 0.000, 1.500] current=[-0.073, -0.000, 1.500] world_v=[0.029, -0.000, -0.000] a_xy=[-0.006, 0.000] thrust=9.807 torque=[0.0000, 0.0000, -0.0000] rpm_pre=[10818.9, 10819.0, 10819.0, 10818.9] rpm=[10818.9, 10819.0, 10819.0, 10818.9] saturation=[horizontal:false altitude:false attitude:false mixer:false] saturated=false
[position_controller_node-2] [INFO] [1784361692.618714113] [position_controller_node]: position target=[0.000, 0.000, 1.500] current=[-0.047, -0.000, 1.500] world_v=[0.022, -0.000, -0.000] a_xy=[-0.007, 0.000] thrust=9.807 torque=[0.0000, 0.0000, -0.0000] rpm_pre=[10818.9, 10819.0, 10819.0, 10818.9] rpm=[10818.9, 10819.0, 10819.0, 10818.9] saturation=[horizontal:false altitude:false attitude:false mixer:false] saturated=false
[position_controller_node-2] [INFO] [1784361693.618828390] [position_controller_node]: position target=[0.000, 0.000, 1.500] current=[-0.029, -0.000, 1.500] world_v=[0.015, 0.000, -0.000] a_xy=[-0.006, 0.000] thrust=9.807 torque=[0.0000, 0.0000, -0.0000] rpm_pre=[10818.9, 10819.0, 10819.0, 10818.9] rpm=[10818.9, 10819.0, 10819.0, 10818.9] saturation=[horizontal:false altitude:false attitude:false mixer:false] saturated=false
[WARNING] [launch]: user interrupted with ctrl-c (SIGINT)
[INFO] [robot_state_publisher-3]: sending signal 'SIGINT' to process[robot_state_publisher-3]
[INFO] [position_controller_node-2]: sending signal 'SIGINT' to process[position_controller_node-2]
[INFO] [quadrotor_dynamics_node-1]: sending signal 'SIGINT' to process[quadrotor_dynamics_node-1]
[quadrotor_dynamics_node-1] [INFO] [1784361694.426053084] [rclcpp]: signal_handler(SIGINT/SIGTERM)
[position_controller_node-2] [INFO] [1784361694.426079671] [rclcpp]: signal_handler(SIGINT/SIGTERM)
[robot_state_publisher-3] [INFO] [1784361694.426299767] [rclcpp]: signal_handler(SIGINT/SIGTERM)
[ERROR] [position_controller_node-2]: process has died [pid 52409, exit code -2, cmd '/home/peter/ros2_drone_sim/install/drone_controller/lib/drone_controller/position_controller_node --ros-args -r __node:=position_controller_node --params-file /tmp/horizontal-integral-5lywvbgd/selected_short_0p3/controller.yaml --params-file /tmp/launch_params_57_g1304'].
[robot_state_publisher-3] [INFO] [1784361694.430221598] [rclcpp]: signal_handler(SIGINT/SIGTERM)
[ERROR] [quadrotor_dynamics_node-1]: process has died [pid 52407, exit code -2, cmd '/home/peter/ros2_drone_sim/install/drone_dynamics/lib/drone_dynamics/quadrotor_dynamics_node --ros-args -r __node:=quadrotor_dynamics_node --params-file /tmp/horizontal-integral-5lywvbgd/selected_short_0p3/dynamics.yaml --params-file /tmp/launch_params_k42h2bs_'].
[INFO] [robot_state_publisher-3]: process has finished cleanly [pid 52411]
