[INFO] [launch]: All log files can be found below /home/peter/.ros/log/2026-07-18-12-51-48-602416-peter-acer-41447
[INFO] [launch]: Default logging verbosity is set to INFO
[INFO] [quadrotor_dynamics_node-1]: process started with pid [41459]
[INFO] [position_controller_node-2]: process started with pid [41461]
[INFO] [robot_state_publisher-3]: process started with pid [41463]
[robot_state_publisher-3] [INFO] [1784350308.700465182] [robot_state_publisher]: got segment base_link
[robot_state_publisher-3] [INFO] [1784350308.700528212] [robot_state_publisher]: got segment front_marker_link
[robot_state_publisher-3] [INFO] [1784350308.700533183] [robot_state_publisher]: got segment m1_arm_link
[robot_state_publisher-3] [INFO] [1784350308.700535890] [robot_state_publisher]: got segment m1_motor_link
[robot_state_publisher-3] [INFO] [1784350308.700538710] [robot_state_publisher]: got segment m1_rotor_link
[robot_state_publisher-3] [INFO] [1784350308.700541182] [robot_state_publisher]: got segment m2_arm_link
[robot_state_publisher-3] [INFO] [1784350308.700543620] [robot_state_publisher]: got segment m2_motor_link
[robot_state_publisher-3] [INFO] [1784350308.700545991] [robot_state_publisher]: got segment m2_rotor_link
[robot_state_publisher-3] [INFO] [1784350308.700548239] [robot_state_publisher]: got segment m3_arm_link
[robot_state_publisher-3] [INFO] [1784350308.700550521] [robot_state_publisher]: got segment m3_motor_link
[robot_state_publisher-3] [INFO] [1784350308.700552772] [robot_state_publisher]: got segment m3_rotor_link
[robot_state_publisher-3] [INFO] [1784350308.700555101] [robot_state_publisher]: got segment m4_arm_link
[robot_state_publisher-3] [INFO] [1784350308.700557423] [robot_state_publisher]: got segment m4_motor_link
[robot_state_publisher-3] [INFO] [1784350308.700559635] [robot_state_publisher]: got segment m4_rotor_link
[quadrotor_dynamics_node-1] [INFO] [1784350308.707046523] [quadrotor_dynamics_node]: Dynamics started at 200.0 Hz; nominal steady-state hover RPM is 10818.9; ground contact is enabled at z=0.000 m; motor command watchdog is enabled (0.300 s)
[quadrotor_dynamics_node-1] [INFO] [1784350308.707111631] [quadrotor_dynamics_node]: External wrench input is enabled (frame=map, force_limit=2.000 N, timeout=0.200 s, torque_limit=0.000 N*m; torque must be zero)
[position_controller_node-2] [INFO] [1784350308.707151061] [position_controller_node]: 3D position controller started at 100.0 Hz (source=pose_goal, odom timeout 0.200 s)
[position_controller_node-2] [INFO] [1784350308.717299737] [position_controller_node]: position target=[0.000, 0.000, 1.500] current=[0.000, 0.000, 0.000] world_v=[0.000, 0.000, 0.000] a_xy=[0.000, 0.000] thrust=14.307 torque=[0.0000, 0.0000, 0.0000] rpm_pre=[13067.5, 13067.5, 13067.5, 13067.5] rpm=[13067.5, 13067.5, 13067.5, 13067.5] saturation=[horizontal:false altitude:false attitude:false mixer:false] saturated=false
[INFO] [ros2-4]: process started with pid [41495]
[position_controller_node-2] [INFO] [1784350309.717325931] [position_controller_node]: position target=[0.000, 0.000, 1.500] current=[0.000, 0.000, 0.710] world_v=[0.000, 0.000, 0.874] a_xy=[0.000, 0.000] thrust=9.117 torque=[0.0000, 0.0000, 0.0000] rpm_pre=[10431.7, 10431.7, 10431.7, 10431.7] rpm=[10431.7, 10431.7, 10431.7, 10431.7] saturation=[horizontal:false altitude:false attitude:false mixer:false] saturated=false
[ros2-4] publisher: beginning loop
[ros2-4] publishing #1: geometry_msgs.msg.PoseStamped(header=std_msgs.msg.Header(stamp=builtin_interfaces.msg.Time(sec=0, nanosec=0), frame_id='map'), pose=geometry_msgs.msg.Pose(position=geometry_msgs.msg.Point(x=0.0, y=0.0, z=1.5), orientation=geometry_msgs.msg.Quaternion(x=0.0, y=0.0, z=0.0, w=1.0)))
[ros2-4] 
[INFO] [ros2-4]: process has finished cleanly [pid 41495]
[position_controller_node-2] [INFO] [1784350310.717498579] [position_controller_node]: position target=[0.000, 0.000, 1.500] current=[0.000, 0.000, 1.264] world_v=[0.000, 0.000, 0.299] a_xy=[0.000, 0.000] thrust=9.467 torque=[0.0000, 0.0000, 0.0000] rpm_pre=[10630.0, 10630.0, 10630.0, 10630.0] rpm=[10630.0, 10630.0, 10630.0, 10630.0] saturation=[horizontal:false altitude:false attitude:false mixer:false] saturated=false
[position_controller_node-2] [INFO] [1784350311.727409510] [position_controller_node]: position target=[0.000, 0.000, 1.500] current=[0.000, 0.000, 1.435] world_v=[0.000, 0.000, 0.084] a_xy=[0.000, 0.000] thrust=9.708 torque=[0.0000, 0.0000, 0.0000] rpm_pre=[10764.3, 10764.3, 10764.3, 10764.3] rpm=[10764.3, 10764.3, 10764.3, 10764.3] saturation=[horizontal:false altitude:false attitude:false mixer:false] saturated=false
[position_controller_node-2] [INFO] [1784350312.727579740] [position_controller_node]: position target=[0.000, 0.000, 1.500] current=[0.000, 0.000, 1.482] world_v=[0.000, 0.000, 0.023] a_xy=[0.000, 0.000] thrust=9.779 torque=[0.0000, 0.0000, 0.0000] rpm_pre=[10803.8, 10803.8, 10803.8, 10803.8] rpm=[10803.8, 10803.8, 10803.8, 10803.8] saturation=[horizontal:false altitude:false attitude:false mixer:false] saturated=false
[position_controller_node-2] [INFO] [1784350313.727605370] [position_controller_node]: position target=[0.000, 0.000, 1.500] current=[0.000, 0.000, 1.495] world_v=[0.000, 0.000, 0.006] a_xy=[0.000, 0.000] thrust=9.799 torque=[0.0000, 0.0000, 0.0000] rpm_pre=[10814.8, 10814.8, 10814.8, 10814.8] rpm=[10814.8, 10814.8, 10814.8, 10814.8] saturation=[horizontal:false altitude:false attitude:false mixer:false] saturated=false
[position_controller_node-2] [INFO] [1784350314.737533378] [position_controller_node]: position target=[0.000, 0.000, 1.500] current=[0.007, 0.000, 1.499] world_v=[0.061, 0.000, 0.002] a_xy=[-0.076, -0.000] thrust=9.805 torque=[0.0000, 0.0008, -0.0000] rpm_pre=[10814.7, 10821.0, 10821.0, 10814.7] rpm=[10814.7, 10821.0, 10821.0, 10814.7] saturation=[horizontal:false altitude:false attitude:false mixer:false] saturated=false
[position_controller_node-2] [INFO] [1784350315.747458936] [position_controller_node]: position target=[0.000, 0.000, 1.500] current=[0.149, 0.000, 1.500] world_v=[0.181, 0.000, 0.000] a_xy=[-0.288, -0.000] thrust=9.810 torque=[-0.0000, -0.0009, 0.0000] rpm_pre=[10824.5, 10817.4, 10817.4, 10824.5] rpm=[10824.5, 10817.4, 10817.4, 10824.5] saturation=[horizontal:false altitude:false attitude:false mixer:false] saturated=false
[position_controller_node-2] [INFO] [1784350316.747591299] [position_controller_node]: position target=[0.000, 0.000, 1.500] current=[0.324, -0.000, 1.500] world_v=[0.155, -0.000, 0.000] a_xy=[-0.362, 0.000] thrust=9.813 torque=[0.0000, 0.0003, 0.0000] rpm_pre=[10821.3, 10823.8, 10823.8, 10821.3] rpm=[10821.3, 10823.8, 10823.8, 10821.3] saturation=[horizontal:false altitude:false attitude:false mixer:false] saturated=false
[position_controller_node-2] [INFO] [1784350317.757494420] [position_controller_node]: position target=[0.000, 0.000, 1.500] current=[0.445, 0.000, 1.500] world_v=[0.081, 0.000, 0.000] a_xy=[-0.380, -0.000] thrust=9.814 torque=[-0.0000, 0.0000, 0.0000] rpm_pre=[10822.9, 10823.1, 10823.1, 10822.9] rpm=[10822.9, 10823.1, 10823.1, 10822.9] saturation=[horizontal:false altitude:false attitude:false mixer:false] saturated=false
[position_controller_node-2] [INFO] [1784350318.767576586] [position_controller_node]: position target=[0.000, 0.000, 1.500] current=[0.485, 0.000, 1.500] world_v=[0.001, 0.000, 0.000] a_xy=[-0.372, -0.000] thrust=9.814 torque=[0.0000, 0.0000, -0.0000] rpm_pre=[10822.7, 10823.0, 10823.0, 10822.7] rpm=[10822.7, 10823.0, 10823.0, 10822.7] saturation=[horizontal:false altitude:false attitude:false mixer:false] saturated=false
[position_controller_node-2] [INFO] [1784350319.767609377] [position_controller_node]: position target=[0.000, 0.000, 1.500] current=[0.452, 0.000, 1.500] world_v=[-0.064, 0.000, 0.000] a_xy=[-0.353, -0.000] thrust=9.813 torque=[-0.0000, 0.0000, 0.0000] rpm_pre=[10822.3, 10822.6, 10822.6, 10822.3] rpm=[10822.3, 10822.6, 10822.6, 10822.3] saturation=[horizontal:false altitude:false attitude:false mixer:false] saturated=false
[position_controller_node-2] [INFO] [1784350320.767709645] [position_controller_node]: position target=[0.000, 0.000, 1.500] current=[0.365, 0.000, 1.500] world_v=[-0.106, 0.000, 0.000] a_xy=[-0.329, -0.000] thrust=9.812 torque=[0.0000, 0.0000, -0.0000] rpm_pre=[10821.9, 10822.1, 10822.1, 10821.9] rpm=[10821.9, 10822.1, 10822.1, 10821.9] saturation=[horizontal:false altitude:false attitude:false mixer:false] saturated=false
[position_controller_node-2] [INFO] [1784350321.777648721] [position_controller_node]: position target=[0.000, 0.000, 1.500] current=[0.247, 0.000, 1.500] world_v=[-0.124, -0.000, -0.000] a_xy=[-0.306, 0.000] thrust=9.811 torque=[0.0000, 0.0000, -0.0000] rpm_pre=[10821.5, 10821.6, 10821.6, 10821.5] rpm=[10821.5, 10821.6, 10821.6, 10821.5] saturation=[horizontal:false altitude:false attitude:false mixer:false] saturated=false
[position_controller_node-2] [INFO] [1784350322.777723556] [position_controller_node]: position target=[0.000, 0.000, 1.500] current=[0.123, 0.000, 1.500] world_v=[-0.121, -0.000, -0.000] a_xy=[-0.288, -0.000] thrust=9.811 torque=[0.0000, 0.0000, -0.0000] rpm_pre=[10821.3, 10821.3, 10821.3, 10821.3] rpm=[10821.3, 10821.3, 10821.3, 10821.3] saturation=[horizontal:false altitude:false attitude:false mixer:false] saturated=false
[position_controller_node-2] [INFO] [1784350323.777819068] [position_controller_node]: position target=[0.000, 0.000, 1.500] current=[0.010, 0.000, 1.500] world_v=[-0.102, 0.000, -0.000] a_xy=[-0.275, -0.000] thrust=9.811 torque=[-0.0000, -0.0000, 0.0000] rpm_pre=[10821.1, 10821.1, 10821.1, 10821.1] rpm=[10821.1, 10821.1, 10821.1, 10821.1] saturation=[horizontal:false altitude:false attitude:false mixer:false] saturated=false
[position_controller_node-2] [INFO] [1784350324.787666469] [position_controller_node]: position target=[0.000, 0.000, 1.500] current=[-0.079, -0.000, 1.500] world_v=[-0.073, -0.000, -0.000] a_xy=[-0.269, 0.000] thrust=9.810 torque=[0.0000, -0.0000, 0.0000] rpm_pre=[10821.0, 10820.9, 10820.9, 10821.0] rpm=[10821.0, 10820.9, 10820.9, 10821.0] saturation=[horizontal:false altitude:false attitude:false mixer:false] saturated=false
[position_controller_node-2] [INFO] [1784350325.787698787] [position_controller_node]: position target=[0.000, 0.000, 1.500] current=[-0.136, -0.000, 1.500] world_v=[-0.041, -0.000, -0.000] a_xy=[-0.268, 0.000] thrust=9.810 torque=[-0.0000, -0.0000, 0.0000] rpm_pre=[10821.0, 10820.9, 10820.9, 10821.0] rpm=[10821.0, 10820.9, 10820.9, 10821.0] saturation=[horizontal:false altitude:false attitude:false mixer:false] saturated=false
[position_controller_node-2] [INFO] [1784350326.787723601] [position_controller_node]: position target=[0.000, 0.000, 1.500] current=[-0.155, -0.000, 1.500] world_v=[0.028, -0.000, 0.000] a_xy=[-0.104, 0.000] thrust=9.807 torque=[0.0000, 0.0080, 0.0000] rpm_pre=[10788.0, 10850.2, 10850.2, 10788.0] rpm=[10788.0, 10850.2, 10850.2, 10788.0] saturation=[horizontal:false altitude:false attitude:false mixer:false] saturated=false
[position_controller_node-2] [INFO] [1784350327.787751146] [position_controller_node]: position target=[0.000, 0.000, 1.500] current=[-0.038, -0.000, 1.500] world_v=[0.188, 0.000, -0.000] a_xy=[-0.222, 0.000] thrust=9.809 torque=[0.0000, -0.0017, 0.0000] rpm_pre=[10826.8, 10813.7, 10813.7, 10826.8] rpm=[10826.8, 10813.7, 10813.7, 10826.8] saturation=[horizontal:false altitude:false attitude:false mixer:false] saturated=false
[position_controller_node-2] [INFO] [1784350328.797680112] [position_controller_node]: position target=[0.000, 0.000, 1.500] current=[0.174, -0.000, 1.500] world_v=[0.209, 0.000, -0.000] a_xy=[-0.338, -0.000] thrust=9.812 torque=[0.0000, 0.0001, 0.0000] rpm_pre=[10821.7, 10822.6, 10822.6, 10821.7] rpm=[10821.7, 10822.6, 10822.6, 10821.7] saturation=[horizontal:false altitude:false attitude:false mixer:false] saturated=false
[WARNING] [launch]: user interrupted with ctrl-c (SIGINT)
[INFO] [robot_state_publisher-3]: sending signal 'SIGINT' to process[robot_state_publisher-3]
[INFO] [position_controller_node-2]: sending signal 'SIGINT' to process[position_controller_node-2]
[INFO] [quadrotor_dynamics_node-1]: sending signal 'SIGINT' to process[quadrotor_dynamics_node-1]
[robot_state_publisher-3] [INFO] [1784350329.537396250] [rclcpp]: signal_handler(SIGINT/SIGTERM)
[position_controller_node-2] [INFO] [1784350329.537396875] [rclcpp]: signal_handler(SIGINT/SIGTERM)
[quadrotor_dynamics_node-1] [INFO] [1784350329.537423310] [rclcpp]: signal_handler(SIGINT/SIGTERM)
[robot_state_publisher-3] [INFO] [1784350329.543602255] [rclcpp]: signal_handler(SIGINT/SIGTERM)
[position_controller_node-2] [INFO] [1784350329.544923189] [rclcpp]: signal_handler(SIGINT/SIGTERM)
[ERROR] [quadrotor_dynamics_node-1]: process has died [pid 41459, exit code -2, cmd '/home/peter/ros2_drone_sim/install/drone_dynamics/lib/drone_dynamics/quadrotor_dynamics_node --ros-args -r __node:=quadrotor_dynamics_node --params-file /tmp/horizontal-integral-co815kgd/limit_0p45/dynamics.yaml --params-file /tmp/launch_params_w94p9a8t'].
[INFO] [position_controller_node-2]: process has finished cleanly [pid 41461]
[INFO] [robot_state_publisher-3]: process has finished cleanly [pid 41463]
