[INFO] [launch]: All log files can be found below /home/peter/.ros/log/2026-07-18-13-08-03-012399-peter-acer-45082
[INFO] [launch]: Default logging verbosity is set to INFO
[INFO] [quadrotor_dynamics_node-1]: process started with pid [45094]
[INFO] [position_controller_node-2]: process started with pid [45096]
[INFO] [robot_state_publisher-3]: process started with pid [45098]
[robot_state_publisher-3] [INFO] [1784351283.112322758] [robot_state_publisher]: got segment base_link
[robot_state_publisher-3] [INFO] [1784351283.112390448] [robot_state_publisher]: got segment front_marker_link
[robot_state_publisher-3] [INFO] [1784351283.112395858] [robot_state_publisher]: got segment m1_arm_link
[robot_state_publisher-3] [INFO] [1784351283.112398610] [robot_state_publisher]: got segment m1_motor_link
[robot_state_publisher-3] [INFO] [1784351283.112401200] [robot_state_publisher]: got segment m1_rotor_link
[robot_state_publisher-3] [INFO] [1784351283.112403787] [robot_state_publisher]: got segment m2_arm_link
[robot_state_publisher-3] [INFO] [1784351283.112406052] [robot_state_publisher]: got segment m2_motor_link
[robot_state_publisher-3] [INFO] [1784351283.112408747] [robot_state_publisher]: got segment m2_rotor_link
[robot_state_publisher-3] [INFO] [1784351283.112411246] [robot_state_publisher]: got segment m3_arm_link
[robot_state_publisher-3] [INFO] [1784351283.112413570] [robot_state_publisher]: got segment m3_motor_link
[robot_state_publisher-3] [INFO] [1784351283.112416167] [robot_state_publisher]: got segment m3_rotor_link
[robot_state_publisher-3] [INFO] [1784351283.112418507] [robot_state_publisher]: got segment m4_arm_link
[robot_state_publisher-3] [INFO] [1784351283.112420925] [robot_state_publisher]: got segment m4_motor_link
[robot_state_publisher-3] [INFO] [1784351283.112423254] [robot_state_publisher]: got segment m4_rotor_link
[quadrotor_dynamics_node-1] [INFO] [1784351283.117671836] [quadrotor_dynamics_node]: Dynamics started at 200.0 Hz; nominal steady-state hover RPM is 10818.9; ground contact is enabled at z=0.000 m; motor command watchdog is enabled (0.300 s)
[quadrotor_dynamics_node-1] [INFO] [1784351283.117780216] [quadrotor_dynamics_node]: External wrench input is enabled (frame=map, force_limit=2.000 N, timeout=0.200 s, torque_limit=0.000 N*m; torque must be zero)
[position_controller_node-2] [INFO] [1784351283.117772006] [position_controller_node]: 3D position controller started at 100.0 Hz (source=pose_goal, odom timeout 0.200 s)
[position_controller_node-2] [INFO] [1784351283.127880574] [position_controller_node]: position target=[0.000, 0.000, 1.500] current=[0.000, 0.000, 0.000] world_v=[0.000, 0.000, 0.000] a_xy=[0.000, 0.000] thrust=14.307 torque=[0.0000, 0.0000, 0.0000] rpm_pre=[13067.5, 13067.5, 13067.5, 13067.5] rpm=[13067.5, 13067.5, 13067.5, 13067.5] saturation=[horizontal:false altitude:false attitude:false mixer:false] saturated=false
[INFO] [ros2-4]: process started with pid [45130]
[position_controller_node-2] [INFO] [1784351284.127888481] [position_controller_node]: position target=[0.000, 0.000, 1.500] current=[0.000, 0.000, 0.710] world_v=[0.000, 0.000, 0.874] a_xy=[0.000, 0.000] thrust=9.117 torque=[0.0000, 0.0000, 0.0000] rpm_pre=[10431.7, 10431.7, 10431.7, 10431.7] rpm=[10431.7, 10431.7, 10431.7, 10431.7] saturation=[horizontal:false altitude:false attitude:false mixer:false] saturated=false
[ros2-4] publisher: beginning loop
[ros2-4] publishing #1: geometry_msgs.msg.PoseStamped(header=std_msgs.msg.Header(stamp=builtin_interfaces.msg.Time(sec=0, nanosec=0), frame_id='map'), pose=geometry_msgs.msg.Pose(position=geometry_msgs.msg.Point(x=0.0, y=0.0, z=1.5), orientation=geometry_msgs.msg.Quaternion(x=0.0, y=0.0, z=0.0, w=1.0)))
[ros2-4] 
[INFO] [ros2-4]: process has finished cleanly [pid 45130]
[position_controller_node-2] [INFO] [1784351285.127946767] [position_controller_node]: position target=[0.000, 0.000, 1.500] current=[0.000, 0.000, 1.264] world_v=[0.000, 0.000, 0.299] a_xy=[0.000, 0.000] thrust=9.467 torque=[0.0000, 0.0000, 0.0000] rpm_pre=[10630.0, 10630.0, 10630.0, 10630.0] rpm=[10630.0, 10630.0, 10630.0, 10630.0] saturation=[horizontal:false altitude:false attitude:false mixer:false] saturated=false
[position_controller_node-2] [INFO] [1784351286.128108179] [position_controller_node]: position target=[0.000, 0.000, 1.500] current=[0.000, 0.000, 1.434] world_v=[0.000, 0.000, 0.085] a_xy=[0.000, 0.000] thrust=9.707 torque=[0.0000, 0.0000, 0.0000] rpm_pre=[10763.6, 10763.6, 10763.6, 10763.6] rpm=[10763.6, 10763.6, 10763.6, 10763.6] saturation=[horizontal:false altitude:false attitude:false mixer:false] saturated=false
[position_controller_node-2] [INFO] [1784351287.128110811] [position_controller_node]: position target=[0.000, 0.000, 1.500] current=[0.000, 0.000, 1.482] world_v=[0.000, 0.000, 0.023] a_xy=[0.000, 0.000] thrust=9.779 torque=[0.0000, 0.0000, 0.0000] rpm_pre=[10803.6, 10803.6, 10803.6, 10803.6] rpm=[10803.6, 10803.6, 10803.6, 10803.6] saturation=[horizontal:false altitude:false attitude:false mixer:false] saturated=false
[position_controller_node-2] [INFO] [1784351288.138173273] [position_controller_node]: position target=[0.000, 0.000, 1.500] current=[0.000, 0.000, 1.495] world_v=[0.000, 0.000, 0.006] a_xy=[0.000, 0.000] thrust=9.799 torque=[0.0000, 0.0000, 0.0000] rpm_pre=[10814.8, 10814.8, 10814.8, 10814.8] rpm=[10814.8, 10814.8, 10814.8, 10814.8] saturation=[horizontal:false altitude:false attitude:false mixer:false] saturated=false
[position_controller_node-2] [INFO] [1784351289.148052012] [position_controller_node]: position target=[0.000, 0.000, 1.500] current=[0.006, -0.000, 1.499] world_v=[0.060, 0.000, 0.002] a_xy=[-0.074, -0.000] thrust=9.805 torque=[0.0000, 0.0002, -0.0000] rpm_pre=[10817.2, 10818.5, 10818.5, 10817.2] rpm=[10817.2, 10818.5, 10818.5, 10817.2] saturation=[horizontal:false altitude:false attitude:false mixer:false] saturated=false
[position_controller_node-2] [INFO] [1784351290.148150517] [position_controller_node]: position target=[0.000, 0.000, 1.500] current=[0.146, 0.000, 1.500] world_v=[0.181, 0.000, 0.000] a_xy=[-0.286, -0.000] thrust=9.810 torque=[0.0000, -0.0007, -0.0000] rpm_pre=[10823.6, 10818.2, 10818.2, 10823.6] rpm=[10823.6, 10818.2, 10818.2, 10823.6] saturation=[horizontal:false altitude:false attitude:false mixer:false] saturated=false
[position_controller_node-2] [INFO] [1784351291.158269948] [position_controller_node]: position target=[0.000, 0.000, 1.500] current=[0.323, 0.000, 1.500] world_v=[0.155, -0.000, 0.000] a_xy=[-0.362, 0.000] thrust=9.813 torque=[0.0000, 0.0003, 0.0000] rpm_pre=[10821.3, 10823.8, 10823.8, 10821.3] rpm=[10821.3, 10823.8, 10823.8, 10821.3] saturation=[horizontal:false altitude:false attitude:false mixer:false] saturated=false
[position_controller_node-2] [INFO] [1784351292.168362255] [position_controller_node]: position target=[0.000, 0.000, 1.500] current=[0.444, 0.000, 1.500] world_v=[0.081, -0.000, 0.000] a_xy=[-0.380, 0.000] thrust=9.814 torque=[0.0000, 0.0000, 0.0000] rpm_pre=[10822.9, 10823.0, 10823.0, 10822.9] rpm=[10822.9, 10823.0, 10823.0, 10822.9] saturation=[horizontal:false altitude:false attitude:false mixer:false] saturated=false
[position_controller_node-2] [INFO] [1784351293.178273990] [position_controller_node]: position target=[0.000, 0.000, 1.500] current=[0.485, -0.000, 1.500] world_v=[0.001, -0.000, 0.000] a_xy=[-0.372, 0.000] thrust=9.814 torque=[0.0000, 0.0000, 0.0000] rpm_pre=[10822.7, 10823.0, 10823.0, 10822.7] rpm=[10822.7, 10823.0, 10823.0, 10822.7] saturation=[horizontal:false altitude:false attitude:false mixer:false] saturated=false
[position_controller_node-2] [INFO] [1784351294.178276775] [position_controller_node]: position target=[0.000, 0.000, 1.500] current=[0.452, -0.000, 1.500] world_v=[-0.063, -0.000, 0.000] a_xy=[-0.353, 0.000] thrust=9.813 torque=[0.0000, 0.0000, -0.0000] rpm_pre=[10822.3, 10822.6, 10822.6, 10822.3] rpm=[10822.3, 10822.6, 10822.6, 10822.3] saturation=[horizontal:false altitude:false attitude:false mixer:false] saturated=false
[position_controller_node-2] [INFO] [1784351295.178366366] [position_controller_node]: position target=[0.000, 0.000, 1.500] current=[0.366, -0.000, 1.500] world_v=[-0.106, 0.000, 0.000] a_xy=[-0.329, 0.000] thrust=9.812 torque=[-0.0000, 0.0000, 0.0000] rpm_pre=[10821.9, 10822.1, 10822.1, 10821.9] rpm=[10821.9, 10822.1, 10822.1, 10821.9] saturation=[horizontal:false altitude:false attitude:false mixer:false] saturated=false
[position_controller_node-2] [INFO] [1784351296.188383876] [position_controller_node]: position target=[0.000, 0.000, 1.500] current=[0.248, -0.000, 1.500] world_v=[-0.124, 0.000, 0.000] a_xy=[-0.300, 0.000] thrust=9.811 torque=[-0.0000, 0.0005, -0.0000] rpm_pre=[10819.6, 10823.6, 10823.6, 10819.6] rpm=[10819.6, 10823.6, 10823.6, 10819.6] saturation=[horizontal:false altitude:false attitude:false mixer:false] saturated=false
[position_controller_node-2] [INFO] [1784351297.198291175] [position_controller_node]: position target=[0.000, 0.000, 1.500] current=[0.128, -0.000, 1.500] world_v=[-0.108, 0.000, -0.000] a_xy=[-0.272, 0.000] thrust=9.810 torque=[0.0000, -0.0000, -0.0000] rpm_pre=[10821.1, 10820.9, 10820.9, 10821.1] rpm=[10821.1, 10820.9, 10820.9, 10821.1] saturation=[horizontal:false altitude:false attitude:false mixer:false] saturated=false
[position_controller_node-2] [INFO] [1784351298.208314500] [position_controller_node]: position target=[0.000, 0.000, 1.500] current=[0.034, -0.000, 1.500] world_v=[-0.077, 0.000, -0.000] a_xy=[-0.271, 0.000] thrust=9.810 torque=[0.0000, -0.0000, 0.0000] rpm_pre=[10821.2, 10820.9, 10820.9, 10821.2] rpm=[10821.2, 10820.9, 10820.9, 10821.2] saturation=[horizontal:false altitude:false attitude:false mixer:false] saturated=false
[position_controller_node-2] [INFO] [1784351299.208405476] [position_controller_node]: position target=[0.000, 0.000, 1.500] current=[-0.029, -0.000, 1.500] world_v=[-0.050, -0.000, -0.000] a_xy=[-0.277, 0.000] thrust=9.811 torque=[0.0000, 0.0000, 0.0000] rpm_pre=[10821.1, 10821.2, 10821.2, 10821.1] rpm=[10821.1, 10821.2, 10821.2, 10821.1] saturation=[horizontal:false altitude:false attitude:false mixer:false] saturated=false
[position_controller_node-2] [INFO] [1784351300.218338156] [position_controller_node]: position target=[0.000, 0.000, 1.500] current=[-0.068, 0.000, 1.500] world_v=[-0.028, 0.000, -0.000] a_xy=[-0.280, -0.000] thrust=9.811 torque=[-0.0000, -0.0000, 0.0000] rpm_pre=[10821.2, 10821.1, 10821.1, 10821.2] rpm=[10821.2, 10821.1, 10821.1, 10821.2] saturation=[horizontal:false altitude:false attitude:false mixer:false] saturated=false
[position_controller_node-2] [INFO] [1784351301.218450325] [position_controller_node]: position target=[0.000, 0.000, 1.500] current=[-0.086, 0.000, 1.500] world_v=[-0.010, 0.000, -0.000] a_xy=[-0.283, -0.000] thrust=9.811 torque=[-0.0000, -0.0000, 0.0000] rpm_pre=[10821.2, 10821.2, 10821.2, 10821.2] rpm=[10821.2, 10821.2, 10821.2, 10821.2] saturation=[horizontal:false altitude:false attitude:false mixer:false] saturated=false
[position_controller_node-2] [INFO] [1784351302.228402242] [position_controller_node]: position target=[0.000, 0.000, 1.500] current=[-0.088, 0.000, 1.500] world_v=[0.006, -0.000, -0.000] a_xy=[-0.288, 0.000] thrust=9.811 torque=[-0.0000, -0.0000, 0.0000] rpm_pre=[10821.3, 10821.2, 10821.2, 10821.3] rpm=[10821.3, 10821.2, 10821.2, 10821.3] saturation=[horizontal:false altitude:false attitude:false mixer:false] saturated=false
[position_controller_node-2] [INFO] [1784351303.238416132] [position_controller_node]: position target=[0.000, 0.000, 1.500] current=[-0.077, 0.000, 1.500] world_v=[0.016, -0.000, -0.000] a_xy=[-0.292, 0.000] thrust=9.811 torque=[0.0000, -0.0000, -0.0000] rpm_pre=[10821.4, 10821.3, 10821.3, 10821.4] rpm=[10821.4, 10821.3, 10821.3, 10821.4] saturation=[horizontal:false altitude:false attitude:false mixer:false] saturated=false
[WARNING] [launch]: user interrupted with ctrl-c (SIGINT)
[INFO] [robot_state_publisher-3]: sending signal 'SIGINT' to process[robot_state_publisher-3]
[INFO] [position_controller_node-2]: sending signal 'SIGINT' to process[position_controller_node-2]
[INFO] [quadrotor_dynamics_node-1]: sending signal 'SIGINT' to process[quadrotor_dynamics_node-1]
[position_controller_node-2] [INFO] [1784351303.948871110] [rclcpp]: signal_handler(SIGINT/SIGTERM)
[robot_state_publisher-3] [INFO] [1784351303.948878439] [rclcpp]: signal_handler(SIGINT/SIGTERM)
[quadrotor_dynamics_node-1] [INFO] [1784351303.948877197] [rclcpp]: signal_handler(SIGINT/SIGTERM)
[ERROR] [position_controller_node-2]: process has died [pid 45096, exit code -2, cmd '/home/peter/ros2_drone_sim/install/drone_controller/lib/drone_controller/position_controller_node --ros-args -r __node:=position_controller_node --params-file /tmp/horizontal-integral-oq3usrws/selected_persistent/controller.yaml --params-file /tmp/launch_params_etzxkb_m'].
[robot_state_publisher-3] [INFO] [1784351303.953981807] [rclcpp]: signal_handler(SIGINT/SIGTERM)
[ERROR] [quadrotor_dynamics_node-1]: process has died [pid 45094, exit code -2, cmd '/home/peter/ros2_drone_sim/install/drone_dynamics/lib/drone_dynamics/quadrotor_dynamics_node --ros-args -r __node:=quadrotor_dynamics_node --params-file /tmp/horizontal-integral-oq3usrws/selected_persistent/dynamics.yaml --params-file /tmp/launch_params_v2_wok9t'].
[INFO] [robot_state_publisher-3]: process has finished cleanly [pid 45098]
