[INFO] [launch]: All log files can be found below /home/peter/.ros/log/2026-07-21-14-57-44-072436-peter-acer-63769
[INFO] [launch]: Default logging verbosity is set to INFO
[INFO] [quadrotor_dynamics_node-1]: process started with pid [63784]
[INFO] [position_controller_node-2]: process started with pid [63786]
[INFO] [robot_state_publisher-3]: process started with pid [63788]
[INFO] [goal_visualizer_node-4]: process started with pid [63790]
[INFO] [waypoint_manager_node-5]: process started with pid [63792]
[waypoint_manager_node-5] [INFO] [1784617064.182549240] [waypoint_manager_node]: configured waypoints ignored; runtime mission mode is waiting
[waypoint_manager_node-5] [INFO] [1784617064.186132321] [waypoint_manager_node]: waiting for runtime mission
[position_controller_node-2] [INFO] [1784617064.188402352] [position_controller_node]: 3D position controller started at 100.0 Hz (source=pose_goal, odom timeout 0.200 s)
[robot_state_publisher-3] [INFO] [1784617064.192019629] [robot_state_publisher]: got segment base_link
[robot_state_publisher-3] [INFO] [1784617064.192091407] [robot_state_publisher]: got segment front_marker_link
[robot_state_publisher-3] [INFO] [1784617064.192097723] [robot_state_publisher]: got segment m1_arm_link
[robot_state_publisher-3] [INFO] [1784617064.192101885] [robot_state_publisher]: got segment m1_motor_link
[robot_state_publisher-3] [INFO] [1784617064.192105774] [robot_state_publisher]: got segment m1_rotor_link
[robot_state_publisher-3] [INFO] [1784617064.192109341] [robot_state_publisher]: got segment m2_arm_link
[robot_state_publisher-3] [INFO] [1784617064.192113367] [robot_state_publisher]: got segment m2_motor_link
[robot_state_publisher-3] [INFO] [1784617064.192117254] [robot_state_publisher]: got segment m2_rotor_link
[robot_state_publisher-3] [INFO] [1784617064.192120041] [robot_state_publisher]: got segment m3_arm_link
[robot_state_publisher-3] [INFO] [1784617064.192122397] [robot_state_publisher]: got segment m3_motor_link
[robot_state_publisher-3] [INFO] [1784617064.192124631] [robot_state_publisher]: got segment m3_rotor_link
[robot_state_publisher-3] [INFO] [1784617064.192126844] [robot_state_publisher]: got segment m4_arm_link
[robot_state_publisher-3] [INFO] [1784617064.192129159] [robot_state_publisher]: got segment m4_motor_link
[robot_state_publisher-3] [INFO] [1784617064.192131402] [robot_state_publisher]: got segment m4_rotor_link
[quadrotor_dynamics_node-1] [INFO] [1784617064.193198066] [quadrotor_dynamics_node]: Dynamics started at 200.0 Hz; nominal steady-state hover RPM is 10818.9; ground contact is enabled at z=0.000 m; motor command watchdog is enabled (0.300 s)
[quadrotor_dynamics_node-1] [INFO] [1784617064.193265429] [quadrotor_dynamics_node]: External wrench input is disabled (frame=map, force_limit=2.000 N, timeout=0.200 s, torque_limit=0.000 N*m; torque must be zero)
[position_controller_node-2] [WARN] [1784617064.198471847] [position_controller_node]: Waiting for /drone/goal; RPM=0
[waypoint_manager_node-5] [INFO] [1784617065.159352883] [waypoint_manager_node]: accepted runtime mission with 1 waypoints
[position_controller_node-2] [INFO] [1784617065.188543469] [position_controller_node]: position target=[0.000, 0.000, 1.500] current=[0.000, 0.000, 0.000] world_v=[0.000, 0.000, 0.000] a_xy=[0.000, 0.000] thrust=14.307 torque=[0.0000, 0.0000, 0.0000] rpm_pre=[13067.5, 13067.5, 13067.5, 13067.5] rpm=[13067.5, 13067.5, 13067.5, 13067.5] saturation=[horizontal:false altitude:false attitude:false mixer:false] saturated=false
[position_controller_node-2] [INFO] [1784617066.188591520] [position_controller_node]: position target=[0.000, 0.000, 1.500] current=[0.000, 0.000, 0.709] world_v=[0.000, 0.000, 0.875] a_xy=[0.000, 0.000] thrust=9.118 torque=[0.0000, 0.0000, 0.0000] rpm_pre=[10432.1, 10432.1, 10432.1, 10432.1] rpm=[10432.1, 10432.1, 10432.1, 10432.1] saturation=[horizontal:false altitude:false attitude:false mixer:false] saturated=false
[position_controller_node-2] [INFO] [1784617067.198803094] [position_controller_node]: position target=[0.000, 0.000, 1.500] current=[0.000, 0.000, 1.267] world_v=[0.000, 0.000, 0.296] a_xy=[0.000, 0.000] thrust=9.471 torque=[0.0000, 0.0000, 0.0000] rpm_pre=[10632.0, 10632.0, 10632.0, 10632.0] rpm=[10632.0, 10632.0, 10632.0, 10632.0] saturation=[horizontal:false altitude:false attitude:false mixer:false] saturated=false
[position_controller_node-2] [INFO] [1784617068.198877092] [position_controller_node]: position target=[0.000, 0.000, 1.500] current=[0.000, 0.000, 1.435] world_v=[0.000, 0.000, 0.084] a_xy=[0.000, 0.000] thrust=9.708 torque=[0.0000, 0.0000, 0.0000] rpm_pre=[10764.2, 10764.2, 10764.2, 10764.2] rpm=[10764.2, 10764.2, 10764.2, 10764.2] saturation=[horizontal:false altitude:false attitude:false mixer:false] saturated=false
[waypoint_manager_node-5] [INFO] [1784617068.736345831] [waypoint_manager_node]: waypoint 0 accepted; mission complete
[position_controller_node-2] [INFO] [1784617069.208617495] [position_controller_node]: position target=[0.000, 0.000, 1.500] current=[0.000, 0.000, 1.482] world_v=[0.000, 0.000, 0.023] a_xy=[0.000, 0.000] thrust=9.780 torque=[0.0000, 0.0000, 0.0000] rpm_pre=[10804.0, 10804.0, 10804.0, 10804.0] rpm=[10804.0, 10804.0, 10804.0, 10804.0] saturation=[horizontal:false altitude:false attitude:false mixer:false] saturated=false
[position_controller_node-2] [INFO] [1784617070.218434087] [position_controller_node]: position target=[0.000, 0.000, 1.500] current=[0.000, 0.000, 1.495] world_v=[0.000, 0.000, 0.006] a_xy=[0.000, 0.000] thrust=9.799 torque=[0.0000, 0.0000, 0.0000] rpm_pre=[10814.9, 10814.9, 10814.9, 10814.9] rpm=[10814.9, 10814.9, 10814.9, 10814.9] saturation=[horizontal:false altitude:false attitude:false mixer:false] saturated=false
[position_controller_node-2] [INFO] [1784617071.218466600] [position_controller_node]: position target=[0.000, 0.000, 1.500] current=[0.000, 0.000, 1.499] world_v=[0.000, 0.000, 0.002] a_xy=[0.000, 0.000] thrust=9.805 torque=[0.0000, 0.0000, 0.0000] rpm_pre=[10817.8, 10817.8, 10817.8, 10817.8] rpm=[10817.8, 10817.8, 10817.8, 10817.8] saturation=[horizontal:false altitude:false attitude:false mixer:false] saturated=false
[waypoint_manager_node-5] [INFO] [1784617072.025992509] [waypoint_manager_node]: accepted runtime mission with 4 waypoints
[position_controller_node-2] [INFO] [1784617072.228603789] [position_controller_node]: position target=[3.000, 0.000, 1.500] current=[0.003, -0.000, 1.499] world_v=[0.064, -0.000, -0.005] a_xy=[0.800, 0.000] thrust=9.872 torque=[-0.0000, -0.2719, -0.0000] rpm_pre=[11865.0, 9741.1, 9741.1, 11865.0] rpm=[11865.0, 9741.1, 9741.1, 11865.0] saturation=[horizontal:true altitude:false attitude:false mixer:false] saturated=true
[position_controller_node-2] [INFO] [1784617073.228676928] [position_controller_node]: position target=[3.000, 0.000, 1.500] current=[0.446, -0.000, 1.498] world_v=[0.693, -0.000, 0.002] a_xy=[0.190, 0.000] thrust=9.808 torque=[-0.0000, 0.0422, -0.0000] rpm_pre=[10653.8, 10983.1, 10983.1, 10653.8] rpm=[10653.8, 10983.1, 10983.1, 10653.8] saturation=[horizontal:false altitude:false attitude:false mixer:false] saturated=false
[position_controller_node-2] [INFO] [1784617074.238431222] [position_controller_node]: position target=[3.000, 0.000, 1.500] current=[1.184, -0.000, 1.499] world_v=[0.712, -0.000, 0.001] a_xy=[-0.128, 0.000] thrust=9.806 torque=[-0.0000, -0.0004, 0.0000] rpm_pre=[10820.2, 10817.4, 10817.4, 10820.2] rpm=[10820.2, 10817.4, 10817.4, 10820.2] saturation=[horizontal:false altitude:false attitude:false mixer:false] saturated=false
[position_controller_node-2] [INFO] [1784617075.238503054] [position_controller_node]: position target=[3.000, 0.000, 1.500] current=[1.817, -0.000, 1.500] world_v=[0.545, 0.000, 0.000] a_xy=[-0.180, -0.000] thrust=9.808 torque=[-0.0000, -0.0008, 0.0000] rpm_pre=[10822.7, 10816.8, 10816.8, 10822.7] rpm=[10822.7, 10816.8, 10816.8, 10822.7] saturation=[horizontal:false altitude:false attitude:false mixer:false] saturated=false
[position_controller_node-2] [INFO] [1784617076.238509328] [position_controller_node]: position target=[3.000, 0.000, 1.500] current=[2.271, -0.000, 1.500] world_v=[0.369, 0.000, 0.000] a_xy=[-0.151, 0.000] thrust=9.808 torque=[-0.0000, 0.0004, 0.0000] rpm_pre=[10818.2, 10820.9, 10820.9, 10818.2] rpm=[10818.2, 10820.9, 10820.9, 10818.2] saturation=[horizontal:false altitude:false attitude:false mixer:false] saturated=false
[position_controller_node-2] [INFO] [1784617077.248432800] [position_controller_node]: position target=[3.000, 0.000, 1.500] current=[2.570, -0.000, 1.500] world_v=[0.232, 0.000, 0.000] a_xy=[-0.106, 0.000] thrust=9.807 torque=[0.0000, -0.0000, 0.0000] rpm_pre=[10819.3, 10819.2, 10819.2, 10819.3] rpm=[10819.3, 10819.2, 10819.2, 10819.3] saturation=[horizontal:false altitude:false attitude:false mixer:false] saturated=false
[position_controller_node-2] [INFO] [1784617078.258483799] [position_controller_node]: position target=[3.000, 0.000, 1.500] current=[2.754, -0.000, 1.500] world_v=[0.139, 0.000, 0.000] a_xy=[-0.068, -0.000] thrust=9.807 torque=[-0.0000, 0.0000, -0.0000] rpm_pre=[10819.0, 10819.1, 10819.1, 10819.0] rpm=[10819.0, 10819.1, 10819.1, 10819.0] saturation=[horizontal:false altitude:false attitude:false mixer:false] saturated=false
[position_controller_node-2] [INFO] [1784617079.258484001] [position_controller_node]: position target=[3.000, 0.000, 1.500] current=[2.862, -0.000, 1.500] world_v=[0.081, 0.000, -0.000] a_xy=[-0.042, -0.000] thrust=9.807 torque=[-0.0000, 0.0000, 0.0000] rpm_pre=[10819.0, 10819.0, 10819.0, 10819.0] rpm=[10819.0, 10819.0, 10819.0, 10819.0] saturation=[horizontal:false altitude:false attitude:false mixer:false] saturated=false
[waypoint_manager_node-5] [INFO] [1784617079.586091689] [waypoint_manager_node]: waypoint 0 accepted
[position_controller_node-2] [INFO] [1784617080.268336468] [position_controller_node]: position target=[3.000, 3.000, 1.500] current=[2.950, 0.149, 1.496] world_v=[0.082, 0.473, -0.005] a_xy=[-0.078, 0.573] thrust=9.881 torque=[0.1433, -0.1158, -0.1867] rpm_pre=[12497.0, 10192.5, 10603.7, 9962.8] rpm=[12497.0, 10192.5, 10603.7, 9962.8] saturation=[horizontal:false altitude:false attitude:false mixer:false] saturated=false
[position_controller_node-2] [INFO] [1784617081.268439564] [position_controller_node]: position target=[3.000, 3.000, 1.500] current=[2.992, 0.820, 1.496] world_v=[0.018, 0.745, 0.003] a_xy=[-0.018, -0.023] thrust=9.809 torque=[-0.0439, 0.0070, -0.0077] rpm_pre=[10651.5, 10643.8, 11047.3, 10931.8] rpm=[10651.5, 10643.8, 11047.3, 10931.8] saturation=[horizontal:false altitude:false attitude:false mixer:false] saturated=false
[position_controller_node-2] [INFO] [1784617082.278382602] [position_controller_node]: position target=[3.000, 3.000, 1.500] current=[3.004, 1.531, 1.499] world_v=[0.006, 0.634, 0.002] a_xy=[-0.009, -0.174] thrust=9.806 torque=[0.0068, 0.0052, -0.0003] rpm_pre=[10826.3, 10864.6, 10813.8, 10770.4] rpm=[10826.3, 10864.6, 10813.8, 10770.4] saturation=[horizontal:false altitude:false attitude:false mixer:false] saturated=false
[position_controller_node-2] [INFO] [1784617083.278434834] [position_controller_node]: position target=[3.000, 3.000, 1.500] current=[3.006, 2.073, 1.500] world_v=[-0.000, 0.451, 0.001] a_xy=[-0.003, -0.170] thrust=9.808 torque=[-0.0005, -0.0013, -0.0000] rpm_pre=[10822.4, 10812.2, 10816.5, 10826.5] rpm=[10822.4, 10812.2, 10816.5, 10826.5] saturation=[horizontal:false altitude:false attitude:false mixer:false] saturated=false
[position_controller_node-2] [INFO] [1784617084.288395075] [position_controller_node]: position target=[3.000, 3.000, 1.500] current=[3.006, 2.444, 1.500] world_v=[-0.002, 0.292, 0.000] a_xy=[-0.000, -0.128] thrust=9.807 torque=[-0.0001, 0.0003, -0.0000] rpm_pre=[10817.9, 10820.0, 10820.7, 10818.7] rpm=[10817.9, 10820.0, 10820.7, 10818.7] saturation=[horizontal:false altitude:false attitude:false mixer:false] saturated=false
[position_controller_node-2] [INFO] [1784617085.298283160] [position_controller_node]: position target=[3.000, 3.000, 1.500] current=[3.004, 2.677, 1.500] world_v=[-0.002, 0.179, 0.000] a_xy=[0.000, -0.085] thrust=9.807 torque=[0.0000, 0.0000, 0.0000] rpm_pre=[10819.3, 10819.3, 10819.0, 10819.0] rpm=[10819.3, 10819.3, 10819.0, 10819.0] saturation=[horizontal:false altitude:false attitude:false mixer:false] saturated=false
[position_controller_node-2] [INFO] [1784617086.298338937] [position_controller_node]: position target=[3.000, 3.000, 1.500] current=[3.003, 2.816, 1.500] world_v=[-0.001, 0.106, 0.000] a_xy=[0.000, -0.054] thrust=9.807 torque=[-0.0000, 0.0000, 0.0000] rpm_pre=[10819.0, 10819.0, 10819.1, 10819.0] rpm=[10819.0, 10819.0, 10819.1, 10819.0] saturation=[horizontal:false altitude:false attitude:false mixer:false] saturated=false
[waypoint_manager_node-5] [INFO] [1784617087.136163581] [waypoint_manager_node]: waypoint 1 accepted
[position_controller_node-2] [INFO] [1784617087.308275810] [position_controller_node]: position target=[0.000, 3.000, 1.500] current=[3.000, 2.900, 1.499] world_v=[-0.036, 0.093, -0.006] a_xy=[-0.798, -0.049] thrust=9.867 torque=[0.0659, -0.2672, 0.2000] rpm_pre=[11329.1, 10877.2, 8492.4, 12341.0] rpm=[11329.1, 10877.2, 8492.4, 12341.0] saturation=[horizontal:true altitude:false attitude:true mixer:false] saturated=true
[position_controller_node-2] [INFO] [1784617088.308330814] [position_controller_node]: position target=[0.000, 3.000, 1.500] current=[2.554, 2.978, 1.495] world_v=[-0.703, 0.043, 0.000] a_xy=[-0.177, -0.042] thrust=9.827 torque=[0.0664, 0.0906, -0.0367] rpm_pre=[10884.6, 11284.1, 11070.8, 10041.0] rpm=[10884.6, 11284.1, 11070.8, 10041.0] saturation=[horizontal:false altitude:false attitude:false mixer:false] saturated=false
[position_controller_node-2] [INFO] [1784617089.318228061] [position_controller_node]: position target=[0.000, 3.000, 1.500] current=[1.814, 3.000, 1.497] world_v=[-0.710, 0.012, 0.003] a_xy=[0.127, -0.015] thrust=9.806 torque=[0.0010, -0.0193, -0.0015] rpm_pre=[10903.7, 10740.4, 10745.0, 10883.4] rpm=[10903.7, 10740.4, 10745.0, 10883.4] saturation=[horizontal:false altitude:false attitude:false mixer:false] saturated=false
[position_controller_node-2] [INFO] [1784617090.318281767] [position_controller_node]: position target=[0.000, 3.000, 1.500] current=[1.181, 3.006, 1.499] world_v=[-0.544, 0.002, 0.001] a_xy=[0.181, -0.004] thrust=9.807 torque=[-0.0022, 0.0026, -0.0001] rpm_pre=[10800.7, 10820.5, 10838.4, 10817.6] rpm=[10800.7, 10820.5, 10838.4, 10817.6] saturation=[horizontal:false altitude:false attitude:false mixer:false] saturated=false
[position_controller_node-2] [INFO] [1784617091.328394606] [position_controller_node]: position target=[0.000, 3.000, 1.500] current=[0.724, 3.006, 1.500] world_v=[-0.367, -0.001, 0.000] a_xy=[0.151, -0.001] thrust=9.807 torque=[0.0006, 0.0001, -0.0000] rpm_pre=[10821.4, 10822.1, 10817.4, 10816.7] rpm=[10821.4, 10822.1, 10817.4, 10816.7] saturation=[horizontal:false altitude:false attitude:false mixer:false] saturated=false
[position_controller_node-2] [INFO] [1784617092.338257929] [position_controller_node]: position target=[0.000, 3.000, 1.500] current=[0.427, 3.005, 1.500] world_v=[-0.230, -0.002, 0.000] a_xy=[0.106, 0.000] thrust=9.807 torque=[-0.0001, -0.0001, -0.0000] rpm_pre=[10819.1, 10818.7, 10819.3, 10819.7] rpm=[10819.1, 10818.7, 10819.3, 10819.7] saturation=[horizontal:false altitude:false attitude:false mixer:false] saturated=false
[position_controller_node-2] [INFO] [1784617093.348120397] [position_controller_node]: position target=[0.000, 3.000, 1.500] current=[0.244, 3.003, 1.500] world_v=[-0.138, -0.001, 0.000] a_xy=[0.068, 0.000] thrust=9.807 torque=[0.0000, 0.0000, 0.0000] rpm_pre=[10819.0, 10819.2, 10819.2, 10819.0] rpm=[10819.0, 10819.2, 10819.2, 10819.0] saturation=[horizontal:false altitude:false attitude:false mixer:false] saturated=false
[position_controller_node-2] [INFO] [1784617094.348154210] [position_controller_node]: position target=[0.000, 3.000, 1.500] current=[0.137, 3.002, 1.500] world_v=[-0.081, -0.001, 0.000] a_xy=[0.042, 0.000] thrust=9.807 torque=[0.0000, 0.0000, 0.0000] rpm_pre=[10819.0, 10819.0, 10819.0, 10819.0] rpm=[10819.0, 10819.0, 10819.0, 10819.0] saturation=[horizontal:false altitude:false attitude:false mixer:false] saturated=false
[waypoint_manager_node-5] [INFO] [1784617094.685869911] [waypoint_manager_node]: waypoint 2 accepted
[position_controller_node-2] [INFO] [1784617095.348156614] [position_controller_node]: position target=[0.000, 0.000, 1.500] current=[0.051, 2.862, 1.496] world_v=[-0.077, -0.456, -0.005] a_xy=[0.072, -0.598] thrust=9.876 torque=[0.0997, -0.1688, -0.1735] rpm_pre=[12480.0, 9840.3, 10508.6, 10416.0] rpm=[12480.0, 9840.3, 10508.6, 10416.0] saturation=[horizontal:false altitude:false attitude:false mixer:false] saturated=false
[position_controller_node-2] [INFO] [1784617096.348284968] [position_controller_node]: position target=[0.000, 0.000, 1.500] current=[0.008, 2.196, 1.496] world_v=[-0.018, -0.747, 0.003] a_xy=[0.018, 0.018] thrust=9.809 torque=[-0.0390, 0.0217, -0.0082] rpm_pre=[10614.8, 10718.9, 11087.0, 10854.2] rpm=[10614.8, 10718.9, 11087.0, 10854.2] saturation=[horizontal:false altitude:false attitude:false mixer:false] saturated=false
[position_controller_node-2] [INFO] [1784617097.358257519] [position_controller_node]: position target=[0.000, 0.000, 1.500] current=[-0.004, 1.482, 1.498] world_v=[-0.006, -0.638, 0.002] a_xy=[0.009, 0.173] thrust=9.806 torque=[0.0080, 0.0029, -0.0003] rpm_pre=[10840.0, 10860.0, 10800.1, 10774.8] rpm=[10840.0, 10860.0, 10800.1, 10774.8] saturation=[horizontal:false altitude:false attitude:false mixer:false] saturated=false
[position_controller_node-2] [INFO] [1784617098.368114035] [position_controller_node]: position target=[0.000, 0.000, 1.500] current=[-0.007, 0.932, 1.500] world_v=[0.000, -0.453, 0.001] a_xy=[0.003, 0.170] thrust=9.808 torque=[-0.0008, -0.0012, -0.0000] rpm_pre=[10821.3, 10811.6, 10817.7, 10827.1] rpm=[10821.3, 10811.6, 10817.7, 10827.1] saturation=[horizontal:false altitude:false attitude:false mixer:false] saturated=false
[position_controller_node-2] [INFO] [1784617099.378199087] [position_controller_node]: position target=[0.000, 0.000, 1.500] current=[-0.006, 0.559, 1.500] world_v=[0.002, -0.293, 0.000] a_xy=[0.000, 0.128] thrust=9.807 torque=[-0.0001, 0.0003, -0.0000] rpm_pre=[10818.0, 10820.2, 10820.7, 10818.5] rpm=[10818.0, 10820.2, 10820.7, 10818.5] saturation=[horizontal:false altitude:false attitude:false mixer:false] saturated=false
[position_controller_node-2] [INFO] [1784617100.388177733] [position_controller_node]: position target=[0.000, 0.000, 1.500] current=[-0.004, 0.325, 1.500] world_v=[0.002, -0.180, 0.000] a_xy=[-0.000, 0.086] thrust=9.807 torque=[0.0000, -0.0000, 0.0000] rpm_pre=[10819.3, 10819.3, 10819.0, 10819.0] rpm=[10819.3, 10819.3, 10819.0, 10819.0] saturation=[horizontal:false altitude:false attitude:false mixer:false] saturated=false
[position_controller_node-2] [INFO] [1784617101.398151387] [position_controller_node]: position target=[0.000, 0.000, 1.500] current=[-0.003, 0.184, 1.500] world_v=[0.001, -0.106, 0.000] a_xy=[-0.000, 0.054] thrust=9.807 torque=[-0.0000, 0.0000, 0.0000] rpm_pre=[10819.0, 10819.0, 10819.1, 10819.0] rpm=[10819.0, 10819.0, 10819.1, 10819.0] saturation=[horizontal:false altitude:false attitude:false mixer:false] saturated=false
[waypoint_manager_node-5] [INFO] [1784617102.235784981] [waypoint_manager_node]: waypoint 3 accepted; mission complete
[position_controller_node-2] [INFO] [1784617102.408055434] [position_controller_node]: position target=[0.000, 0.000, 1.500] current=[-0.002, 0.102, 1.500] world_v=[0.001, -0.061, 0.000] a_xy=[-0.000, 0.032] thrust=9.807 torque=[0.0000, 0.0000, 0.0000] rpm_pre=[10819.0, 10819.0, 10819.0, 10819.0] rpm=[10819.0, 10819.0, 10819.0, 10819.0] saturation=[horizontal:false altitude:false attitude:false mixer:false] saturated=false
[position_controller_node-2] [INFO] [1784617103.418026662] [position_controller_node]: position target=[0.000, 0.000, 1.500] current=[-0.001, 0.055, 1.500] world_v=[0.001, -0.035, -0.000] a_xy=[-0.000, 0.014] thrust=9.807 torque=[0.0000, -0.0001, -0.0000] rpm_pre=[10819.5, 10818.4, 10818.4, 10819.5] rpm=[10819.5, 10818.4, 10818.4, 10819.5] saturation=[horizontal:false altitude:false attitude:false mixer:false] saturated=false
[position_controller_node-2] [INFO] [1784617104.428057606] [position_controller_node]: position target=[0.000, 0.000, 1.500] current=[-0.000, 0.025, 1.500] world_v=[0.000, -0.025, -0.000] a_xy=[-0.000, 0.007] thrust=9.807 torque=[-0.0000, 0.0000, -0.0000] rpm_pre=[10818.9, 10819.0, 10819.0, 10818.9] rpm=[10818.9, 10819.0, 10819.0, 10818.9] saturation=[horizontal:false altitude:false attitude:false mixer:false] saturated=false
[position_controller_node-2] [INFO] [1784617105.428309881] [position_controller_node]: position target=[0.000, 0.000, 1.500] current=[-0.000, 0.004, 1.500] world_v=[0.000, -0.018, -0.000] a_xy=[-0.000, 0.006] thrust=9.807 torque=[0.0000, -0.0000, -0.0000] rpm_pre=[10819.0, 10818.9, 10818.9, 10819.0] rpm=[10819.0, 10818.9, 10818.9, 10819.0] saturation=[horizontal:false altitude:false attitude:false mixer:false] saturated=false
[position_controller_node-2] [INFO] [1784617105.487879709] [rclcpp]: signal_handler(SIGINT/SIGTERM)
[quadrotor_dynamics_node-1] [INFO] [1784617105.487891513] [rclcpp]: signal_handler(SIGINT/SIGTERM)
[waypoint_manager_node-5] [INFO] [1784617105.487919018] [rclcpp]: signal_handler(SIGINT/SIGTERM)
[robot_state_publisher-3] [INFO] [1784617105.487923650] [rclcpp]: signal_handler(SIGINT/SIGTERM)
[goal_visualizer_node-4] [INFO] [1784617105.487920673] [rclcpp]: signal_handler(SIGINT/SIGTERM)
[INFO] [waypoint_manager_node-5]: process has finished cleanly [pid 63792]
[INFO] [position_controller_node-2]: process has finished cleanly [pid 63786]
[INFO] [goal_visualizer_node-4]: process has finished cleanly [pid 63790]
[INFO] [quadrotor_dynamics_node-1]: process has finished cleanly [pid 63784]
[INFO] [robot_state_publisher-3]: process has finished cleanly [pid 63788]
