[INFO] [launch]: All log files can be found below /home/peter/.ros/log/2026-07-18-12-48-18-456449-peter-acer-40625
[INFO] [launch]: Default logging verbosity is set to INFO
[INFO] [quadrotor_dynamics_node-1]: process started with pid [40637]
[INFO] [position_controller_node-2]: process started with pid [40639]
[INFO] [robot_state_publisher-3]: process started with pid [40641]
[robot_state_publisher-3] [INFO] [1784350098.553833301] [robot_state_publisher]: got segment base_link
[robot_state_publisher-3] [INFO] [1784350098.553896841] [robot_state_publisher]: got segment front_marker_link
[robot_state_publisher-3] [INFO] [1784350098.553901778] [robot_state_publisher]: got segment m1_arm_link
[robot_state_publisher-3] [INFO] [1784350098.553904399] [robot_state_publisher]: got segment m1_motor_link
[robot_state_publisher-3] [INFO] [1784350098.553907015] [robot_state_publisher]: got segment m1_rotor_link
[robot_state_publisher-3] [INFO] [1784350098.553909518] [robot_state_publisher]: got segment m2_arm_link
[robot_state_publisher-3] [INFO] [1784350098.553911948] [robot_state_publisher]: got segment m2_motor_link
[robot_state_publisher-3] [INFO] [1784350098.553914207] [robot_state_publisher]: got segment m2_rotor_link
[robot_state_publisher-3] [INFO] [1784350098.553916473] [robot_state_publisher]: got segment m3_arm_link
[robot_state_publisher-3] [INFO] [1784350098.553919896] [robot_state_publisher]: got segment m3_motor_link
[robot_state_publisher-3] [INFO] [1784350098.553923573] [robot_state_publisher]: got segment m3_rotor_link
[robot_state_publisher-3] [INFO] [1784350098.553927232] [robot_state_publisher]: got segment m4_arm_link
[robot_state_publisher-3] [INFO] [1784350098.553931810] [robot_state_publisher]: got segment m4_motor_link
[robot_state_publisher-3] [INFO] [1784350098.553935806] [robot_state_publisher]: got segment m4_rotor_link
[position_controller_node-2] [INFO] [1784350098.555656105] [position_controller_node]: 3D position controller started at 100.0 Hz (source=pose_goal, odom timeout 0.200 s)
[quadrotor_dynamics_node-1] [INFO] [1784350098.559945707] [quadrotor_dynamics_node]: Dynamics started at 200.0 Hz; nominal steady-state hover RPM is 10818.9; ground contact is enabled at z=0.000 m; motor command watchdog is enabled (0.300 s)
[quadrotor_dynamics_node-1] [INFO] [1784350098.560005389] [quadrotor_dynamics_node]: External wrench input is enabled (frame=map, force_limit=2.000 N, timeout=0.200 s, torque_limit=0.000 N*m; torque must be zero)
[position_controller_node-2] [INFO] [1784350098.565726743] [position_controller_node]: position target=[0.000, 0.000, 1.500] current=[0.000, 0.000, 0.000] world_v=[0.000, 0.000, 0.000] a_xy=[0.000, 0.000] thrust=14.307 torque=[0.0000, 0.0000, 0.0000] rpm_pre=[13067.5, 13067.5, 13067.5, 13067.5] rpm=[13067.5, 13067.5, 13067.5, 13067.5] saturation=[horizontal:false altitude:false attitude:false mixer:false] saturated=false
[INFO] [ros2-4]: process started with pid [40678]
[position_controller_node-2] [INFO] [1784350099.565750095] [position_controller_node]: position target=[0.000, 0.000, 1.500] current=[0.000, 0.000, 0.709] world_v=[0.000, 0.000, 0.871] a_xy=[0.000, 0.000] thrust=9.131 torque=[0.0000, 0.0000, 0.0000] rpm_pre=[10439.5, 10439.5, 10439.5, 10439.5] rpm=[10439.5, 10439.5, 10439.5, 10439.5] saturation=[horizontal:false altitude:false attitude:false mixer:false] saturated=false
[ros2-4] publisher: beginning loop
[ros2-4] publishing #1: geometry_msgs.msg.PoseStamped(header=std_msgs.msg.Header(stamp=builtin_interfaces.msg.Time(sec=0, nanosec=0), frame_id='map'), pose=geometry_msgs.msg.Pose(position=geometry_msgs.msg.Point(x=0.0, y=0.0, z=1.5), orientation=geometry_msgs.msg.Quaternion(x=0.0, y=0.0, z=0.0, w=1.0)))
[ros2-4] 
[INFO] [ros2-4]: process has finished cleanly [pid 40678]
[position_controller_node-2] [INFO] [1784350100.565857412] [position_controller_node]: position target=[0.000, 0.000, 1.500] current=[0.000, 0.000, 1.264] world_v=[0.000, 0.000, 0.300] a_xy=[0.000, 0.000] thrust=9.464 torque=[0.0000, 0.0000, 0.0000] rpm_pre=[10628.5, 10628.5, 10628.5, 10628.5] rpm=[10628.5, 10628.5, 10628.5, 10628.5] saturation=[horizontal:false altitude:false attitude:false mixer:false] saturated=false
[position_controller_node-2] [INFO] [1784350101.565879910] [position_controller_node]: position target=[0.000, 0.000, 1.500] current=[0.000, 0.000, 1.435] world_v=[0.000, 0.000, 0.085] a_xy=[0.000, 0.000] thrust=9.705 torque=[0.0000, 0.0000, 0.0000] rpm_pre=[10762.9, 10762.9, 10762.9, 10762.9] rpm=[10762.9, 10762.9, 10762.9, 10762.9] saturation=[horizontal:false altitude:false attitude:false mixer:false] saturated=false
[position_controller_node-2] [INFO] [1784350102.565900955] [position_controller_node]: position target=[0.000, 0.000, 1.500] current=[0.000, 0.000, 1.482] world_v=[0.000, 0.000, 0.023] a_xy=[0.000, 0.000] thrust=9.779 torque=[0.0000, 0.0000, 0.0000] rpm_pre=[10803.5, 10803.5, 10803.5, 10803.5] rpm=[10803.5, 10803.5, 10803.5, 10803.5] saturation=[horizontal:false altitude:false attitude:false mixer:false] saturated=false
[position_controller_node-2] [INFO] [1784350103.575852297] [position_controller_node]: position target=[0.000, 0.000, 1.500] current=[0.000, 0.000, 1.495] world_v=[0.000, 0.000, 0.006] a_xy=[0.000, 0.000] thrust=9.799 torque=[0.0000, 0.0000, 0.0000] rpm_pre=[10814.8, 10814.8, 10814.8, 10814.8] rpm=[10814.8, 10814.8, 10814.8, 10814.8] saturation=[horizontal:false altitude:false attitude:false mixer:false] saturated=false
[position_controller_node-2] [INFO] [1784350104.575904112] [position_controller_node]: position target=[0.000, 0.000, 1.500] current=[0.006, 0.000, 1.499] world_v=[0.058, 0.000, 0.002] a_xy=[-0.073, -0.000] thrust=9.805 torque=[0.0000, -0.0006, -0.0000] rpm_pre=[10820.2, 10815.5, 10815.5, 10820.2] rpm=[10820.2, 10815.5, 10815.5, 10820.2] saturation=[horizontal:false altitude:false attitude:false mixer:false] saturated=false
[position_controller_node-2] [INFO] [1784350105.575916256] [position_controller_node]: position target=[0.000, 0.000, 1.500] current=[0.145, -0.000, 1.500] world_v=[0.180, -0.000, 0.000] a_xy=[-0.288, 0.000] thrust=9.810 torque=[0.0000, -0.0001, 0.0000] rpm_pre=[10821.2, 10820.6, 10820.6, 10821.2] rpm=[10821.2, 10820.6, 10820.6, 10821.2] saturation=[horizontal:false altitude:false attitude:false mixer:false] saturated=false
[position_controller_node-2] [INFO] [1784350106.585918510] [position_controller_node]: position target=[0.000, 0.000, 1.500] current=[0.320, -0.000, 1.500] world_v=[0.150, -0.000, 0.000] a_xy=[-0.369, 0.000] thrust=9.813 torque=[-0.0000, 0.0001, -0.0000] rpm_pre=[10822.3, 10823.1, 10823.1, 10822.3] rpm=[10822.3, 10823.1, 10823.1, 10822.3] saturation=[horizontal:false altitude:false attitude:false mixer:false] saturated=false
[position_controller_node-2] [INFO] [1784350107.585941779] [position_controller_node]: position target=[0.000, 0.000, 1.500] current=[0.431, -0.000, 1.500] world_v=[0.068, -0.000, 0.000] a_xy=[-0.391, 0.000] thrust=9.814 torque=[0.0000, 0.0001, -0.0000] rpm_pre=[10822.9, 10823.6, 10823.6, 10822.9] rpm=[10822.9, 10823.6, 10823.6, 10822.9] saturation=[horizontal:false altitude:false attitude:false mixer:false] saturated=false
[position_controller_node-2] [INFO] [1784350108.596027105] [position_controller_node]: position target=[0.000, 0.000, 1.500] current=[0.452, -0.000, 1.500] world_v=[-0.023, 0.000, 0.000] a_xy=[-0.382, 0.000] thrust=9.814 torque=[0.0000, 0.0001, 0.0000] rpm_pre=[10822.9, 10823.3, 10823.3, 10822.9] rpm=[10822.9, 10823.3, 10823.3, 10822.9] saturation=[horizontal:false altitude:false attitude:false mixer:false] saturated=false
[position_controller_node-2] [INFO] [1784350109.605940738] [position_controller_node]: position target=[0.000, 0.000, 1.500] current=[0.391, -0.000, 1.500] world_v=[-0.095, 0.000, 0.000] a_xy=[-0.357, -0.000] thrust=9.813 torque=[-0.0000, 0.0000, 0.0000] rpm_pre=[10822.4, 10822.7, 10822.7, 10822.4] rpm=[10822.4, 10822.7, 10822.7, 10822.4] saturation=[horizontal:false altitude:false attitude:false mixer:false] saturated=false
[position_controller_node-2] [INFO] [1784350110.605989628] [position_controller_node]: position target=[0.000, 0.000, 1.500] current=[0.272, 0.000, 1.500] world_v=[-0.133, 0.000, 0.000] a_xy=[-0.300, -0.000] thrust=9.811 torque=[-0.0000, 0.0005, -0.0000] rpm_pre=[10819.7, 10823.3, 10823.3, 10819.7] rpm=[10819.7, 10823.3, 10823.3, 10819.7] saturation=[horizontal:false altitude:false attitude:false mixer:false] saturated=false
[position_controller_node-2] [INFO] [1784350111.616026545] [position_controller_node]: position target=[0.000, 0.000, 1.500] current=[0.144, 0.000, 1.500] world_v=[-0.115, 0.000, -0.000] a_xy=[-0.270, -0.000] thrust=9.810 torque=[0.0000, -0.0001, 0.0000] rpm_pre=[10821.3, 10820.7, 10820.7, 10821.3] rpm=[10821.3, 10820.7, 10820.7, 10821.3] saturation=[horizontal:false altitude:false attitude:false mixer:false] saturated=false
[position_controller_node-2] [INFO] [1784350112.625991544] [position_controller_node]: position target=[0.000, 0.000, 1.500] current=[0.045, 0.000, 1.500] world_v=[-0.082, 0.000, -0.000] a_xy=[-0.269, -0.000] thrust=9.810 torque=[-0.0000, -0.0000, -0.0000] rpm_pre=[10821.1, 10820.9, 10820.9, 10821.1] rpm=[10821.1, 10820.9, 10820.9, 10821.1] saturation=[horizontal:false altitude:false attitude:false mixer:false] saturated=false
[position_controller_node-2] [INFO] [1784350113.626052981] [position_controller_node]: position target=[0.000, 0.000, 1.500] current=[-0.022, 0.000, 1.500] world_v=[-0.054, 0.000, -0.000] a_xy=[-0.276, -0.000] thrust=9.811 torque=[0.0000, 0.0000, 0.0000] rpm_pre=[10821.1, 10821.1, 10821.1, 10821.1] rpm=[10821.1, 10821.1, 10821.1, 10821.1] saturation=[horizontal:false altitude:false attitude:false mixer:false] saturated=false
[position_controller_node-2] [INFO] [1784350114.626079487] [position_controller_node]: position target=[0.000, 0.000, 1.500] current=[-0.064, 0.000, 1.500] world_v=[-0.030, -0.000, -0.000] a_xy=[-0.278, 0.000] thrust=9.811 torque=[0.0000, -0.0000, -0.0000] rpm_pre=[10821.1, 10821.1, 10821.1, 10821.1] rpm=[10821.1, 10821.1, 10821.1, 10821.1] saturation=[horizontal:false altitude:false attitude:false mixer:false] saturated=false
[position_controller_node-2] [INFO] [1784350115.636047841] [position_controller_node]: position target=[0.000, 0.000, 1.500] current=[-0.083, 0.000, 1.500] world_v=[-0.009, -0.000, -0.000] a_xy=[-0.281, -0.000] thrust=9.811 torque=[0.0000, -0.0000, 0.0000] rpm_pre=[10821.2, 10821.1, 10821.1, 10821.2] rpm=[10821.2, 10821.1, 10821.1, 10821.2] saturation=[horizontal:false altitude:false attitude:false mixer:false] saturated=false
[position_controller_node-2] [INFO] [1784350116.636117008] [position_controller_node]: position target=[0.000, 0.000, 1.500] current=[-0.083, -0.000, 1.500] world_v=[0.009, -0.000, -0.000] a_xy=[-0.285, 0.000] thrust=9.811 torque=[0.0000, -0.0000, -0.0000] rpm_pre=[10821.3, 10821.2, 10821.2, 10821.3] rpm=[10821.3, 10821.2, 10821.2, 10821.3] saturation=[horizontal:false altitude:false attitude:false mixer:false] saturated=false
[position_controller_node-2] [INFO] [1784350117.646089426] [position_controller_node]: position target=[0.000, 0.000, 1.500] current=[-0.067, -0.000, 1.500] world_v=[0.021, -0.000, -0.000] a_xy=[-0.291, 0.000] thrust=9.811 torque=[-0.0000, -0.0000, -0.0000] rpm_pre=[10821.4, 10821.3, 10821.3, 10821.4] rpm=[10821.4, 10821.3, 10821.3, 10821.4] saturation=[horizontal:false altitude:false attitude:false mixer:false] saturated=false
[position_controller_node-2] [INFO] [1784350118.646154856] [position_controller_node]: position target=[0.000, 0.000, 1.500] current=[-0.043, -0.000, 1.500] world_v=[0.027, -0.000, -0.000] a_xy=[-0.297, -0.000] thrust=9.811 torque=[0.0000, -0.0000, -0.0000] rpm_pre=[10821.4, 10821.4, 10821.4, 10821.4] rpm=[10821.4, 10821.4, 10821.4, 10821.4] saturation=[horizontal:false altitude:false attitude:false mixer:false] saturated=false
[WARNING] [launch]: user interrupted with ctrl-c (SIGINT)
[INFO] [robot_state_publisher-3]: sending signal 'SIGINT' to process[robot_state_publisher-3]
[INFO] [position_controller_node-2]: sending signal 'SIGINT' to process[position_controller_node-2]
[INFO] [quadrotor_dynamics_node-1]: sending signal 'SIGINT' to process[quadrotor_dynamics_node-1]
[position_controller_node-2] [INFO] [1784350119.390670543] [rclcpp]: signal_handler(SIGINT/SIGTERM)
[robot_state_publisher-3] [INFO] [1784350119.390668831] [rclcpp]: signal_handler(SIGINT/SIGTERM)
[quadrotor_dynamics_node-1] [INFO] [1784350119.390670929] [rclcpp]: signal_handler(SIGINT/SIGTERM)
[robot_state_publisher-3] [INFO] [1784350119.394518718] [rclcpp]: signal_handler(SIGINT/SIGTERM)
[position_controller_node-2] [INFO] [1784350119.395457025] [rclcpp]: signal_handler(SIGINT/SIGTERM)
[quadrotor_dynamics_node-1] [INFO] [1784350119.396381031] [rclcpp]: signal_handler(SIGINT/SIGTERM)
[INFO] [position_controller_node-2]: process has finished cleanly [pid 40639]
[INFO] [quadrotor_dynamics_node-1]: process has finished cleanly [pid 40637]
[INFO] [robot_state_publisher-3]: process has finished cleanly [pid 40641]
