[INFO] [launch]: All log files can be found below /home/peter/.ros/log/2026-07-18-12-24-35-697659-peter-acer-35571
[INFO] [launch]: Default logging verbosity is set to INFO
[INFO] [quadrotor_dynamics_node-1]: process started with pid [35583]
[INFO] [position_controller_node-2]: process started with pid [35585]
[INFO] [robot_state_publisher-3]: process started with pid [35587]
[robot_state_publisher-3] [INFO] [1784348675.794510617] [robot_state_publisher]: got segment base_link
[robot_state_publisher-3] [INFO] [1784348675.794585911] [robot_state_publisher]: got segment front_marker_link
[robot_state_publisher-3] [INFO] [1784348675.794592569] [robot_state_publisher]: got segment m1_arm_link
[robot_state_publisher-3] [INFO] [1784348675.794596690] [robot_state_publisher]: got segment m1_motor_link
[robot_state_publisher-3] [INFO] [1784348675.794610163] [robot_state_publisher]: got segment m1_rotor_link
[robot_state_publisher-3] [INFO] [1784348675.794633996] [robot_state_publisher]: got segment m2_arm_link
[robot_state_publisher-3] [INFO] [1784348675.794637649] [robot_state_publisher]: got segment m2_motor_link
[robot_state_publisher-3] [INFO] [1784348675.794641382] [robot_state_publisher]: got segment m2_rotor_link
[robot_state_publisher-3] [INFO] [1784348675.794645464] [robot_state_publisher]: got segment m3_arm_link
[robot_state_publisher-3] [INFO] [1784348675.794648971] [robot_state_publisher]: got segment m3_motor_link
[robot_state_publisher-3] [INFO] [1784348675.794652916] [robot_state_publisher]: got segment m3_rotor_link
[robot_state_publisher-3] [INFO] [1784348675.794656952] [robot_state_publisher]: got segment m4_arm_link
[robot_state_publisher-3] [INFO] [1784348675.794659999] [robot_state_publisher]: got segment m4_motor_link
[robot_state_publisher-3] [INFO] [1784348675.794662218] [robot_state_publisher]: got segment m4_rotor_link
[quadrotor_dynamics_node-1] [INFO] [1784348675.795739177] [quadrotor_dynamics_node]: Dynamics started at 200.0 Hz; nominal steady-state hover RPM is 10818.9; ground contact is enabled at z=0.000 m; motor command watchdog is enabled (0.300 s)
[quadrotor_dynamics_node-1] [INFO] [1784348675.795865113] [quadrotor_dynamics_node]: External wrench input is enabled (frame=map, force_limit=2.000 N, timeout=0.200 s, torque_limit=0.000 N*m; torque must be zero)
[position_controller_node-2] [INFO] [1784348675.799831750] [position_controller_node]: 3D position controller started at 100.0 Hz (source=pose_goal, odom timeout 0.200 s)
[position_controller_node-2] [INFO] [1784348675.809916775] [position_controller_node]: position target=[0.000, 0.000, 1.500] current=[0.000, 0.000, 0.000] world_v=[0.000, 0.000, 0.000] a_xy=[0.000, 0.000] thrust=14.307 torque=[0.0000, 0.0000, 0.0000] rpm_pre=[13067.5, 13067.5, 13067.5, 13067.5] rpm=[13067.5, 13067.5, 13067.5, 13067.5] saturation=[horizontal:false altitude:false attitude:false mixer:false] saturated=false
[INFO] [ros2-4]: process started with pid [35619]
[position_controller_node-2] [INFO] [1784348676.809964438] [position_controller_node]: position target=[0.000, 0.000, 1.500] current=[0.000, 0.000, 0.709] world_v=[0.000, 0.000, 0.871] a_xy=[0.000, 0.000] thrust=9.133 torque=[0.0000, 0.0000, 0.0000] rpm_pre=[10440.5, 10440.5, 10440.5, 10440.5] rpm=[10440.5, 10440.5, 10440.5, 10440.5] saturation=[horizontal:false altitude:false attitude:false mixer:false] saturated=false
[ros2-4] publisher: beginning loop
[ros2-4] publishing #1: geometry_msgs.msg.PoseStamped(header=std_msgs.msg.Header(stamp=builtin_interfaces.msg.Time(sec=0, nanosec=0), frame_id='map'), pose=geometry_msgs.msg.Pose(position=geometry_msgs.msg.Point(x=0.0, y=0.0, z=1.5), orientation=geometry_msgs.msg.Quaternion(x=0.0, y=0.0, z=0.0, w=1.0)))
[ros2-4] 
[INFO] [ros2-4]: process has finished cleanly [pid 35619]
[position_controller_node-2] [INFO] [1784348677.810012088] [position_controller_node]: position target=[0.000, 0.000, 1.500] current=[0.000, 0.000, 1.263] world_v=[0.000, 0.000, 0.301] a_xy=[0.000, 0.000] thrust=9.464 torque=[0.0000, 0.0000, 0.0000] rpm_pre=[10628.3, 10628.3, 10628.3, 10628.3] rpm=[10628.3, 10628.3, 10628.3, 10628.3] saturation=[horizontal:false altitude:false attitude:false mixer:false] saturated=false
[position_controller_node-2] [INFO] [1784348678.820032561] [position_controller_node]: position target=[0.000, 0.000, 1.500] current=[0.000, 0.000, 1.435] world_v=[0.000, 0.000, 0.084] a_xy=[0.000, 0.000] thrust=9.707 torque=[0.0000, 0.0000, 0.0000] rpm_pre=[10763.6, 10763.6, 10763.6, 10763.6] rpm=[10763.6, 10763.6, 10763.6, 10763.6] saturation=[horizontal:false altitude:false attitude:false mixer:false] saturated=false
[position_controller_node-2] [INFO] [1784348679.820146082] [position_controller_node]: position target=[0.000, 0.000, 1.500] current=[0.000, 0.000, 1.482] world_v=[0.000, 0.000, 0.023] a_xy=[0.000, 0.000] thrust=9.779 torque=[0.0000, 0.0000, 0.0000] rpm_pre=[10803.7, 10803.7, 10803.7, 10803.7] rpm=[10803.7, 10803.7, 10803.7, 10803.7] saturation=[horizontal:false altitude:false attitude:false mixer:false] saturated=false
[position_controller_node-2] [INFO] [1784348680.830065337] [position_controller_node]: position target=[0.000, 0.000, 1.500] current=[0.000, 0.000, 1.495] world_v=[0.000, 0.000, 0.006] a_xy=[0.000, 0.000] thrust=9.799 torque=[0.0000, 0.0000, 0.0000] rpm_pre=[10814.8, 10814.8, 10814.8, 10814.8] rpm=[10814.8, 10814.8, 10814.8, 10814.8] saturation=[horizontal:false altitude:false attitude:false mixer:false] saturated=false
[position_controller_node-2] [INFO] [1784348681.830119286] [position_controller_node]: position target=[0.000, 0.000, 1.500] current=[0.007, -0.000, 1.499] world_v=[0.061, -0.000, 0.002] a_xy=[-0.076, 0.000] thrust=9.805 torque=[0.0000, 0.0005, 0.0000] rpm_pre=[10816.0, 10819.8, 10819.8, 10816.0] rpm=[10816.0, 10819.8, 10819.8, 10816.0] saturation=[horizontal:false altitude:false attitude:false mixer:false] saturated=false
[position_controller_node-2] [INFO] [1784348682.830208348] [position_controller_node]: position target=[0.000, 0.000, 1.500] current=[0.148, 0.000, 1.500] world_v=[0.183, -0.000, 0.000] a_xy=[-0.279, 0.000] thrust=9.810 torque=[-0.0000, -0.0001, -0.0000] rpm_pre=[10821.2, 10820.5, 10820.5, 10821.2] rpm=[10821.2, 10820.5, 10820.5, 10821.2] saturation=[horizontal:false altitude:false attitude:false mixer:false] saturated=false
[position_controller_node-2] [INFO] [1784348683.830345658] [position_controller_node]: position target=[0.000, 0.000, 1.500] current=[0.331, -0.000, 1.500] world_v=[0.172, 0.000, 0.000] a_xy=[-0.338, -0.000] thrust=9.812 torque=[0.0000, 0.0001, 0.0000] rpm_pre=[10821.6, 10822.5, 10822.5, 10821.6] rpm=[10821.6, 10822.5, 10822.5, 10821.6] saturation=[horizontal:false altitude:false attitude:false mixer:false] saturated=false
[position_controller_node-2] [INFO] [1784348684.840312784] [position_controller_node]: position target=[0.000, 0.000, 1.500] current=[0.482, -0.000, 1.500] world_v=[0.127, 0.000, 0.000] a_xy=[-0.345, 0.000] thrust=9.813 torque=[-0.0000, 0.0000, 0.0000] rpm_pre=[10822.1, 10822.4, 10822.4, 10822.1] rpm=[10822.1, 10822.4, 10822.4, 10822.1] saturation=[horizontal:false altitude:false attitude:false mixer:false] saturated=false
[position_controller_node-2] [INFO] [1784348685.840432947] [position_controller_node]: position target=[0.000, 0.000, 1.500] current=[0.586, -0.000, 1.500] world_v=[0.084, 0.000, 0.000] a_xy=[-0.336, -0.000] thrust=9.812 torque=[-0.0000, 0.0000, 0.0000] rpm_pre=[10822.1, 10822.2, 10822.2, 10822.1] rpm=[10822.1, 10822.2, 10822.2, 10822.1] saturation=[horizontal:false altitude:false attitude:false mixer:false] saturated=false
[position_controller_node-2] [INFO] [1784348686.850324879] [position_controller_node]: position target=[0.000, 0.000, 1.500] current=[0.654, 0.000, 1.500] world_v=[0.052, 0.000, 0.000] a_xy=[-0.324, -0.000] thrust=9.812 torque=[-0.0000, 0.0000, -0.0000] rpm_pre=[10821.9, 10821.9, 10821.9, 10821.9] rpm=[10821.9, 10821.9, 10821.9, 10821.9] saturation=[horizontal:false altitude:false attitude:false mixer:false] saturated=false
[position_controller_node-2] [INFO] [1784348687.850601992] [position_controller_node]: position target=[0.000, 0.000, 1.500] current=[0.695, 0.000, 1.500] world_v=[0.031, 0.000, 0.000] a_xy=[-0.316, -0.000] thrust=9.812 torque=[-0.0000, 0.0000, 0.0000] rpm_pre=[10821.7, 10821.8, 10821.8, 10821.7] rpm=[10821.7, 10821.8, 10821.8, 10821.7] saturation=[horizontal:false altitude:false attitude:false mixer:false] saturated=false
[position_controller_node-2] [INFO] [1784348688.860446709] [position_controller_node]: position target=[0.000, 0.000, 1.500] current=[0.719, 0.000, 1.500] world_v=[0.018, 0.000, -0.000] a_xy=[-0.309, -0.000] thrust=9.812 torque=[-0.0000, 0.0000, -0.0000] rpm_pre=[10821.6, 10821.6, 10821.6, 10821.6] rpm=[10821.6, 10821.6, 10821.6, 10821.6] saturation=[horizontal:false altitude:false attitude:false mixer:false] saturated=false
[position_controller_node-2] [INFO] [1784348689.870482288] [position_controller_node]: position target=[0.000, 0.000, 1.500] current=[0.733, 0.000, 1.500] world_v=[0.010, -0.000, -0.000] a_xy=[-0.306, 0.000] thrust=9.811 torque=[0.0000, 0.0000, -0.0000] rpm_pre=[10821.6, 10821.6, 10821.6, 10821.6] rpm=[10821.6, 10821.6, 10821.6, 10821.6] saturation=[horizontal:false altitude:false attitude:false mixer:false] saturated=false
[position_controller_node-2] [INFO] [1784348690.880467634] [position_controller_node]: position target=[0.000, 0.000, 1.500] current=[0.741, 0.000, 1.500] world_v=[0.006, 0.000, -0.000] a_xy=[-0.303, -0.000] thrust=9.811 torque=[-0.0000, -0.0000, 0.0000] rpm_pre=[10821.5, 10821.5, 10821.5, 10821.5] rpm=[10821.5, 10821.5, 10821.5, 10821.5] saturation=[horizontal:false altitude:false attitude:false mixer:false] saturated=false
[position_controller_node-2] [INFO] [1784348691.880498401] [position_controller_node]: position target=[0.000, 0.000, 1.500] current=[0.745, 0.000, 1.500] world_v=[0.003, -0.000, -0.000] a_xy=[-0.302, 0.000] thrust=9.811 torque=[0.0000, -0.0000, -0.0000] rpm_pre=[10821.5, 10821.5, 10821.5, 10821.5] rpm=[10821.5, 10821.5, 10821.5, 10821.5] saturation=[horizontal:false altitude:false attitude:false mixer:false] saturated=false
[position_controller_node-2] [INFO] [1784348692.880552515] [position_controller_node]: position target=[0.000, 0.000, 1.500] current=[0.747, 0.000, 1.500] world_v=[0.002, -0.000, -0.000] a_xy=[-0.301, 0.000] thrust=9.811 torque=[-0.0000, -0.0000, 0.0000] rpm_pre=[10821.5, 10821.5, 10821.5, 10821.5] rpm=[10821.5, 10821.5, 10821.5, 10821.5] saturation=[horizontal:false altitude:false attitude:false mixer:false] saturated=false
[position_controller_node-2] [INFO] [1784348693.890437581] [position_controller_node]: position target=[0.000, 0.000, 1.500] current=[0.749, -0.000, 1.500] world_v=[0.001, 0.000, -0.000] a_xy=[-0.301, 0.000] thrust=9.811 torque=[0.0000, -0.0000, -0.0000] rpm_pre=[10821.5, 10821.5, 10821.5, 10821.5] rpm=[10821.5, 10821.5, 10821.5, 10821.5] saturation=[horizontal:false altitude:false attitude:false mixer:false] saturated=false
[position_controller_node-2] [INFO] [1784348694.890718286] [position_controller_node]: position target=[0.000, 0.000, 1.500] current=[0.749, -0.000, 1.500] world_v=[0.000, 0.000, -0.000] a_xy=[-0.300, 0.000] thrust=9.811 torque=[0.0000, -0.0000, 0.0000] rpm_pre=[10821.5, 10821.5, 10821.5, 10821.5] rpm=[10821.5, 10821.5, 10821.5, 10821.5] saturation=[horizontal:false altitude:false attitude:false mixer:false] saturated=false
[position_controller_node-2] [INFO] [1784348695.900473645] [position_controller_node]: position target=[0.000, 0.000, 1.500] current=[0.750, -0.000, 1.500] world_v=[0.000, -0.000, -0.000] a_xy=[-0.300, 0.000] thrust=9.811 torque=[0.0000, -0.0000, -0.0000] rpm_pre=[10821.5, 10821.5, 10821.5, 10821.5] rpm=[10821.5, 10821.5, 10821.5, 10821.5] saturation=[horizontal:false altitude:false attitude:false mixer:false] saturated=false
[WARNING] [launch]: user interrupted with ctrl-c (SIGINT)
[INFO] [robot_state_publisher-3]: sending signal 'SIGINT' to process[robot_state_publisher-3]
[INFO] [position_controller_node-2]: sending signal 'SIGINT' to process[position_controller_node-2]
[INFO] [quadrotor_dynamics_node-1]: sending signal 'SIGINT' to process[quadrotor_dynamics_node-1]
[robot_state_publisher-3] [INFO] [1784348696.629222798] [rclcpp]: signal_handler(SIGINT/SIGTERM)
[quadrotor_dynamics_node-1] [INFO] [1784348696.629232718] [rclcpp]: signal_handler(SIGINT/SIGTERM)
[ERROR] [robot_state_publisher-3]: process has died [pid 35587, exit code -2, cmd '/opt/ros/humble/lib/robot_state_publisher/robot_state_publisher --ros-args -r __node:=robot_state_publisher --params-file /tmp/launch_params_ix8g81b_'].
[position_controller_node-2] [INFO] [1784348696.629233699] [rclcpp]: signal_handler(SIGINT/SIGTERM)
[ERROR] [position_controller_node-2]: process has died [pid 35585, exit code -2, cmd '/home/peter/ros2_drone_sim/install/drone_controller/lib/drone_controller/position_controller_node --ros-args -r __node:=position_controller_node --params-file /tmp/horizontal-integral-h1jaw9c3/pd_persistent/controller.yaml --params-file /tmp/launch_params_ds7ekq3g'].
[ERROR] [quadrotor_dynamics_node-1]: process has died [pid 35583, exit code -2, cmd '/home/peter/ros2_drone_sim/install/drone_dynamics/lib/drone_dynamics/quadrotor_dynamics_node --ros-args -r __node:=quadrotor_dynamics_node --params-file /tmp/horizontal-integral-h1jaw9c3/pd_persistent/dynamics.yaml --params-file /tmp/launch_params_23nwu2ag'].
