[INFO] [launch]: All log files can be found below /home/peter/.ros/log/2026-07-17-13-52-56-956746-peter-acer-130900
[INFO] [launch]: Default logging verbosity is set to INFO
[INFO] [quadrotor_dynamics_node-1]: process started with pid [130911]
[INFO] [position_controller_node-2]: process started with pid [130913]
[INFO] [robot_state_publisher-3]: process started with pid [130915]
[INFO] [static_environment_node-4]: process started with pid [130917]
[INFO] [astar_planner_node-5]: process started with pid [130919]
[INFO] [planned_trajectory_node-6]: process started with pid [130921]
[robot_state_publisher-3] [INFO] [1784267577.060708518] [robot_state_publisher]: got segment base_link
[robot_state_publisher-3] [INFO] [1784267577.061294582] [robot_state_publisher]: got segment front_marker_link
[robot_state_publisher-3] [INFO] [1784267577.061310279] [robot_state_publisher]: got segment m1_arm_link
[robot_state_publisher-3] [INFO] [1784267577.061315680] [robot_state_publisher]: got segment m1_motor_link
[robot_state_publisher-3] [INFO] [1784267577.061320549] [robot_state_publisher]: got segment m1_rotor_link
[robot_state_publisher-3] [INFO] [1784267577.061325157] [robot_state_publisher]: got segment m2_arm_link
[robot_state_publisher-3] [INFO] [1784267577.061329660] [robot_state_publisher]: got segment m2_motor_link
[robot_state_publisher-3] [INFO] [1784267577.061333897] [robot_state_publisher]: got segment m2_rotor_link
[robot_state_publisher-3] [INFO] [1784267577.061338592] [robot_state_publisher]: got segment m3_arm_link
[robot_state_publisher-3] [INFO] [1784267577.061342769] [robot_state_publisher]: got segment m3_motor_link
[robot_state_publisher-3] [INFO] [1784267577.061347029] [robot_state_publisher]: got segment m3_rotor_link
[robot_state_publisher-3] [INFO] [1784267577.061351181] [robot_state_publisher]: got segment m4_arm_link
[robot_state_publisher-3] [INFO] [1784267577.061355472] [robot_state_publisher]: got segment m4_motor_link
[robot_state_publisher-3] [INFO] [1784267577.061359802] [robot_state_publisher]: got segment m4_rotor_link
[planned_trajectory_node-6] [INFO] [1784267577.062198392] [planned_trajectory_node]: planned trajectory node waiting for raw path; effective planning radius 0.350 m; execution enabled
[position_controller_node-2] [INFO] [1784267577.063344333] [position_controller_node]: 3D position controller started at 100.0 Hz (source=trajectory, odom timeout 0.200 s)
[static_environment_node-4] [INFO] [1784267577.065076369] [static_environment_node]: static environment started with 6 obstacles and safety radius 0.250 m
[quadrotor_dynamics_node-1] [INFO] [1784267577.070791554] [quadrotor_dynamics_node]: Dynamics started at 200.0 Hz; nominal steady-state hover RPM is 10818.9; ground contact is enabled at z=0.000 m; motor command watchdog is enabled (0.300 s)
[position_controller_node-2] [WARN] [1784267577.073466871] [position_controller_node]: Waiting for /drone/trajectory_setpoint; RPM=0
[astar_planner_node-5] [INFO] [1784267577.751076906] [astar_planner_node]: planning succeeded: time=690.217 ms path_nodes=41 path_length=12.297858 m expanded_nodes=6865 base_safety_radius=0.250 m planning_margin=0.100 m effective_planning_radius=0.350 m
[planned_trajectory_node-6] [INFO] [1784267577.809971617] [planned_trajectory_node]: planned trajectory generated: raw_points=41 simplified_points=7 initial_simplified_points=7 refinements=0 raw_length=12.297858 m simplified_length=11.044104 m velocity_scale=1.00 duration_scale=1.25 duration=39.756184 s max_speed=0.441598 m/s max_acceleration=0.314982 m/s^2 validation_samples=1989
[position_controller_node-2] [INFO] [1784267577.813625056] [position_controller_node]: position target=[0.000, 0.000, 1.500] current=[0.000, 0.000, 0.000] world_v=[0.000, 0.000, 0.000] a_xy=[0.000, 0.000] thrust=14.307 rpm=[13067.5, 13067.5, 13067.5, 13067.5] saturated=false
[position_controller_node-2] [INFO] [1784267578.813770751] [position_controller_node]: position target=[0.000, 0.000, 1.500] current=[0.000, 0.000, 0.710] world_v=[0.000, 0.000, 0.873] a_xy=[0.000, 0.000] thrust=9.122 rpm=[10434.5, 10434.5, 10434.5, 10434.5] saturated=false
[position_controller_node-2] [INFO] [1784267579.823702406] [position_controller_node]: position target=[0.000, 0.000, 1.500] current=[0.000, 0.000, 1.268] world_v=[0.000, 0.000, 0.297] a_xy=[0.000, 0.000] thrust=9.464 rpm=[10628.2, 10628.2, 10628.2, 10628.2] saturated=false
[position_controller_node-2] [INFO] [1784267580.833778261] [position_controller_node]: position target=[0.000, 0.000, 1.500] current=[0.000, 0.000, 1.437] world_v=[0.000, 0.000, 0.082] a_xy=[0.000, 0.000] thrust=9.707 rpm=[10764.0, 10764.0, 10764.0, 10764.0] saturated=false
[planned_trajectory_node-6] [INFO] [1784267581.362443447] [planned_trajectory_node]: takeoff preparation complete
[planned_trajectory_node-6] [INFO] [1784267581.362499172] [planned_trajectory_node]: planned trajectory execution started
[position_controller_node-2] [INFO] [1784267581.833784198] [position_controller_node]: position target=[0.001, 0.001, 1.501] current=[0.000, 0.001, 1.484] world_v=[0.003, 0.006, 0.026] a_xy=[0.019, 0.037] thrust=9.797 rpm=[10810.5, 10812.4, 10816.2, 10814.3] saturated=false
[position_controller_node-2] [INFO] [1784267582.833845422] [position_controller_node]: position target=[0.019, 0.036, 1.516] current=[0.017, 0.033, 1.512] world_v=[0.035, 0.067, 0.037] a_xy=[0.046, 0.084] thrust=9.836 rpm=[10838.2, 10836.2, 10832.4, 10834.4] saturated=false
[position_controller_node-2] [INFO] [1784267583.843744230] [position_controller_node]: position target=[0.081, 0.151, 1.569] current=[0.078, 0.146, 1.567] world_v=[0.087, 0.158, 0.074] a_xy=[0.056, 0.094] thrust=9.850 rpm=[10840.9, 10842.4, 10844.8, 10843.2] saturated=false
[position_controller_node-2] [INFO] [1784267584.843888739] [position_controller_node]: position target=[0.196, 0.354, 1.663] current=[0.193, 0.350, 1.662] world_v=[0.143, 0.246, 0.114] a_xy=[0.054, 0.077] thrust=9.846 rpm=[10838.5, 10840.3, 10842.6, 10840.9] saturated=false
[position_controller_node-2] [INFO] [1784267585.853841000] [position_controller_node]: position target=[0.364, 0.632, 1.794] current=[0.364, 0.633, 1.795] world_v=[0.193, 0.310, 0.146] a_xy=[0.042, 0.042] thrust=9.828 rpm=[10832.8, 10830.9, 10828.5, 10830.5] saturated=false
[position_controller_node-2] [INFO] [1784267586.853867991] [position_controller_node]: position target=[0.575, 0.956, 1.949] current=[0.577, 0.960, 1.950] world_v=[0.230, 0.336, 0.162] a_xy=[0.027, 0.002] thrust=9.811 rpm=[10823.1, 10821.3, 10819.8, 10821.5] saturated=false
[position_controller_node-2] [INFO] [1784267587.854004900] [position_controller_node]: position target=[0.816, 1.285, 2.112] current=[0.819, 1.292, 2.113] world_v=[0.251, 0.322, 0.161] a_xy=[0.011, -0.037] thrust=9.795 rpm=[10813.4, 10811.8, 10811.1, 10812.7] saturated=false
[position_controller_node-2] [INFO] [1784267588.854133760] [position_controller_node]: position target=[1.070, 1.583, 2.267] current=[1.073, 1.591, 2.267] world_v=[0.256, 0.271, 0.145] a_xy=[-0.004, -0.067] thrust=9.782 rpm=[10805.8, 10804.5, 10804.6, 10805.9] saturated=false
[position_controller_node-2] [INFO] [1784267589.864060846] [position_controller_node]: position target=[1.327, 1.823, 2.401] current=[1.329, 1.828, 2.401] world_v=[0.248, 0.197, 0.118] a_xy=[-0.013, -0.079] thrust=9.779 rpm=[10802.7, 10804.1, 10804.2, 10802.9] saturated=false
[position_controller_node-2] [INFO] [1784267590.874070722] [position_controller_node]: position target=[1.568, 1.983, 2.504] current=[1.572, 1.988, 2.505] world_v=[0.233, 0.122, 0.089] a_xy=[-0.015, -0.063] thrust=9.781 rpm=[10805.1, 10804.0, 10804.6, 10805.7] saturated=false
[position_controller_node-2] [INFO] [1784267591.874150296] [position_controller_node]: position target=[1.797, 2.081, 2.583] current=[1.799, 2.083, 2.583] world_v=[0.223, 0.076, 0.071] a_xy=[-0.004, -0.013] thrust=9.800 rpm=[10816.3, 10814.9, 10814.3, 10815.7] saturated=false
[planned_trajectory_node-6] [INFO] [1784267592.102753158] [planned_trajectory_node]: planned trajectory switched to segment 1
[position_controller_node-2] [INFO] [1784267592.874252236] [position_controller_node]: position target=[2.026, 2.156, 2.651] current=[2.026, 2.155, 2.651] world_v=[0.242, 0.065, 0.061] a_xy=[0.052, -0.034] thrust=9.781 rpm=[10805.8, 10800.4, 10804.1, 10809.5] saturated=false
[position_controller_node-2] [INFO] [1784267593.874273297] [position_controller_node]: position target=[2.298, 2.199, 2.698] current=[2.296, 2.199, 2.698] world_v=[0.299, 0.020, 0.033] a_xy=[0.052, -0.054] thrust=9.781 rpm=[10805.6, 10802.3, 10803.7, 10807.1] saturated=false
[position_controller_node-2] [INFO] [1784267594.884037625] [position_controller_node]: position target=[2.624, 2.191, 2.721] current=[2.621, 2.191, 2.721] world_v=[0.337, -0.035, 0.014] a_xy=[0.010, -0.052] thrust=9.799 rpm=[10814.2, 10815.7, 10814.8, 10813.3] saturated=false
[position_controller_node-2] [INFO] [1784267595.884218739] [position_controller_node]: position target=[2.956, 2.132, 2.734] current=[2.956, 2.132, 2.734] world_v=[0.325, -0.081, 0.016] a_xy=[-0.042, -0.036] thrust=9.821 rpm=[10827.0, 10828.0, 10827.1, 10826.1] saturated=false
[position_controller_node-2] [INFO] [1784267596.894307125] [position_controller_node]: position target=[3.252, 2.036, 2.759] current=[3.258, 2.034, 2.759] world_v=[0.267, -0.109, 0.037] a_xy=[-0.071, -0.016] thrust=9.834 rpm=[10833.1, 10833.7, 10834.4, 10833.8] saturated=false
[position_controller_node-2] [INFO] [1784267597.904290595] [position_controller_node]: position target=[3.489, 1.919, 2.811] current=[3.492, 1.917, 2.811] world_v=[0.200, -0.119, 0.064] a_xy=[-0.045, -0.002] thrust=9.827 rpm=[10829.1, 10831.7, 10830.8, 10828.2] saturated=false
[planned_trajectory_node-6] [INFO] [1784267598.482968806] [planned_trajectory_node]: planned trajectory switched to segment 2
[position_controller_node-2] [INFO] [1784267598.904368389] [position_controller_node]: position target=[3.671, 1.791, 2.883] current=[3.674, 1.793, 2.882] world_v=[0.145, -0.158, 0.089] a_xy=[-0.211, -0.213] thrust=9.906 rpm=[10888.7, 10873.3, 10858.8, 10873.6] saturated=false
[position_controller_node-2] [INFO] [1784267599.914266428] [position_controller_node]: position target=[3.728, 1.544, 3.006] current=[3.730, 1.544, 3.007] world_v=[0.013, -0.286, 0.133] a_xy=[0.093, 0.104] thrust=9.750 rpm=[10792.8, 10787.2, 10783.2, 10787.9] saturated=false
[position_controller_node-2] [INFO] [1784267600.914350538] [position_controller_node]: position target=[3.836, 1.358, 3.096] current=[3.824, 1.345, 3.097] world_v=[0.190, -0.099, 0.048] a_xy=[0.060, 0.062] thrust=9.788 rpm=[10831.9, 10808.1, 10785.2, 10809.7] saturated=false
[planned_trajectory_node-6] [INFO] [1784267600.983075005] [planned_trajectory_node]: planned trajectory switched to segment 3
[position_controller_node-2] [INFO] [1784267601.924308013] [position_controller_node]: position target=[4.050, 1.258, 3.139] current=[4.040, 1.253, 3.139] world_v=[0.247, -0.087, 0.027] a_xy=[0.099, 0.019] thrust=9.765 rpm=[10773.4, 10797.7, 10818.4, 10794.2] saturated=false
[position_controller_node-2] [INFO] [1784267602.924334374] [position_controller_node]: position target=[4.343, 1.183, 3.145] current=[4.335, 1.180, 3.145] world_v=[0.339, -0.055, -0.013] a_xy=[0.063, 0.050] thrust=9.775 rpm=[10801.4, 10801.8, 10801.5, 10801.1] saturated=false
[position_controller_node-2] [INFO] [1784267603.924389350] [position_controller_node]: position target=[4.696, 1.156, 3.120] current=[4.694, 1.153, 3.120] world_v=[0.363, 0.004, -0.031] a_xy=[-0.033, 0.070] thrust=9.808 rpm=[10819.0, 10819.6, 10820.7, 10820.1] saturated=false
[position_controller_node-2] [INFO] [1784267604.934472306] [position_controller_node]: position target=[5.026, 1.195, 3.095] current=[5.033, 1.193, 3.095] world_v=[0.296, 0.075, -0.015] a_xy=[-0.101, 0.065] thrust=9.835 rpm=[10834.5, 10836.6, 10834.7, 10832.5] saturated=false
[position_controller_node-2] [INFO] [1784267605.944419748] [position_controller_node]: position target=[5.274, 1.300, 3.094] current=[5.279, 1.298, 3.094] world_v=[0.199, 0.128, 0.013] a_xy=[-0.058, 0.024] thrust=9.825 rpm=[10826.8, 10831.7, 10831.3, 10826.4] saturated=false
[planned_trajectory_node-6] [INFO] [1784267606.343146435] [planned_trajectory_node]: planned trajectory switched to segment 4
[position_controller_node-2] [INFO] [1784267606.944466709] [position_controller_node]: position target=[5.463, 1.432, 3.110] current=[5.463, 1.433, 3.110] world_v=[0.177, 0.142, 0.016] a_xy=[-0.028, 0.042] thrust=9.806 rpm=[10817.6, 10819.1, 10819.7, 10818.1] saturated=false
[position_controller_node-2] [INFO] [1784267607.944548576] [position_controller_node]: position target=[5.622, 1.603, 3.126] current=[5.622, 1.602, 3.126] world_v=[0.137, 0.200, 0.016] a_xy=[-0.050, 0.072] thrust=9.808 rpm=[10818.9, 10818.4, 10821.1, 10821.5] saturated=false
[position_controller_node-2] [INFO] [1784267608.954528662] [position_controller_node]: position target=[5.734, 1.840, 3.143] current=[5.735, 1.840, 3.143] world_v=[0.088, 0.271, 0.019] a_xy=[-0.043, 0.060] thrust=9.811 rpm=[10822.7, 10823.1, 10820.1, 10819.7] saturated=false
[position_controller_node-2] [INFO] [1784267609.954638789] [position_controller_node]: position target=[5.805, 2.136, 3.164] current=[5.804, 2.138, 3.164] world_v=[0.054, 0.319, 0.025] a_xy=[-0.019, 0.028] thrust=9.815 rpm=[10824.5, 10824.2, 10822.1, 10822.4] saturated=false
[position_controller_node-2] [INFO] [1784267610.964560962] [position_controller_node]: position target=[5.855, 2.469, 3.194] current=[5.853, 2.470, 3.194] world_v=[0.046, 0.332, 0.035] a_xy=[0.009, -0.009] thrust=9.819 rpm=[10824.4, 10825.1, 10826.7, 10826.0] saturated=false
[position_controller_node-2] [INFO] [1784267611.964653293] [position_controller_node]: position target=[5.910, 2.791, 3.235] current=[5.906, 2.794, 3.234] world_v=[0.064, 0.310, 0.046] a_xy=[0.028, -0.036] thrust=9.819 rpm=[10824.8, 10825.6, 10827.1, 10826.2] saturated=false
[position_controller_node-2] [INFO] [1784267612.974625312] [position_controller_node]: position target=[5.989, 3.081, 3.287] current=[5.986, 3.087, 3.287] world_v=[0.095, 0.270, 0.057] a_xy=[0.029, -0.039] thrust=9.814 rpm=[10824.1, 10822.7, 10822.1, 10823.5] saturated=false
[position_controller_node-2] [INFO] [1784267613.974754890] [position_controller_node]: position target=[6.094, 3.337, 3.347] current=[6.093, 3.341, 3.347] world_v=[0.115, 0.243, 0.062] a_xy=[-0.000, -0.001] thrust=9.806 rpm=[10819.6, 10818.9, 10817.3, 10818.0] saturated=false
[planned_trajectory_node-6] [INFO] [1784267614.023398512] [planned_trajectory_node]: planned trajectory switched to segment 5
[position_controller_node-2] [INFO] [1784267614.974833064] [position_controller_node]: position target=[6.214, 3.594, 3.416] current=[6.213, 3.594, 3.416] world_v=[0.134, 0.275, 0.083] a_xy=[0.041, 0.058] thrust=9.844 rpm=[10842.1, 10841.0, 10837.0, 10838.1] saturated=false
[position_controller_node-2] [INFO] [1784267615.984667616] [position_controller_node]: position target=[6.373, 3.906, 3.522] current=[6.371, 3.902, 3.521] world_v=[0.177, 0.332, 0.123] a_xy=[0.035, 0.042] thrust=9.844 rpm=[10838.0, 10839.0, 10840.7, 10839.7] saturated=false
[position_controller_node-2] [INFO] [1784267616.984715275] [position_controller_node]: position target=[6.562, 4.250, 3.658] current=[6.561, 4.248, 3.658] world_v=[0.197, 0.351, 0.146] a_xy=[-0.002, -0.018] thrust=9.815 rpm=[10822.8, 10823.3, 10824.0, 10823.6] saturated=false
[position_controller_node-2] [INFO] [1784267617.984739779] [position_controller_node]: position target=[6.750, 4.580, 3.802] current=[6.752, 4.582, 3.802] world_v=[0.178, 0.305, 0.136] a_xy=[-0.045, -0.084] thrust=9.779 rpm=[10803.8, 10803.7, 10803.6, 10803.6] saturated=false
[position_controller_node-2] [INFO] [1784267618.984742396] [position_controller_node]: position target=[6.899, 4.833, 3.919] current=[6.903, 4.838, 3.919] world_v=[0.120, 0.201, 0.094] a_xy=[-0.074, -0.127] thrust=9.753 rpm=[10789.9, 10789.6, 10789.0, 10789.4] saturated=false
[position_controller_node-2] [INFO] [1784267619.984769456] [position_controller_node]: position target=[6.981, 4.969, 3.985] current=[6.986, 4.976, 3.985] world_v=[0.045, 0.075, 0.037] a_xy=[-0.068, -0.114] thrust=9.754 rpm=[10789.6, 10789.9, 10790.3, 10790.1] saturated=false
[position_controller_node-2] [INFO] [1784267620.984925229] [position_controller_node]: position target=[7.000, 5.000, 4.000] current=[7.002, 5.003, 4.000] world_v=[-0.003, -0.005, 0.000] a_xy=[-0.008, -0.013] thrust=9.800 rpm=[10812.1, 10814.4, 10818.1, 10815.8] saturated=false
[planned_trajectory_node-6] [INFO] [1784267621.123552427] [planned_trajectory_node]: planned trajectory complete; holding final setpoint
[position_controller_node-2] [INFO] [1784267621.984987194] [position_controller_node]: position target=[7.000, 5.000, 4.000] current=[6.999, 4.997, 4.000] world_v=[-0.002, -0.003, 0.000] a_xy=[0.002, 0.004] thrust=9.806 rpm=[10822.7, 10819.8, 10815.0, 10817.9] saturated=false
[position_controller_node-2] [INFO] [1784267622.994992848] [position_controller_node]: position target=[7.000, 5.000, 4.000] current=[6.998, 4.997, 4.000] world_v=[0.000, 0.000, 0.000] a_xy=[0.001, 0.001] thrust=9.806 rpm=[10818.4, 10818.7, 10819.3, 10819.0] saturated=false
[position_controller_node-2] [INFO] [1784267623.995029726] [position_controller_node]: position target=[7.000, 5.000, 4.000] current=[6.998, 4.997, 4.000] world_v=[0.000, 0.001, 0.000] a_xy=[0.000, 0.000] thrust=9.807 rpm=[10819.0, 10818.9, 10818.9, 10818.9] saturated=false
[WARNING] [launch]: user interrupted with ctrl-c (SIGINT)
[INFO] [planned_trajectory_node-6]: sending signal 'SIGINT' to process[planned_trajectory_node-6]
[INFO] [astar_planner_node-5]: sending signal 'SIGINT' to process[astar_planner_node-5]
[INFO] [static_environment_node-4]: sending signal 'SIGINT' to process[static_environment_node-4]
[INFO] [robot_state_publisher-3]: sending signal 'SIGINT' to process[robot_state_publisher-3]
[INFO] [position_controller_node-2]: sending signal 'SIGINT' to process[position_controller_node-2]
[ERROR] [astar_planner_node-5]: process has died [pid 130919, exit code -2, cmd '/home/peter/ros2_drone_sim/install/drone_planning/lib/drone_planning/astar_planner_node --ros-args -r __node:=astar_planner_node --params-file /home/peter/ros2_drone_sim/install/drone_bringup/share/drone_bringup/config/environment.yaml --params-file /home/peter/ros2_drone_sim/src/drone_bringup/config/astar_evaluation_scenario_c.yaml'].
[ERROR] [static_environment_node-4]: process has died [pid 130917, exit code -2, cmd '/home/peter/ros2_drone_sim/install/drone_planning/lib/drone_planning/static_environment_node --ros-args -r __node:=static_environment_node --params-file /home/peter/ros2_drone_sim/install/drone_bringup/share/drone_bringup/config/environment.yaml'].
[INFO] [quadrotor_dynamics_node-1]: sending signal 'SIGINT' to process[quadrotor_dynamics_node-1]
[ERROR] [robot_state_publisher-3]: process has died [pid 130915, exit code -2, cmd '/opt/ros/humble/lib/robot_state_publisher/robot_state_publisher --ros-args -r __node:=robot_state_publisher --params-file /tmp/launch_params_3s1x7ra6'].
[astar_planner_node-5] [INFO] [1784267624.127974806] [rclcpp]: signal_handler(SIGINT/SIGTERM)
[static_environment_node-4] [INFO] [1784267624.127976104] [rclcpp]: signal_handler(SIGINT/SIGTERM)
[ERROR] [position_controller_node-2]: process has died [pid 130913, exit code -2, cmd '/home/peter/ros2_drone_sim/install/drone_controller/lib/drone_controller/position_controller_node --ros-args -r __node:=position_controller_node --params-file /home/peter/ros2_drone_sim/install/drone_bringup/share/drone_bringup/config/controller.yaml --params-file /tmp/launch_params_n4_53oux'].
[robot_state_publisher-3] [INFO] [1784267624.127974853] [rclcpp]: signal_handler(SIGINT/SIGTERM)
[planned_trajectory_node-6] [INFO] [1784267624.127976903] [rclcpp]: signal_handler(SIGINT/SIGTERM)
[position_controller_node-2] [INFO] [1784267624.127982897] [rclcpp]: signal_handler(SIGINT/SIGTERM)
[quadrotor_dynamics_node-1] [INFO] [1784267624.128137413] [rclcpp]: signal_handler(SIGINT/SIGTERM)
[planned_trajectory_node-6] [INFO] [1784267624.135196292] [rclcpp]: signal_handler(SIGINT/SIGTERM)
[ERROR] [quadrotor_dynamics_node-1]: process has died [pid 130911, exit code -2, cmd '/home/peter/ros2_drone_sim/install/drone_dynamics/lib/drone_dynamics/quadrotor_dynamics_node --ros-args -r __node:=quadrotor_dynamics_node --params-file /home/peter/ros2_drone_sim/install/drone_bringup/share/drone_bringup/config/dynamics.yaml'].
[INFO] [planned_trajectory_node-6]: process has finished cleanly [pid 130921]
