[INFO] [launch]: All log files can be found below /home/peter/.ros/log/2026-07-18-12-24-57-711770-peter-acer-35688
[INFO] [launch]: Default logging verbosity is set to INFO
[INFO] [quadrotor_dynamics_node-1]: process started with pid [35700]
[INFO] [position_controller_node-2]: process started with pid [35702]
[INFO] [robot_state_publisher-3]: process started with pid [35704]
[position_controller_node-2] [INFO] [1784348697.813567388] [position_controller_node]: 3D position controller started at 100.0 Hz (source=pose_goal, odom timeout 0.200 s)
[quadrotor_dynamics_node-1] [INFO] [1784348697.816121374] [quadrotor_dynamics_node]: Dynamics started at 200.0 Hz; nominal steady-state hover RPM is 10818.9; ground contact is enabled at z=0.000 m; motor command watchdog is enabled (0.300 s)
[quadrotor_dynamics_node-1] [INFO] [1784348697.816183666] [quadrotor_dynamics_node]: External wrench input is enabled (frame=map, force_limit=2.000 N, timeout=0.200 s, torque_limit=0.000 N*m; torque must be zero)
[robot_state_publisher-3] [INFO] [1784348697.821286558] [robot_state_publisher]: got segment base_link
[robot_state_publisher-3] [INFO] [1784348697.821347353] [robot_state_publisher]: got segment front_marker_link
[robot_state_publisher-3] [INFO] [1784348697.821352210] [robot_state_publisher]: got segment m1_arm_link
[robot_state_publisher-3] [INFO] [1784348697.821355034] [robot_state_publisher]: got segment m1_motor_link
[robot_state_publisher-3] [INFO] [1784348697.821357762] [robot_state_publisher]: got segment m1_rotor_link
[robot_state_publisher-3] [INFO] [1784348697.821360136] [robot_state_publisher]: got segment m2_arm_link
[robot_state_publisher-3] [INFO] [1784348697.821362626] [robot_state_publisher]: got segment m2_motor_link
[robot_state_publisher-3] [INFO] [1784348697.821365009] [robot_state_publisher]: got segment m2_rotor_link
[robot_state_publisher-3] [INFO] [1784348697.821367332] [robot_state_publisher]: got segment m3_arm_link
[robot_state_publisher-3] [INFO] [1784348697.821369632] [robot_state_publisher]: got segment m3_motor_link
[robot_state_publisher-3] [INFO] [1784348697.821371853] [robot_state_publisher]: got segment m3_rotor_link
[robot_state_publisher-3] [INFO] [1784348697.821374060] [robot_state_publisher]: got segment m4_arm_link
[robot_state_publisher-3] [INFO] [1784348697.821376301] [robot_state_publisher]: got segment m4_motor_link
[robot_state_publisher-3] [INFO] [1784348697.821378472] [robot_state_publisher]: got segment m4_rotor_link
[position_controller_node-2] [INFO] [1784348697.823813186] [position_controller_node]: position target=[0.000, 0.000, 1.500] current=[0.000, 0.000, 0.000] world_v=[0.000, 0.000, 0.000] a_xy=[0.000, 0.000] thrust=14.307 torque=[0.0000, 0.0000, 0.0000] rpm_pre=[13067.5, 13067.5, 13067.5, 13067.5] rpm=[13067.5, 13067.5, 13067.5, 13067.5] saturation=[horizontal:false altitude:false attitude:false mixer:false] saturated=false
[INFO] [ros2-4]: process started with pid [35736]
[position_controller_node-2] [INFO] [1784348698.833717740] [position_controller_node]: position target=[0.000, 0.000, 1.500] current=[0.000, 0.000, 0.717] world_v=[0.000, 0.000, 0.864] a_xy=[0.000, 0.000] thrust=9.130 torque=[0.0000, 0.0000, 0.0000] rpm_pre=[10438.9, 10438.9, 10438.9, 10438.9] rpm=[10438.9, 10438.9, 10438.9, 10438.9] saturation=[horizontal:false altitude:false attitude:false mixer:false] saturated=false
[ros2-4] publisher: beginning loop
[ros2-4] publishing #1: geometry_msgs.msg.PoseStamped(header=std_msgs.msg.Header(stamp=builtin_interfaces.msg.Time(sec=0, nanosec=0), frame_id='map'), pose=geometry_msgs.msg.Pose(position=geometry_msgs.msg.Point(x=0.0, y=0.0, z=1.5), orientation=geometry_msgs.msg.Quaternion(x=0.0, y=0.0, z=0.0, w=1.0)))
[ros2-4] 
[INFO] [ros2-4]: process has finished cleanly [pid 35736]
[position_controller_node-2] [INFO] [1784348699.833758070] [position_controller_node]: position target=[0.000, 0.000, 1.500] current=[0.000, 0.000, 1.266] world_v=[0.000, 0.000, 0.297] a_xy=[0.000, 0.000] thrust=9.468 torque=[0.0000, 0.0000, 0.0000] rpm_pre=[10630.4, 10630.4, 10630.4, 10630.4] rpm=[10630.4, 10630.4, 10630.4, 10630.4] saturation=[horizontal:false altitude:false attitude:false mixer:false] saturated=false
[position_controller_node-2] [INFO] [1784348700.833923865] [position_controller_node]: position target=[0.000, 0.000, 1.500] current=[0.000, 0.000, 1.435] world_v=[0.000, 0.000, 0.084] a_xy=[0.000, 0.000] thrust=9.707 torque=[0.0000, 0.0000, 0.0000] rpm_pre=[10763.6, 10763.6, 10763.6, 10763.6] rpm=[10763.6, 10763.6, 10763.6, 10763.6] saturation=[horizontal:false altitude:false attitude:false mixer:false] saturated=false
[position_controller_node-2] [INFO] [1784348701.843794926] [position_controller_node]: position target=[0.000, 0.000, 1.500] current=[0.000, 0.000, 1.483] world_v=[0.000, 0.000, 0.023] a_xy=[0.000, 0.000] thrust=9.779 torque=[0.0000, 0.0000, 0.0000] rpm_pre=[10803.9, 10803.9, 10803.9, 10803.9] rpm=[10803.9, 10803.9, 10803.9, 10803.9] saturation=[horizontal:false altitude:false attitude:false mixer:false] saturated=false
[position_controller_node-2] [INFO] [1784348702.843959286] [position_controller_node]: position target=[0.000, 0.000, 1.500] current=[0.000, 0.000, 1.495] world_v=[0.000, 0.000, 0.006] a_xy=[0.000, 0.000] thrust=9.799 torque=[0.0000, 0.0000, 0.0000] rpm_pre=[10814.8, 10814.8, 10814.8, 10814.8] rpm=[10814.8, 10814.8, 10814.8, 10814.8] saturation=[horizontal:false altitude:false attitude:false mixer:false] saturated=false
[position_controller_node-2] [INFO] [1784348703.843963331] [position_controller_node]: position target=[0.000, 0.000, 1.500] current=[0.007, 0.000, 1.499] world_v=[0.061, 0.000, 0.002] a_xy=[-0.076, -0.000] thrust=9.805 torque=[0.0000, 0.0005, -0.0000] rpm_pre=[10816.0, 10819.8, 10819.8, 10816.0] rpm=[10816.0, 10819.8, 10819.8, 10816.0] saturation=[horizontal:false altitude:false attitude:false mixer:false] saturated=false
[position_controller_node-2] [INFO] [1784348704.853904719] [position_controller_node]: position target=[0.000, 0.000, 1.500] current=[0.149, 0.000, 1.500] world_v=[0.184, 0.000, 0.000] a_xy=[-0.280, -0.000] thrust=9.810 torque=[0.0000, -0.0002, -0.0000] rpm_pre=[10821.4, 10820.2, 10820.2, 10821.4] rpm=[10821.4, 10820.2, 10820.2, 10821.4] saturation=[horizontal:false altitude:false attitude:false mixer:false] saturated=false
[position_controller_node-2] [INFO] [1784348705.853951751] [position_controller_node]: position target=[0.000, 0.000, 1.500] current=[0.332, 0.000, 1.500] world_v=[0.171, -0.000, 0.000] a_xy=[-0.338, 0.000] thrust=9.812 torque=[0.0000, 0.0001, 0.0000] rpm_pre=[10821.6, 10822.5, 10822.5, 10821.6] rpm=[10821.6, 10822.5, 10822.5, 10821.6] saturation=[horizontal:false altitude:false attitude:false mixer:false] saturated=false
[position_controller_node-2] [INFO] [1784348706.863905832] [position_controller_node]: position target=[0.000, 0.000, 1.500] current=[0.483, 0.000, 1.500] world_v=[0.126, -0.000, 0.000] a_xy=[-0.345, 0.000] thrust=9.813 torque=[0.0000, 0.0000, -0.0000] rpm_pre=[10822.1, 10822.4, 10822.4, 10822.1] rpm=[10822.1, 10822.4, 10822.4, 10822.1] saturation=[horizontal:false altitude:false attitude:false mixer:false] saturated=false
[position_controller_node-2] [INFO] [1784348707.863937371] [position_controller_node]: position target=[0.000, 0.000, 1.500] current=[0.587, -0.000, 1.500] world_v=[0.084, -0.000, 0.000] a_xy=[-0.335, 0.000] thrust=9.812 torque=[0.0000, 0.0000, -0.0000] rpm_pre=[10822.1, 10822.2, 10822.2, 10822.1] rpm=[10822.1, 10822.2, 10822.2, 10822.1] saturation=[horizontal:false altitude:false attitude:false mixer:false] saturated=false
[position_controller_node-2] [INFO] [1784348708.864032368] [position_controller_node]: position target=[0.000, 0.000, 1.500] current=[0.654, -0.000, 1.500] world_v=[0.052, 0.000, 0.000] a_xy=[-0.324, 0.000] thrust=9.812 torque=[0.0000, 0.0000, -0.0000] rpm_pre=[10821.9, 10821.9, 10821.9, 10821.9] rpm=[10821.9, 10821.9, 10821.9, 10821.9] saturation=[horizontal:false altitude:false attitude:false mixer:false] saturated=false
[position_controller_node-2] [INFO] [1784348709.864039337] [position_controller_node]: position target=[0.000, 0.000, 1.500] current=[0.695, -0.000, 1.500] world_v=[0.031, 0.000, 0.000] a_xy=[-0.316, -0.000] thrust=9.812 torque=[0.0000, 0.0000, 0.0000] rpm_pre=[10821.7, 10821.8, 10821.8, 10821.7] rpm=[10821.7, 10821.8, 10821.8, 10821.7] saturation=[horizontal:false altitude:false attitude:false mixer:false] saturated=false
[position_controller_node-2] [INFO] [1784348710.864098790] [position_controller_node]: position target=[0.000, 0.000, 1.500] current=[0.719, -0.000, 1.500] world_v=[0.018, 0.000, -0.000] a_xy=[-0.309, 0.000] thrust=9.812 torque=[0.0000, 0.0000, -0.0000] rpm_pre=[10821.6, 10821.6, 10821.6, 10821.6] rpm=[10821.6, 10821.6, 10821.6, 10821.6] saturation=[horizontal:false altitude:false attitude:false mixer:false] saturated=false
[position_controller_node-2] [INFO] [1784348711.874104217] [position_controller_node]: position target=[0.000, 0.000, 1.500] current=[0.733, 0.000, 1.500] world_v=[0.010, 0.000, -0.000] a_xy=[-0.306, -0.000] thrust=9.811 torque=[-0.0000, 0.0000, 0.0000] rpm_pre=[10821.6, 10821.6, 10821.6, 10821.6] rpm=[10821.6, 10821.6, 10821.6, 10821.6] saturation=[horizontal:false altitude:false attitude:false mixer:false] saturated=false
[position_controller_node-2] [INFO] [1784348712.874105306] [position_controller_node]: position target=[0.000, 0.000, 1.500] current=[0.741, 0.000, 1.500] world_v=[0.006, -0.000, -0.000] a_xy=[-0.303, -0.000] thrust=9.811 torque=[0.0000, -0.0000, 0.0000] rpm_pre=[10821.5, 10821.5, 10821.5, 10821.5] rpm=[10821.5, 10821.5, 10821.5, 10821.5] saturation=[horizontal:false altitude:false attitude:false mixer:false] saturated=false
[position_controller_node-2] [INFO] [1784348713.884136045] [position_controller_node]: position target=[0.000, 0.000, 1.500] current=[0.736, 0.000, 1.500] world_v=[-0.068, -0.000, 0.000] a_xy=[-0.213, 0.000] thrust=9.810 torque=[0.0000, -0.0040, -0.0000] rpm_pre=[10836.3, 10804.8, 10804.8, 10836.3] rpm=[10836.3, 10804.8, 10804.8, 10836.3] saturation=[horizontal:false altitude:false attitude:false mixer:false] saturated=false
[position_controller_node-2] [INFO] [1784348714.884151603] [position_controller_node]: position target=[0.000, 0.000, 1.500] current=[0.593, 0.000, 1.500] world_v=[-0.183, -0.000, -0.000] a_xy=[-0.018, -0.000] thrust=9.807 torque=[-0.0000, 0.0003, 0.0000] rpm_pre=[10817.9, 10820.0, 10820.0, 10817.9] rpm=[10817.9, 10820.0, 10820.0, 10817.9] saturation=[horizontal:false altitude:false attitude:false mixer:false] saturated=false
[position_controller_node-2] [INFO] [1784348715.884160206] [position_controller_node]: position target=[0.000, 0.000, 1.500] current=[0.411, -0.000, 1.500] world_v=[-0.169, -0.000, -0.000] a_xy=[0.039, 0.000] thrust=9.807 torque=[0.0000, -0.0001, -0.0000] rpm_pre=[10819.4, 10818.6, 10818.6, 10819.4] rpm=[10819.4, 10818.6, 10818.6, 10819.4] saturation=[horizontal:false altitude:false attitude:false mixer:false] saturated=false
[position_controller_node-2] [INFO] [1784348716.884221854] [position_controller_node]: position target=[0.000, 0.000, 1.500] current=[0.264, -0.000, 1.500] world_v=[-0.125, 0.000, -0.000] a_xy=[0.044, 0.000] thrust=9.807 torque=[0.0000, -0.0000, 0.0000] rpm_pre=[10819.1, 10818.9, 10818.9, 10819.1] rpm=[10819.1, 10818.9, 10818.9, 10819.1] saturation=[horizontal:false altitude:false attitude:false mixer:false] saturated=false
[position_controller_node-2] [INFO] [1784348717.884258515] [position_controller_node]: position target=[0.000, 0.000, 1.500] current=[0.161, -0.000, 1.500] world_v=[-0.083, 0.000, -0.000] a_xy=[0.035, -0.000] thrust=9.807 torque=[-0.0000, -0.0000, 0.0000] rpm_pre=[10819.0, 10818.9, 10818.9, 10819.0] rpm=[10819.0, 10818.9, 10818.9, 10819.0] saturation=[horizontal:false altitude:false attitude:false mixer:false] saturated=false
[position_controller_node-2] [INFO] [1784348718.884300871] [position_controller_node]: position target=[0.000, 0.000, 1.500] current=[0.095, -0.000, 1.500] world_v=[-0.052, 0.000, -0.000] a_xy=[0.024, -0.000] thrust=9.807 torque=[-0.0000, -0.0000, 0.0000] rpm_pre=[10819.0, 10818.9, 10818.9, 10819.0] rpm=[10819.0, 10818.9, 10818.9, 10819.0] saturation=[horizontal:false altitude:false attitude:false mixer:false] saturated=false
[position_controller_node-2] [INFO] [1784348719.884306743] [position_controller_node]: position target=[0.000, 0.000, 1.500] current=[0.054, -0.000, 1.500] world_v=[-0.031, -0.000, -0.000] a_xy=[0.015, 0.000] thrust=9.807 torque=[0.0000, -0.0000, 0.0000] rpm_pre=[10819.0, 10818.9, 10818.9, 10819.0] rpm=[10819.0, 10818.9, 10818.9, 10819.0] saturation=[horizontal:false altitude:false attitude:false mixer:false] saturated=false
[position_controller_node-2] [INFO] [1784348720.884353598] [position_controller_node]: position target=[0.000, 0.000, 1.500] current=[0.030, -0.000, 1.500] world_v=[-0.018, 0.000, -0.000] a_xy=[0.009, -0.000] thrust=9.807 torque=[0.0000, -0.0000, 0.0000] rpm_pre=[10819.0, 10818.9, 10818.9, 10819.0] rpm=[10819.0, 10818.9, 10818.9, 10819.0] saturation=[horizontal:false altitude:false attitude:false mixer:false] saturated=false
[position_controller_node-2] [INFO] [1784348721.884376424] [position_controller_node]: position target=[0.000, 0.000, 1.500] current=[0.017, -0.000, 1.500] world_v=[-0.010, -0.000, -0.000] a_xy=[0.005, 0.000] thrust=9.807 torque=[-0.0000, -0.0000, -0.0000] rpm_pre=[10818.9, 10818.9, 10818.9, 10818.9] rpm=[10818.9, 10818.9, 10818.9, 10818.9] saturation=[horizontal:false altitude:false attitude:false mixer:false] saturated=false
[position_controller_node-2] [INFO] [1784348722.884385580] [position_controller_node]: position target=[0.000, 0.000, 1.500] current=[0.009, -0.000, 1.500] world_v=[-0.006, -0.000, -0.000] a_xy=[0.003, 0.000] thrust=9.807 torque=[-0.0000, 0.0000, 0.0000] rpm_pre=[10818.9, 10818.9, 10818.9, 10818.9] rpm=[10818.9, 10818.9, 10818.9, 10818.9] saturation=[horizontal:false altitude:false attitude:false mixer:false] saturated=false
[WARNING] [launch]: user interrupted with ctrl-c (SIGINT)
[INFO] [robot_state_publisher-3]: sending signal 'SIGINT' to process[robot_state_publisher-3]
[INFO] [position_controller_node-2]: sending signal 'SIGINT' to process[position_controller_node-2]
[INFO] [quadrotor_dynamics_node-1]: sending signal 'SIGINT' to process[quadrotor_dynamics_node-1]
[robot_state_publisher-3] [INFO] [1784348723.647799766] [rclcpp]: signal_handler(SIGINT/SIGTERM)
[quadrotor_dynamics_node-1] [INFO] [1784348723.647809598] [rclcpp]: signal_handler(SIGINT/SIGTERM)
[position_controller_node-2] [INFO] [1784348723.647806726] [rclcpp]: signal_handler(SIGINT/SIGTERM)
[robot_state_publisher-3] [INFO] [1784348723.652695421] [rclcpp]: signal_handler(SIGINT/SIGTERM)
[ERROR] [position_controller_node-2]: process has died [pid 35702, exit code -2, cmd '/home/peter/ros2_drone_sim/install/drone_controller/lib/drone_controller/position_controller_node --ros-args -r __node:=position_controller_node --params-file /tmp/horizontal-integral-h1jaw9c3/pd_release/controller.yaml --params-file /tmp/launch_params__5ju0b6y'].
[ERROR] [quadrotor_dynamics_node-1]: process has died [pid 35700, exit code -2, cmd '/home/peter/ros2_drone_sim/install/drone_dynamics/lib/drone_dynamics/quadrotor_dynamics_node --ros-args -r __node:=quadrotor_dynamics_node --params-file /tmp/horizontal-integral-h1jaw9c3/pd_release/dynamics.yaml --params-file /tmp/launch_params_k_ueynvb'].
[INFO] [robot_state_publisher-3]: process has finished cleanly [pid 35704]
