[INFO] [launch]: All log files can be found below /home/peter/.ros/log/2026-07-18-12-49-45-945257-peter-acer-40991
[INFO] [launch]: Default logging verbosity is set to INFO
[INFO] [quadrotor_dynamics_node-1]: process started with pid [41003]
[INFO] [position_controller_node-2]: process started with pid [41005]
[INFO] [robot_state_publisher-3]: process started with pid [41007]
[robot_state_publisher-3] [INFO] [1784350186.041549127] [robot_state_publisher]: got segment base_link
[robot_state_publisher-3] [INFO] [1784350186.041621089] [robot_state_publisher]: got segment front_marker_link
[robot_state_publisher-3] [INFO] [1784350186.041626444] [robot_state_publisher]: got segment m1_arm_link
[robot_state_publisher-3] [INFO] [1784350186.041629264] [robot_state_publisher]: got segment m1_motor_link
[robot_state_publisher-3] [INFO] [1784350186.041631929] [robot_state_publisher]: got segment m1_rotor_link
[robot_state_publisher-3] [INFO] [1784350186.041634515] [robot_state_publisher]: got segment m2_arm_link
[robot_state_publisher-3] [INFO] [1784350186.041636918] [robot_state_publisher]: got segment m2_motor_link
[robot_state_publisher-3] [INFO] [1784350186.041639199] [robot_state_publisher]: got segment m2_rotor_link
[robot_state_publisher-3] [INFO] [1784350186.041641572] [robot_state_publisher]: got segment m3_arm_link
[robot_state_publisher-3] [INFO] [1784350186.041643899] [robot_state_publisher]: got segment m3_motor_link
[robot_state_publisher-3] [INFO] [1784350186.041646309] [robot_state_publisher]: got segment m3_rotor_link
[robot_state_publisher-3] [INFO] [1784350186.041648550] [robot_state_publisher]: got segment m4_arm_link
[robot_state_publisher-3] [INFO] [1784350186.041650753] [robot_state_publisher]: got segment m4_motor_link
[robot_state_publisher-3] [INFO] [1784350186.041652971] [robot_state_publisher]: got segment m4_rotor_link
[position_controller_node-2] [INFO] [1784350186.041563708] [position_controller_node]: 3D position controller started at 100.0 Hz (source=pose_goal, odom timeout 0.200 s)
[quadrotor_dynamics_node-1] [INFO] [1784350186.048254580] [quadrotor_dynamics_node]: Dynamics started at 200.0 Hz; nominal steady-state hover RPM is 10818.9; ground contact is enabled at z=0.000 m; motor command watchdog is enabled (0.300 s)
[quadrotor_dynamics_node-1] [INFO] [1784350186.048322748] [quadrotor_dynamics_node]: External wrench input is enabled (frame=map, force_limit=2.000 N, timeout=0.200 s, torque_limit=0.000 N*m; torque must be zero)
[position_controller_node-2] [WARN] [1784350186.051766946] [position_controller_node]: Waiting for /drone/odom; RPM=0
[position_controller_node-2] [INFO] [1784350186.061665333] [position_controller_node]: position target=[0.000, 0.000, 1.500] current=[0.000, 0.000, 0.000] world_v=[0.000, 0.000, 0.000] a_xy=[0.000, 0.000] thrust=14.307 torque=[0.0000, 0.0000, 0.0000] rpm_pre=[13067.5, 13067.5, 13067.5, 13067.5] rpm=[13067.5, 13067.5, 13067.5, 13067.5] saturation=[horizontal:false altitude:false attitude:false mixer:false] saturated=false
[INFO] [ros2-4]: process started with pid [41039]
[position_controller_node-2] [INFO] [1784350187.061798806] [position_controller_node]: position target=[0.000, 0.000, 1.500] current=[0.000, 0.000, 0.709] world_v=[0.000, 0.000, 0.871] a_xy=[0.000, 0.000] thrust=9.133 torque=[0.0000, 0.0000, 0.0000] rpm_pre=[10440.6, 10440.6, 10440.6, 10440.6] rpm=[10440.6, 10440.6, 10440.6, 10440.6] saturation=[horizontal:false altitude:false attitude:false mixer:false] saturated=false
[ros2-4] publisher: beginning loop
[ros2-4] publishing #1: geometry_msgs.msg.PoseStamped(header=std_msgs.msg.Header(stamp=builtin_interfaces.msg.Time(sec=0, nanosec=0), frame_id='map'), pose=geometry_msgs.msg.Pose(position=geometry_msgs.msg.Point(x=0.0, y=0.0, z=1.5), orientation=geometry_msgs.msg.Quaternion(x=0.0, y=0.0, z=0.0, w=1.0)))
[ros2-4] 
[INFO] [ros2-4]: process has finished cleanly [pid 41039]
[position_controller_node-2] [INFO] [1784350188.071823998] [position_controller_node]: position target=[0.000, 0.000, 1.500] current=[0.000, 0.000, 1.266] world_v=[0.000, 0.000, 0.297] a_xy=[0.000, 0.000] thrust=9.468 torque=[0.0000, 0.0000, 0.0000] rpm_pre=[10630.4, 10630.4, 10630.4, 10630.4] rpm=[10630.4, 10630.4, 10630.4, 10630.4] saturation=[horizontal:false altitude:false attitude:false mixer:false] saturated=false
[position_controller_node-2] [INFO] [1784350189.071849170] [position_controller_node]: position target=[0.000, 0.000, 1.500] current=[0.000, 0.000, 1.435] world_v=[0.000, 0.000, 0.084] a_xy=[0.000, 0.000] thrust=9.707 torque=[0.0000, 0.0000, 0.0000] rpm_pre=[10763.6, 10763.6, 10763.6, 10763.6] rpm=[10763.6, 10763.6, 10763.6, 10763.6] saturation=[horizontal:false altitude:false attitude:false mixer:false] saturated=false
[position_controller_node-2] [INFO] [1784350190.081782079] [position_controller_node]: position target=[0.000, 0.000, 1.500] current=[0.000, 0.000, 1.483] world_v=[0.000, 0.000, 0.023] a_xy=[0.000, 0.000] thrust=9.779 torque=[0.0000, 0.0000, 0.0000] rpm_pre=[10803.9, 10803.9, 10803.9, 10803.9] rpm=[10803.9, 10803.9, 10803.9, 10803.9] saturation=[horizontal:false altitude:false attitude:false mixer:false] saturated=false
[position_controller_node-2] [INFO] [1784350191.081783697] [position_controller_node]: position target=[0.000, 0.000, 1.500] current=[0.000, 0.000, 1.495] world_v=[0.000, 0.000, 0.006] a_xy=[0.000, 0.000] thrust=9.799 torque=[0.0000, 0.0000, 0.0000] rpm_pre=[10814.8, 10814.8, 10814.8, 10814.8] rpm=[10814.8, 10814.8, 10814.8, 10814.8] saturation=[horizontal:false altitude:false attitude:false mixer:false] saturated=false
[position_controller_node-2] [INFO] [1784350192.081827409] [position_controller_node]: position target=[0.000, 0.000, 1.500] current=[0.018, -0.000, 1.499] world_v=[0.163, -0.000, 0.002] a_xy=[-0.203, 0.000] thrust=9.805 torque=[-0.0000, 0.0013, 0.0000] rpm_pre=[10813.2, 10823.1, 10823.1, 10813.2] rpm=[10813.2, 10823.1, 10823.1, 10813.2] saturation=[horizontal:false altitude:false attitude:false mixer:false] saturated=false
[position_controller_node-2] [INFO] [1784350193.091781899] [position_controller_node]: position target=[0.000, 0.000, 1.500] current=[0.397, 0.000, 1.499] world_v=[0.484, 0.000, 0.000] a_xy=[-0.767, -0.000] thrust=9.836 torque=[0.0000, -0.0005, 0.0000] rpm_pre=[10836.8, 10833.0, 10833.0, 10836.8] rpm=[10836.8, 10833.0, 10833.0, 10836.8] saturation=[horizontal:false altitude:false attitude:false mixer:false] saturated=false
[position_controller_node-2] [INFO] [1784350194.091799777] [position_controller_node]: position target=[0.000, 0.000, 1.500] current=[0.864, 0.000, 1.500] world_v=[0.309, 0.000, 0.000] a_xy=[-0.712, -0.000] thrust=9.838 torque=[-0.0000, 0.0203, 0.0000] rpm_pre=[10757.1, 10914.9, 10914.9, 10757.1] rpm=[10757.1, 10914.9, 10914.9, 10757.1] saturation=[horizontal:false altitude:false attitude:false mixer:false] saturated=false
[position_controller_node-2] [INFO] [1784350195.091904578] [position_controller_node]: position target=[0.000, 0.000, 1.500] current=[0.896, 0.000, 1.500] world_v=[-0.146, -0.000, 0.000] a_xy=[-0.181, 0.000] thrust=9.808 torque=[0.0000, -0.0017, 0.0000] rpm_pre=[10826.3, 10812.8, 10812.8, 10826.3] rpm=[10826.3, 10812.8, 10812.8, 10826.3] saturation=[horizontal:false altitude:false attitude:false mixer:false] saturated=false
[position_controller_node-2] [INFO] [1784350196.101869442] [position_controller_node]: position target=[0.000, 0.000, 1.500] current=[0.687, -0.000, 1.500] world_v=[-0.233, 0.000, -0.000] a_xy=[0.005, -0.000] thrust=9.807 torque=[0.0000, -0.0001, 0.0000] rpm_pre=[10819.4, 10818.5, 10818.5, 10819.4] rpm=[10819.4, 10818.5, 10818.5, 10819.4] saturation=[horizontal:false altitude:false attitude:false mixer:false] saturated=false
[position_controller_node-2] [INFO] [1784350197.101882315] [position_controller_node]: position target=[0.000, 0.000, 1.500] current=[0.467, -0.000, 1.500] world_v=[-0.200, -0.000, -0.000] a_xy=[0.041, 0.000] thrust=9.807 torque=[0.0000, -0.0008, -0.0000] rpm_pre=[10822.0, 10816.1, 10816.1, 10822.0] rpm=[10822.0, 10816.1, 10816.1, 10822.0] saturation=[horizontal:false altitude:false attitude:false mixer:false] saturated=false
[position_controller_node-2] [INFO] [1784350198.101892258] [position_controller_node]: position target=[0.000, 0.000, 1.500] current=[0.284, -0.000, 1.500] world_v=[-0.169, 0.000, -0.000] a_xy=[0.021, -0.000] thrust=9.807 torque=[0.0000, 0.0001, 0.0000] rpm_pre=[10818.8, 10819.2, 10819.2, 10818.8] rpm=[10818.8, 10819.2, 10819.2, 10818.8] saturation=[horizontal:false altitude:false attitude:false mixer:false] saturated=false
[position_controller_node-2] [INFO] [1784350199.101939538] [position_controller_node]: position target=[0.000, 0.000, 1.500] current=[0.127, 0.000, 1.500] world_v=[-0.145, 0.000, -0.000] a_xy=[0.025, -0.000] thrust=9.807 torque=[-0.0000, 0.0000, 0.0000] rpm_pre=[10818.9, 10819.0, 10819.0, 10818.9] rpm=[10818.9, 10819.0, 10819.0, 10818.9] saturation=[horizontal:false altitude:false attitude:false mixer:false] saturated=false
[position_controller_node-2] [INFO] [1784350200.101979919] [position_controller_node]: position target=[0.000, 0.000, 1.500] current=[-0.004, 0.000, 1.500] world_v=[-0.115, -0.000, -0.000] a_xy=[0.037, -0.000] thrust=9.807 torque=[0.0000, 0.0016, 0.0000] rpm_pre=[10812.7, 10825.2, 10825.2, 10812.7] rpm=[10812.7, 10825.2, 10825.2, 10812.7] saturation=[horizontal:false altitude:false attitude:false mixer:false] saturated=false
[position_controller_node-2] [INFO] [1784350201.111913512] [position_controller_node]: position target=[0.000, 0.000, 1.500] current=[-0.092, 0.000, 1.500] world_v=[-0.053, -0.000, 0.000] a_xy=[0.069, 0.000] thrust=9.807 torque=[0.0000, -0.0003, -0.0000] rpm_pre=[10820.4, 10817.8, 10817.8, 10820.4] rpm=[10820.4, 10817.8, 10817.8, 10820.4] saturation=[horizontal:false altitude:false attitude:false mixer:false] saturated=false
[position_controller_node-2] [INFO] [1784350202.112010223] [position_controller_node]: position target=[0.000, 0.000, 1.500] current=[-0.114, 0.000, 1.500] world_v=[0.005, -0.000, 0.000] a_xy=[0.038, 0.000] thrust=9.807 torque=[-0.0000, -0.0000, -0.0000] rpm_pre=[10819.0, 10819.0, 10819.0, 10819.0] rpm=[10819.0, 10819.0, 10819.0, 10819.0] saturation=[horizontal:false altitude:false attitude:false mixer:false] saturated=false
[position_controller_node-2] [INFO] [1784350203.112078294] [position_controller_node]: position target=[0.000, 0.000, 1.500] current=[-0.093, -0.000, 1.500] world_v=[0.032, -0.000, -0.000] a_xy=[0.014, 0.000] thrust=9.807 torque=[-0.0000, 0.0000, 0.0000] rpm_pre=[10818.9, 10819.0, 10819.0, 10818.9] rpm=[10818.9, 10819.0, 10819.0, 10818.9] saturation=[horizontal:false altitude:false attitude:false mixer:false] saturated=false
[WARNING] [launch]: user interrupted with ctrl-c (SIGINT)
[INFO] [robot_state_publisher-3]: sending signal 'SIGINT' to process[robot_state_publisher-3]
[INFO] [position_controller_node-2]: sending signal 'SIGINT' to process[position_controller_node-2]
[INFO] [quadrotor_dynamics_node-1]: sending signal 'SIGINT' to process[quadrotor_dynamics_node-1]
[quadrotor_dynamics_node-1] [INFO] [1784350203.886408374] [rclcpp]: signal_handler(SIGINT/SIGTERM)
[robot_state_publisher-3] [INFO] [1784350203.886429034] [rclcpp]: signal_handler(SIGINT/SIGTERM)
[position_controller_node-2] [INFO] [1784350203.886453462] [rclcpp]: signal_handler(SIGINT/SIGTERM)
[ERROR] [position_controller_node-2]: process has died [pid 41005, exit code -2, cmd '/home/peter/ros2_drone_sim/install/drone_controller/lib/drone_controller/position_controller_node --ros-args -r __node:=position_controller_node --params-file /tmp/horizontal-integral-qnkrsnod/kaw_1p0_force_0p8/controller.yaml --params-file /tmp/launch_params_j5qea9zk'].
[robot_state_publisher-3] [INFO] [1784350203.891482727] [rclcpp]: signal_handler(SIGINT/SIGTERM)
[ERROR] [quadrotor_dynamics_node-1]: process has died [pid 41003, exit code -2, cmd '/home/peter/ros2_drone_sim/install/drone_dynamics/lib/drone_dynamics/quadrotor_dynamics_node --ros-args -r __node:=quadrotor_dynamics_node --params-file /tmp/horizontal-integral-qnkrsnod/kaw_1p0_force_0p8/dynamics.yaml --params-file /tmp/launch_params_d24ivcan'].
[INFO] [robot_state_publisher-3]: process has finished cleanly [pid 41007]
