{
  "final_position_error_m": 0.05984137443368622,
  "final_speed_m_s": 0.02357385421655744,
  "final_window_mean_error_m": 0.07204729858487115,
  "recorded_targets": [
    {
      "position": [
        0.0,
        0.0,
        1.5
      ],
      "yaw_rad": 0.0
    }
  ],
  "target_snapshot_matches_samples": true,
  "yaw_metrics_status": "available",
  "yaw_sample_count": 5539,
  "final_yaw_error_rad": -2.4144136048622994e-18,
  "yaw_error_rms_rad": 3.88736778486594e-17,
  "maximum_absolute_yaw_error_rad": 1.391757820862874e-16,
  "arrival_time_s": 2.1710078716278076,
  "maximum_overshoot_m": 3.9324445624711046e-05,
  "maximum_overshoot_percent": 0.00437085902912723,
  "steady_state_mean_error_m": 0.08752874563688402,
  "steady_state_rms_error_m": 0.0884199474383728,
  "steady_state_max_error_m": 0.10149598504702995,
  "maximum_goal_position_error_m": 0.8996960405873197,
  "full_mission_tracking_max_error_m": null,
  "full_mission_tracking_rms_error_m": null,
  "minimum_raw_obstacle_distance_m": 1.7150397313322345,
  "safety_radius_m": 0.25,
  "minimum_safety_clearance_m": 1.4650397313322345,
  "straight_line_distance_m": 0.8996960405873197,
  "actual_path_length_m": 2.012767255591581,
  "flight_time_s": 27.689229488372803,
  "planned_segment_count": 0,
  "simplified_segment_count": 0,
  "reference_segment_count": 0,
  "planned_path_length_m": null,
  "simplified_path_length_m": null,
  "reference_path_length_m": null,
  "path_efficiency": null,
  "planned_vs_straight_ratio": null,
  "actual_vs_reference_ratio": null,
  "maximum_absolute_roll_rad": 1.8580584848564153e-16,
  "maximum_absolute_pitch_rad": 0.038775494625750286,
  "maximum_angular_speed_rad_s": 0.0801448328573471,
  "non_finite_attitude_count": 0,
  "attitude_divergence_detected": false,
  "minimum_commanded_motor_rpm": 10425.313792648614,
  "maximum_commanded_motor_rpm": 10884.538546909022,
  "minimum_motor_rpm": 10425.313792648614,
  "maximum_motor_rpm": 10884.538546909022,
  "motor_rpm_semantics": "commanded_motor_rpm",
  "saturation_sample_source": "diagnostics_callbacks",
  "saturation_sample_count": 0,
  "longest_saturation_duration_s": 0.0,
  "saturated_at_end": false,
  "non_finite_rpm_count": 0,
  "force_start_time_s": 13.640605926513672,
  "force_release_time_s": 23.680356740951538,
  "force_duration_s": 10.039750814437866,
  "mean_horizontal_force_n": [
    0.3,
    0.0
  ],
  "peak_horizontal_deviation_m": 0.48496026866776565,
  "peak_force_direction_displacement_m": 0.48496026866776565,
  "disturbance_steady_state_error_m": 0.05969731258684394,
  "recovery_time_s": 0.0,
  "reverse_overshoot_m": 0.10149598450359482
}
