[INFO] [launch]: All log files can be found below /home/peter/.ros/log/2026-07-21-15-30-45-362300-peter-acer-69824
[INFO] [launch]: Default logging verbosity is set to INFO
[INFO] [quadrotor_dynamics_node-1]: process started with pid [69839]
[INFO] [position_controller_node-2]: process started with pid [69841]
[INFO] [robot_state_publisher-3]: process started with pid [69843]
[INFO] [disturbance_demo_node-4]: process started with pid [69845]
[disturbance_demo_node-4] [INFO] [1784619045.476726289] [disturbance_demo_node]: Disturbance demo started: profile=persistent_release target=[0.00, 0.00, 1.50] m Equivalent External Force=[0.30, 0.00, 0.00] N rate=25.0 Hz
[disturbance_demo_node-4] [INFO] [1784619045.476796170] [disturbance_demo_node]: [WAIT_FOR_ODOM] waiting for valid /drone/odom
[robot_state_publisher-3] [INFO] [1784619045.477436136] [robot_state_publisher]: got segment base_link
[robot_state_publisher-3] [INFO] [1784619045.477493394] [robot_state_publisher]: got segment front_marker_link
[robot_state_publisher-3] [INFO] [1784619045.477498568] [robot_state_publisher]: got segment m1_arm_link
[robot_state_publisher-3] [INFO] [1784619045.477501509] [robot_state_publisher]: got segment m1_motor_link
[robot_state_publisher-3] [INFO] [1784619045.477504482] [robot_state_publisher]: got segment m1_rotor_link
[robot_state_publisher-3] [INFO] [1784619045.477507083] [robot_state_publisher]: got segment m2_arm_link
[robot_state_publisher-3] [INFO] [1784619045.477509609] [robot_state_publisher]: got segment m2_motor_link
[robot_state_publisher-3] [INFO] [1784619045.477512201] [robot_state_publisher]: got segment m2_rotor_link
[robot_state_publisher-3] [INFO] [1784619045.477514603] [robot_state_publisher]: got segment m3_arm_link
[robot_state_publisher-3] [INFO] [1784619045.477517039] [robot_state_publisher]: got segment m3_motor_link
[robot_state_publisher-3] [INFO] [1784619045.477519324] [robot_state_publisher]: got segment m3_rotor_link
[robot_state_publisher-3] [INFO] [1784619045.477521688] [robot_state_publisher]: got segment m4_arm_link
[robot_state_publisher-3] [INFO] [1784619045.477524152] [robot_state_publisher]: got segment m4_motor_link
[robot_state_publisher-3] [INFO] [1784619045.477526538] [robot_state_publisher]: got segment m4_rotor_link
[position_controller_node-2] [INFO] [1784619045.482782779] [position_controller_node]: 3D position controller started at 100.0 Hz (source=pose_goal, odom timeout 0.200 s)
[quadrotor_dynamics_node-1] [INFO] [1784619045.482805456] [quadrotor_dynamics_node]: Dynamics started at 200.0 Hz; nominal steady-state hover RPM is 10818.9; ground contact is enabled at z=0.000 m; motor command watchdog is enabled (0.300 s)
[quadrotor_dynamics_node-1] [INFO] [1784619045.482866083] [quadrotor_dynamics_node]: External wrench input is enabled (frame=map, force_limit=2.000 N, timeout=0.200 s, torque_limit=0.000 N*m; torque must be zero)
[position_controller_node-2] [WARN] [1784619045.492907846] [position_controller_node]: Waiting for /drone/goal; RPM=0
[disturbance_demo_node-4] [INFO] [1784619045.516817280] [disturbance_demo_node]: [TAKEOFF_AND_SETTLE] holding target until position and speed settle
[position_controller_node-2] [INFO] [1784619045.522991099] [position_controller_node]: position target=[0.000, 0.000, 1.500] current=[0.000, 0.000, 0.000] world_v=[0.000, 0.000, 0.000] a_xy=[0.000, 0.000] thrust=14.307 torque=[0.0000, 0.0000, 0.0000] rpm_pre=[13067.5, 13067.5, 13067.5, 13067.5] rpm=[13067.5, 13067.5, 13067.5, 13067.5] saturation=[horizontal:false altitude:false attitude:false mixer:false] saturated=false
[position_controller_node-2] [INFO] [1784619046.532942635] [position_controller_node]: position target=[0.000, 0.000, 1.500] current=[0.000, 0.000, 0.718] world_v=[0.000, 0.000, 0.868] a_xy=[0.000, 0.000] thrust=9.114 torque=[0.0000, 0.0000, 0.0000] rpm_pre=[10430.2, 10430.2, 10430.2, 10430.2] rpm=[10430.2, 10430.2, 10430.2, 10430.2] saturation=[horizontal:false altitude:false attitude:false mixer:false] saturated=false
[position_controller_node-2] [INFO] [1784619047.542844889] [position_controller_node]: position target=[0.000, 0.000, 1.500] current=[0.000, 0.000, 1.270] world_v=[0.000, 0.000, 0.292] a_xy=[0.000, 0.000] thrust=9.475 torque=[0.0000, 0.0000, 0.0000] rpm_pre=[10634.3, 10634.3, 10634.3, 10634.3] rpm=[10634.3, 10634.3, 10634.3, 10634.3] saturation=[horizontal:false altitude:false attitude:false mixer:false] saturated=false
[position_controller_node-2] [INFO] [1784619048.542980768] [position_controller_node]: position target=[0.000, 0.000, 1.500] current=[0.000, 0.000, 1.436] world_v=[0.000, 0.000, 0.083] a_xy=[0.000, 0.000] thrust=9.709 torque=[0.0000, 0.0000, 0.0000] rpm_pre=[10765.0, 10765.0, 10765.0, 10765.0] rpm=[10765.0, 10765.0, 10765.0, 10765.0] saturation=[horizontal:false altitude:false attitude:false mixer:false] saturated=false
[position_controller_node-2] [INFO] [1784619049.543020062] [position_controller_node]: position target=[0.000, 0.000, 1.500] current=[0.000, 0.000, 1.482] world_v=[0.000, 0.000, 0.023] a_xy=[0.000, 0.000] thrust=9.780 torque=[0.0000, 0.0000, 0.0000] rpm_pre=[10804.0, 10804.0, 10804.0, 10804.0] rpm=[10804.0, 10804.0, 10804.0, 10804.0] saturation=[horizontal:false altitude:false attitude:false mixer:false] saturated=false
[disturbance_demo_node-4] [INFO] [1784619049.996835303] [disturbance_demo_node]: [COUNTDOWN] disturbance starts in 10.0 s
[position_controller_node-2] [INFO] [1784619050.552803269] [position_controller_node]: position target=[0.000, 0.000, 1.500] current=[0.000, 0.000, 1.495] world_v=[0.000, 0.000, 0.006] a_xy=[0.000, 0.000] thrust=9.799 torque=[0.0000, 0.0000, 0.0000] rpm_pre=[10814.9, 10814.9, 10814.9, 10814.9] rpm=[10814.9, 10814.9, 10814.9, 10814.9] saturation=[horizontal:false altitude:false attitude:false mixer:false] saturated=false
[position_controller_node-2] [INFO] [1784619051.552880205] [position_controller_node]: position target=[0.000, 0.000, 1.500] current=[0.000, 0.000, 1.499] world_v=[0.000, 0.000, 0.002] a_xy=[0.000, 0.000] thrust=9.805 torque=[0.0000, 0.0000, 0.0000] rpm_pre=[10817.8, 10817.8, 10817.8, 10817.8] rpm=[10817.8, 10817.8, 10817.8, 10817.8] saturation=[horizontal:false altitude:false attitude:false mixer:false] saturated=false
[position_controller_node-2] [INFO] [1784619052.562814206] [position_controller_node]: position target=[0.000, 0.000, 1.500] current=[0.000, 0.000, 1.500] world_v=[0.000, 0.000, 0.000] a_xy=[0.000, 0.000] thrust=9.806 torque=[0.0000, 0.0000, 0.0000] rpm_pre=[10818.6, 10818.6, 10818.6, 10818.6] rpm=[10818.6, 10818.6, 10818.6, 10818.6] saturation=[horizontal:false altitude:false attitude:false mixer:false] saturated=false
[position_controller_node-2] [INFO] [1784619053.572973264] [position_controller_node]: position target=[0.000, 0.000, 1.500] current=[0.000, 0.000, 1.500] world_v=[0.000, 0.000, 0.000] a_xy=[0.000, 0.000] thrust=9.807 torque=[0.0000, 0.0000, 0.0000] rpm_pre=[10818.9, 10818.9, 10818.9, 10818.9] rpm=[10818.9, 10818.9, 10818.9, 10818.9] saturation=[horizontal:false altitude:false attitude:false mixer:false] saturated=false
[position_controller_node-2] [INFO] [1784619054.582649680] [position_controller_node]: position target=[0.000, 0.000, 1.500] current=[0.000, 0.000, 1.500] world_v=[0.000, 0.000, 0.000] a_xy=[0.000, 0.000] thrust=9.807 torque=[0.0000, 0.0000, 0.0000] rpm_pre=[10818.9, 10818.9, 10818.9, 10818.9] rpm=[10818.9, 10818.9, 10818.9, 10818.9] saturation=[horizontal:false altitude:false attitude:false mixer:false] saturated=false
[position_controller_node-2] [INFO] [1784619055.592775012] [position_controller_node]: position target=[0.000, 0.000, 1.500] current=[0.000, 0.000, 1.500] world_v=[0.000, 0.000, 0.000] a_xy=[0.000, 0.000] thrust=9.807 torque=[0.0000, 0.0000, 0.0000] rpm_pre=[10818.9, 10818.9, 10818.9, 10818.9] rpm=[10818.9, 10818.9, 10818.9, 10818.9] saturation=[horizontal:false altitude:false attitude:false mixer:false] saturated=false
[position_controller_node-2] [INFO] [1784619056.602573657] [position_controller_node]: position target=[0.000, 0.000, 1.500] current=[0.000, 0.000, 1.500] world_v=[0.000, 0.000, 0.000] a_xy=[0.000, 0.000] thrust=9.807 torque=[0.0000, 0.0000, 0.0000] rpm_pre=[10818.9, 10818.9, 10818.9, 10818.9] rpm=[10818.9, 10818.9, 10818.9, 10818.9] saturation=[horizontal:false altitude:false attitude:false mixer:false] saturated=false
[position_controller_node-2] [INFO] [1784619057.612541001] [position_controller_node]: position target=[0.000, 0.000, 1.500] current=[0.000, 0.000, 1.500] world_v=[0.000, 0.000, 0.000] a_xy=[0.000, 0.000] thrust=9.807 torque=[0.0000, 0.0000, 0.0000] rpm_pre=[10818.9, 10818.9, 10818.9, 10818.9] rpm=[10818.9, 10818.9, 10818.9, 10818.9] saturation=[horizontal:false altitude:false attitude:false mixer:false] saturated=false
[position_controller_node-2] [INFO] [1784619058.612560543] [position_controller_node]: position target=[0.000, 0.000, 1.500] current=[0.000, 0.000, 1.500] world_v=[0.000, 0.000, 0.000] a_xy=[0.000, 0.000] thrust=9.807 torque=[0.0000, 0.0000, 0.0000] rpm_pre=[10818.9, 10818.9, 10818.9, 10818.9] rpm=[10818.9, 10818.9, 10818.9, 10818.9] saturation=[horizontal:false altitude:false attitude:false mixer:false] saturated=false
[position_controller_node-2] [INFO] [1784619059.612567091] [position_controller_node]: position target=[0.000, 0.000, 1.500] current=[0.000, 0.000, 1.500] world_v=[0.000, 0.000, 0.000] a_xy=[0.000, 0.000] thrust=9.807 torque=[0.0000, 0.0000, 0.0000] rpm_pre=[10818.9, 10818.9, 10818.9, 10818.9] rpm=[10818.9, 10818.9, 10818.9, 10818.9] saturation=[horizontal:false altitude:false attitude:false mixer:false] saturated=false
[disturbance_demo_node-4] [INFO] [1784619060.036510031] [disturbance_demo_node]: [DISTURBANCE_ACTIVE] F=[0.30, 0.00, 0.00] N
[position_controller_node-2] [INFO] [1784619060.612796112] [position_controller_node]: position target=[0.000, 0.000, 1.500] current=[0.043, -0.000, 1.500] world_v=[0.132, -0.000, -0.000] a_xy=[-0.178, 0.000] thrust=9.808 torque=[0.0000, -0.0007, 0.0000] rpm_pre=[10822.4, 10816.9, 10816.9, 10822.4] rpm=[10822.4, 10816.9, 10816.9, 10822.4] saturation=[horizontal:false altitude:false attitude:false mixer:false] saturated=false
[position_controller_node-2] [INFO] [1784619061.622662224] [position_controller_node]: position target=[0.000, 0.000, 1.500] current=[0.216, 0.000, 1.500] world_v=[0.182, 0.000, -0.000] a_xy=[-0.325, -0.000] thrust=9.812 torque=[-0.0000, -0.0003, -0.0000] rpm_pre=[10823.0, 10820.8, 10820.8, 10823.0] rpm=[10823.0, 10820.8, 10820.8, 10823.0] saturation=[horizontal:false altitude:false attitude:false mixer:false] saturated=false
[position_controller_node-2] [INFO] [1784619062.632520962] [position_controller_node]: position target=[0.000, 0.000, 1.500] current=[0.377, 0.000, 1.500] world_v=[0.130, -0.000, 0.000] a_xy=[-0.373, -0.000] thrust=9.814 torque=[0.0000, 0.0002, -0.0000] rpm_pre=[10822.1, 10823.6, 10823.6, 10822.1] rpm=[10822.1, 10823.6, 10823.6, 10822.1] saturation=[horizontal:false altitude:false attitude:false mixer:false] saturated=false
[position_controller_node-2] [INFO] [1784619063.642559140] [position_controller_node]: position target=[0.000, 0.000, 1.500] current=[0.469, 0.000, 1.500] world_v=[0.050, 0.000, 0.000] a_xy=[-0.379, -0.000] thrust=9.814 torque=[-0.0000, 0.0000, -0.0000] rpm_pre=[10822.9, 10823.1, 10823.1, 10822.9] rpm=[10822.9, 10823.1, 10823.1, 10822.9] saturation=[horizontal:false altitude:false attitude:false mixer:false] saturated=false
[position_controller_node-2] [INFO] [1784619064.652353903] [position_controller_node]: position target=[0.000, 0.000, 1.500] current=[0.480, 0.000, 1.500] world_v=[-0.025, 0.000, 0.000] a_xy=[-0.366, -0.000] thrust=9.813 torque=[0.0000, 0.0000, -0.0000] rpm_pre=[10822.6, 10822.9, 10822.9, 10822.6] rpm=[10822.6, 10822.9, 10822.9, 10822.6] saturation=[horizontal:false altitude:false attitude:false mixer:false] saturated=false
[position_controller_node-2] [INFO] [1784619065.652369969] [position_controller_node]: position target=[0.000, 0.000, 1.500] current=[0.424, 0.000, 1.500] world_v=[-0.082, -0.000, 0.000] a_xy=[-0.344, -0.000] thrust=9.813 torque=[0.0000, 0.0000, 0.0000] rpm_pre=[10822.2, 10822.4, 10822.4, 10822.2] rpm=[10822.2, 10822.4, 10822.4, 10822.2] saturation=[horizontal:false altitude:false attitude:false mixer:false] saturated=false
[position_controller_node-2] [INFO] [1784619066.652501218] [position_controller_node]: position target=[0.000, 0.000, 1.500] current=[0.324, 0.000, 1.500] world_v=[-0.115, -0.000, 0.000] a_xy=[-0.320, 0.000] thrust=9.812 torque=[-0.0000, 0.0000, 0.0000] rpm_pre=[10821.8, 10821.9, 10821.9, 10821.8] rpm=[10821.8, 10821.9, 10821.9, 10821.8] saturation=[horizontal:false altitude:false attitude:false mixer:false] saturated=false
[position_controller_node-2] [INFO] [1784619067.662365778] [position_controller_node]: position target=[0.000, 0.000, 1.500] current=[0.201, -0.000, 1.500] world_v=[-0.122, -0.000, 0.000] a_xy=[-0.284, -0.000] thrust=9.811 torque=[-0.0000, 0.0003, 0.0000] rpm_pre=[10820.2, 10822.2, 10822.2, 10820.2] rpm=[10820.2, 10822.2, 10822.2, 10820.2] saturation=[horizontal:false altitude:false attitude:false mixer:false] saturated=false
[position_controller_node-2] [INFO] [1784619068.672443473] [position_controller_node]: position target=[0.000, 0.000, 1.500] current=[0.089, -0.000, 1.500] world_v=[-0.096, -0.000, -0.000] a_xy=[-0.270, -0.000] thrust=9.810 torque=[0.0000, -0.0000, 0.0000] rpm_pre=[10821.1, 10820.9, 10820.9, 10821.1] rpm=[10821.1, 10820.9, 10820.9, 10821.1] saturation=[horizontal:false altitude:false attitude:false mixer:false] saturated=false
[position_controller_node-2] [INFO] [1784619069.682230380] [position_controller_node]: position target=[0.000, 0.000, 1.500] current=[0.007, -0.000, 1.500] world_v=[-0.066, -0.000, -0.000] a_xy=[-0.274, 0.000] thrust=9.810 torque=[0.0000, -0.0000, -0.0000] rpm_pre=[10821.1, 10821.0, 10821.0, 10821.1] rpm=[10821.1, 10821.0, 10821.0, 10821.1] saturation=[horizontal:false altitude:false attitude:false mixer:false] saturated=false
[disturbance_demo_node-4] [INFO] [1784619070.076255880] [disturbance_demo_node]: [RECOVERY] external force removed
[position_controller_node-2] [INFO] [1784619070.682243539] [position_controller_node]: position target=[0.000, 0.000, 1.500] current=[-0.058, -0.000, 1.500] world_v=[-0.072, 0.000, -0.000] a_xy=[0.051, 0.000] thrust=9.807 torque=[0.0000, 0.0026, -0.0000] rpm_pre=[10808.6, 10829.2, 10829.2, 10808.6] rpm=[10808.6, 10829.2, 10829.2, 10808.6] saturation=[horizontal:false altitude:false attitude:false mixer:false] saturated=false
[position_controller_node-2] [INFO] [1784619071.692351051] [position_controller_node]: position target=[0.000, 0.000, 1.500] current=[-0.100, -0.000, 1.500] world_v=[-0.012, -0.000, -0.000] a_xy=[0.046, 0.000] thrust=9.807 torque=[-0.0000, 0.0002, 0.0000] rpm_pre=[10818.2, 10819.8, 10819.8, 10818.2] rpm=[10818.2, 10819.8, 10819.8, 10818.2] saturation=[horizontal:false altitude:false attitude:false mixer:false] saturated=false
[position_controller_node-2] [INFO] [1784619072.702135960] [position_controller_node]: position target=[0.000, 0.000, 1.500] current=[-0.093, -0.000, 1.500] world_v=[0.020, -0.000, -0.000] a_xy=[0.013, 0.000] thrust=9.807 torque=[0.0000, -0.0002, 0.0000] rpm_pre=[10819.5, 10818.4, 10818.4, 10819.5] rpm=[10819.5, 10818.4, 10818.4, 10819.5] saturation=[horizontal:false altitude:false attitude:false mixer:false] saturated=false
[position_controller_node-2] [INFO] [1784619073.702230869] [position_controller_node]: position target=[0.000, 0.000, 1.500] current=[-0.069, -0.000, 1.500] world_v=[0.025, 0.000, -0.000] a_xy=[-0.002, 0.000] thrust=9.807 torque=[-0.0000, 0.0000, -0.0000] rpm_pre=[10818.8, 10819.1, 10819.1, 10818.8] rpm=[10818.8, 10819.1, 10819.1, 10818.8] saturation=[horizontal:false altitude:false attitude:false mixer:false] saturated=false
[disturbance_demo_node-4] [INFO] [1784619074.400442412] [rclcpp]: signal_handler(SIGINT/SIGTERM)
[position_controller_node-2] [INFO] [1784619074.400460715] [rclcpp]: signal_handler(SIGINT/SIGTERM)
[robot_state_publisher-3] [INFO] [1784619074.400476809] [rclcpp]: signal_handler(SIGINT/SIGTERM)
[quadrotor_dynamics_node-1] [INFO] [1784619074.400505032] [rclcpp]: signal_handler(SIGINT/SIGTERM)
[INFO] [position_controller_node-2]: process has finished cleanly [pid 69841]
[INFO] [disturbance_demo_node-4]: process has finished cleanly [pid 69845]
[INFO] [quadrotor_dynamics_node-1]: process has finished cleanly [pid 69839]
[INFO] [robot_state_publisher-3]: process has finished cleanly [pid 69843]
