[INFO] [launch]: All log files can be found below /home/peter/.ros/log/2026-07-18-12-51-26-549971-peter-acer-41357
[INFO] [launch]: Default logging verbosity is set to INFO
[INFO] [quadrotor_dynamics_node-1]: process started with pid [41369]
[INFO] [position_controller_node-2]: process started with pid [41371]
[INFO] [robot_state_publisher-3]: process started with pid [41373]
[position_controller_node-2] [INFO] [1784350286.648453033] [position_controller_node]: 3D position controller started at 100.0 Hz (source=pose_goal, odom timeout 0.200 s)
[quadrotor_dynamics_node-1] [INFO] [1784350286.656278933] [quadrotor_dynamics_node]: Dynamics started at 200.0 Hz; nominal steady-state hover RPM is 10818.9; ground contact is enabled at z=0.000 m; motor command watchdog is enabled (0.300 s)
[quadrotor_dynamics_node-1] [INFO] [1784350286.656359383] [quadrotor_dynamics_node]: External wrench input is enabled (frame=map, force_limit=2.000 N, timeout=0.200 s, torque_limit=0.000 N*m; torque must be zero)
[robot_state_publisher-3] [INFO] [1784350286.657213814] [robot_state_publisher]: got segment base_link
[robot_state_publisher-3] [INFO] [1784350286.657269205] [robot_state_publisher]: got segment front_marker_link
[robot_state_publisher-3] [INFO] [1784350286.657273848] [robot_state_publisher]: got segment m1_arm_link
[robot_state_publisher-3] [INFO] [1784350286.657276499] [robot_state_publisher]: got segment m1_motor_link
[robot_state_publisher-3] [INFO] [1784350286.657279209] [robot_state_publisher]: got segment m1_rotor_link
[robot_state_publisher-3] [INFO] [1784350286.657281639] [robot_state_publisher]: got segment m2_arm_link
[robot_state_publisher-3] [INFO] [1784350286.657283946] [robot_state_publisher]: got segment m2_motor_link
[robot_state_publisher-3] [INFO] [1784350286.657286231] [robot_state_publisher]: got segment m2_rotor_link
[robot_state_publisher-3] [INFO] [1784350286.657288470] [robot_state_publisher]: got segment m3_arm_link
[robot_state_publisher-3] [INFO] [1784350286.657290668] [robot_state_publisher]: got segment m3_motor_link
[robot_state_publisher-3] [INFO] [1784350286.657292829] [robot_state_publisher]: got segment m3_rotor_link
[robot_state_publisher-3] [INFO] [1784350286.657295017] [robot_state_publisher]: got segment m4_arm_link
[robot_state_publisher-3] [INFO] [1784350286.657297147] [robot_state_publisher]: got segment m4_motor_link
[robot_state_publisher-3] [INFO] [1784350286.657299288] [robot_state_publisher]: got segment m4_rotor_link
[position_controller_node-2] [WARN] [1784350286.658573445] [position_controller_node]: Waiting for /drone/goal; RPM=0
[position_controller_node-2] [INFO] [1784350286.688854922] [position_controller_node]: position target=[0.000, 0.000, 1.500] current=[0.000, 0.000, 0.000] world_v=[0.000, 0.000, 0.000] a_xy=[0.000, 0.000] thrust=14.307 torque=[0.0000, 0.0000, 0.0000] rpm_pre=[13067.5, 13067.5, 13067.5, 13067.5] rpm=[13067.5, 13067.5, 13067.5, 13067.5] saturation=[horizontal:false altitude:false attitude:false mixer:false] saturated=false
[INFO] [ros2-4]: process started with pid [41405]
[position_controller_node-2] [INFO] [1784350287.698602606] [position_controller_node]: position target=[0.000, 0.000, 1.500] current=[0.000, 0.000, 0.717] world_v=[0.000, 0.000, 0.864] a_xy=[0.000, 0.000] thrust=9.130 torque=[0.0000, 0.0000, 0.0000] rpm_pre=[10438.9, 10438.9, 10438.9, 10438.9] rpm=[10438.9, 10438.9, 10438.9, 10438.9] saturation=[horizontal:false altitude:false attitude:false mixer:false] saturated=false
[ros2-4] publisher: beginning loop
[ros2-4] publishing #1: geometry_msgs.msg.PoseStamped(header=std_msgs.msg.Header(stamp=builtin_interfaces.msg.Time(sec=0, nanosec=0), frame_id='map'), pose=geometry_msgs.msg.Pose(position=geometry_msgs.msg.Point(x=0.0, y=0.0, z=1.5), orientation=geometry_msgs.msg.Quaternion(x=0.0, y=0.0, z=0.0, w=1.0)))
[ros2-4] 
[INFO] [ros2-4]: process has finished cleanly [pid 41405]
[position_controller_node-2] [INFO] [1784350288.698687271] [position_controller_node]: position target=[0.000, 0.000, 1.500] current=[0.000, 0.000, 1.266] world_v=[0.000, 0.000, 0.297] a_xy=[0.000, 0.000] thrust=9.468 torque=[0.0000, 0.0000, 0.0000] rpm_pre=[10630.4, 10630.4, 10630.4, 10630.4] rpm=[10630.4, 10630.4, 10630.4, 10630.4] saturation=[horizontal:false altitude:false attitude:false mixer:false] saturated=false
[position_controller_node-2] [INFO] [1784350289.698756831] [position_controller_node]: position target=[0.000, 0.000, 1.500] current=[0.000, 0.000, 1.435] world_v=[0.000, 0.000, 0.084] a_xy=[0.000, 0.000] thrust=9.707 torque=[0.0000, 0.0000, 0.0000] rpm_pre=[10763.6, 10763.6, 10763.6, 10763.6] rpm=[10763.6, 10763.6, 10763.6, 10763.6] saturation=[horizontal:false altitude:false attitude:false mixer:false] saturated=false
[position_controller_node-2] [INFO] [1784350290.708729301] [position_controller_node]: position target=[0.000, 0.000, 1.500] current=[0.000, 0.000, 1.483] world_v=[0.000, 0.000, 0.023] a_xy=[0.000, 0.000] thrust=9.779 torque=[0.0000, 0.0000, 0.0000] rpm_pre=[10803.9, 10803.9, 10803.9, 10803.9] rpm=[10803.9, 10803.9, 10803.9, 10803.9] saturation=[horizontal:false altitude:false attitude:false mixer:false] saturated=false
[position_controller_node-2] [INFO] [1784350291.718781790] [position_controller_node]: position target=[0.000, 0.000, 1.500] current=[0.000, 0.000, 1.495] world_v=[0.000, 0.000, 0.006] a_xy=[0.000, 0.000] thrust=9.799 torque=[0.0000, 0.0000, 0.0000] rpm_pre=[10814.9, 10814.9, 10814.9, 10814.9] rpm=[10814.9, 10814.9, 10814.9, 10814.9] saturation=[horizontal:false altitude:false attitude:false mixer:false] saturated=false
[position_controller_node-2] [INFO] [1784350292.718845188] [position_controller_node]: position target=[0.000, 0.000, 1.500] current=[0.007, 0.000, 1.499] world_v=[0.064, 0.000, 0.002] a_xy=[-0.079, -0.000] thrust=9.805 torque=[0.0000, 0.0015, -0.0000] rpm_pre=[10812.0, 10823.8, 10823.8, 10812.0] rpm=[10812.0, 10823.8, 10823.8, 10812.0] saturation=[horizontal:false altitude:false attitude:false mixer:false] saturated=false
[position_controller_node-2] [INFO] [1784350293.718870708] [position_controller_node]: position target=[0.000, 0.000, 1.500] current=[0.149, 0.000, 1.500] world_v=[0.181, 0.000, 0.000] a_xy=[-0.288, -0.000] thrust=9.810 torque=[0.0000, -0.0002, -0.0000] rpm_pre=[10821.7, 10820.2, 10820.2, 10821.7] rpm=[10821.7, 10820.2, 10820.2, 10821.7] saturation=[horizontal:false altitude:false attitude:false mixer:false] saturated=false
[position_controller_node-2] [INFO] [1784350294.728998203] [position_controller_node]: position target=[0.000, 0.000, 1.500] current=[0.325, 0.000, 1.500] world_v=[0.155, 0.000, 0.000] a_xy=[-0.363, -0.000] thrust=9.813 torque=[0.0000, 0.0001, -0.0000] rpm_pre=[10822.1, 10823.0, 10823.0, 10822.1] rpm=[10822.1, 10823.0, 10823.0, 10822.1] saturation=[horizontal:false altitude:false attitude:false mixer:false] saturated=false
[position_controller_node-2] [INFO] [1784350295.738852840] [position_controller_node]: position target=[0.000, 0.000, 1.500] current=[0.445, 0.000, 1.500] world_v=[0.080, -0.000, 0.000] a_xy=[-0.380, 0.000] thrust=9.814 torque=[0.0000, 0.0000, -0.0000] rpm_pre=[10822.8, 10823.2, 10823.2, 10822.8] rpm=[10822.8, 10823.2, 10823.2, 10822.8] saturation=[horizontal:false altitude:false attitude:false mixer:false] saturated=false
[position_controller_node-2] [INFO] [1784350296.738903395] [position_controller_node]: position target=[0.000, 0.000, 1.500] current=[0.485, 0.000, 1.500] world_v=[0.001, 0.000, 0.000] a_xy=[-0.372, -0.000] thrust=9.814 torque=[0.0000, 0.0000, 0.0000] rpm_pre=[10822.7, 10823.0, 10823.0, 10822.7] rpm=[10822.7, 10823.0, 10823.0, 10822.7] saturation=[horizontal:false altitude:false attitude:false mixer:false] saturated=false
[position_controller_node-2] [INFO] [1784350297.748755448] [position_controller_node]: position target=[0.000, 0.000, 1.500] current=[0.451, 0.000, 1.500] world_v=[-0.064, -0.000, 0.000] a_xy=[-0.352, -0.000] thrust=9.813 torque=[-0.0000, 0.0000, -0.0000] rpm_pre=[10822.3, 10822.6, 10822.6, 10822.3] rpm=[10822.3, 10822.6, 10822.6, 10822.3] saturation=[horizontal:false altitude:false attitude:false mixer:false] saturated=false
[position_controller_node-2] [INFO] [1784350298.758719525] [position_controller_node]: position target=[0.000, 0.000, 1.500] current=[0.363, -0.000, 1.500] world_v=[-0.106, -0.000, 0.000] a_xy=[-0.329, 0.000] thrust=9.812 torque=[0.0000, 0.0000, -0.0000] rpm_pre=[10821.9, 10822.1, 10822.1, 10821.9] rpm=[10821.9, 10822.1, 10822.1, 10821.9] saturation=[horizontal:false altitude:false attitude:false mixer:false] saturated=false
[position_controller_node-2] [INFO] [1784350299.758845876] [position_controller_node]: position target=[0.000, 0.000, 1.500] current=[0.246, -0.000, 1.500] world_v=[-0.124, -0.000, 0.000] a_xy=[-0.299, 0.000] thrust=9.811 torque=[0.0000, 0.0003, 0.0000] rpm_pre=[10820.5, 10822.6, 10822.6, 10820.5] rpm=[10820.5, 10822.6, 10822.6, 10820.5] saturation=[horizontal:false altitude:false attitude:false mixer:false] saturated=false
[position_controller_node-2] [INFO] [1784350300.758865232] [position_controller_node]: position target=[0.000, 0.000, 1.500] current=[0.127, -0.000, 1.500] world_v=[-0.108, -0.000, -0.000] a_xy=[-0.272, 0.000] thrust=9.810 torque=[0.0000, -0.0000, 0.0000] rpm_pre=[10821.2, 10820.9, 10820.9, 10821.2] rpm=[10821.2, 10820.9, 10820.9, 10821.2] saturation=[horizontal:false altitude:false attitude:false mixer:false] saturated=false
[position_controller_node-2] [INFO] [1784350301.768854099] [position_controller_node]: position target=[0.000, 0.000, 1.500] current=[0.034, -0.000, 1.500] world_v=[-0.077, 0.000, -0.000] a_xy=[-0.271, 0.000] thrust=9.810 torque=[0.0000, -0.0000, -0.0000] rpm_pre=[10821.1, 10820.9, 10820.9, 10821.1] rpm=[10821.1, 10820.9, 10820.9, 10821.1] saturation=[horizontal:false altitude:false attitude:false mixer:false] saturated=false
[position_controller_node-2] [INFO] [1784350302.778848508] [position_controller_node]: position target=[0.000, 0.000, 1.500] current=[-0.029, -0.000, 1.500] world_v=[-0.050, 0.000, -0.000] a_xy=[-0.277, -0.000] thrust=9.811 torque=[0.0000, 0.0000, -0.0000] rpm_pre=[10821.1, 10821.1, 10821.1, 10821.1] rpm=[10821.1, 10821.1, 10821.1, 10821.1] saturation=[horizontal:false altitude:false attitude:false mixer:false] saturated=false
[position_controller_node-2] [INFO] [1784350303.778859267] [position_controller_node]: position target=[0.000, 0.000, 1.500] current=[-0.068, -0.000, 1.500] world_v=[-0.028, 0.000, -0.000] a_xy=[-0.280, 0.000] thrust=9.811 torque=[0.0000, -0.0000, 0.0000] rpm_pre=[10821.2, 10821.1, 10821.1, 10821.2] rpm=[10821.2, 10821.1, 10821.1, 10821.2] saturation=[horizontal:false altitude:false attitude:false mixer:false] saturated=false
[position_controller_node-2] [INFO] [1784350304.778941351] [position_controller_node]: position target=[0.000, 0.000, 1.500] current=[-0.086, -0.000, 1.500] world_v=[-0.009, 0.000, -0.000] a_xy=[-0.283, -0.000] thrust=9.811 torque=[-0.0000, -0.0000, -0.0000] rpm_pre=[10821.2, 10821.2, 10821.2, 10821.2] rpm=[10821.2, 10821.2, 10821.2, 10821.2] saturation=[horizontal:false altitude:false attitude:false mixer:false] saturated=false
[position_controller_node-2] [INFO] [1784350305.788934392] [position_controller_node]: position target=[0.000, 0.000, 1.500] current=[-0.088, 0.000, 1.500] world_v=[0.006, 0.000, -0.000] a_xy=[-0.288, 0.000] thrust=9.811 torque=[-0.0000, -0.0000, -0.0000] rpm_pre=[10821.3, 10821.2, 10821.2, 10821.3] rpm=[10821.3, 10821.2, 10821.2, 10821.3] saturation=[horizontal:false altitude:false attitude:false mixer:false] saturated=false
[position_controller_node-2] [INFO] [1784350306.798977173] [position_controller_node]: position target=[0.000, 0.000, 1.500] current=[-0.076, -0.000, 1.500] world_v=[0.016, -0.000, -0.000] a_xy=[-0.292, 0.000] thrust=9.811 torque=[0.0000, -0.0000, -0.0000] rpm_pre=[10821.4, 10821.3, 10821.3, 10821.4] rpm=[10821.4, 10821.3, 10821.3, 10821.4] saturation=[horizontal:false altitude:false attitude:false mixer:false] saturated=false
[WARNING] [launch]: user interrupted with ctrl-c (SIGINT)
[INFO] [robot_state_publisher-3]: sending signal 'SIGINT' to process[robot_state_publisher-3]
[INFO] [position_controller_node-2]: sending signal 'SIGINT' to process[position_controller_node-2]
[INFO] [quadrotor_dynamics_node-1]: sending signal 'SIGINT' to process[quadrotor_dynamics_node-1]
[position_controller_node-2] [INFO] [1784350307.511656788] [rclcpp]: signal_handler(SIGINT/SIGTERM)
[quadrotor_dynamics_node-1] [INFO] [1784350307.511670020] [rclcpp]: signal_handler(SIGINT/SIGTERM)
[robot_state_publisher-3] [INFO] [1784350307.511658935] [rclcpp]: signal_handler(SIGINT/SIGTERM)
[robot_state_publisher-3] [INFO] [1784350307.516581809] [rclcpp]: signal_handler(SIGINT/SIGTERM)
[ERROR] [position_controller_node-2]: process has died [pid 41371, exit code -2, cmd '/home/peter/ros2_drone_sim/install/drone_controller/lib/drone_controller/position_controller_node --ros-args -r __node:=position_controller_node --params-file /tmp/horizontal-integral-co815kgd/limit_0p35/controller.yaml --params-file /tmp/launch_params_53gj6zeg'].
[ERROR] [quadrotor_dynamics_node-1]: process has died [pid 41369, exit code -2, cmd '/home/peter/ros2_drone_sim/install/drone_dynamics/lib/drone_dynamics/quadrotor_dynamics_node --ros-args -r __node:=quadrotor_dynamics_node --params-file /tmp/horizontal-integral-co815kgd/limit_0p35/dynamics.yaml --params-file /tmp/launch_params_q92gc7yr'].
[INFO] [robot_state_publisher-3]: process has finished cleanly [pid 41373]
