{
  "final_position_error_m": 0.000333863984652627,
  "final_speed_m_s": 0.0004363013279156469,
  "final_window_mean_error_m": 0.0006870618784139056,
  "recorded_targets": [
    {
      "position": [
        0.0,
        0.0,
        1.5
      ],
      "yaw_rad": 0.0
    }
  ],
  "target_snapshot_matches_samples": true,
  "yaw_metrics_status": "available",
  "yaw_sample_count": 1413,
  "final_yaw_error_rad": 0.0,
  "yaw_error_rms_rad": 0.0,
  "maximum_absolute_yaw_error_rad": 0.0,
  "arrival_time_s": 3.056434154510498,
  "maximum_overshoot_m": 0.0,
  "maximum_overshoot_percent": null,
  "steady_state_mean_error_m": 0.004153283108135387,
  "steady_state_rms_error_m": 0.005922612780896273,
  "steady_state_max_error_m": 0.016502467002784016,
  "maximum_goal_position_error_m": 1.5,
  "full_mission_tracking_max_error_m": null,
  "full_mission_tracking_rms_error_m": null,
  "minimum_raw_obstacle_distance_m": 2.2,
  "safety_radius_m": 0.25,
  "minimum_safety_clearance_m": 1.9500000000000002,
  "straight_line_distance_m": 1.5,
  "actual_path_length_m": 1.4996661360153474,
  "flight_time_s": 7.060056447982788,
  "planned_segment_count": 0,
  "simplified_segment_count": 0,
  "reference_segment_count": 0,
  "planned_path_length_m": null,
  "simplified_path_length_m": null,
  "reference_path_length_m": null,
  "path_efficiency": null,
  "planned_vs_straight_ratio": null,
  "actual_vs_reference_ratio": null,
  "maximum_absolute_roll_rad": 0.0,
  "maximum_absolute_pitch_rad": 0.0,
  "maximum_angular_speed_rad_s": 0.0,
  "non_finite_attitude_count": 0,
  "attitude_divergence_detected": false,
  "minimum_commanded_motor_rpm": 0.0,
  "maximum_commanded_motor_rpm": 13067.535212862302,
  "minimum_motor_rpm": 0.0,
  "maximum_motor_rpm": 13067.535212862302,
  "motor_rpm_semantics": "commanded_motor_rpm",
  "saturation_sample_source": "diagnostics_callbacks",
  "saturation_sample_count": 0,
  "longest_saturation_duration_s": 0.0,
  "saturated_at_end": false,
  "non_finite_rpm_count": 0
}
