[INFO] [launch]: All log files can be found below /home/peter/.ros/log/2026-07-18-12-49-26-939165-peter-acer-40899
[INFO] [launch]: Default logging verbosity is set to INFO
[INFO] [quadrotor_dynamics_node-1]: process started with pid [40915]
[INFO] [position_controller_node-2]: process started with pid [40917]
[INFO] [robot_state_publisher-3]: process started with pid [40919]
[robot_state_publisher-3] [INFO] [1784350167.039435995] [robot_state_publisher]: got segment base_link
[robot_state_publisher-3] [INFO] [1784350167.039575252] [robot_state_publisher]: got segment front_marker_link
[robot_state_publisher-3] [INFO] [1784350167.039595788] [robot_state_publisher]: got segment m1_arm_link
[robot_state_publisher-3] [INFO] [1784350167.039609854] [robot_state_publisher]: got segment m1_motor_link
[robot_state_publisher-3] [INFO] [1784350167.039634024] [robot_state_publisher]: got segment m1_rotor_link
[robot_state_publisher-3] [INFO] [1784350167.039647027] [robot_state_publisher]: got segment m2_arm_link
[robot_state_publisher-3] [INFO] [1784350167.039658493] [robot_state_publisher]: got segment m2_motor_link
[robot_state_publisher-3] [INFO] [1784350167.039670207] [robot_state_publisher]: got segment m2_rotor_link
[robot_state_publisher-3] [INFO] [1784350167.039681626] [robot_state_publisher]: got segment m3_arm_link
[robot_state_publisher-3] [INFO] [1784350167.039693462] [robot_state_publisher]: got segment m3_motor_link
[robot_state_publisher-3] [INFO] [1784350167.039704931] [robot_state_publisher]: got segment m3_rotor_link
[robot_state_publisher-3] [INFO] [1784350167.039716027] [robot_state_publisher]: got segment m4_arm_link
[robot_state_publisher-3] [INFO] [1784350167.039727358] [robot_state_publisher]: got segment m4_motor_link
[robot_state_publisher-3] [INFO] [1784350167.039739159] [robot_state_publisher]: got segment m4_rotor_link
[position_controller_node-2] [INFO] [1784350167.041283504] [position_controller_node]: 3D position controller started at 100.0 Hz (source=pose_goal, odom timeout 0.200 s)
[quadrotor_dynamics_node-1] [INFO] [1784350167.042702984] [quadrotor_dynamics_node]: Dynamics started at 200.0 Hz; nominal steady-state hover RPM is 10818.9; ground contact is enabled at z=0.000 m; motor command watchdog is enabled (0.300 s)
[quadrotor_dynamics_node-1] [INFO] [1784350167.042763872] [quadrotor_dynamics_node]: External wrench input is enabled (frame=map, force_limit=2.000 N, timeout=0.200 s, torque_limit=0.000 N*m; torque must be zero)
[position_controller_node-2] [INFO] [1784350167.051466688] [position_controller_node]: position target=[0.000, 0.000, 1.500] current=[0.000, 0.000, 0.000] world_v=[0.000, 0.000, 0.000] a_xy=[0.000, 0.000] thrust=14.307 torque=[0.0000, 0.0000, 0.0000] rpm_pre=[13067.5, 13067.5, 13067.5, 13067.5] rpm=[13067.5, 13067.5, 13067.5, 13067.5] saturation=[horizontal:false altitude:false attitude:false mixer:false] saturated=false
[INFO] [ros2-4]: process started with pid [40951]
[position_controller_node-2] [INFO] [1784350168.051552998] [position_controller_node]: position target=[0.000, 0.000, 1.500] current=[0.000, 0.000, 0.709] world_v=[0.000, 0.000, 0.871] a_xy=[0.000, 0.000] thrust=9.133 torque=[0.0000, 0.0000, 0.0000] rpm_pre=[10440.6, 10440.6, 10440.6, 10440.6] rpm=[10440.6, 10440.6, 10440.6, 10440.6] saturation=[horizontal:false altitude:false attitude:false mixer:false] saturated=false
[ros2-4] publisher: beginning loop
[ros2-4] publishing #1: geometry_msgs.msg.PoseStamped(header=std_msgs.msg.Header(stamp=builtin_interfaces.msg.Time(sec=0, nanosec=0), frame_id='map'), pose=geometry_msgs.msg.Pose(position=geometry_msgs.msg.Point(x=0.0, y=0.0, z=1.5), orientation=geometry_msgs.msg.Quaternion(x=0.0, y=0.0, z=0.0, w=1.0)))
[ros2-4] 
[INFO] [ros2-4]: process has finished cleanly [pid 40951]
[position_controller_node-2] [INFO] [1784350169.051603786] [position_controller_node]: position target=[0.000, 0.000, 1.500] current=[0.000, 0.000, 1.263] world_v=[0.000, 0.000, 0.301] a_xy=[0.000, 0.000] thrust=9.464 torque=[0.0000, 0.0000, 0.0000] rpm_pre=[10628.2, 10628.2, 10628.2, 10628.2] rpm=[10628.2, 10628.2, 10628.2, 10628.2] saturation=[horizontal:false altitude:false attitude:false mixer:false] saturated=false
[position_controller_node-2] [INFO] [1784350170.051668893] [position_controller_node]: position target=[0.000, 0.000, 1.500] current=[0.000, 0.000, 1.435] world_v=[0.000, 0.000, 0.085] a_xy=[0.000, 0.000] thrust=9.705 torque=[0.0000, 0.0000, 0.0000] rpm_pre=[10762.9, 10762.9, 10762.9, 10762.9] rpm=[10762.9, 10762.9, 10762.9, 10762.9] saturation=[horizontal:false altitude:false attitude:false mixer:false] saturated=false
[position_controller_node-2] [INFO] [1784350171.061570733] [position_controller_node]: position target=[0.000, 0.000, 1.500] current=[0.000, 0.000, 1.482] world_v=[0.000, 0.000, 0.023] a_xy=[0.000, 0.000] thrust=9.779 torque=[0.0000, 0.0000, 0.0000] rpm_pre=[10803.7, 10803.7, 10803.7, 10803.7] rpm=[10803.7, 10803.7, 10803.7, 10803.7] saturation=[horizontal:false altitude:false attitude:false mixer:false] saturated=false
[position_controller_node-2] [INFO] [1784350172.061636075] [position_controller_node]: position target=[0.000, 0.000, 1.500] current=[0.000, 0.000, 1.495] world_v=[0.000, 0.000, 0.006] a_xy=[0.000, 0.000] thrust=9.799 torque=[0.0000, 0.0000, 0.0000] rpm_pre=[10814.8, 10814.8, 10814.8, 10814.8] rpm=[10814.8, 10814.8, 10814.8, 10814.8] saturation=[horizontal:false altitude:false attitude:false mixer:false] saturated=false
[position_controller_node-2] [INFO] [1784350173.071656772] [position_controller_node]: position target=[0.000, 0.000, 1.500] current=[0.007, 0.000, 1.499] world_v=[0.061, 0.000, 0.002] a_xy=[-0.076, -0.000] thrust=9.805 torque=[0.0000, 0.0005, -0.0000] rpm_pre=[10816.0, 10819.7, 10819.7, 10816.0] rpm=[10816.0, 10819.7, 10819.7, 10816.0] saturation=[horizontal:false altitude:false attitude:false mixer:false] saturated=false
[position_controller_node-2] [INFO] [1784350174.081573079] [position_controller_node]: position target=[0.000, 0.000, 1.500] current=[0.149, 0.000, 1.500] world_v=[0.181, 0.000, 0.000] a_xy=[-0.288, -0.000] thrust=9.810 torque=[-0.0000, -0.0002, 0.0000] rpm_pre=[10821.7, 10820.2, 10820.2, 10821.7] rpm=[10821.7, 10820.2, 10820.2, 10821.7] saturation=[horizontal:false altitude:false attitude:false mixer:false] saturated=false
[position_controller_node-2] [INFO] [1784350175.081681877] [position_controller_node]: position target=[0.000, 0.000, 1.500] current=[0.317, 0.000, 1.500] world_v=[0.092, 0.000, 0.000] a_xy=[-0.283, -0.000] thrust=9.812 torque=[-0.0000, -0.0014, -0.0000] rpm_pre=[10827.1, 10816.2, 10816.2, 10827.1] rpm=[10827.1, 10816.2, 10816.2, 10827.1] saturation=[horizontal:false altitude:false attitude:false mixer:false] saturated=false
[position_controller_node-2] [INFO] [1784350176.091599901] [position_controller_node]: position target=[0.000, 0.000, 1.500] current=[0.294, 0.000, 1.500] world_v=[-0.101, 0.000, 0.000] a_xy=[-0.091, -0.000] thrust=9.807 torque=[0.0000, 0.0003, -0.0000] rpm_pre=[10818.0, 10820.2, 10820.2, 10818.0] rpm=[10818.0, 10820.2, 10820.2, 10818.0] saturation=[horizontal:false altitude:false attitude:false mixer:false] saturated=false
[position_controller_node-2] [INFO] [1784350177.091715584] [position_controller_node]: position target=[0.000, 0.000, 1.500] current=[0.160, 0.000, 1.500] world_v=[-0.153, -0.000, -0.000] a_xy=[-0.010, -0.000] thrust=9.807 torque=[-0.0000, -0.0001, 0.0000] rpm_pre=[10819.2, 10818.7, 10818.7, 10819.2] rpm=[10819.2, 10818.7, 10818.7, 10819.2] saturation=[horizontal:false altitude:false attitude:false mixer:false] saturated=false
[position_controller_node-2] [INFO] [1784350178.101644791] [position_controller_node]: position target=[0.000, 0.000, 1.500] current=[0.007, 0.000, 1.500] world_v=[-0.143, -0.000, -0.000] a_xy=[0.028, -0.000] thrust=9.807 torque=[-0.0000, -0.0000, 0.0000] rpm_pre=[10819.0, 10818.9, 10818.9, 10819.0] rpm=[10819.0, 10818.9, 10818.9, 10819.0] saturation=[horizontal:false altitude:false attitude:false mixer:false] saturated=false
[position_controller_node-2] [INFO] [1784350179.101811347] [position_controller_node]: position target=[0.000, 0.000, 1.500] current=[-0.109, 0.000, 1.500] world_v=[-0.076, -0.000, -0.000] a_xy=[0.088, 0.000] thrust=9.807 torque=[-0.0000, -0.0001, 0.0000] rpm_pre=[10819.5, 10818.9, 10818.9, 10819.5] rpm=[10819.5, 10818.9, 10818.9, 10819.5] saturation=[horizontal:false altitude:false attitude:false mixer:false] saturated=false
[position_controller_node-2] [INFO] [1784350180.111652953] [position_controller_node]: position target=[0.000, 0.000, 1.500] current=[-0.145, -0.000, 1.500] world_v=[0.001, -0.000, 0.000] a_xy=[0.053, 0.000] thrust=9.807 torque=[0.0000, -0.0000, -0.0000] rpm_pre=[10819.1, 10818.9, 10818.9, 10819.1] rpm=[10819.1, 10818.9, 10818.9, 10819.1] saturation=[horizontal:false altitude:false attitude:false mixer:false] saturated=false
[position_controller_node-2] [INFO] [1784350181.121772226] [position_controller_node]: position target=[0.000, 0.000, 1.500] current=[-0.122, -0.000, 1.500] world_v=[0.038, 0.000, -0.000] a_xy=[0.020, -0.000] thrust=9.807 torque=[-0.0000, 0.0000, -0.0000] rpm_pre=[10819.0, 10819.0, 10819.0, 10819.0] rpm=[10819.0, 10819.0, 10819.0, 10819.0] saturation=[horizontal:false altitude:false attitude:false mixer:false] saturated=false
[position_controller_node-2] [INFO] [1784350182.131739828] [position_controller_node]: position target=[0.000, 0.000, 1.500] current=[-0.076, -0.000, 1.500] world_v=[0.050, 0.000, -0.000] a_xy=[0.003, -0.000] thrust=9.807 torque=[0.0000, 0.0000, 0.0000] rpm_pre=[10818.9, 10819.0, 10819.0, 10818.9] rpm=[10818.9, 10819.0, 10819.0, 10818.9] saturation=[horizontal:false altitude:false attitude:false mixer:false] saturated=false
[position_controller_node-2] [INFO] [1784350183.131808395] [position_controller_node]: position target=[0.000, 0.000, 1.500] current=[-0.026, 0.000, 1.500] world_v=[0.048, 0.000, -0.000] a_xy=[-0.007, -0.000] thrust=9.807 torque=[-0.0000, 0.0000, -0.0000] rpm_pre=[10818.9, 10819.0, 10819.0, 10818.9] rpm=[10818.9, 10819.0, 10819.0, 10818.9] saturation=[horizontal:false altitude:false attitude:false mixer:false] saturated=false
[position_controller_node-2] [INFO] [1784350184.141933262] [position_controller_node]: position target=[0.000, 0.000, 1.500] current=[0.017, 0.000, 1.500] world_v=[0.036, 0.000, -0.000] a_xy=[-0.024, -0.000] thrust=9.807 torque=[0.0000, -0.0001, -0.0000] rpm_pre=[10819.4, 10818.5, 10818.5, 10819.4] rpm=[10819.4, 10818.5, 10818.5, 10819.4] saturation=[horizontal:false altitude:false attitude:false mixer:false] saturated=false
[WARNING] [launch]: user interrupted with ctrl-c (SIGINT)
[INFO] [robot_state_publisher-3]: sending signal 'SIGINT' to process[robot_state_publisher-3]
[INFO] [position_controller_node-2]: sending signal 'SIGINT' to process[position_controller_node-2]
[INFO] [quadrotor_dynamics_node-1]: sending signal 'SIGINT' to process[quadrotor_dynamics_node-1]
[robot_state_publisher-3] [INFO] [1784350184.873633445] [rclcpp]: signal_handler(SIGINT/SIGTERM)
[position_controller_node-2] [INFO] [1784350184.873649922] [rclcpp]: signal_handler(SIGINT/SIGTERM)
[quadrotor_dynamics_node-1] [INFO] [1784350184.873650589] [rclcpp]: signal_handler(SIGINT/SIGTERM)
[ERROR] [position_controller_node-2]: process has died [pid 40917, exit code -2, cmd '/home/peter/ros2_drone_sim/install/drone_controller/lib/drone_controller/position_controller_node --ros-args -r __node:=position_controller_node --params-file /tmp/horizontal-integral-qnkrsnod/kaw_1p0_force_0p3/controller.yaml --params-file /tmp/launch_params_pypzsd10'].
[robot_state_publisher-3] [INFO] [1784350184.877920547] [rclcpp]: signal_handler(SIGINT/SIGTERM)
[ERROR] [quadrotor_dynamics_node-1]: process has died [pid 40915, exit code -2, cmd '/home/peter/ros2_drone_sim/install/drone_dynamics/lib/drone_dynamics/quadrotor_dynamics_node --ros-args -r __node:=quadrotor_dynamics_node --params-file /tmp/horizontal-integral-qnkrsnod/kaw_1p0_force_0p3/dynamics.yaml --params-file /tmp/launch_params_v_6sg1hx'].
[INFO] [robot_state_publisher-3]: process has finished cleanly [pid 40919]
