[INFO] [launch]: All log files can be found below /home/peter/.ros/log/2026-07-18-12-48-49-026286-peter-acer-40752
[INFO] [launch]: Default logging verbosity is set to INFO
[INFO] [quadrotor_dynamics_node-1]: process started with pid [40764]
[INFO] [position_controller_node-2]: process started with pid [40766]
[INFO] [robot_state_publisher-3]: process started with pid [40768]
[robot_state_publisher-3] [INFO] [1784350129.130660693] [robot_state_publisher]: got segment base_link
[robot_state_publisher-3] [INFO] [1784350129.130727951] [robot_state_publisher]: got segment front_marker_link
[robot_state_publisher-3] [INFO] [1784350129.130732521] [robot_state_publisher]: got segment m1_arm_link
[robot_state_publisher-3] [INFO] [1784350129.130735234] [robot_state_publisher]: got segment m1_motor_link
[robot_state_publisher-3] [INFO] [1784350129.130739674] [robot_state_publisher]: got segment m1_rotor_link
[robot_state_publisher-3] [INFO] [1784350129.130743253] [robot_state_publisher]: got segment m2_arm_link
[robot_state_publisher-3] [INFO] [1784350129.130746835] [robot_state_publisher]: got segment m2_motor_link
[robot_state_publisher-3] [INFO] [1784350129.130750008] [robot_state_publisher]: got segment m2_rotor_link
[robot_state_publisher-3] [INFO] [1784350129.130753407] [robot_state_publisher]: got segment m3_arm_link
[robot_state_publisher-3] [INFO] [1784350129.130757057] [robot_state_publisher]: got segment m3_motor_link
[robot_state_publisher-3] [INFO] [1784350129.130759394] [robot_state_publisher]: got segment m3_rotor_link
[robot_state_publisher-3] [INFO] [1784350129.130761751] [robot_state_publisher]: got segment m4_arm_link
[robot_state_publisher-3] [INFO] [1784350129.130763972] [robot_state_publisher]: got segment m4_motor_link
[robot_state_publisher-3] [INFO] [1784350129.130766591] [robot_state_publisher]: got segment m4_rotor_link
[quadrotor_dynamics_node-1] [INFO] [1784350129.135985640] [quadrotor_dynamics_node]: Dynamics started at 200.0 Hz; nominal steady-state hover RPM is 10818.9; ground contact is enabled at z=0.000 m; motor command watchdog is enabled (0.300 s)
[quadrotor_dynamics_node-1] [INFO] [1784350129.136058002] [quadrotor_dynamics_node]: External wrench input is enabled (frame=map, force_limit=2.000 N, timeout=0.200 s, torque_limit=0.000 N*m; torque must be zero)
[position_controller_node-2] [INFO] [1784350129.136083363] [position_controller_node]: 3D position controller started at 100.0 Hz (source=pose_goal, odom timeout 0.200 s)
[position_controller_node-2] [INFO] [1784350129.146180362] [position_controller_node]: position target=[0.000, 0.000, 1.500] current=[0.000, 0.000, 0.000] world_v=[0.000, 0.000, 0.000] a_xy=[0.000, 0.000] thrust=14.307 torque=[0.0000, 0.0000, 0.0000] rpm_pre=[13067.5, 13067.5, 13067.5, 13067.5] rpm=[13067.5, 13067.5, 13067.5, 13067.5] saturation=[horizontal:false altitude:false attitude:false mixer:false] saturated=false
[INFO] [ros2-4]: process started with pid [40803]
[position_controller_node-2] [INFO] [1784350130.156321854] [position_controller_node]: position target=[0.000, 0.000, 1.500] current=[0.000, 0.000, 0.718] world_v=[0.000, 0.000, 0.868] a_xy=[0.000, 0.000] thrust=9.114 torque=[0.0000, 0.0000, 0.0000] rpm_pre=[10430.2, 10430.2, 10430.2, 10430.2] rpm=[10430.2, 10430.2, 10430.2, 10430.2] saturation=[horizontal:false altitude:false attitude:false mixer:false] saturated=false
[ros2-4] publisher: beginning loop
[ros2-4] publishing #1: geometry_msgs.msg.PoseStamped(header=std_msgs.msg.Header(stamp=builtin_interfaces.msg.Time(sec=0, nanosec=0), frame_id='map'), pose=geometry_msgs.msg.Pose(position=geometry_msgs.msg.Point(x=0.0, y=0.0, z=1.5), orientation=geometry_msgs.msg.Quaternion(x=0.0, y=0.0, z=0.0, w=1.0)))
[ros2-4] 
[INFO] [ros2-4]: process has finished cleanly [pid 40803]
[position_controller_node-2] [INFO] [1784350131.156369499] [position_controller_node]: position target=[0.000, 0.000, 1.500] current=[0.000, 0.000, 1.267] world_v=[0.000, 0.000, 0.296] a_xy=[0.000, 0.000] thrust=9.471 torque=[0.0000, 0.0000, 0.0000] rpm_pre=[10632.1, 10632.1, 10632.1, 10632.1] rpm=[10632.1, 10632.1, 10632.1, 10632.1] saturation=[horizontal:false altitude:false attitude:false mixer:false] saturated=false
[position_controller_node-2] [INFO] [1784350132.156442816] [position_controller_node]: position target=[0.000, 0.000, 1.500] current=[0.000, 0.000, 1.435] world_v=[0.000, 0.000, 0.084] a_xy=[0.000, 0.000] thrust=9.708 torque=[0.0000, 0.0000, 0.0000] rpm_pre=[10764.3, 10764.3, 10764.3, 10764.3] rpm=[10764.3, 10764.3, 10764.3, 10764.3] saturation=[horizontal:false altitude:false attitude:false mixer:false] saturated=false
[position_controller_node-2] [INFO] [1784350133.166392001] [position_controller_node]: position target=[0.000, 0.000, 1.500] current=[0.000, 0.000, 1.482] world_v=[0.000, 0.000, 0.023] a_xy=[0.000, 0.000] thrust=9.780 torque=[0.0000, 0.0000, 0.0000] rpm_pre=[10804.0, 10804.0, 10804.0, 10804.0] rpm=[10804.0, 10804.0, 10804.0, 10804.0] saturation=[horizontal:false altitude:false attitude:false mixer:false] saturated=false
[position_controller_node-2] [INFO] [1784350134.176462357] [position_controller_node]: position target=[0.000, 0.000, 1.500] current=[0.000, 0.000, 1.495] world_v=[0.000, 0.000, 0.006] a_xy=[0.000, 0.000] thrust=9.799 torque=[0.0000, 0.0000, 0.0000] rpm_pre=[10814.9, 10814.9, 10814.9, 10814.9] rpm=[10814.9, 10814.9, 10814.9, 10814.9] saturation=[horizontal:false altitude:false attitude:false mixer:false] saturated=false
[position_controller_node-2] [INFO] [1784350135.186396027] [position_controller_node]: position target=[0.000, 0.000, 1.500] current=[0.008, 0.000, 1.499] world_v=[0.065, 0.000, 0.002] a_xy=[-0.081, -0.000] thrust=9.805 torque=[0.0000, 0.0026, -0.0000] rpm_pre=[10807.8, 10828.1, 10828.1, 10807.8] rpm=[10807.8, 10828.1, 10828.1, 10807.8] saturation=[horizontal:false altitude:false attitude:false mixer:false] saturated=false
[position_controller_node-2] [INFO] [1784350136.186525573] [position_controller_node]: position target=[0.000, 0.000, 1.500] current=[0.150, 0.000, 1.500] world_v=[0.181, 0.000, 0.000] a_xy=[-0.288, -0.000] thrust=9.810 torque=[0.0000, -0.0010, -0.0000] rpm_pre=[10824.7, 10817.2, 10817.2, 10824.7] rpm=[10824.7, 10817.2, 10817.2, 10824.7] saturation=[horizontal:false altitude:false attitude:false mixer:false] saturated=false
[position_controller_node-2] [INFO] [1784350137.196591330] [position_controller_node]: position target=[0.000, 0.000, 1.500] current=[0.318, 0.000, 1.500] world_v=[0.087, 0.000, 0.000] a_xy=[-0.278, -0.000] thrust=9.811 torque=[-0.0000, -0.0034, -0.0000] rpm_pre=[10834.7, 10808.4, 10808.4, 10834.7] rpm=[10834.7, 10808.4, 10808.4, 10834.7] saturation=[horizontal:false altitude:false attitude:false mixer:false] saturated=false
[position_controller_node-2] [INFO] [1784350138.206597318] [position_controller_node]: position target=[0.000, 0.000, 1.500] current=[0.292, 0.000, 1.500] world_v=[-0.102, -0.000, 0.000] a_xy=[-0.090, -0.000] thrust=9.807 torque=[0.0000, 0.0011, -0.0000] rpm_pre=[10814.7, 10823.6, 10823.6, 10814.7] rpm=[10814.7, 10823.6, 10823.6, 10814.7] saturation=[horizontal:false altitude:false attitude:false mixer:false] saturated=false
[position_controller_node-2] [INFO] [1784350139.216577885] [position_controller_node]: position target=[0.000, 0.000, 1.500] current=[0.156, 0.000, 1.500] world_v=[-0.153, -0.000, -0.000] a_xy=[-0.009, 0.000] thrust=9.807 torque=[0.0000, -0.0002, -0.0000] rpm_pre=[10819.8, 10818.1, 10818.1, 10819.8] rpm=[10819.8, 10818.1, 10818.1, 10819.8] saturation=[horizontal:false altitude:false attitude:false mixer:false] saturated=false
[position_controller_node-2] [INFO] [1784350140.226500930] [position_controller_node]: position target=[0.000, 0.000, 1.500] current=[0.003, 0.000, 1.500] world_v=[-0.143, -0.000, -0.000] a_xy=[0.028, 0.000] thrust=9.807 torque=[0.0000, -0.0000, 0.0000] rpm_pre=[10819.0, 10818.9, 10818.9, 10819.0] rpm=[10819.0, 10818.9, 10818.9, 10819.0] saturation=[horizontal:false altitude:false attitude:false mixer:false] saturated=false
[position_controller_node-2] [INFO] [1784350141.226584994] [position_controller_node]: position target=[0.000, 0.000, 1.500] current=[-0.116, -0.000, 1.500] world_v=[-0.088, -0.000, -0.000] a_xy=[0.073, 0.000] thrust=9.807 torque=[0.0000, -0.0002, -0.0000] rpm_pre=[10819.8, 10818.4, 10818.4, 10819.8] rpm=[10819.8, 10818.4, 10818.4, 10819.8] saturation=[horizontal:false altitude:false attitude:false mixer:false] saturated=false
[position_controller_node-2] [INFO] [1784350142.226599001] [position_controller_node]: position target=[0.000, 0.000, 1.500] current=[-0.168, -0.000, 1.500] world_v=[-0.018, 0.000, 0.000] a_xy=[0.058, 0.000] thrust=9.807 torque=[0.0000, -0.0000, 0.0000] rpm_pre=[10819.0, 10819.0, 10819.0, 10819.0] rpm=[10819.0, 10819.0, 10819.0, 10819.0] saturation=[horizontal:false altitude:false attitude:false mixer:false] saturated=false
[position_controller_node-2] [INFO] [1784350143.226677212] [position_controller_node]: position target=[0.000, 0.000, 1.500] current=[-0.160, -0.000, 1.500] world_v=[0.029, 0.000, 0.000] a_xy=[0.030, -0.000] thrust=9.807 torque=[0.0000, -0.0000, 0.0000] rpm_pre=[10819.1, 10818.9, 10818.9, 10819.1] rpm=[10819.1, 10818.9, 10818.9, 10819.1] saturation=[horizontal:false altitude:false attitude:false mixer:false] saturated=false
[position_controller_node-2] [INFO] [1784350144.236728129] [position_controller_node]: position target=[0.000, 0.000, 1.500] current=[-0.118, 0.000, 1.500] world_v=[0.050, 0.000, -0.000] a_xy=[0.010, -0.000] thrust=9.807 torque=[-0.0000, 0.0000, -0.0000] rpm_pre=[10818.9, 10819.0, 10819.0, 10818.9] rpm=[10818.9, 10819.0, 10819.0, 10818.9] saturation=[horizontal:false altitude:false attitude:false mixer:false] saturated=false
[position_controller_node-2] [INFO] [1784350145.246517525] [position_controller_node]: position target=[0.000, 0.000, 1.500] current=[-0.064, 0.000, 1.500] world_v=[0.054, 0.000, -0.000] a_xy=[-0.002, -0.000] thrust=9.807 torque=[-0.0000, 0.0000, -0.0000] rpm_pre=[10818.9, 10818.9, 10818.9, 10818.9] rpm=[10818.9, 10818.9, 10818.9, 10818.9] saturation=[horizontal:false altitude:false attitude:false mixer:false] saturated=false
[position_controller_node-2] [INFO] [1784350146.246582803] [position_controller_node]: position target=[0.000, 0.000, 1.500] current=[-0.013, 0.000, 1.500] world_v=[0.048, -0.000, -0.000] a_xy=[-0.010, 0.000] thrust=9.807 torque=[0.0000, 0.0000, -0.0000] rpm_pre=[10818.9, 10819.0, 10819.0, 10818.9] rpm=[10818.9, 10819.0, 10819.0, 10818.9] saturation=[horizontal:false altitude:false attitude:false mixer:false] saturated=false
[WARNING] [launch]: user interrupted with ctrl-c (SIGINT)
[INFO] [robot_state_publisher-3]: sending signal 'SIGINT' to process[robot_state_publisher-3]
[INFO] [position_controller_node-2]: sending signal 'SIGINT' to process[position_controller_node-2]
[INFO] [quadrotor_dynamics_node-1]: sending signal 'SIGINT' to process[quadrotor_dynamics_node-1]
[robot_state_publisher-3] [INFO] [1784350146.970301840] [rclcpp]: signal_handler(SIGINT/SIGTERM)
[ERROR] [robot_state_publisher-3]: process has died [pid 40768, exit code -2, cmd '/opt/ros/humble/lib/robot_state_publisher/robot_state_publisher --ros-args -r __node:=robot_state_publisher --params-file /tmp/launch_params_uh_x4en_'].
[position_controller_node-2] [INFO] [1784350146.970314668] [rclcpp]: signal_handler(SIGINT/SIGTERM)
[ERROR] [position_controller_node-2]: process has died [pid 40766, exit code -2, cmd '/home/peter/ros2_drone_sim/install/drone_controller/lib/drone_controller/position_controller_node --ros-args -r __node:=position_controller_node --params-file /tmp/horizontal-integral-qnkrsnod/kaw_0p5_force_0p3/controller.yaml --params-file /tmp/launch_params_l8qqjudl'].
[quadrotor_dynamics_node-1] [INFO] [1784350146.970316469] [rclcpp]: signal_handler(SIGINT/SIGTERM)
[ERROR] [quadrotor_dynamics_node-1]: process has died [pid 40764, exit code -2, cmd '/home/peter/ros2_drone_sim/install/drone_dynamics/lib/drone_dynamics/quadrotor_dynamics_node --ros-args -r __node:=quadrotor_dynamics_node --params-file /tmp/horizontal-integral-qnkrsnod/kaw_0p5_force_0p3/dynamics.yaml --params-file /tmp/launch_params_npu8ig62'].
