[INFO] [launch]: All log files can be found below /home/peter/.ros/log/2026-07-16-12-09-40-525581-peter-acer-79991
[INFO] [launch]: Default logging verbosity is set to INFO
[INFO] [quadrotor_dynamics_node-1]: process started with pid [80004]
[INFO] [position_controller_node-2]: process started with pid [80006]
[INFO] [robot_state_publisher-3]: process started with pid [80008]
[INFO] [static_environment_node-4]: process started with pid [80010]
[INFO] [astar_planner_node-5]: process started with pid [80012]
[INFO] [planned_trajectory_node-6]: process started with pid [80014]
[static_environment_node-4] [INFO] [1784174980.629300541] [static_environment_node]: static environment started with 2 obstacles and safety radius 0.250 m
[position_controller_node-2] [INFO] [1784174980.634261811] [position_controller_node]: 3D position controller started at 100.0 Hz (source=trajectory, odom timeout 0.200 s)
[robot_state_publisher-3] [INFO] [1784174980.635418288] [robot_state_publisher]: got segment base_link
[robot_state_publisher-3] [INFO] [1784174980.635520952] [robot_state_publisher]: got segment front_marker_link
[robot_state_publisher-3] [INFO] [1784174980.635534603] [robot_state_publisher]: got segment m1_arm_link
[robot_state_publisher-3] [INFO] [1784174980.635542344] [robot_state_publisher]: got segment m1_motor_link
[robot_state_publisher-3] [INFO] [1784174980.635550034] [robot_state_publisher]: got segment m1_rotor_link
[robot_state_publisher-3] [INFO] [1784174980.635557394] [robot_state_publisher]: got segment m2_arm_link
[robot_state_publisher-3] [INFO] [1784174980.635564733] [robot_state_publisher]: got segment m2_motor_link
[robot_state_publisher-3] [INFO] [1784174980.635572052] [robot_state_publisher]: got segment m2_rotor_link
[robot_state_publisher-3] [INFO] [1784174980.635578995] [robot_state_publisher]: got segment m3_arm_link
[robot_state_publisher-3] [INFO] [1784174980.635585962] [robot_state_publisher]: got segment m3_motor_link
[robot_state_publisher-3] [INFO] [1784174980.635593094] [robot_state_publisher]: got segment m3_rotor_link
[robot_state_publisher-3] [INFO] [1784174980.635599516] [robot_state_publisher]: got segment m4_arm_link
[robot_state_publisher-3] [INFO] [1784174980.635606353] [robot_state_publisher]: got segment m4_motor_link
[robot_state_publisher-3] [INFO] [1784174980.635613245] [robot_state_publisher]: got segment m4_rotor_link
[planned_trajectory_node-6] [INFO] [1784174980.642267594] [planned_trajectory_node]: planned trajectory node waiting for raw path; effective planning radius 0.350 m; execution enabled
[quadrotor_dynamics_node-1] [INFO] [1784174980.642750171] [quadrotor_dynamics_node]: Dynamics started at 200.0 Hz; nominal steady-state hover RPM is 10818.9; ground contact is enabled at z=0.000 m; motor command watchdog is enabled (0.300 s)
[position_controller_node-2] [WARN] [1784174980.645908131] [position_controller_node]: Waiting for /drone/trajectory_setpoint; RPM=0
[astar_planner_node-5] [INFO] [1784174980.768079492] [astar_planner_node]: planning succeeded: time=139.635 ms path_nodes=40 path_length=11.771031 m expanded_nodes=1843 base_safety_radius=0.250 m planning_margin=0.100 m effective_planning_radius=0.350 m
[planned_trajectory_node-6] [INFO] [1784174980.890084397] [planned_trajectory_node]: planned trajectory generated: raw_points=40 simplified_points=4 raw_length=11.771031 m simplified_length=10.903096 m velocity_scale=1.00 duration=31.151703 s max_speed=0.536058 m/s max_acceleration=0.187298 m/s^2 validation_samples=1559
[position_controller_node-2] [INFO] [1784174980.894450803] [position_controller_node]: position target=[0.000, 0.000, 1.500] current=[0.000, 0.000, 0.000] world_v=[0.000, 0.000, 0.000] a_xy=[0.000, 0.000] thrust=14.307 rpm=[13067.5, 13067.5, 13067.5, 13067.5] saturated=false
[position_controller_node-2] [INFO] [1784174981.894549743] [position_controller_node]: position target=[0.000, 0.000, 1.500] current=[0.000, 0.000, 0.710] world_v=[0.000, 0.000, 0.873] a_xy=[0.000, 0.000] thrust=9.122 rpm=[10434.5, 10434.5, 10434.5, 10434.5] saturated=false
[position_controller_node-2] [INFO] [1784174982.904515214] [position_controller_node]: position target=[0.000, 0.000, 1.500] current=[0.000, 0.000, 1.268] world_v=[0.000, 0.000, 0.297] a_xy=[0.000, 0.000] thrust=9.464 rpm=[10628.2, 10628.2, 10628.2, 10628.2] saturated=false
[position_controller_node-2] [INFO] [1784174983.914554331] [position_controller_node]: position target=[0.000, 0.000, 1.500] current=[0.000, 0.000, 1.437] world_v=[0.000, 0.000, 0.082] a_xy=[0.000, 0.000] thrust=9.707 rpm=[10764.0, 10764.0, 10764.0, 10764.0] saturated=false
[planned_trajectory_node-6] [INFO] [1784174984.462402903] [planned_trajectory_node]: takeoff preparation complete
[planned_trajectory_node-6] [INFO] [1784174984.462446224] [planned_trajectory_node]: planned trajectory execution started
[position_controller_node-2] [INFO] [1784174984.924527950] [position_controller_node]: position target=[0.001, 0.002, 1.500] current=[0.000, 0.001, 1.483] world_v=[0.003, 0.007, 0.022] a_xy=[0.023, 0.049] thrust=9.782 rpm=[10798.9, 10803.0, 10811.7, 10807.6] saturated=false
[position_controller_node-2] [INFO] [1784174985.924548438] [position_controller_node]: position target=[0.022, 0.047, 1.502] current=[0.020, 0.042, 1.497] world_v=[0.040, 0.085, 0.009] a_xy=[0.053, 0.110] thrust=9.804 rpm=[10816.7, 10817.4, 10818.7, 10818.0] saturated=false
[position_controller_node-2] [INFO] [1784174986.924567686] [position_controller_node]: position target=[0.092, 0.192, 1.507] current=[0.088, 0.185, 1.506] world_v=[0.099, 0.204, 0.009] a_xy=[0.063, 0.125] thrust=9.810 rpm=[10818.6, 10820.3, 10823.5, 10821.8] saturated=false
[position_controller_node-2] [INFO] [1784174987.934549491] [position_controller_node]: position target=[0.221, 0.455, 1.518] current=[0.220, 0.452, 1.517] world_v=[0.161, 0.323, 0.013] a_xy=[0.057, 0.104] thrust=9.810 rpm=[10824.0, 10821.9, 10817.9, 10820.0] saturated=false
[position_controller_node-2] [INFO] [1784174988.934672125] [position_controller_node]: position target=[0.408, 0.823, 1.531] current=[0.408, 0.824, 1.531] world_v=[0.213, 0.413, 0.015] a_xy=[0.043, 0.065] thrust=9.809 rpm=[10822.8, 10820.7, 10817.2, 10819.3] saturated=false
[position_controller_node-2] [INFO] [1784174989.944597616] [position_controller_node]: position target=[0.644, 1.270, 1.547] current=[0.644, 1.270, 1.547] world_v=[0.250, 0.461, 0.016] a_xy=[0.025, 0.019] thrust=9.807 rpm=[10816.9, 10818.6, 10821.2, 10819.5] saturated=false
[position_controller_node-2] [INFO] [1784174990.944629163] [position_controller_node]: position target=[0.902, 1.731, 1.563] current=[0.903, 1.734, 1.563] world_v=[0.266, 0.460, 0.015] a_xy=[0.005, -0.027] thrust=9.805 rpm=[10816.2, 10817.8, 10819.8, 10818.2] saturated=false
[position_controller_node-2] [INFO] [1784174991.954572564] [position_controller_node]: position target=[1.167, 2.171, 1.577] current=[1.171, 2.179, 1.577] world_v=[0.263, 0.417, 0.013] a_xy=[-0.012, -0.062] thrust=9.803 rpm=[10818.2, 10817.0, 10816.2, 10817.3] saturated=false
[position_controller_node-2] [INFO] [1784174992.954723534] [position_controller_node]: position target=[1.423, 2.555, 1.588] current=[1.427, 2.563, 1.588] world_v=[0.247, 0.349, 0.009] a_xy=[-0.020, -0.072] thrust=9.803 rpm=[10817.7, 10816.8, 10816.5, 10817.4] saturated=false
[position_controller_node-2] [INFO] [1784174993.964689115] [position_controller_node]: position target=[1.666, 2.878, 1.596] current=[1.667, 2.881, 1.596] world_v=[0.229, 0.284, 0.006] a_xy=[-0.014, -0.047] thrust=9.805 rpm=[10815.9, 10817.5, 10819.7, 10818.1] saturated=false
[planned_trajectory_node-6] [INFO] [1784174994.782568250] [planned_trajectory_node]: planned trajectory switched to segment 1
[position_controller_node-2] [INFO] [1784174994.974676732] [position_controller_node]: position target=[1.890, 3.148, 1.601] current=[1.893, 3.150, 1.601] world_v=[0.221, 0.260, 0.005] a_xy=[0.002, 0.005] thrust=9.807 rpm=[10823.7, 10820.8, 10814.2, 10817.1] saturated=false
[position_controller_node-2] [INFO] [1784174995.984641940] [position_controller_node]: position target=[2.118, 3.418, 1.606] current=[2.117, 3.415, 1.606] world_v=[0.224, 0.266, 0.005] a_xy=[0.005, 0.006] thrust=9.807 rpm=[10817.4, 10818.9, 10820.4, 10818.9] saturated=false
[position_controller_node-2] [INFO] [1784174996.984744774] [position_controller_node]: position target=[2.345, 3.687, 1.610] current=[2.344, 3.683, 1.610] world_v=[0.229, 0.270, 0.004] a_xy=[0.007, 0.004] thrust=9.806 rpm=[10817.0, 10818.7, 10820.6, 10818.9] saturated=false
[position_controller_node-2] [INFO] [1784174997.994705673] [position_controller_node]: position target=[2.578, 3.958, 1.615] current=[2.579, 3.958, 1.615] world_v=[0.237, 0.272, 0.004] a_xy=[0.007, -0.000] thrust=9.806 rpm=[10820.3, 10818.6, 10816.9, 10818.6] saturated=false
[position_controller_node-2] [INFO] [1784174999.004673047] [position_controller_node]: position target=[2.824, 4.235, 1.618] current=[2.822, 4.232, 1.618] world_v=[0.245, 0.271, 0.003] a_xy=[0.009, -0.003] thrust=9.806 rpm=[10816.9, 10818.6, 10820.2, 10818.4] saturated=false
[position_controller_node-2] [INFO] [1784175000.004759980] [position_controller_node]: position target=[3.073, 4.503, 1.621] current=[3.072, 4.501, 1.621] world_v=[0.254, 0.266, 0.002] a_xy=[0.010, -0.008] thrust=9.806 rpm=[10816.7, 10818.5, 10820.0, 10818.2] saturated=false
[position_controller_node-2] [INFO] [1784175001.014705913] [position_controller_node]: position target=[3.332, 4.764, 1.623] current=[3.333, 4.765, 1.623] world_v=[0.264, 0.255, 0.001] a_xy=[0.009, -0.013] thrust=9.805 rpm=[10819.9, 10818.0, 10816.7, 10818.6] saturated=false
[position_controller_node-2] [INFO] [1784175002.014797324] [position_controller_node]: position target=[3.601, 5.012, 1.624] current=[3.602, 5.013, 1.624] world_v=[0.273, 0.241, -0.000] a_xy=[0.009, -0.018] thrust=9.805 rpm=[10819.7, 10817.8, 10816.7, 10818.6] saturated=false
[position_controller_node-2] [INFO] [1784175003.014843031] [position_controller_node]: position target=[3.878, 5.243, 1.623] current=[3.880, 5.245, 1.623] world_v=[0.282, 0.222, -0.002] a_xy=[0.008, -0.021] thrust=9.805 rpm=[10819.6, 10817.7, 10816.8, 10818.7] saturated=false
[position_controller_node-2] [INFO] [1784175004.024902611] [position_controller_node]: position target=[4.170, 5.459, 1.620] current=[4.169, 5.458, 1.620] world_v=[0.290, 0.200, -0.003] a_xy=[0.008, -0.022] thrust=9.805 rpm=[10816.8, 10818.7, 10819.6, 10817.6] saturated=false
[position_controller_node-2] [INFO] [1784175005.034764152] [position_controller_node]: position target=[4.463, 5.648, 1.617] current=[4.465, 5.649, 1.617] world_v=[0.297, 0.178, -0.004] a_xy=[0.005, -0.021] thrust=9.806 rpm=[10819.7, 10817.7, 10817.0, 10819.0] saturated=false
[position_controller_node-2] [INFO] [1784175006.034869101] [position_controller_node]: position target=[4.763, 5.817, 1.612] current=[4.765, 5.818, 1.612] world_v=[0.302, 0.159, -0.005] a_xy=[0.003, -0.017] thrust=9.806 rpm=[10819.8, 10817.8, 10817.1, 10819.1] saturated=false
[position_controller_node-2] [INFO] [1784175007.044782878] [position_controller_node]: position target=[5.072, 5.971, 1.606] current=[5.071, 5.970, 1.606] world_v=[0.305, 0.144, -0.006] a_xy=[0.002, -0.009] thrust=9.806 rpm=[10817.2, 10819.1, 10820.0, 10818.1] saturated=false
[planned_trajectory_node-6] [INFO] [1784175007.962873159] [planned_trajectory_node]: planned trajectory switched to segment 2
[position_controller_node-2] [INFO] [1784175008.044817856] [position_controller_node]: position target=[5.378, 6.113, 1.599] current=[5.377, 6.111, 1.599] world_v=[0.306, 0.139, -0.007] a_xy=[0.016, -0.002] thrust=9.806 rpm=[10804.4, 10840.8, 10832.4, 10796.0] saturated=false
[position_controller_node-2] [INFO] [1784175009.054824001] [position_controller_node]: position target=[5.711, 6.247, 1.591] current=[5.710, 6.247, 1.591] world_v=[0.372, 0.125, -0.011] a_xy=[0.108, -0.027] thrust=9.801 rpm=[10820.5, 10810.3, 10811.5, 10821.6] saturated=false
[position_controller_node-2] [INFO] [1784175010.054837031] [position_controller_node]: position target=[6.139, 6.356, 1.578] current=[6.137, 6.358, 1.577] world_v=[0.479, 0.094, -0.017] a_xy=[0.088, -0.035] thrust=9.802 rpm=[10818.4, 10813.8, 10814.0, 10818.6] saturated=false
[position_controller_node-2] [INFO] [1784175011.055073688] [position_controller_node]: position target=[6.651, 6.432, 1.558] current=[6.652, 6.434, 1.558] world_v=[0.538, 0.059, -0.021] a_xy=[0.005, -0.033] thrust=9.805 rpm=[10819.1, 10816.7, 10816.9, 10819.4] saturated=false
[position_controller_node-2] [INFO] [1784175012.065140142] [position_controller_node]: position target=[7.182, 6.477, 1.536] current=[7.185, 6.477, 1.536] world_v=[0.501, 0.029, -0.021] a_xy=[-0.096, -0.024] thrust=9.810 rpm=[10820.5, 10820.9, 10820.8, 10820.5] saturated=false
[position_controller_node-2] [INFO] [1784175013.074825784] [position_controller_node]: position target=[7.618, 6.496, 1.517] current=[7.630, 6.495, 1.517] world_v=[0.368, 0.009, -0.016] a_xy=[-0.174, -0.013] thrust=9.815 rpm=[10822.4, 10825.1, 10825.1, 10822.4] saturated=false
[position_controller_node-2] [INFO] [1784175014.074941777] [position_controller_node]: position target=[7.894, 6.500, 1.505] current=[7.906, 6.499, 1.505] world_v=[0.181, 0.000, -0.008] a_xy=[-0.186, -0.003] thrust=9.817 rpm=[10822.7, 10826.3, 10826.2, 10822.6] saturated=false
[position_controller_node-2] [INFO] [1784175015.074974631] [position_controller_node]: position target=[7.994, 6.500, 1.500] current=[8.001, 6.499, 1.500] world_v=[0.022, -0.000, -0.001] a_xy=[-0.095, 0.001] thrust=9.812 rpm=[10820.9, 10822.6, 10822.4, 10820.7] saturated=false
[planned_trajectory_node-6] [INFO] [1784175015.622800629] [planned_trajectory_node]: planned trajectory complete; holding final setpoint
[position_controller_node-2] [INFO] [1784175016.084961236] [position_controller_node]: position target=[8.000, 6.500, 1.500] current=[7.997, 6.499, 1.500] world_v=[-0.007, 0.000, -0.000] a_xy=[0.010, 0.000] thrust=9.807 rpm=[10826.6, 10811.0, 10811.3, 10826.8] saturated=false
[position_controller_node-2] [INFO] [1784175017.095038210] [position_controller_node]: position target=[8.000, 6.500, 1.500] current=[7.994, 6.499, 1.500] world_v=[-0.000, 0.000, -0.000] a_xy=[0.003, -0.000] thrust=9.807 rpm=[10817.9, 10820.0, 10820.0, 10817.9] saturated=false
[position_controller_node-2] [INFO] [1784175018.095105977] [position_controller_node]: position target=[8.000, 6.500, 1.500] current=[7.995, 6.499, 1.500] world_v=[0.001, 0.000, -0.000] a_xy=[0.001, -0.000] thrust=9.807 rpm=[10819.0, 10818.9, 10818.9, 10819.0] saturated=false
[WARNING] [launch]: user interrupted with ctrl-c (SIGINT)
[INFO] [planned_trajectory_node-6]: sending signal 'SIGINT' to process[planned_trajectory_node-6]
[INFO] [astar_planner_node-5]: sending signal 'SIGINT' to process[astar_planner_node-5]
[INFO] [static_environment_node-4]: sending signal 'SIGINT' to process[static_environment_node-4]
[INFO] [robot_state_publisher-3]: sending signal 'SIGINT' to process[robot_state_publisher-3]
[INFO] [position_controller_node-2]: sending signal 'SIGINT' to process[position_controller_node-2]
[ERROR] [astar_planner_node-5]: process has died [pid 80012, exit code -2, cmd '/home/peter/ros2_drone_sim/install/drone_planning/lib/drone_planning/astar_planner_node --ros-args -r __node:=astar_planner_node --params-file /home/peter/ros2_drone_sim/install/drone_bringup/share/drone_bringup/config/environment.yaml --params-file /home/peter/ros2_drone_sim/src/drone_bringup/config/astar_evaluation_scenario_b.yaml'].
[INFO] [quadrotor_dynamics_node-1]: sending signal 'SIGINT' to process[quadrotor_dynamics_node-1]
[ERROR] [static_environment_node-4]: process has died [pid 80010, exit code -2, cmd '/home/peter/ros2_drone_sim/install/drone_planning/lib/drone_planning/static_environment_node --ros-args -r __node:=static_environment_node --params-file /home/peter/ros2_drone_sim/install/drone_bringup/share/drone_bringup/config/environment.yaml'].
[ERROR] [robot_state_publisher-3]: process has died [pid 80008, exit code -2, cmd '/opt/ros/humble/lib/robot_state_publisher/robot_state_publisher --ros-args -r __node:=robot_state_publisher --params-file /tmp/launch_params_ijucegh6'].
[static_environment_node-4] [INFO] [1784175018.630318835] [rclcpp]: signal_handler(SIGINT/SIGTERM)
[ERROR] [position_controller_node-2]: process has died [pid 80006, exit code -2, cmd '/home/peter/ros2_drone_sim/install/drone_controller/lib/drone_controller/position_controller_node --ros-args -r __node:=position_controller_node --params-file /home/peter/ros2_drone_sim/install/drone_bringup/share/drone_bringup/config/controller.yaml --params-file /tmp/launch_params_1dg0eum1'].
[robot_state_publisher-3] [INFO] [1784175018.630317898] [rclcpp]: signal_handler(SIGINT/SIGTERM)
[planned_trajectory_node-6] [INFO] [1784175018.630317692] [rclcpp]: signal_handler(SIGINT/SIGTERM)
[astar_planner_node-5] [INFO] [1784175018.630319976] [rclcpp]: signal_handler(SIGINT/SIGTERM)
[ERROR] [quadrotor_dynamics_node-1]: process has died [pid 80004, exit code -2, cmd '/home/peter/ros2_drone_sim/install/drone_dynamics/lib/drone_dynamics/quadrotor_dynamics_node --ros-args -r __node:=quadrotor_dynamics_node --params-file /home/peter/ros2_drone_sim/install/drone_bringup/share/drone_bringup/config/dynamics.yaml'].
[quadrotor_dynamics_node-1] [INFO] [1784175018.630328126] [rclcpp]: signal_handler(SIGINT/SIGTERM)
[position_controller_node-2] [INFO] [1784175018.630670950] [rclcpp]: signal_handler(SIGINT/SIGTERM)
[planned_trajectory_node-6] [INFO] [1784175018.640547891] [rclcpp]: signal_handler(SIGINT/SIGTERM)
[INFO] [planned_trajectory_node-6]: process has finished cleanly [pid 80014]
