[INFO] [launch]: All log files can be found below /home/peter/.ros/log/2026-07-21-14-59-03-023080-peter-acer-64311
[INFO] [launch]: Default logging verbosity is set to INFO
[INFO] [quadrotor_dynamics_node-1]: process started with pid [64326]
[INFO] [position_controller_node-2]: process started with pid [64328]
[INFO] [robot_state_publisher-3]: process started with pid [64330]
[INFO] [static_environment_node-4]: process started with pid [64332]
[INFO] [interactive_goal_editor_node-5]: process started with pid [64334]
[INFO] [multi_goal_static_avoidance_node-6]: process started with pid [64336]
[robot_state_publisher-3] [INFO] [1784617143.138505083] [robot_state_publisher]: got segment base_link
[robot_state_publisher-3] [INFO] [1784617143.138575984] [robot_state_publisher]: got segment front_marker_link
[robot_state_publisher-3] [INFO] [1784617143.138581847] [robot_state_publisher]: got segment m1_arm_link
[robot_state_publisher-3] [INFO] [1784617143.138585359] [robot_state_publisher]: got segment m1_motor_link
[robot_state_publisher-3] [INFO] [1784617143.138589282] [robot_state_publisher]: got segment m1_rotor_link
[robot_state_publisher-3] [INFO] [1784617143.138592734] [robot_state_publisher]: got segment m2_arm_link
[robot_state_publisher-3] [INFO] [1784617143.138596385] [robot_state_publisher]: got segment m2_motor_link
[robot_state_publisher-3] [INFO] [1784617143.138599661] [robot_state_publisher]: got segment m2_rotor_link
[robot_state_publisher-3] [INFO] [1784617143.138602839] [robot_state_publisher]: got segment m3_arm_link
[robot_state_publisher-3] [INFO] [1784617143.138606179] [robot_state_publisher]: got segment m3_motor_link
[robot_state_publisher-3] [INFO] [1784617143.138609845] [robot_state_publisher]: got segment m3_rotor_link
[robot_state_publisher-3] [INFO] [1784617143.138613333] [robot_state_publisher]: got segment m4_arm_link
[robot_state_publisher-3] [INFO] [1784617143.138616962] [robot_state_publisher]: got segment m4_motor_link
[robot_state_publisher-3] [INFO] [1784617143.138620395] [robot_state_publisher]: got segment m4_rotor_link
[static_environment_node-4] [INFO] [1784617143.139732678] [static_environment_node]: static environment started with 6 obstacles and safety radius 0.250 m
[position_controller_node-2] [INFO] [1784617143.148678619] [position_controller_node]: 3D position controller started at 100.0 Hz (source=trajectory, odom timeout 0.200 s)
[interactive_goal_editor_node-5] [INFO] [1784617143.149919532] [interactive_goal_editor_node]: interactive goal editor ready: update_topic=/drone/interactive_goals/goal_editor/update max_goals=8, preview and execution enabled
[quadrotor_dynamics_node-1] [INFO] [1784617143.154897778] [quadrotor_dynamics_node]: Dynamics started at 200.0 Hz; nominal steady-state hover RPM is 10818.9; ground contact is enabled at z=0.000 m; motor command watchdog is enabled (0.300 s)
[quadrotor_dynamics_node-1] [INFO] [1784617143.154976176] [quadrotor_dynamics_node]: External wrench input is disabled (frame=map, force_limit=2.000 N, timeout=0.200 s, torque_limit=0.000 N*m; torque must be zero)
[multi_goal_static_avoidance_node-6] [INFO] [1784617143.155052062] [multi_goal_static_avoidance_node]: multi-goal static avoidance started: goal_source=interactive goals=0 takeoff=1.50 m navigation_floor=0.50 m effective_radius=0.35 m
[position_controller_node-2] [WARN] [1784617143.158813927] [position_controller_node]: Waiting for /drone/trajectory_setpoint; RPM=0
[position_controller_node-2] [WARN] [1784617144.158867086] [position_controller_node]: Waiting for /drone/trajectory_setpoint; RPM=0
[position_controller_node-2] [WARN] [1784617145.158999356] [position_controller_node]: Waiting for /drone/trajectory_setpoint; RPM=0
[position_controller_node-2] [WARN] [1784617146.168963363] [position_controller_node]: Waiting for /drone/trajectory_setpoint; RPM=0
[position_controller_node-2] [WARN] [1784617147.178735393] [position_controller_node]: Waiting for /drone/trajectory_setpoint; RPM=0
[multi_goal_static_avoidance_node-6] [INFO] [1784617147.310732425] [multi_goal_static_avoidance_node]: accepted interactive mission revision=1 goals=1
[multi_goal_static_avoidance_node-6] [INFO] [1784617147.315172885] [multi_goal_static_avoidance_node]: preflight started from [0.000, 0.000, 1.500] for 1 goals
[multi_goal_static_avoidance_node-6] [INFO] [1784617147.355195942] [multi_goal_static_avoidance_node]: takeoff checked from [0.000, 0.000, 0.000] to [0.000, 0.000, 1.500]
[position_controller_node-2] [INFO] [1784617147.358854796] [position_controller_node]: position target=[0.000, 0.000, 1.500] current=[0.000, 0.000, 0.000] world_v=[0.000, 0.000, 0.000] a_xy=[0.000, 0.000] thrust=14.307 torque=[0.0000, 0.0000, 0.0000] rpm_pre=[13067.5, 13067.5, 13067.5, 13067.5] rpm=[13067.5, 13067.5, 13067.5, 13067.5] saturation=[horizontal:false altitude:false attitude:false mixer:false] saturated=false
[position_controller_node-2] [INFO] [1784617148.358939930] [position_controller_node]: position target=[0.000, 0.000, 1.500] current=[0.000, 0.000, 0.709] world_v=[0.000, 0.000, 0.871] a_xy=[0.000, 0.000] thrust=9.133 torque=[0.0000, 0.0000, 0.0000] rpm_pre=[10440.6, 10440.6, 10440.6, 10440.6] rpm=[10440.6, 10440.6, 10440.6, 10440.6] saturation=[horizontal:false altitude:false attitude:false mixer:false] saturated=false
[position_controller_node-2] [INFO] [1784617149.368819980] [position_controller_node]: position target=[0.000, 0.000, 1.500] current=[0.000, 0.000, 1.266] world_v=[0.000, 0.000, 0.297] a_xy=[0.000, 0.000] thrust=9.468 torque=[0.0000, 0.0000, 0.0000] rpm_pre=[10630.4, 10630.4, 10630.4, 10630.4] rpm=[10630.4, 10630.4, 10630.4, 10630.4] saturation=[horizontal:false altitude:false attitude:false mixer:false] saturated=false
[position_controller_node-2] [INFO] [1784617150.378768950] [position_controller_node]: position target=[0.000, 0.000, 1.500] current=[0.000, 0.000, 1.436] world_v=[0.000, 0.000, 0.083] a_xy=[0.000, 0.000] thrust=9.708 torque=[0.0000, 0.0000, 0.0000] rpm_pre=[10764.3, 10764.3, 10764.3, 10764.3] rpm=[10764.3, 10764.3, 10764.3, 10764.3] saturation=[horizontal:false altitude:false attitude:false mixer:false] saturated=false
[multi_goal_static_avoidance_node-6] [INFO] [1784617150.935175825] [multi_goal_static_avoidance_node]: takeoff stable; starting first ordered goal
[multi_goal_static_avoidance_node-6] [INFO] [1784617150.935276699] [multi_goal_static_avoidance_node]: planning ordered goal 0 from actual Odom [0.000, 0.000, 1.469] to [13.200, 5.500, 1.500]
[multi_goal_static_avoidance_node-6] [INFO] [1784617150.975616327] [multi_goal_static_avoidance_node]: ordered goal 0 trajectory ready: raw_points=72 simplified_points=18 initial_simplified_points=9 refinements=3 duration=53.385 s velocity_scale=1.00 duration_scale=1.10 max_speed=0.717519 m/s max_acceleration=0.578823 m/s^2 raw_length=20.953465 m simplified_length=20.176328 m expanded_nodes=15575
[position_controller_node-2] [INFO] [1784617151.388964540] [position_controller_node]: position target=[0.002, 0.004, 1.469] current=[0.001, 0.002, 1.478] world_v=[0.011, 0.021, 0.003] a_xy=[0.087, 0.161] thrust=9.776 torque=[0.0012, -0.0006, -0.0000] rpm_pre=[10809.3, 10804.2, 10794.6, 10799.4] rpm=[10809.3, 10804.2, 10794.6, 10799.4] saturation=[horizontal:false altitude:false attitude:false mixer:false] saturated=false
[position_controller_node-2] [INFO] [1784617152.398771231] [position_controller_node]: position target=[0.084, 0.150, 1.471] current=[0.075, 0.135, 1.475] world_v=[0.151, 0.266, -0.001] a_xy=[0.181, 0.294] thrust=9.821 torque=[0.0001, 0.0002, 0.0300] rpm_pre=[10704.1, 10949.1, 10705.4, 10946.6] rpm=[10704.1, 10949.1, 10705.4, 10946.6] saturation=[horizontal:false altitude:false attitude:false mixer:false] saturated=false
[position_controller_node-2] [INFO] [1784617153.408902415] [position_controller_node]: position target=[0.325, 0.553, 1.477] current=[0.317, 0.542, 1.478] world_v=[0.323, 0.519, 0.006] a_xy=[0.144, 0.163] thrust=9.813 torque=[-0.0003, -0.0011, -0.0224] rpm_pre=[10916.2, 10726.2, 10909.6, 10737.0] rpm=[10916.2, 10726.2, 10909.6, 10737.0] saturation=[horizontal:false altitude:false attitude:false mixer:false] saturated=false
[position_controller_node-2] [INFO] [1784617154.418908320] [position_controller_node]: position target=[0.713, 1.126, 1.485] current=[0.705, 1.121, 1.485] world_v=[0.431, 0.590, 0.008] a_xy=[0.056, -0.056] thrust=9.807 torque=[0.0003, -0.0000, -0.0055] rpm_pre=[10842.7, 10798.0, 10839.9, 10795.7] rpm=[10842.7, 10798.0, 10839.9, 10795.7] saturation=[horizontal:false altitude:false attitude:false mixer:false] saturated=false
[position_controller_node-2] [INFO] [1784617155.428746876] [position_controller_node]: position target=[1.154, 1.650, 1.493] current=[1.155, 1.660, 1.493] world_v=[0.445, 0.449, 0.006] a_xy=[-0.029, -0.221] thrust=9.806 torque=[-0.0004, 0.0004, -0.0058] rpm_pre=[10839.1, 10795.2, 10845.7, 10795.3] rpm=[10839.1, 10795.2, 10845.7, 10795.3] saturation=[horizontal:false altitude:false attitude:false mixer:false] saturated=false
[position_controller_node-2] [INFO] [1784617156.428774261] [position_controller_node]: position target=[1.575, 1.980, 1.498] current=[1.578, 1.991, 1.498] world_v=[0.396, 0.215, 0.004] a_xy=[-0.049, -0.194] thrust=9.806 torque=[-0.0007, 0.0004, -0.0088] rpm_pre=[10849.9, 10781.9, 10858.8, 10784.4] rpm=[10849.9, 10781.9, 10858.8, 10784.4] saturation=[horizontal:false altitude:false attitude:false mixer:false] saturated=false
[position_controller_node-2] [INFO] [1784617157.438726532] [position_controller_node]: position target=[1.965, 2.140, 1.501] current=[1.959, 2.139, 1.501] world_v=[0.378, 0.120, 0.002] a_xy=[0.122, -0.082] thrust=9.806 torque=[-0.0120, 0.0004, 0.0005] rpm_pre=[10767.6, 10775.3, 10865.0, 10865.8] rpm=[10767.6, 10775.3, 10865.0, 10865.8] saturation=[horizontal:false altitude:false attitude:false mixer:false] saturated=false
[position_controller_node-2] [INFO] [1784617158.438781877] [position_controller_node]: position target=[2.427, 2.196, 1.502] current=[2.411, 2.196, 1.502] world_v=[0.529, -0.023, 0.000] a_xy=[0.116, -0.170] thrust=9.807 torque=[0.0009, -0.0003, -0.0100] rpm_pre=[10864.4, 10780.8, 10854.4, 10776.0] rpm=[10864.4, 10780.8, 10854.4, 10776.0] saturation=[horizontal:false altitude:false attitude:false mixer:false] saturated=false
[position_controller_node-2] [INFO] [1784617159.448623537] [position_controller_node]: position target=[2.977, 2.100, 1.501] current=[2.972, 2.097, 1.501] world_v=[0.540, -0.154, -0.001] a_xy=[-0.130, -0.056] thrust=9.808 torque=[-0.0000, 0.0003, 0.0010] rpm_pre=[10814.2, 10824.7, 10816.4, 10822.5] rpm=[10814.2, 10824.7, 10816.4, 10822.5] saturation=[horizontal:false altitude:false attitude:false mixer:false] saturated=false
[position_controller_node-2] [INFO] [1784617160.448809522] [position_controller_node]: position target=[3.421, 1.938, 1.500] current=[3.424, 1.930, 1.500] world_v=[0.350, -0.162, -0.000] a_xy=[-0.190, 0.035] thrust=9.810 torque=[-0.0001, 0.0012, -0.0008] rpm_pre=[10819.3, 10821.7, 10829.3, 10813.1] rpm=[10819.3, 10821.7, 10829.3, 10813.1] saturation=[horizontal:false altitude:false attitude:false mixer:false] saturated=false
[position_controller_node-2] [INFO] [1784617161.448818623] [position_controller_node]: position target=[3.702, 1.787, 1.500] current=[3.704, 1.781, 1.500] world_v=[0.200, -0.157, -0.000] a_xy=[-0.383, -0.093] thrust=9.816 torque=[-0.0003, 0.0001, -0.0355] rpm_pre=[10965.4, 10678.6, 10968.2, 10680.1] rpm=[10965.4, 10678.6, 10968.2, 10680.1] saturation=[horizontal:false altitude:false attitude:false mixer:false] saturated=false
[position_controller_node-2] [INFO] [1784617162.458696451] [position_controller_node]: position target=[3.755, 1.566, 1.500] current=[3.751, 1.570, 1.500] world_v=[-0.006, -0.259, 0.000] a_xy=[0.230, -0.079] thrust=9.808 torque=[-0.0022, -0.0015, -0.0036] rpm_pre=[10831.7, 10790.3, 10837.2, 10819.8] rpm=[10831.7, 10790.3, 10837.2, 10819.8] saturation=[horizontal:false altitude:false attitude:false mixer:false] saturated=false
[position_controller_node-2] [INFO] [1784617163.468626529] [position_controller_node]: position target=[3.897, 1.282, 1.500] current=[3.879, 1.285, 1.500] world_v=[0.210, -0.290, 0.000] a_xy=[0.001, -0.029] thrust=9.806 torque=[0.0049, -0.0053, -0.0098] rpm_pre=[10897.9, 10777.2, 10818.9, 10780.8] rpm=[10897.9, 10777.2, 10818.9, 10780.8] saturation=[horizontal:false altitude:false attitude:false mixer:false] saturated=false
[position_controller_node-2] [INFO] [1784617164.478622267] [position_controller_node]: position target=[4.107, 0.957, 1.500] current=[4.095, 0.967, 1.500] world_v=[0.218, -0.350, 0.000] a_xy=[0.020, -0.090] thrust=9.807 torque=[-0.0012, 0.0014, -0.0059] rpm_pre=[10832.7, 10796.4, 10853.1, 10794.3] rpm=[10832.7, 10796.4, 10853.1, 10794.3] saturation=[horizontal:false altitude:false attitude:false mixer:false] saturated=false
[position_controller_node-2] [INFO] [1784617165.478790162] [position_controller_node]: position target=[4.333, 0.563, 1.500] current=[4.323, 0.575, 1.500] world_v=[0.240, -0.432, 0.000] a_xy=[0.031, -0.074] thrust=9.807 torque=[0.0000, 0.0003, 0.0002] rpm_pre=[10817.4, 10821.3, 10819.5, 10818.4] rpm=[10817.4, 10821.3, 10819.5, 10818.4] saturation=[horizontal:false altitude:false attitude:false mixer:false] saturated=false
[position_controller_node-2] [INFO] [1784617166.488784350] [position_controller_node]: position target=[4.587, 0.103, 1.500] current=[4.581, 0.109, 1.500] world_v=[0.271, -0.479, 0.000] a_xy=[0.034, -0.014] thrust=9.807 torque=[0.0001, -0.0005, 0.0020] rpm_pre=[10813.0, 10825.6, 10808.6, 10828.7] rpm=[10813.0, 10825.6, 10808.6, 10828.7] saturation=[horizontal:false altitude:false attitude:false mixer:false] saturated=false
[position_controller_node-2] [INFO] [1784617167.498617346] [position_controller_node]: position target=[4.879, -0.379, 1.500] current=[4.870, -0.371, 1.500] world_v=[0.303, -0.461, -0.000] a_xy=[0.035, 0.054] thrust=9.807 torque=[-0.0002, 0.0002, 0.0040] rpm_pre=[10801.0, 10835.2, 10804.6, 10835.3] rpm=[10801.0, 10835.2, 10804.6, 10835.3] saturation=[horizontal:false altitude:false attitude:false mixer:false] saturated=false
[position_controller_node-2] [INFO] [1784617168.498642454] [position_controller_node]: position target=[5.196, -0.800, 1.500] current=[5.188, -0.795, 1.500] world_v=[0.331, -0.378, -0.000] a_xy=[0.030, 0.108] thrust=9.807 torque=[-0.0003, 0.0002, 0.0064] rpm_pre=[10791.5, 10845.0, 10795.2, 10845.3] rpm=[10791.5, 10845.0, 10795.2, 10845.3] saturation=[horizontal:false altitude:false attitude:false mixer:false] saturated=false
[position_controller_node-2] [INFO] [1784617169.508755262] [position_controller_node]: position target=[5.539, -1.118, 1.500] current=[5.535, -1.116, 1.500] world_v=[0.354, -0.257, 0.000] a_xy=[0.020, 0.118] thrust=9.807 torque=[0.0004, -0.0001, 0.0058] rpm_pre=[10797.9, 10843.7, 10794.1, 10841.7] rpm=[10797.9, 10843.7, 10794.1, 10841.7] saturation=[horizontal:false altitude:false attitude:false mixer:false] saturated=false
[position_controller_node-2] [INFO] [1784617170.518547106] [position_controller_node]: position target=[5.907, -1.324, 1.500] current=[5.899, -1.319, 1.500] world_v=[0.366, -0.153, 0.000] a_xy=[0.010, 0.058] thrust=9.807 torque=[0.0003, 0.0004, 0.0030] rpm_pre=[10806.4, 10834.0, 10807.2, 10828.6] rpm=[10806.4, 10834.0, 10807.2, 10828.6] saturation=[horizontal:false altitude:false attitude:false mixer:false] saturated=false
[position_controller_node-2] [INFO] [1784617171.528576569] [position_controller_node]: position target=[6.281, -1.459, 1.500] current=[6.274, -1.453, 1.500] world_v=[0.394, -0.106, -0.000] a_xy=[0.128, 0.149] thrust=9.808 torque=[-0.0039, 0.0004, 0.0119] rpm_pre=[10754.7, 10854.1, 10788.7, 10881.7] rpm=[10754.7, 10854.1, 10788.7, 10881.7] saturation=[horizontal:false altitude:false attitude:false mixer:false] saturated=false
[position_controller_node-2] [INFO] [1784617172.528685650] [position_controller_node]: position target=[6.741, -1.470, 1.500] current=[6.731, -1.470, 1.500] world_v=[0.510, 0.080, 0.000] a_xy=[0.045, 0.174] thrust=9.809 torque=[0.0010, -0.0009, 0.0052] rpm_pre=[10806.0, 10841.5, 10791.5, 10840.8] rpm=[10806.0, 10841.5, 10791.5, 10840.8] saturation=[horizontal:false altitude:false attitude:false mixer:false] saturated=false
[position_controller_node-2] [INFO] [1784617173.528690996] [position_controller_node]: position target=[7.239, -1.322, 1.500] current=[7.236, -1.318, 1.500] world_v=[0.470, 0.198, -0.000] a_xy=[-0.121, 0.033] thrust=9.807 torque=[-0.0001, 0.0006, -0.0018] rpm_pre=[10824.2, 10814.1, 10828.9, 10810.2] rpm=[10824.2, 10814.1, 10828.9, 10810.2] saturation=[horizontal:false altitude:false attitude:false mixer:false] saturated=false
[position_controller_node-2] [INFO] [1784617174.538737662] [position_controller_node]: position target=[7.658, -1.120, 1.500] current=[7.652, -1.114, 1.500] world_v=[0.377, 0.199, -0.000] a_xy=[-0.045, 0.109] thrust=9.807 torque=[-0.0166, -0.0074, -0.0016] rpm_pre=[10789.4, 10718.6, 10861.2, 10905.7] rpm=[10789.4, 10718.6, 10861.2, 10905.7] saturation=[horizontal:false altitude:false attitude:false mixer:false] saturated=false
[position_controller_node-2] [INFO] [1784617175.548545691] [position_controller_node]: position target=[7.993, -0.826, 1.500] current=[7.990, -0.827, 1.500] world_v=[0.290, 0.375, 0.000] a_xy=[-0.037, 0.084] thrust=9.807 torque=[0.0008, -0.0006, 0.0035] rpm_pre=[10810.7, 10833.9, 10799.9, 10832.7] rpm=[10810.7, 10833.9, 10799.9, 10832.7] saturation=[horizontal:false altitude:false attitude:false mixer:false] saturated=false
[position_controller_node-2] [INFO] [1784617176.558595908] [position_controller_node]: position target=[8.298, -0.453, 1.500] current=[8.284, -0.449, 1.500] world_v=[0.314, 0.332, -0.000] a_xy=[0.046, -0.074] thrust=9.807 torque=[-0.0037, 0.0019, -0.0173] rpm_pre=[10867.5, 10741.7, 10910.8, 10756.4] rpm=[10867.5, 10741.7, 10910.8, 10756.4] saturation=[horizontal:false altitude:false attitude:false mixer:false] saturated=false
[position_controller_node-2] [INFO] [1784617177.568558911] [position_controller_node]: position target=[8.617, -0.110, 1.500] current=[8.608, -0.110, 1.500] world_v=[0.318, 0.370, 0.000] a_xy=[0.000, 0.029] thrust=9.807 torque=[0.0005, -0.0003, 0.0053] rpm_pre=[10801.0, 10841.2, 10794.4, 10839.3] rpm=[10801.0, 10841.2, 10794.4, 10839.3] saturation=[horizontal:false altitude:false attitude:false mixer:false] saturated=false
[position_controller_node-2] [INFO] [1784617178.578451682] [position_controller_node]: position target=[8.943, 0.237, 1.500] current=[8.931, 0.240, 1.500] world_v=[0.326, 0.278, -0.000] a_xy=[0.021, -0.182] thrust=9.809 torque=[-0.0014, 0.0015, -0.0177] rpm_pre=[10880.2, 10748.5, 10902.8, 10747.7] rpm=[10880.2, 10748.5, 10902.8, 10747.7] saturation=[horizontal:false altitude:false attitude:false mixer:false] saturated=false
[position_controller_node-2] [INFO] [1784617179.578462639] [position_controller_node]: position target=[9.283, 0.451, 1.500] current=[9.268, 0.453, 1.500] world_v=[0.371, 0.157, -0.000] a_xy=[0.122, -0.193] thrust=9.809 torque=[0.0096, -0.0032, -0.0217] rpm_pre=[10957.3, 10757.1, 10858.7, 10707.1] rpm=[10957.3, 10757.1, 10858.7, 10707.1] saturation=[horizontal:false altitude:false attitude:false mixer:false] saturated=false
[position_controller_node-2] [INFO] [1784617180.578596363] [position_controller_node]: position target=[9.667, 0.537, 1.500] current=[9.660, 0.535, 1.500] world_v=[0.352, 0.051, -0.000] a_xy=[-0.216, 0.075] thrust=9.809 torque=[-0.0001, 0.0009, 0.0192] rpm_pre=[10738.4, 10900.4, 10746.1, 10894.6] rpm=[10738.4, 10900.4, 10746.1, 10894.6] saturation=[horizontal:false altitude:false attitude:false mixer:false] saturated=false
[position_controller_node-2] [INFO] [1784617181.578642728] [position_controller_node]: position target=[9.918, 0.636, 1.500] current=[9.917, 0.627, 1.500] world_v=[0.196, 0.109, -0.000] a_xy=[-0.239, -0.052] thrust=9.810 torque=[0.0114, 0.0281, 0.0011] rpm_pre=[10750.8, 10978.0, 10881.0, 10670.2] rpm=[10750.8, 10978.0, 10881.0, 10670.2] saturation=[horizontal:false altitude:false attitude:false mixer:false] saturated=false
[position_controller_node-2] [INFO] [1784617182.588537691] [position_controller_node]: position target=[10.003, 0.727, 1.500] current=[10.001, 0.719, 1.500] world_v=[0.025, 0.096, 0.000] a_xy=[0.099, 0.085] thrust=9.807 torque=[-0.0002, -0.0036, 0.0172] rpm_pre=[10762.6, 10873.6, 10736.0, 10903.5] rpm=[10762.6, 10873.6, 10736.0, 10903.5] saturation=[horizontal:false altitude:false attitude:false mixer:false] saturated=false
[position_controller_node-2] [INFO] [1784617183.598419880] [position_controller_node]: position target=[10.125, 0.875, 1.500] current=[10.110, 0.864, 1.500] world_v=[0.180, 0.178, 0.000] a_xy=[0.119, 0.086] thrust=9.807 torque=[0.0159, 0.0398, -0.0012] rpm_pre=[10730.0, 11029.4, 10916.7, 10594.3] rpm=[10730.0, 11029.4, 10916.7, 10594.3] saturation=[horizontal:false altitude:false attitude:false mixer:false] saturated=false
[position_controller_node-2] [INFO] [1784617184.598563836] [position_controller_node]: position target=[10.383, 1.112, 1.500] current=[10.367, 1.100, 1.500] world_v=[0.317, 0.287, 0.000] a_xy=[-0.076, -0.023] thrust=9.806 torque=[-0.0011, -0.0038, 0.0064] rpm_pre=[10803.3, 10825.6, 10782.0, 10864.0] rpm=[10803.3, 10825.6, 10782.0, 10864.0] saturation=[horizontal:false altitude:false attitude:false mixer:false] saturated=false
[position_controller_node-2] [INFO] [1784617185.608445071] [position_controller_node]: position target=[10.594, 1.340, 1.500] current=[10.598, 1.343, 1.500] world_v=[0.113, 0.171, 0.000] a_xy=[-0.057, -0.036] thrust=9.808 torque=[0.0023, 0.0056, 0.0127] rpm_pre=[10755.2, 10901.3, 10780.8, 10840.3] rpm=[10755.2, 10901.3, 10780.8, 10840.3] saturation=[horizontal:false altitude:false attitude:false mixer:false] saturated=false
[position_controller_node-2] [INFO] [1784617186.608462724] [position_controller_node]: position target=[10.646, 1.465, 1.500] current=[10.651, 1.469, 1.500] world_v=[-0.036, 0.063, 0.000] a_xy=[-0.129, -0.049] thrust=9.808 torque=[0.0003, -0.0032, -0.0103] rpm_pre=[10875.0, 10767.0, 10847.7, 10789.0] rpm=[10875.0, 10767.0, 10847.7, 10789.0] saturation=[horizontal:false altitude:false attitude:false mixer:false] saturated=false
[position_controller_node-2] [INFO] [1784617187.618442433] [position_controller_node]: position target=[10.601, 1.561, 1.500] current=[10.595, 1.551, 1.500] world_v=[-0.023, 0.145, -0.000] a_xy=[0.102, 0.132] thrust=9.809 torque=[-0.0035, -0.0036, -0.0388] rpm_pre=[10976.8, 10633.6, 10976.2, 10689.8] rpm=[10976.8, 10633.6, 10976.2, 10689.8] saturation=[horizontal:false altitude:false attitude:false mixer:false] saturated=false
[position_controller_node-2] [INFO] [1784617188.628505908] [position_controller_node]: position target=[10.600, 1.759, 1.500] current=[10.594, 1.748, 1.500] world_v=[0.002, 0.258, 0.000] a_xy=[-0.000, 0.112] thrust=9.808 torque=[-0.0014, -0.0040, 0.0012] rpm_pre=[10824.8, 10803.4, 10805.0, 10845.2] rpm=[10824.8, 10803.4, 10805.0, 10845.2] saturation=[horizontal:false altitude:false attitude:false mixer:false] saturated=false
[position_controller_node-2] [INFO] [1784617189.638477051] [position_controller_node]: position target=[10.600, 2.023, 1.500] current=[10.596, 2.021, 1.500] world_v=[0.002, 0.225, -0.000] a_xy=[-0.001, -0.164] thrust=9.808 torque=[0.0000, 0.0023, 0.0002] rpm_pre=[10809.7, 10829.9, 10827.8, 10811.7] rpm=[10809.7, 10829.9, 10827.8, 10811.7] saturation=[horizontal:false altitude:false attitude:false mixer:false] saturated=false
[position_controller_node-2] [INFO] [1784617190.638656802] [position_controller_node]: position target=[10.600, 2.184, 1.500] current=[10.598, 2.187, 1.500] world_v=[0.001, 0.111, -0.000] a_xy=[-0.000, -0.150] thrust=9.808 torque=[0.0000, -0.0008, 0.0000] rpm_pre=[10822.9, 10816.4, 10816.2, 10822.9] rpm=[10822.9, 10816.4, 10816.2, 10822.9] saturation=[horizontal:false altitude:false attitude:false mixer:false] saturated=false
[position_controller_node-2] [INFO] [1784617191.648388780] [position_controller_node]: position target=[10.600, 2.262, 1.500] current=[10.599, 2.258, 1.500] world_v=[0.001, 0.086, -0.000] a_xy=[-0.000, 0.157] thrust=9.808 torque=[-0.0000, -0.0025, 0.0000] rpm_pre=[10829.4, 10809.6, 10809.7, 10829.5] rpm=[10829.4, 10809.6, 10809.7, 10829.5] saturation=[horizontal:false altitude:false attitude:false mixer:false] saturated=false
[position_controller_node-2] [INFO] [1784617192.648406356] [position_controller_node]: position target=[10.600, 2.415, 1.500] current=[10.599, 2.408, 1.500] world_v=[0.000, 0.171, 0.000] a_xy=[-0.000, -0.009] thrust=9.807 torque=[0.0000, -0.0025, 0.0000] rpm_pre=[10828.6, 10809.2, 10809.2, 10828.6] rpm=[10828.6, 10809.2, 10809.2, 10828.6] saturation=[horizontal:false altitude:false attitude:false mixer:false] saturated=false
[position_controller_node-2] [INFO] [1784617193.658335003] [position_controller_node]: position target=[10.600, 2.609, 1.500] current=[10.600, 2.598, 1.500] world_v=[0.000, 0.237, -0.000] a_xy=[-0.000, 0.171] thrust=9.808 torque=[-0.0000, -0.0002, 0.0000] rpm_pre=[10820.3, 10819.1, 10819.1, 10820.3] rpm=[10820.3, 10819.1, 10819.1, 10820.3] saturation=[horizontal:false altitude:false attitude:false mixer:false] saturated=false
[position_controller_node-2] [INFO] [1784617194.658422947] [position_controller_node]: position target=[10.600, 2.920, 1.500] current=[10.600, 2.909, 1.500] world_v=[-0.001, 0.352, 0.000] a_xy=[-0.063, 0.089] thrust=9.807 torque=[-0.0002, 0.0046, 0.0031] rpm_pre=[10787.3, 10848.6, 10825.4, 10814.4] rpm=[10787.3, 10848.6, 10825.4, 10814.4] saturation=[horizontal:false altitude:false attitude:false mixer:false] saturated=false
[position_controller_node-2] [INFO] [1784617195.658423353] [position_controller_node]: position target=[10.548, 3.346, 1.500] current=[10.553, 3.331, 1.500] world_v=[-0.097, 0.510, 0.000] a_xy=[-0.064, 0.159] thrust=9.808 torque=[0.0005, -0.0001, 0.0018] rpm_pre=[10815.2, 10828.5, 10810.5, 10825.7] rpm=[10815.2, 10828.5, 10810.5, 10825.7] saturation=[horizontal:false altitude:false attitude:false mixer:false] saturated=false
[position_controller_node-2] [INFO] [1784617196.668424879] [position_controller_node]: position target=[10.451, 3.899, 1.500] current=[10.449, 3.896, 1.500] world_v=[-0.072, 0.566, -0.000] a_xy=[0.153, -0.095] thrust=9.808 torque=[-0.0007, 0.0003, -0.0108] rpm_pre=[10859.8, 10774.2, 10867.3, 10777.1] rpm=[10859.8, 10774.2, 10867.3, 10777.1] saturation=[horizontal:false altitude:false attitude:false mixer:false] saturated=false
[position_controller_node-2] [INFO] [1784617197.678350080] [position_controller_node]: position target=[10.485, 4.388, 1.500] current=[10.473, 4.391, 1.500] world_v=[0.133, 0.391, 0.000] a_xy=[0.206, -0.198] thrust=9.811 torque=[-0.0011, 0.0011, -0.0260] rpm_pre=[10918.0, 10715.7, 10934.8, 10715.6] rpm=[10918.0, 10715.7, 10934.8, 10715.6] saturation=[horizontal:false altitude:false attitude:false mixer:false] saturated=false
[position_controller_node-2] [INFO] [1784617198.678405647] [position_controller_node]: position target=[10.685, 4.712, 1.500] current=[10.677, 4.711, 1.500] world_v=[0.250, 0.283, -0.000] a_xy=[0.232, -0.139] thrust=9.810 torque=[-0.0117, 0.0044, -0.0097] rpm_pre=[10797.3, 10753.0, 10922.8, 10810.1] rpm=[10797.3, 10753.0, 10922.8, 10810.1] saturation=[horizontal:false altitude:false attitude:false mixer:false] saturated=false
[position_controller_node-2] [INFO] [1784617199.678452683] [position_controller_node]: position target=[11.070, 4.912, 1.500] current=[11.056, 4.912, 1.500] world_v=[0.502, 0.121, 0.000] a_xy=[0.148, -0.099] thrust=9.809 torque=[-0.0005, -0.0015, -0.0027] rpm_pre=[10834.9, 10801.4, 10827.3, 10816.5] rpm=[10834.9, 10801.4, 10827.3, 10816.5] saturation=[horizontal:false altitude:false attitude:false mixer:false] saturated=false
[position_controller_node-2] [INFO] [1784617200.678485921] [position_controller_node]: position target=[11.585, 5.019, 1.500] current=[11.584, 5.008, 1.500] world_v=[0.499, 0.108, -0.000] a_xy=[-0.145, 0.084] thrust=9.808 torque=[0.0009, 0.0013, 0.0178] rpm_pre=[10745.8, 10900.1, 10749.1, 10882.8] rpm=[10745.8, 10900.1, 10749.1, 10882.8] saturation=[horizontal:false altitude:false attitude:false mixer:false] saturated=false
[position_controller_node-2] [INFO] [1784617201.688478283] [position_controller_node]: position target=[12.037, 5.164, 1.500] current=[12.036, 5.151, 1.500] world_v=[0.472, 0.163, -0.000] a_xy=[0.297, 0.062] thrust=9.811 torque=[-0.0002, -0.0018, -0.0067] rpm_pre=[10855.1, 10786.6, 10842.1, 10802.2] rpm=[10855.1, 10786.6, 10842.1, 10802.2] saturation=[horizontal:false altitude:false attitude:false mixer:false] saturated=false
[position_controller_node-2] [INFO] [1784617202.688503714] [position_controller_node]: position target=[12.645, 5.347, 1.500] current=[12.637, 5.338, 1.500] world_v=[0.669, 0.193, 0.000] a_xy=[-0.130, -0.054] thrust=9.807 torque=[0.0003, -0.0002, -0.0095] rpm_pre=[10859.3, 10780.4, 10855.4, 10780.3] rpm=[10859.3, 10780.4, 10855.4, 10780.3] saturation=[horizontal:false altitude:false attitude:false mixer:false] saturated=false
[position_controller_node-2] [INFO] [1784617203.698363552] [position_controller_node]: position target=[13.140, 5.484, 1.500] current=[13.156, 5.483, 1.500] world_v=[0.266, 0.072, -0.000] a_xy=[-0.589, -0.159] thrust=9.827 torque=[-0.0005, 0.0029, 0.0030] rpm_pre=[10805.1, 10851.6, 10831.3, 10833.1] rpm=[10805.1, 10851.6, 10831.3, 10833.1] saturation=[horizontal:false altitude:false attitude:false mixer:false] saturated=false
[multi_goal_static_avoidance_node-6] [INFO] [1784617204.374629930] [multi_goal_static_avoidance_node]: ordered goal 0 trajectory complete; waiting for stable hold
[position_controller_node-2] [INFO] [1784617204.698416135] [position_controller_node]: position target=[13.200, 5.500, 1.500] current=[13.204, 5.497, 1.500] world_v=[-0.026, -0.005, 0.000] a_xy=[0.029, 0.008] thrust=9.806 torque=[-0.0052, 0.0210, 0.0023] rpm_pre=[10706.8, 10889.3, 10911.1, 10766.0] rpm=[10706.8, 10889.3, 10911.1, 10766.0] saturation=[horizontal:false altitude:false attitude:false mixer:false] saturated=false
[multi_goal_static_avoidance_node-6] [INFO] [1784617205.374631777] [multi_goal_static_avoidance_node]: ordered goal P1 accepted: position_error=0.009515 m speed=0.010522 m/s yaw_error=0.001973 rad angular_speed=0.011044 rad/s
[multi_goal_static_avoidance_node-6] [INFO] [1784617205.374689862] [multi_goal_static_avoidance_node]: multi-goal static avoidance mission complete
[position_controller_node-2] [INFO] [1784617205.708470571] [position_controller_node]: position target=[13.200, 5.500, 1.500] current=[13.189, 5.495, 1.500] world_v=[-0.006, -0.000, -0.000] a_xy=[0.012, 0.003] thrust=9.807 torque=[0.0003, -0.0011, 0.0002] rpm_pre=[10823.4, 10816.6, 10813.1, 10822.8] rpm=[10823.4, 10816.6, 10813.1, 10822.8] saturation=[horizontal:false altitude:false attitude:false mixer:false] saturated=false
[position_controller_node-2] [INFO] [1784617206.718359794] [position_controller_node]: position target=[13.200, 5.500, 1.500] current=[13.189, 5.496, 1.500] world_v=[0.003, 0.002, -0.000] a_xy=[0.004, 0.001] thrust=9.807 torque=[-0.0000, 0.0000, 0.0000] rpm_pre=[10818.9, 10819.0, 10819.0, 10819.0] rpm=[10818.9, 10819.0, 10819.0, 10819.0] saturation=[horizontal:false altitude:false attitude:false mixer:false] saturated=false
[position_controller_node-2] [INFO] [1784617207.718534543] [position_controller_node]: position target=[13.200, 5.500, 1.500] current=[13.193, 5.498, 1.500] world_v=[0.005, 0.002, -0.000] a_xy=[0.001, -0.000] thrust=9.807 torque=[-0.0000, 0.0000, 0.0000] rpm_pre=[10818.9, 10819.0, 10819.0, 10818.9] rpm=[10818.9, 10819.0, 10819.0, 10818.9] saturation=[horizontal:false altitude:false attitude:false mixer:false] saturated=false
[interactive_goal_editor_node-5] [INFO] [1784617208.579643907] [rclcpp]: signal_handler(SIGINT/SIGTERM)
[multi_goal_static_avoidance_node-6] [INFO] [1784617208.579634889] [rclcpp]: signal_handler(SIGINT/SIGTERM)
[robot_state_publisher-3] [INFO] [1784617208.579718695] [rclcpp]: signal_handler(SIGINT/SIGTERM)
[static_environment_node-4] [INFO] [1784617208.579725788] [rclcpp]: signal_handler(SIGINT/SIGTERM)
[quadrotor_dynamics_node-1] [INFO] [1784617208.579766958] [rclcpp]: signal_handler(SIGINT/SIGTERM)
[position_controller_node-2] [INFO] [1784617208.580517668] [rclcpp]: signal_handler(SIGINT/SIGTERM)
[INFO] [static_environment_node-4]: process has finished cleanly [pid 64332]
[INFO] [position_controller_node-2]: process has finished cleanly [pid 64328]
[INFO] [interactive_goal_editor_node-5]: process has finished cleanly [pid 64334]
[INFO] [quadrotor_dynamics_node-1]: process has finished cleanly [pid 64326]
[INFO] [robot_state_publisher-3]: process has finished cleanly [pid 64330]
[INFO] [multi_goal_static_avoidance_node-6]: process has finished cleanly [pid 64336]
