{
  "scenario_id": "static_avoidance",
  "recorder_experiment": "navigation",
  "status": "final",
  "run_id": "run_01",
  "path": "04_static_avoidance/final/run_01",
  "protocol_version": "final-assessment-v1",
  "generated_at": "2026-07-21T07:00:10.539676+00:00",
  "metadata": "04_static_avoidance/final/run_01/metadata.json",
  "summary": "04_static_avoidance/final/run_01/summary.json",
  "manifest_entry": "04_static_avoidance/final/run_01/manifest_entry.json",
  "evidence_checksums": "04_static_avoidance/final/run_01/evidence_sha256.txt",
  "git": {
    "commit_before": "249ea180ad81236bd8b1c68f1295585230a49964",
    "commit_after": "249ea180ad81236bd8b1c68f1295585230a49964",
    "source_clean_before": true,
    "source_clean_after": true
  },
  "parameter_snapshot": {
    "complete": true,
    "directory": "04_static_avoidance/final/run_01/parameters",
    "checksums": "04_static_avoidance/final/run_01/parameter_sha256.txt"
  },
  "outcome": {
    "stop_reason": "navigation_success_and_steady_window_complete",
    "overall_pass": true,
    "failure_reasons": []
  },
  "manual_acceptance": {
    "completed": false,
    "file": "04_static_avoidance/final/run_01/manual_acceptance.md",
    "screenshots": []
  },
  "eligibility_conditions": {
    "status_is_final": true,
    "non_timeout_stop": true,
    "overall_pass": true,
    "commit_unchanged": true,
    "source_clean_before": true,
    "source_clean_after": true,
    "parameter_snapshot_complete": true,
    "manual_acceptance_complete": false,
    "required_screenshots_complete": false
  },
  "report_eligible": false,
  "eligibility_failures": [
    "manual_acceptance_complete",
    "required_screenshots_complete"
  ]
}
