[INFO] [launch]: All log files can be found below /home/peter/.ros/log/2026-07-18-12-23-57-640796-peter-acer-35408
[INFO] [launch]: Default logging verbosity is set to INFO
[INFO] [quadrotor_dynamics_node-1]: process started with pid [35420]
[INFO] [position_controller_node-2]: process started with pid [35422]
[INFO] [robot_state_publisher-3]: process started with pid [35424]
[robot_state_publisher-3] [INFO] [1784348637.744941406] [robot_state_publisher]: got segment base_link
[robot_state_publisher-3] [INFO] [1784348637.745013831] [robot_state_publisher]: got segment front_marker_link
[robot_state_publisher-3] [INFO] [1784348637.745019134] [robot_state_publisher]: got segment m1_arm_link
[robot_state_publisher-3] [INFO] [1784348637.745022048] [robot_state_publisher]: got segment m1_motor_link
[robot_state_publisher-3] [INFO] [1784348637.745025210] [robot_state_publisher]: got segment m1_rotor_link
[robot_state_publisher-3] [INFO] [1784348637.745027780] [robot_state_publisher]: got segment m2_arm_link
[robot_state_publisher-3] [INFO] [1784348637.745030342] [robot_state_publisher]: got segment m2_motor_link
[robot_state_publisher-3] [INFO] [1784348637.745032739] [robot_state_publisher]: got segment m2_rotor_link
[robot_state_publisher-3] [INFO] [1784348637.745035123] [robot_state_publisher]: got segment m3_arm_link
[robot_state_publisher-3] [INFO] [1784348637.745037498] [robot_state_publisher]: got segment m3_motor_link
[robot_state_publisher-3] [INFO] [1784348637.745039789] [robot_state_publisher]: got segment m3_rotor_link
[robot_state_publisher-3] [INFO] [1784348637.745042155] [robot_state_publisher]: got segment m4_arm_link
[robot_state_publisher-3] [INFO] [1784348637.745045388] [robot_state_publisher]: got segment m4_motor_link
[robot_state_publisher-3] [INFO] [1784348637.745048993] [robot_state_publisher]: got segment m4_rotor_link
[quadrotor_dynamics_node-1] [INFO] [1784348637.745751238] [quadrotor_dynamics_node]: Dynamics started at 200.0 Hz; nominal steady-state hover RPM is 10818.9; ground contact is enabled at z=0.000 m; motor command watchdog is enabled (0.300 s)
[quadrotor_dynamics_node-1] [INFO] [1784348637.745818550] [quadrotor_dynamics_node]: External wrench input is enabled (frame=map, force_limit=2.000 N, timeout=0.200 s, torque_limit=0.000 N*m; torque must be zero)
[position_controller_node-2] [INFO] [1784348637.749193195] [position_controller_node]: 3D position controller started at 100.0 Hz (source=pose_goal, odom timeout 0.200 s)
[position_controller_node-2] [INFO] [1784348637.759374146] [position_controller_node]: position target=[0.000, 0.000, 1.500] current=[0.000, 0.000, 0.000] world_v=[0.000, 0.000, 0.000] a_xy=[0.000, 0.000] thrust=14.307 torque=[0.0000, 0.0000, 0.0000] rpm_pre=[13067.5, 13067.5, 13067.5, 13067.5] rpm=[13067.5, 13067.5, 13067.5, 13067.5] saturation=[horizontal:false altitude:false attitude:false mixer:false] saturated=false
[INFO] [ros2-4]: process started with pid [35456]
[position_controller_node-2] [INFO] [1784348638.769347443] [position_controller_node]: position target=[0.000, 0.000, 1.500] current=[0.000, 0.000, 0.717] world_v=[0.000, 0.000, 0.864] a_xy=[0.000, 0.000] thrust=9.130 torque=[0.0000, 0.0000, 0.0000] rpm_pre=[10438.9, 10438.9, 10438.9, 10438.9] rpm=[10438.9, 10438.9, 10438.9, 10438.9] saturation=[horizontal:false altitude:false attitude:false mixer:false] saturated=false
[ros2-4] publisher: beginning loop
[ros2-4] publishing #1: geometry_msgs.msg.PoseStamped(header=std_msgs.msg.Header(stamp=builtin_interfaces.msg.Time(sec=0, nanosec=0), frame_id='map'), pose=geometry_msgs.msg.Pose(position=geometry_msgs.msg.Point(x=0.0, y=0.0, z=1.5), orientation=geometry_msgs.msg.Quaternion(x=0.0, y=0.0, z=0.0, w=1.0)))
[ros2-4] 
[INFO] [ros2-4]: process has finished cleanly [pid 35456]
[position_controller_node-2] [INFO] [1784348639.769402170] [position_controller_node]: position target=[0.000, 0.000, 1.500] current=[0.000, 0.000, 1.266] world_v=[0.000, 0.000, 0.297] a_xy=[0.000, 0.000] thrust=9.468 torque=[0.0000, 0.0000, 0.0000] rpm_pre=[10630.4, 10630.4, 10630.4, 10630.4] rpm=[10630.4, 10630.4, 10630.4, 10630.4] saturation=[horizontal:false altitude:false attitude:false mixer:false] saturated=false
[position_controller_node-2] [INFO] [1784348640.769499764] [position_controller_node]: position target=[0.000, 0.000, 1.500] current=[0.000, 0.000, 1.435] world_v=[0.000, 0.000, 0.084] a_xy=[0.000, 0.000] thrust=9.707 torque=[0.0000, 0.0000, 0.0000] rpm_pre=[10763.6, 10763.6, 10763.6, 10763.6] rpm=[10763.6, 10763.6, 10763.6, 10763.6] saturation=[horizontal:false altitude:false attitude:false mixer:false] saturated=false
[position_controller_node-2] [INFO] [1784348641.779479159] [position_controller_node]: position target=[0.000, 0.000, 1.500] current=[0.000, 0.000, 1.483] world_v=[0.000, 0.000, 0.023] a_xy=[0.000, 0.000] thrust=9.779 torque=[0.0000, 0.0000, 0.0000] rpm_pre=[10803.9, 10803.9, 10803.9, 10803.9] rpm=[10803.9, 10803.9, 10803.9, 10803.9] saturation=[horizontal:false altitude:false attitude:false mixer:false] saturated=false
[position_controller_node-2] [INFO] [1784348642.789440268] [position_controller_node]: position target=[0.000, 0.000, 1.500] current=[0.000, 0.000, 1.495] world_v=[0.000, 0.000, 0.006] a_xy=[0.000, 0.000] thrust=9.799 torque=[0.0000, 0.0000, 0.0000] rpm_pre=[10814.9, 10814.9, 10814.9, 10814.9] rpm=[10814.9, 10814.9, 10814.9, 10814.9] saturation=[horizontal:false altitude:false attitude:false mixer:false] saturated=false
[position_controller_node-2] [INFO] [1784348643.789604662] [position_controller_node]: position target=[0.000, 0.000, 1.500] current=[0.007, 0.000, 1.499] world_v=[0.064, 0.000, 0.002] a_xy=[-0.079, -0.000] thrust=9.805 torque=[0.0000, 0.0015, -0.0000] rpm_pre=[10811.9, 10823.9, 10823.9, 10811.9] rpm=[10811.9, 10823.9, 10823.9, 10811.9] saturation=[horizontal:false altitude:false attitude:false mixer:false] saturated=false
[position_controller_node-2] [INFO] [1784348644.799680045] [position_controller_node]: position target=[0.000, 0.000, 1.500] current=[0.151, 0.000, 1.500] world_v=[0.184, 0.000, 0.000] a_xy=[-0.281, -0.000] thrust=9.810 torque=[0.0000, -0.0002, -0.0000] rpm_pre=[10821.6, 10820.1, 10820.1, 10821.6] rpm=[10821.6, 10820.1, 10820.1, 10821.6] saturation=[horizontal:false altitude:false attitude:false mixer:false] saturated=false
[position_controller_node-2] [INFO] [1784348645.809543509] [position_controller_node]: position target=[0.000, 0.000, 1.500] current=[0.327, 0.000, 1.500] world_v=[0.102, -0.000, 0.000] a_xy=[-0.253, 0.000] thrust=9.811 torque=[0.0000, -0.0032, 0.0000] rpm_pre=[10833.6, 10808.6, 10808.6, 10833.6] rpm=[10833.6, 10808.6, 10808.6, 10833.6] saturation=[horizontal:false altitude:false attitude:false mixer:false] saturated=false
[position_controller_node-2] [INFO] [1784348646.809569232] [position_controller_node]: position target=[0.000, 0.000, 1.500] current=[0.331, 0.000, 1.500] world_v=[-0.058, 0.000, 0.000] a_xy=[-0.062, -0.000] thrust=9.807 torque=[0.0000, 0.0003, 0.0000] rpm_pre=[10817.9, 10820.1, 10820.1, 10817.9] rpm=[10817.9, 10820.1, 10820.1, 10817.9] saturation=[horizontal:false altitude:false attitude:false mixer:false] saturated=false
[position_controller_node-2] [INFO] [1784348647.809582619] [position_controller_node]: position target=[0.000, 0.000, 1.500] current=[0.252, 0.000, 1.500] world_v=[-0.087, 0.000, -0.000] a_xy=[0.004, -0.000] thrust=9.807 torque=[-0.0000, -0.0001, -0.0000] rpm_pre=[10819.3, 10818.6, 10818.6, 10819.3] rpm=[10819.3, 10818.6, 10818.6, 10819.3] saturation=[horizontal:false altitude:false attitude:false mixer:false] saturated=false
[position_controller_node-2] [INFO] [1784348648.809755803] [position_controller_node]: position target=[0.000, 0.000, 1.500] current=[0.170, 0.000, 1.500] world_v=[-0.074, -0.000, -0.000] a_xy=[0.020, 0.000] thrust=9.807 torque=[-0.0000, -0.0000, 0.0000] rpm_pre=[10819.1, 10818.9, 10818.9, 10819.1] rpm=[10819.1, 10818.9, 10818.9, 10819.1] saturation=[horizontal:false altitude:false attitude:false mixer:false] saturated=false
[position_controller_node-2] [INFO] [1784348649.819644326] [position_controller_node]: position target=[0.000, 0.000, 1.500] current=[0.107, 0.000, 1.500] world_v=[-0.052, -0.000, -0.000] a_xy=[0.020, 0.000] thrust=9.807 torque=[0.0000, -0.0000, -0.0000] rpm_pre=[10819.0, 10818.9, 10818.9, 10819.0] rpm=[10819.0, 10818.9, 10818.9, 10819.0] saturation=[horizontal:false altitude:false attitude:false mixer:false] saturated=false
[position_controller_node-2] [INFO] [1784348650.819700300] [position_controller_node]: position target=[0.000, 0.000, 1.500] current=[0.064, 0.000, 1.500] world_v=[-0.034, -0.000, -0.000] a_xy=[0.015, 0.000] thrust=9.807 torque=[-0.0000, -0.0000, -0.0000] rpm_pre=[10819.0, 10818.9, 10818.9, 10819.0] rpm=[10819.0, 10818.9, 10818.9, 10819.0] saturation=[horizontal:false altitude:false attitude:false mixer:false] saturated=false
[position_controller_node-2] [INFO] [1784348651.819730909] [position_controller_node]: position target=[0.000, 0.000, 1.500] current=[0.038, -0.000, 1.500] world_v=[-0.021, -0.000, -0.000] a_xy=[0.010, 0.000] thrust=9.807 torque=[0.0000, -0.0000, 0.0000] rpm_pre=[10819.0, 10818.9, 10818.9, 10819.0] rpm=[10819.0, 10818.9, 10818.9, 10819.0] saturation=[horizontal:false altitude:false attitude:false mixer:false] saturated=false
[position_controller_node-2] [INFO] [1784348652.819888440] [position_controller_node]: position target=[0.000, 0.000, 1.500] current=[0.021, -0.000, 1.500] world_v=[-0.012, 0.000, -0.000] a_xy=[0.006, -0.000] thrust=9.807 torque=[-0.0000, -0.0000, 0.0000] rpm_pre=[10819.0, 10818.9, 10818.9, 10819.0] rpm=[10819.0, 10818.9, 10818.9, 10819.0] saturation=[horizontal:false altitude:false attitude:false mixer:false] saturated=false
[position_controller_node-2] [INFO] [1784348653.829749386] [position_controller_node]: position target=[0.000, 0.000, 1.500] current=[0.012, 0.000, 1.500] world_v=[-0.007, 0.000, -0.000] a_xy=[0.004, -0.000] thrust=9.807 torque=[0.0000, -0.0000, 0.0000] rpm_pre=[10818.9, 10818.9, 10818.9, 10818.9] rpm=[10818.9, 10818.9, 10818.9, 10818.9] saturation=[horizontal:false altitude:false attitude:false mixer:false] saturated=false
[position_controller_node-2] [INFO] [1784348654.829763743] [position_controller_node]: position target=[0.000, 0.000, 1.500] current=[0.006, 0.000, 1.500] world_v=[-0.004, 0.000, -0.000] a_xy=[0.002, -0.000] thrust=9.807 torque=[-0.0000, 0.0000, 0.0000] rpm_pre=[10818.9, 10818.9, 10818.9, 10818.9] rpm=[10818.9, 10818.9, 10818.9, 10818.9] saturation=[horizontal:false altitude:false attitude:false mixer:false] saturated=false
[WARNING] [launch]: user interrupted with ctrl-c (SIGINT)
[INFO] [robot_state_publisher-3]: sending signal 'SIGINT' to process[robot_state_publisher-3]
[INFO] [position_controller_node-2]: sending signal 'SIGINT' to process[position_controller_node-2]
[INFO] [quadrotor_dynamics_node-1]: sending signal 'SIGINT' to process[quadrotor_dynamics_node-1]
[robot_state_publisher-3] [INFO] [1784348655.580195338] [rclcpp]: signal_handler(SIGINT/SIGTERM)
[quadrotor_dynamics_node-1] [INFO] [1784348655.580195269] [rclcpp]: signal_handler(SIGINT/SIGTERM)
[ERROR] [position_controller_node-2]: process has died [pid 35422, exit code -2, cmd '/home/peter/ros2_drone_sim/install/drone_controller/lib/drone_controller/position_controller_node --ros-args -r __node:=position_controller_node --params-file /tmp/horizontal-integral-h1jaw9c3/pd_short_0p3/controller.yaml --params-file /tmp/launch_params_qnd_2le3'].
[position_controller_node-2] [INFO] [1784348655.580217159] [rclcpp]: signal_handler(SIGINT/SIGTERM)
[robot_state_publisher-3] [INFO] [1784348655.584244273] [rclcpp]: signal_handler(SIGINT/SIGTERM)
[ERROR] [quadrotor_dynamics_node-1]: process has died [pid 35420, exit code -2, cmd '/home/peter/ros2_drone_sim/install/drone_dynamics/lib/drone_dynamics/quadrotor_dynamics_node --ros-args -r __node:=quadrotor_dynamics_node --params-file /tmp/horizontal-integral-h1jaw9c3/pd_short_0p3/dynamics.yaml --params-file /tmp/launch_params_wc84du18'].
[INFO] [robot_state_publisher-3]: process has finished cleanly [pid 35424]
